domain,instance,solver,time(s),memory(kB),identified as unsolvable,status
painter-impossible,instance_1_2,tck-aLUcovreach,0.21,34132,true,okay,
painter-impossible,instance_1_2,tck-covreach,0.35,50584,true,okay,
painter-impossible,instance_1_2-ground,nuXmv,0.03,32224,false,okay,|*** This is nuXmv 2.1.0 (compiled on Fri Nov 29 13:41:31 2024)
*** Copyright (c) 2014-2024, Fondazione Bruno Kessler
*** For more information on nuXmv see https://nuxmv.fbk.eu
*** or email to <nuxmv@fbk.eu>.
*** Please report bugs at Please report bugs to <nusmv-users@fbk.eu>
*** (click on "Login Anonymously" to access)
*** Alternatively write to <nuxmv@fbk.eu>.

*** This version of nuXmv is linked to NuSMV 2.7.0.
*** For more information on NuSMV see <http://nusmv.fbk.eu>
*** or email to <nusmv-users@fbk.eu>.
*** Copyright (C) 2010-2024, Fondazione Bruno Kessler

*** This version of nuXmv is linked to the CUDD library version 2.4.1
*** Copyright (c) 1995-2004, Regents of the University of Colorado

*** This version of nuXmv is linked to the MiniSat SAT solver. 
*** See http://minisat.se/MiniSat.html
*** Copyright (c) 2003-2006, Niklas Een, Niklas Sorensson
*** Copyright (c) 2007-2010, Niklas Sorensson

*** This version of nuXmv is linked to MathSAT
*** Copyright (C) 2009-2019 by Fondazione Bruno Kessler
*** Copyright (C) 2009-2019 by University of Trento and others
*** See http://mathsat.fbk.eu

nuXmv > 
file ./nuxmv-dir/painter-impossible/instance_1_2.smv: line 5: at token ";": syntax error
nuXmv > 
Use "quit" to leave NuSMV.
nuXmv > 
Use "quit" to leave NuSMV.
nuXmv > 
Use "quit" to leave NuSMV.
nuXmv > 
Use "quit" to leave NuSMV.
nuXmv > 
Use "quit" to leave NuSMV.
nuXmv > 
painter-impossible,instance_1_2-ground,UPPAAL,,,false,1,|./uppaal-dir/painter-impossible/instance_1_2.ta::16: [error] syntax error: unexpected end of file.
Command exited with non-zero status 1
%%%1%0.02%9580
painter-impossible,instance_1_2-cert-conv,shell-script,2.27,122940,true,okay,
painter-impossible,instance_1_2-muntac-cert-check,muntac,0.86,501296,true,okay,
painter-impossible,instance_1_2-ground,TAMER-ctp,,,false,139,|environment: line 1: 29437 Segmentation fault         (core dumped) ./tamer solve -a $mode -t constant-promoter -P $problem $domain
Command exited with non-zero status 139
%%%139%0.09%3832
painter-impossible,instance_1_2-ground,TAMER-ftp,,,false,139,|environment: line 1: 29458 Segmentation fault         (core dumped) ./tamer solve -a $mode -t constant-promoter -P $problem $domain
Command exited with non-zero status 139
%%%139%0.05%3840
painter-impossible,instance_1_2,tfd,0.08,14076,false,okay,|Parsing... Contains quantified condition(s): False Instantiating... Unbound effect variables: Adding @object predicate. Trivial rules: Converted to facts. Starting instantiation [64 rules]... Finding invariants... Finding invariants... 29 initial candidates [0.000s CPU, 0.006s wall-clock] Checking invariant weight... [0.000s CPU, 0.000s wall-clock] Instantiating groups... Choosing groups... 25 uncovered facts (before using the results from the invariant synthesis) 19 uncovered facts Building translation key... Building STRIPS to SAS dictionary... Translating task... Traceback (most recent call last): File "/home/david/work/tchecker-experiments/sources/tfd/downward/translate/translate.py", line 1108, in <module> sas_task = pddl_to_sas(task) File "/home/david/work/tchecker-experiments/sources/tfd/downward/translate/translate.py", line 994, in pddl_to_sas assert not actions, "There shouldn't be any actions - just temporal actions" ^^^^^^^^^^^ AssertionError: There shouldn't be any actions - just temporal actions ('translate/translate.py', '/home/david/work/tchecker-experiments/pddl-domains/painter-impossible/domain.pddl', '/home/david/work/tchecker-experiments/pddl-domains/painter-impossible/instances/instance_1_2.pddl') {} Traceback (most recent call last): File "/home/david/work/tchecker-experiments/./sources/tfd/downward/tfd", line 44, in <module> main(domain, problem, result_name, config) ~~~~^^^^^^^^^^^^^^^^^^^^^^^^^^^^^^^^^^^^^^ File "/home/david/work/tchecker-experiments/./sources/tfd/downward/tfd", line 23, in main run("translate/translate.py", domain, problem) ~~~^^^^^^^^^^^^^^^^^^^^^^^^^^^^^^^^^^^^^^^^^^^ File "/home/david/work/tchecker-experiments/./sources/tfd/downward/tfd", line 20, in run subprocess.check_call(sum([arg.split("+") for arg in args],[]), **redirections) ~~~~~~~~~~~~~~~~~~~~~^^^^^^^^^^^^^^^^^^^^^^^^^^^^^^^^^^^^^^^^^^^^^^^^^^^^^^^^^^ File "/usr/lib/python3.13/subprocess.py", line 419, in check_call raise CalledProcessError(retcode, cmd) subprocess.CalledProcessError: Command '['translate/translate.py', '/home/david/work/tchecker-experiments/pddl-domains/painter-impossible/domain.pddl', '/home/david/work/tchecker-experiments/pddl-domains/painter-impossible/instances/instance_1_2.pddl']' returned non-zero exit status 1.
painter-impossible,instance_1_2,OPTIC,,,false,out of time,|
painter-impossible,instance_1_2-ground,POPF,0.02,8492,false,okay,|Critical Errors Encountered in Domain/Problem File -------------------------------------------------- Due to critical errors in the supplied domain/problem file, the planner has to terminate. The errors encountered are as follows: Errors: 1, warnings: 0 ./ground-pddl-problems/painter-impossible/instance_1_2_domain.pddl: line: 21: Error: Syntax error in domain
painter-impossible,instance_1_2,nextflap,0.11,4784,true,okay,
painter-impossible,instance_1_3,tck-aLUcovreach,,,false,1,|ERROR: cannot open ./tck-dir/painter-impossible/instance_1_3.tck: No such file or directory
Command exited with non-zero status 1
%%%1%0.00%4488
painter-impossible,instance_1_3,tck-covreach,,,false,1,|ERROR: cannot open ./tck-dir/painter-impossible/instance_1_3.tck: No such file or directory
Command exited with non-zero status 1
%%%1%0.00%4692
painter-impossible,instance_1_3-ground,nuXmv,0.03,32220,false,okay,|*** This is nuXmv 2.1.0 (compiled on Fri Nov 29 13:41:31 2024)
*** Copyright (c) 2014-2024, Fondazione Bruno Kessler
*** For more information on nuXmv see https://nuxmv.fbk.eu
*** or email to <nuxmv@fbk.eu>.
*** Please report bugs at Please report bugs to <nusmv-users@fbk.eu>
*** (click on "Login Anonymously" to access)
*** Alternatively write to <nuxmv@fbk.eu>.

*** This version of nuXmv is linked to NuSMV 2.7.0.
*** For more information on NuSMV see <http://nusmv.fbk.eu>
*** or email to <nusmv-users@fbk.eu>.
*** Copyright (C) 2010-2024, Fondazione Bruno Kessler

*** This version of nuXmv is linked to the CUDD library version 2.4.1
*** Copyright (c) 1995-2004, Regents of the University of Colorado

*** This version of nuXmv is linked to the MiniSat SAT solver. 
*** See http://minisat.se/MiniSat.html
*** Copyright (c) 2003-2006, Niklas Een, Niklas Sorensson
*** Copyright (c) 2007-2010, Niklas Sorensson

*** This version of nuXmv is linked to MathSAT
*** Copyright (C) 2009-2019 by Fondazione Bruno Kessler
*** Copyright (C) 2009-2019 by University of Trento and others
*** See http://mathsat.fbk.eu

nuXmv > 
file ./nuxmv-dir/painter-impossible/instance_1_3.smv: line 1: cannot open input file ./nuxmv-dir/painter-impossible/instance_1_3.smv
nuXmv > 
Use "quit" to leave NuSMV.
nuXmv > 
Use "quit" to leave NuSMV.
nuXmv > 
Use "quit" to leave NuSMV.
nuXmv > 
Use "quit" to leave NuSMV.
nuXmv > 
Use "quit" to leave NuSMV.
nuXmv > 
painter-impossible,instance_1_3-ground,UPPAAL,,,false,1,|Error opening './uppaal-dir/painter-impossible/instance_1_3.ta': No such file or directory
Command exited with non-zero status 1
%%%1%0.02%8548
painter-impossible,instance_1_3-cert-conv,shell-script,,,,file missing,No model to obtain renaming. Expected: ./muntax-dir/painter-impossible/instance_1_3.muntax
painter-impossible,instance_1_3-muntac-cert-check,muntac,,,,file missing,No model to obtain renaming. Expected: ./muntax-dir/painter-impossible/instance_1_3.muntax
painter-impossible,instance_1_3-ground,TAMER-ctp,,,false,1,|ERROR: An error of type ParserError was thrown during the execution of TAMER.
The reported error is:
ParserError: Unknown character ':' at line32
Command exited with non-zero status 1
%%%1%0.00%3820
painter-impossible,instance_1_3-ground,TAMER-ftp,,,false,1,|ERROR: An error of type ParserError was thrown during the execution of TAMER.
The reported error is:
ParserError: Unknown character ':' at line32
Command exited with non-zero status 1
%%%1%0.00%3564
painter-impossible,instance_1_3,tfd,0.07,14004,false,okay,|Parsing... Contains quantified condition(s): False Instantiating... Unbound effect variables: Adding @object predicate. Trivial rules: Converted to facts. Starting instantiation [64 rules]... Finding invariants... Finding invariants... 29 initial candidates [0.000s CPU, 0.004s wall-clock] Checking invariant weight... [0.000s CPU, 0.000s wall-clock] Instantiating groups... Choosing groups... 39 uncovered facts (before using the results from the invariant synthesis) 29 uncovered facts Building translation key... Building STRIPS to SAS dictionary... Translating task... Traceback (most recent call last): File "/home/david/work/tchecker-experiments/sources/tfd/downward/translate/translate.py", line 1108, in <module> sas_task = pddl_to_sas(task) File "/home/david/work/tchecker-experiments/sources/tfd/downward/translate/translate.py", line 994, in pddl_to_sas assert not actions, "There shouldn't be any actions - just temporal actions" ^^^^^^^^^^^ AssertionError: There shouldn't be any actions - just temporal actions ('translate/translate.py', '/home/david/work/tchecker-experiments/pddl-domains/painter-impossible/domain.pddl', '/home/david/work/tchecker-experiments/pddl-domains/painter-impossible/instances/instance_1_3.pddl') {} Traceback (most recent call last): File "/home/david/work/tchecker-experiments/./sources/tfd/downward/tfd", line 44, in <module> main(domain, problem, result_name, config) ~~~~^^^^^^^^^^^^^^^^^^^^^^^^^^^^^^^^^^^^^^ File "/home/david/work/tchecker-experiments/./sources/tfd/downward/tfd", line 23, in main run("translate/translate.py", domain, problem) ~~~^^^^^^^^^^^^^^^^^^^^^^^^^^^^^^^^^^^^^^^^^^^ File "/home/david/work/tchecker-experiments/./sources/tfd/downward/tfd", line 20, in run subprocess.check_call(sum([arg.split("+") for arg in args],[]), **redirections) ~~~~~~~~~~~~~~~~~~~~~^^^^^^^^^^^^^^^^^^^^^^^^^^^^^^^^^^^^^^^^^^^^^^^^^^^^^^^^^^ File "/usr/lib/python3.13/subprocess.py", line 419, in check_call raise CalledProcessError(retcode, cmd) subprocess.CalledProcessError: Command '['translate/translate.py', '/home/david/work/tchecker-experiments/pddl-domains/painter-impossible/domain.pddl', '/home/david/work/tchecker-experiments/pddl-domains/painter-impossible/instances/instance_1_3.pddl']' returned non-zero exit status 1.
painter-impossible,instance_1_3,OPTIC,,,false,out of time,|
painter-impossible,instance_1_3-ground,POPF,,,false,139,|Warnings encountered when parsing Domain/Problem File ----------------------------------------------------- The supplied domain/problem file appear to violate part of the PDDL language specification. Specifically: Errors: 0, warnings: 34 ./ground-pddl-problems/painter-impossible/instance_1_3_domain.pddl: line: 36: Warning: Undeclared requirement :negative-preconditions ./ground-pddl-problems/painter-impossible/instance_1_3_domain.pddl: line: 37: Warning: Undeclared requirement :negative-preconditions ./ground-pddl-problems/painter-impossible/instance_1_3_domain.pddl: line: 51: Warning: Undeclared requirement :negative-preconditions ./ground-pddl-problems/painter-impossible/instance_1_3_domain.pddl: line: 52: Warning: Undeclared requirement :negative-preconditions ./ground-pddl-problems/painter-impossible/instance_1_3_domain.pddl: line: 81: Warning: Undeclared requirement :duration-inequalities ./ground-pddl-problems/painter-impossible/instance_1_3_domain.pddl: line: 82: Warning: Undeclared requirement :duration-inequalities ./ground-pddl-problems/painter-impossible/instance_1_3_domain.pddl: line: 88: Warning: Undeclared requirement :negative-preconditions ./ground-pddl-problems/painter-impossible/instance_1_3_domain.pddl: line: 89: Warning: Undeclared requirement :negative-preconditions ./ground-pddl-problems/painter-impossible/instance_1_3_domain.pddl: line: 90: Warning: Undeclared requirement :negative-preconditions ./ground-pddl-problems/painter-impossible/instance_1_3_domain.pddl: line: 103: Warning: Undeclared requirement :durative-actions ./ground-pddl-problems/painter-impossible/instance_1_3_domain.pddl: line: 108: Warning: Undeclared requirement :duration-inequalities ./ground-pddl-problems/painter-impossible/instance_1_3_domain.pddl: line: 109: Warning: Undeclared requirement :duration-inequalities ./ground-pddl-problems/painter-impossible/instance_1_3_domain.pddl: line: 115: Warning: Undeclared requirement :negative-preconditions ./ground-pddl-problems/painter-impossible/instance_1_3_domain.pddl: line: 116: Warning: Undeclared requirement :negative-preconditions ./ground-pddl-problems/painter-impossible/instance_1_3_domain.pddl: line: 117: Warning: Undeclared requirement :negative-preconditions ./ground-pddl-problems/painter-impossible/instance_1_3_domain.pddl: line: 130: Warning: Undeclared requirement :durative-actions ./ground-pddl-problems/painter-impossible/instance_1_3_domain.pddl: line: 135: Warning: Undeclared requirement :duration-inequalities ./ground-pddl-problems/painter-impossible/instance_1_3_domain.pddl: line: 136: Warning: Undeclared requirement :duration-inequalities ./ground-pddl-problems/painter-impossible/instance_1_3_domain.pddl: line: 145: Warning: Undeclared requirement :durative-actions ./ground-pddl-problems/painter-impossible/instance_1_3_domain.pddl: line: 150: Warning: Undeclared requirement :duration-inequalities ./ground-pddl-problems/painter-impossible/instance_1_3_domain.pddl: line: 151: Warning: Undeclared requirement :duration-inequalities ./ground-pddl-problems/painter-impossible/instance_1_3_domain.pddl: line: 160: Warning: Undeclared requirement :durative-actions ./ground-pddl-problems/painter-impossible/instance_1_3_domain.pddl: line: 165: Warning: Undeclared requirement :duration-inequalities ./ground-pddl-problems/painter-impossible/instance_1_3_domain.pddl: line: 166: Warning: Undeclared requirement :duration-inequalities ./ground-pddl-problems/painter-impossible/instance_1_3_domain.pddl: line: 177: Warning: Undeclared requirement :durative-actions ./ground-pddl-problems/painter-impossible/instance_1_3_domain.pddl: line: 182: Warning: Undeclared requirement :duration-inequalities ./ground-pddl-problems/painter-impossible/instance_1_3_domain.pddl: line: 183: Warning: Undeclared requirement :duration-inequalities ./ground-pddl-problems/painter-impossible/instance_1_3_domain.pddl: line: 194: Warning: Undeclared requirement :durative-actions ./ground-pddl-problems/painter-impossible/instance_1_3_domain.pddl: line: 199: Warning: Undeclared requirement :duration-inequalities ./ground-pddl-problems/painter-impossible/instance_1_3_domain.pddl: line: 200: Warning: Undeclared requirement :duration-inequalities ./ground-pddl-problems/painter-impossible/instance_1_3_domain.pddl: line: 208: Warning: Undeclared requirement :durative-actions ./ground-pddl-problems/painter-impossible/instance_1_3_domain.pddl: line: 213: Warning: Undeclared requirement :duration-inequalities ./ground-pddl-problems/painter-impossible/instance_1_3_domain.pddl: line: 214: Warning: Undeclared requirement :duration-inequalities ./ground-pddl-problems/painter-impossible/instance_1_3_domain.pddl: line: 222: Warning: Undeclared requirement :durative-actions The planner will continue, but you may wish to fix your files accordingly Number of literals: 23 Constructing lookup tables: [10%] [20%] [30%] [40%] [50%] [60%] [70%] [80%] [90%] [100%] [110%] Post filtering unreachable actions: [10%] [20%] [30%] [40%] [50%] [60%] [70%] [80%] [90%] [100%] [110%] [01;34mNo analytic limits found, not considering limit effects of goal-only operators[00m 25% of the ground temporal actions in this problem are compression-safe Initial heuristic = 9.000
Command exited with non-zero status 139
%%%139%0.07%10752
painter-impossible,instance_1_3,nextflap,0.00,6088,false,okay,|;Parsing time: 0 ;Preprocessing time: 0 ;Grounding time: 0 ;SAS translation time: 0 ;Filter repeated states: 1 ;H: 65535 (0)
painter-impossible,instance_1_4,tck-aLUcovreach,,,false,1,|ERROR: cannot open ./tck-dir/painter-impossible/instance_1_4.tck: No such file or directory
Command exited with non-zero status 1
%%%1%0.00%4820
painter-impossible,instance_1_4,tck-covreach,,,false,1,|ERROR: cannot open ./tck-dir/painter-impossible/instance_1_4.tck: No such file or directory
Command exited with non-zero status 1
%%%1%0.00%4548
painter-impossible,instance_1_4-ground,nuXmv,0.01,32584,false,okay,|*** This is nuXmv 2.1.0 (compiled on Fri Nov 29 13:41:31 2024)
*** Copyright (c) 2014-2024, Fondazione Bruno Kessler
*** For more information on nuXmv see https://nuxmv.fbk.eu
*** or email to <nuxmv@fbk.eu>.
*** Please report bugs at Please report bugs to <nusmv-users@fbk.eu>
*** (click on "Login Anonymously" to access)
*** Alternatively write to <nuxmv@fbk.eu>.

*** This version of nuXmv is linked to NuSMV 2.7.0.
*** For more information on NuSMV see <http://nusmv.fbk.eu>
*** or email to <nusmv-users@fbk.eu>.
*** Copyright (C) 2010-2024, Fondazione Bruno Kessler

*** This version of nuXmv is linked to the CUDD library version 2.4.1
*** Copyright (c) 1995-2004, Regents of the University of Colorado

*** This version of nuXmv is linked to the MiniSat SAT solver. 
*** See http://minisat.se/MiniSat.html
*** Copyright (c) 2003-2006, Niklas Een, Niklas Sorensson
*** Copyright (c) 2007-2010, Niklas Sorensson

*** This version of nuXmv is linked to MathSAT
*** Copyright (C) 2009-2019 by Fondazione Bruno Kessler
*** Copyright (C) 2009-2019 by University of Trento and others
*** See http://mathsat.fbk.eu

nuXmv > 
file ./nuxmv-dir/painter-impossible/instance_1_4.smv: line 1: cannot open input file ./nuxmv-dir/painter-impossible/instance_1_4.smv
nuXmv > 
Use "quit" to leave NuSMV.
nuXmv > 
Use "quit" to leave NuSMV.
nuXmv > 
Use "quit" to leave NuSMV.
nuXmv > 
Use "quit" to leave NuSMV.
nuXmv > 
Use "quit" to leave NuSMV.
nuXmv > 
painter-impossible,instance_1_4-ground,UPPAAL,,,false,1,|Error opening './uppaal-dir/painter-impossible/instance_1_4.ta': No such file or directory
Command exited with non-zero status 1
%%%1%0.00%8660
painter-impossible,instance_1_4-cert-conv,shell-script,,,,file missing,No model to obtain renaming. Expected: ./muntax-dir/painter-impossible/instance_1_4.muntax
painter-impossible,instance_1_4-muntac-cert-check,muntac,,,,file missing,No model to obtain renaming. Expected: ./muntax-dir/painter-impossible/instance_1_4.muntax
painter-impossible,instance_1_4-ground,TAMER-ctp,,,false,1,|ERROR: An error of type ParserError was thrown during the execution of TAMER.
The reported error is:
ParserError: Unknown character ':' at line42
Command exited with non-zero status 1
%%%1%0.00%3820
painter-impossible,instance_1_4-ground,TAMER-ftp,,,false,1,|ERROR: An error of type ParserError was thrown during the execution of TAMER.
The reported error is:
ParserError: Unknown character ':' at line42
Command exited with non-zero status 1
%%%1%0.00%3840
painter-impossible,instance_1_4,tfd,0.06,13548,false,okay,|Parsing... Contains quantified condition(s): False Instantiating... Unbound effect variables: Adding @object predicate. Trivial rules: Converted to facts. Starting instantiation [64 rules]... Finding invariants... Finding invariants... 29 initial candidates [0.010s CPU, 0.004s wall-clock] Checking invariant weight... [0.000s CPU, 0.000s wall-clock] Instantiating groups... Choosing groups... 53 uncovered facts (before using the results from the invariant synthesis) 39 uncovered facts Building translation key... Building STRIPS to SAS dictionary... Translating task... Traceback (most recent call last): File "/home/david/work/tchecker-experiments/sources/tfd/downward/translate/translate.py", line 1108, in <module> sas_task = pddl_to_sas(task) File "/home/david/work/tchecker-experiments/sources/tfd/downward/translate/translate.py", line 994, in pddl_to_sas assert not actions, "There shouldn't be any actions - just temporal actions" ^^^^^^^^^^^ AssertionError: There shouldn't be any actions - just temporal actions ('translate/translate.py', '/home/david/work/tchecker-experiments/pddl-domains/painter-impossible/domain.pddl', '/home/david/work/tchecker-experiments/pddl-domains/painter-impossible/instances/instance_1_4.pddl') {} Traceback (most recent call last): File "/home/david/work/tchecker-experiments/./sources/tfd/downward/tfd", line 44, in <module> main(domain, problem, result_name, config) ~~~~^^^^^^^^^^^^^^^^^^^^^^^^^^^^^^^^^^^^^^ File "/home/david/work/tchecker-experiments/./sources/tfd/downward/tfd", line 23, in main run("translate/translate.py", domain, problem) ~~~^^^^^^^^^^^^^^^^^^^^^^^^^^^^^^^^^^^^^^^^^^^ File "/home/david/work/tchecker-experiments/./sources/tfd/downward/tfd", line 20, in run subprocess.check_call(sum([arg.split("+") for arg in args],[]), **redirections) ~~~~~~~~~~~~~~~~~~~~~^^^^^^^^^^^^^^^^^^^^^^^^^^^^^^^^^^^^^^^^^^^^^^^^^^^^^^^^^^ File "/usr/lib/python3.13/subprocess.py", line 419, in check_call raise CalledProcessError(retcode, cmd) subprocess.CalledProcessError: Command '['translate/translate.py', '/home/david/work/tchecker-experiments/pddl-domains/painter-impossible/domain.pddl', '/home/david/work/tchecker-experiments/pddl-domains/painter-impossible/instances/instance_1_4.pddl']' returned non-zero exit status 1.
painter-impossible,instance_1_4,OPTIC,,,false,out of time,|
painter-impossible,instance_1_4-ground,POPF,,,false,139,|Warnings encountered when parsing Domain/Problem File ----------------------------------------------------- The supplied domain/problem file appear to violate part of the PDDL language specification. Specifically: Errors: 0, warnings: 57 ./ground-pddl-problems/painter-impossible/instance_1_4_domain.pddl: line: 46: Warning: Undeclared requirement :negative-preconditions ./ground-pddl-problems/painter-impossible/instance_1_4_domain.pddl: line: 47: Warning: Undeclared requirement :negative-preconditions ./ground-pddl-problems/painter-impossible/instance_1_4_domain.pddl: line: 61: Warning: Undeclared requirement :negative-preconditions ./ground-pddl-problems/painter-impossible/instance_1_4_domain.pddl: line: 62: Warning: Undeclared requirement :negative-preconditions ./ground-pddl-problems/painter-impossible/instance_1_4_domain.pddl: line: 76: Warning: Undeclared requirement :negative-preconditions ./ground-pddl-problems/painter-impossible/instance_1_4_domain.pddl: line: 77: Warning: Undeclared requirement :negative-preconditions ./ground-pddl-problems/painter-impossible/instance_1_4_domain.pddl: line: 91: Warning: Undeclared requirement :negative-preconditions ./ground-pddl-problems/painter-impossible/instance_1_4_domain.pddl: line: 92: Warning: Undeclared requirement :negative-preconditions ./ground-pddl-problems/painter-impossible/instance_1_4_domain.pddl: line: 106: Warning: Undeclared requirement :negative-preconditions ./ground-pddl-problems/painter-impossible/instance_1_4_domain.pddl: line: 107: Warning: Undeclared requirement :negative-preconditions ./ground-pddl-problems/painter-impossible/instance_1_4_domain.pddl: line: 121: Warning: Undeclared requirement :negative-preconditions ./ground-pddl-problems/painter-impossible/instance_1_4_domain.pddl: line: 122: Warning: Undeclared requirement :negative-preconditions ./ground-pddl-problems/painter-impossible/instance_1_4_domain.pddl: line: 154: Warning: Undeclared requirement :duration-inequalities ./ground-pddl-problems/painter-impossible/instance_1_4_domain.pddl: line: 155: Warning: Undeclared requirement :duration-inequalities ./ground-pddl-problems/painter-impossible/instance_1_4_domain.pddl: line: 161: Warning: Undeclared requirement :negative-preconditions ./ground-pddl-problems/painter-impossible/instance_1_4_domain.pddl: line: 162: Warning: Undeclared requirement :negative-preconditions ./ground-pddl-problems/painter-impossible/instance_1_4_domain.pddl: line: 163: Warning: Undeclared requirement :negative-preconditions ./ground-pddl-problems/painter-impossible/instance_1_4_domain.pddl: line: 176: Warning: Undeclared requirement :durative-actions ./ground-pddl-problems/painter-impossible/instance_1_4_domain.pddl: line: 181: Warning: Undeclared requirement :duration-inequalities ./ground-pddl-problems/painter-impossible/instance_1_4_domain.pddl: line: 182: Warning: Undeclared requirement :duration-inequalities ./ground-pddl-problems/painter-impossible/instance_1_4_domain.pddl: line: 188: Warning: Undeclared requirement :negative-preconditions ./ground-pddl-problems/painter-impossible/instance_1_4_domain.pddl: line: 189: Warning: Undeclared requirement :negative-preconditions ./ground-pddl-problems/painter-impossible/instance_1_4_domain.pddl: line: 190: Warning: Undeclared requirement :negative-preconditions ./ground-pddl-problems/painter-impossible/instance_1_4_domain.pddl: line: 203: Warning: Undeclared requirement :durative-actions ./ground-pddl-problems/painter-impossible/instance_1_4_domain.pddl: line: 208: Warning: Undeclared requirement :duration-inequalities ./ground-pddl-problems/painter-impossible/instance_1_4_domain.pddl: line: 209: Warning: Undeclared requirement :duration-inequalities ./ground-pddl-problems/painter-impossible/instance_1_4_domain.pddl: line: 215: Warning: Undeclared requirement :negative-preconditions ./ground-pddl-problems/painter-impossible/instance_1_4_domain.pddl: line: 216: Warning: Undeclared requirement :negative-preconditions ./ground-pddl-problems/painter-impossible/instance_1_4_domain.pddl: line: 217: Warning: Undeclared requirement :negative-preconditions ./ground-pddl-problems/painter-impossible/instance_1_4_domain.pddl: line: 230: Warning: Undeclared requirement :durative-actions ./ground-pddl-problems/painter-impossible/instance_1_4_domain.pddl: line: 235: Warning: Undeclared requirement :duration-inequalities ./ground-pddl-problems/painter-impossible/instance_1_4_domain.pddl: line: 236: Warning: Undeclared requirement :duration-inequalities ./ground-pddl-problems/painter-impossible/instance_1_4_domain.pddl: line: 245: Warning: Undeclared requirement :durative-actions ./ground-pddl-problems/painter-impossible/instance_1_4_domain.pddl: line: 250: Warning: Undeclared requirement :duration-inequalities ./ground-pddl-problems/painter-impossible/instance_1_4_domain.pddl: line: 251: Warning: Undeclared requirement :duration-inequalities ./ground-pddl-problems/painter-impossible/instance_1_4_domain.pddl: line: 260: Warning: Undeclared requirement :durative-actions ./ground-pddl-problems/painter-impossible/instance_1_4_domain.pddl: line: 265: Warning: Undeclared requirement :duration-inequalities ./ground-pddl-problems/painter-impossible/instance_1_4_domain.pddl: line: 266: Warning: Undeclared requirement :duration-inequalities ./ground-pddl-problems/painter-impossible/instance_1_4_domain.pddl: line: 275: Warning: Undeclared requirement :durative-actions ./ground-pddl-problems/painter-impossible/instance_1_4_domain.pddl: line: 280: Warning: Undeclared requirement :duration-inequalities ./ground-pddl-problems/painter-impossible/instance_1_4_domain.pddl: line: 281: Warning: Undeclared requirement :duration-inequalities ./ground-pddl-problems/painter-impossible/instance_1_4_domain.pddl: line: 292: Warning: Undeclared requirement :durative-actions ./ground-pddl-problems/painter-impossible/instance_1_4_domain.pddl: line: 297: Warning: Undeclared requirement :duration-inequalities ./ground-pddl-problems/painter-impossible/instance_1_4_domain.pddl: line: 298: Warning: Undeclared requirement :duration-inequalities ./ground-pddl-problems/painter-impossible/instance_1_4_domain.pddl: line: 309: Warning: Undeclared requirement :durative-actions ./ground-pddl-problems/painter-impossible/instance_1_4_domain.pddl: line: 314: Warning: Undeclared requirement :duration-inequalities ./ground-pddl-problems/painter-impossible/instance_1_4_domain.pddl: line: 315: Warning: Undeclared requirement :duration-inequalities ./ground-pddl-problems/painter-impossible/instance_1_4_domain.pddl: line: 326: Warning: Undeclared requirement :durative-actions ./ground-pddl-problems/painter-impossible/instance_1_4_domain.pddl: line: 331: Warning: Undeclared requirement :duration-inequalities ./ground-pddl-problems/painter-impossible/instance_1_4_domain.pddl: line: 332: Warning: Undeclared requirement :duration-inequalities ./ground-pddl-problems/painter-impossible/instance_1_4_domain.pddl: line: 340: Warning: Undeclared requirement :durative-actions ./ground-pddl-problems/painter-impossible/instance_1_4_domain.pddl: line: 345: Warning: Undeclared requirement :duration-inequalities ./ground-pddl-problems/painter-impossible/instance_1_4_domain.pddl: line: 346: Warning: Undeclared requirement :duration-inequalities ./ground-pddl-problems/painter-impossible/instance_1_4_domain.pddl: line: 354: Warning: Undeclared requirement :durative-actions ./ground-pddl-problems/painter-impossible/instance_1_4_domain.pddl: line: 359: Warning: Undeclared requirement :duration-inequalities ./ground-pddl-problems/painter-impossible/instance_1_4_domain.pddl: line: 360: Warning: Undeclared requirement :duration-inequalities ./ground-pddl-problems/painter-impossible/instance_1_4_domain.pddl: line: 368: Warning: Undeclared requirement :durative-actions The planner will continue, but you may wish to fix your files accordingly Number of literals: 32 Constructing lookup tables: [10%] [20%] [30%] [40%] [50%] [60%] [70%] [80%] [90%] [100%] [110%] [120%] [130%] [140%] [150%] [160%] [170%] [180%] [190%] Post filtering unreachable actions: [10%] [20%] [30%] [40%] [50%] [60%] [70%] [80%] [90%] [100%] [110%] [120%] [130%] [140%] [150%] [160%] [170%] [180%] [190%] [01;34mNo analytic limits found, not considering limit effects of goal-only operators[00m 25% of the ground temporal actions in this problem are compression-safe Initial heuristic = 9.000
Command exited with non-zero status 139
%%%139%0.07%11576
painter-impossible,instance_1_4,nextflap,0.00,6176,false,okay,|;Parsing time: 0 ;Preprocessing time: 0 ;Grounding time: 0 ;SAS translation time: 0 ;Filter repeated states: 1 ;H: 65535 (0)
painter-impossible,instance_2_2,tck-aLUcovreach,,,false,1,|ERROR: cannot open ./tck-dir/painter-impossible/instance_2_2.tck: No such file or directory
Command exited with non-zero status 1
%%%1%0.00%4592
painter-impossible,instance_2_2,tck-covreach,,,false,1,|ERROR: cannot open ./tck-dir/painter-impossible/instance_2_2.tck: No such file or directory
Command exited with non-zero status 1
%%%1%0.00%4548
painter-impossible,instance_2_2-ground,nuXmv,0.01,32812,false,okay,|*** This is nuXmv 2.1.0 (compiled on Fri Nov 29 13:41:31 2024)
*** Copyright (c) 2014-2024, Fondazione Bruno Kessler
*** For more information on nuXmv see https://nuxmv.fbk.eu
*** or email to <nuxmv@fbk.eu>.
*** Please report bugs at Please report bugs to <nusmv-users@fbk.eu>
*** (click on "Login Anonymously" to access)
*** Alternatively write to <nuxmv@fbk.eu>.

*** This version of nuXmv is linked to NuSMV 2.7.0.
*** For more information on NuSMV see <http://nusmv.fbk.eu>
*** or email to <nusmv-users@fbk.eu>.
*** Copyright (C) 2010-2024, Fondazione Bruno Kessler

*** This version of nuXmv is linked to the CUDD library version 2.4.1
*** Copyright (c) 1995-2004, Regents of the University of Colorado

*** This version of nuXmv is linked to the MiniSat SAT solver. 
*** See http://minisat.se/MiniSat.html
*** Copyright (c) 2003-2006, Niklas Een, Niklas Sorensson
*** Copyright (c) 2007-2010, Niklas Sorensson

*** This version of nuXmv is linked to MathSAT
*** Copyright (C) 2009-2019 by Fondazione Bruno Kessler
*** Copyright (C) 2009-2019 by University of Trento and others
*** See http://mathsat.fbk.eu

nuXmv > 
file ./nuxmv-dir/painter-impossible/instance_2_2.smv: line 5: at token ";": syntax error
nuXmv > 
Use "quit" to leave NuSMV.
nuXmv > 
Use "quit" to leave NuSMV.
nuXmv > 
Use "quit" to leave NuSMV.
nuXmv > 
Use "quit" to leave NuSMV.
nuXmv > 
Use "quit" to leave NuSMV.
nuXmv > 
painter-impossible,instance_2_2-ground,UPPAAL,,,false,1,|./uppaal-dir/painter-impossible/instance_2_2.ta::16: [error] syntax error: unexpected end of file.
Command exited with non-zero status 1
%%%1%0.01%9904
painter-impossible,instance_2_2-cert-conv,shell-script,,,,file missing,No model to obtain renaming. Expected: ./muntax-dir/painter-impossible/instance_2_2.muntax
painter-impossible,instance_2_2-muntac-cert-check,muntac,,,,file missing,No model to obtain renaming. Expected: ./muntax-dir/painter-impossible/instance_2_2.muntax
painter-impossible,instance_2_2-ground,TAMER-ctp,,,false,139,|environment: line 1: 30625 Segmentation fault         (core dumped) ./tamer solve -a $mode -t constant-promoter -P $problem $domain
Command exited with non-zero status 139
%%%139%0.06%3680
painter-impossible,instance_2_2-ground,TAMER-ftp,,,false,139,|environment: line 1: 30646 Segmentation fault         (core dumped) ./tamer solve -a $mode -t constant-promoter -P $problem $domain
Command exited with non-zero status 139
%%%139%0.04%3720
painter-impossible,instance_2_2,tfd,0.05,13984,false,okay,|Parsing... Contains quantified condition(s): False Instantiating... Unbound effect variables: Adding @object predicate. Trivial rules: Converted to facts. Starting instantiation [64 rules]... Finding invariants... Finding invariants... 29 initial candidates [0.010s CPU, 0.004s wall-clock] Checking invariant weight... [0.000s CPU, 0.000s wall-clock] Instantiating groups... Choosing groups... 43 uncovered facts (before using the results from the invariant synthesis) 34 uncovered facts Building translation key... Building STRIPS to SAS dictionary... Translating task... Traceback (most recent call last): File "/home/david/work/tchecker-experiments/sources/tfd/downward/translate/translate.py", line 1108, in <module> sas_task = pddl_to_sas(task) File "/home/david/work/tchecker-experiments/sources/tfd/downward/translate/translate.py", line 994, in pddl_to_sas assert not actions, "There shouldn't be any actions - just temporal actions" ^^^^^^^^^^^ AssertionError: There shouldn't be any actions - just temporal actions ('translate/translate.py', '/home/david/work/tchecker-experiments/pddl-domains/painter-impossible/domain.pddl', '/home/david/work/tchecker-experiments/pddl-domains/painter-impossible/instances/instance_2_2.pddl') {} Traceback (most recent call last): File "/home/david/work/tchecker-experiments/./sources/tfd/downward/tfd", line 44, in <module> main(domain, problem, result_name, config) ~~~~^^^^^^^^^^^^^^^^^^^^^^^^^^^^^^^^^^^^^^ File "/home/david/work/tchecker-experiments/./sources/tfd/downward/tfd", line 23, in main run("translate/translate.py", domain, problem) ~~~^^^^^^^^^^^^^^^^^^^^^^^^^^^^^^^^^^^^^^^^^^^ File "/home/david/work/tchecker-experiments/./sources/tfd/downward/tfd", line 20, in run subprocess.check_call(sum([arg.split("+") for arg in args],[]), **redirections) ~~~~~~~~~~~~~~~~~~~~~^^^^^^^^^^^^^^^^^^^^^^^^^^^^^^^^^^^^^^^^^^^^^^^^^^^^^^^^^^ File "/usr/lib/python3.13/subprocess.py", line 419, in check_call raise CalledProcessError(retcode, cmd) subprocess.CalledProcessError: Command '['translate/translate.py', '/home/david/work/tchecker-experiments/pddl-domains/painter-impossible/domain.pddl', '/home/david/work/tchecker-experiments/pddl-domains/painter-impossible/instances/instance_2_2.pddl']' returned non-zero exit status 1.
painter-impossible,instance_2_2,OPTIC,,,false,out of time,|
painter-impossible,instance_2_2-ground,POPF,0.00,9036,false,okay,|Critical Errors Encountered in Domain/Problem File -------------------------------------------------- Due to critical errors in the supplied domain/problem file, the planner has to terminate. The errors encountered are as follows: Errors: 1, warnings: 0 ./ground-pddl-problems/painter-impossible/instance_2_2_domain.pddl: line: 30: Error: Syntax error in domain
painter-impossible,instance_2_2,nextflap,0.07,5344,true,okay,
painter-impossible,instance_2_3,tck-aLUcovreach,,,false,1,|ERROR: cannot open ./tck-dir/painter-impossible/instance_2_3.tck: No such file or directory
Command exited with non-zero status 1
%%%1%0.00%4544
painter-impossible,instance_2_3,tck-covreach,,,false,1,|ERROR: cannot open ./tck-dir/painter-impossible/instance_2_3.tck: No such file or directory
Command exited with non-zero status 1
%%%1%0.00%4752
painter-impossible,instance_2_3-ground,nuXmv,0.00,32484,false,okay,|*** This is nuXmv 2.1.0 (compiled on Fri Nov 29 13:41:31 2024)
*** Copyright (c) 2014-2024, Fondazione Bruno Kessler
*** For more information on nuXmv see https://nuxmv.fbk.eu
*** or email to <nuxmv@fbk.eu>.
*** Please report bugs at Please report bugs to <nusmv-users@fbk.eu>
*** (click on "Login Anonymously" to access)
*** Alternatively write to <nuxmv@fbk.eu>.

*** This version of nuXmv is linked to NuSMV 2.7.0.
*** For more information on NuSMV see <http://nusmv.fbk.eu>
*** or email to <nusmv-users@fbk.eu>.
*** Copyright (C) 2010-2024, Fondazione Bruno Kessler

*** This version of nuXmv is linked to the CUDD library version 2.4.1
*** Copyright (c) 1995-2004, Regents of the University of Colorado

*** This version of nuXmv is linked to the MiniSat SAT solver. 
*** See http://minisat.se/MiniSat.html
*** Copyright (c) 2003-2006, Niklas Een, Niklas Sorensson
*** Copyright (c) 2007-2010, Niklas Sorensson

*** This version of nuXmv is linked to MathSAT
*** Copyright (C) 2009-2019 by Fondazione Bruno Kessler
*** Copyright (C) 2009-2019 by University of Trento and others
*** See http://mathsat.fbk.eu

nuXmv > 
file ./nuxmv-dir/painter-impossible/instance_2_3.smv: line 1: cannot open input file ./nuxmv-dir/painter-impossible/instance_2_3.smv
nuXmv > 
Use "quit" to leave NuSMV.
nuXmv > 
Use "quit" to leave NuSMV.
nuXmv > 
Use "quit" to leave NuSMV.
nuXmv > 
Use "quit" to leave NuSMV.
nuXmv > 
Use "quit" to leave NuSMV.
nuXmv > 
painter-impossible,instance_2_3-ground,UPPAAL,,,false,1,|Error opening './uppaal-dir/painter-impossible/instance_2_3.ta': No such file or directory
Command exited with non-zero status 1
%%%1%0.00%8768
painter-impossible,instance_2_3-cert-conv,shell-script,,,,file missing,No model to obtain renaming. Expected: ./muntax-dir/painter-impossible/instance_2_3.muntax
painter-impossible,instance_2_3-muntac-cert-check,muntac,,,,file missing,No model to obtain renaming. Expected: ./muntax-dir/painter-impossible/instance_2_3.muntax
painter-impossible,instance_2_3-ground,TAMER-ctp,,,false,1,|ERROR: An error of type ParserError was thrown during the execution of TAMER.
The reported error is:
ParserError: Unknown character ':' at line49
Command exited with non-zero status 1
%%%1%0.00%3580
painter-impossible,instance_2_3-ground,TAMER-ftp,,,false,1,|ERROR: An error of type ParserError was thrown during the execution of TAMER.
The reported error is:
ParserError: Unknown character ':' at line49
Command exited with non-zero status 1
%%%1%0.00%3632
painter-impossible,instance_2_3,tfd,0.05,14668,false,okay,|Parsing... Contains quantified condition(s): False Instantiating... Unbound effect variables: Adding @object predicate. Trivial rules: Converted to facts. Starting instantiation [64 rules]... Finding invariants... Finding invariants... 29 initial candidates [0.010s CPU, 0.004s wall-clock] Checking invariant weight... [0.000s CPU, 0.000s wall-clock] Instantiating groups... Choosing groups... 69 uncovered facts (before using the results from the invariant synthesis) 55 uncovered facts Building translation key... Building STRIPS to SAS dictionary... Translating task... Traceback (most recent call last): File "/home/david/work/tchecker-experiments/sources/tfd/downward/translate/translate.py", line 1108, in <module> sas_task = pddl_to_sas(task) File "/home/david/work/tchecker-experiments/sources/tfd/downward/translate/translate.py", line 994, in pddl_to_sas assert not actions, "There shouldn't be any actions - just temporal actions" ^^^^^^^^^^^ AssertionError: There shouldn't be any actions - just temporal actions ('translate/translate.py', '/home/david/work/tchecker-experiments/pddl-domains/painter-impossible/domain.pddl', '/home/david/work/tchecker-experiments/pddl-domains/painter-impossible/instances/instance_2_3.pddl') {} Traceback (most recent call last): File "/home/david/work/tchecker-experiments/./sources/tfd/downward/tfd", line 44, in <module> main(domain, problem, result_name, config) ~~~~^^^^^^^^^^^^^^^^^^^^^^^^^^^^^^^^^^^^^^ File "/home/david/work/tchecker-experiments/./sources/tfd/downward/tfd", line 23, in main run("translate/translate.py", domain, problem) ~~~^^^^^^^^^^^^^^^^^^^^^^^^^^^^^^^^^^^^^^^^^^^ File "/home/david/work/tchecker-experiments/./sources/tfd/downward/tfd", line 20, in run subprocess.check_call(sum([arg.split("+") for arg in args],[]), **redirections) ~~~~~~~~~~~~~~~~~~~~~^^^^^^^^^^^^^^^^^^^^^^^^^^^^^^^^^^^^^^^^^^^^^^^^^^^^^^^^^^ File "/usr/lib/python3.13/subprocess.py", line 419, in check_call raise CalledProcessError(retcode, cmd) subprocess.CalledProcessError: Command '['translate/translate.py', '/home/david/work/tchecker-experiments/pddl-domains/painter-impossible/domain.pddl', '/home/david/work/tchecker-experiments/pddl-domains/painter-impossible/instances/instance_2_3.pddl']' returned non-zero exit status 1.
painter-impossible,instance_2_3,OPTIC,,,false,out of time,|
painter-impossible,instance_2_3-ground,POPF,,,false,139,|Warnings encountered when parsing Domain/Problem File ----------------------------------------------------- The supplied domain/problem file appear to violate part of the PDDL language specification. Specifically: Errors: 0, warnings: 68 ./ground-pddl-problems/painter-impossible/instance_2_3_domain.pddl: line: 53: Warning: Undeclared requirement :negative-preconditions ./ground-pddl-problems/painter-impossible/instance_2_3_domain.pddl: line: 54: Warning: Undeclared requirement :negative-preconditions ./ground-pddl-problems/painter-impossible/instance_2_3_domain.pddl: line: 68: Warning: Undeclared requirement :negative-preconditions ./ground-pddl-problems/painter-impossible/instance_2_3_domain.pddl: line: 69: Warning: Undeclared requirement :negative-preconditions ./ground-pddl-problems/painter-impossible/instance_2_3_domain.pddl: line: 83: Warning: Undeclared requirement :negative-preconditions ./ground-pddl-problems/painter-impossible/instance_2_3_domain.pddl: line: 84: Warning: Undeclared requirement :negative-preconditions ./ground-pddl-problems/painter-impossible/instance_2_3_domain.pddl: line: 98: Warning: Undeclared requirement :negative-preconditions ./ground-pddl-problems/painter-impossible/instance_2_3_domain.pddl: line: 99: Warning: Undeclared requirement :negative-preconditions ./ground-pddl-problems/painter-impossible/instance_2_3_domain.pddl: line: 133: Warning: Undeclared requirement :duration-inequalities ./ground-pddl-problems/painter-impossible/instance_2_3_domain.pddl: line: 134: Warning: Undeclared requirement :duration-inequalities ./ground-pddl-problems/painter-impossible/instance_2_3_domain.pddl: line: 140: Warning: Undeclared requirement :negative-preconditions ./ground-pddl-problems/painter-impossible/instance_2_3_domain.pddl: line: 141: Warning: Undeclared requirement :negative-preconditions ./ground-pddl-problems/painter-impossible/instance_2_3_domain.pddl: line: 142: Warning: Undeclared requirement :negative-preconditions ./ground-pddl-problems/painter-impossible/instance_2_3_domain.pddl: line: 155: Warning: Undeclared requirement :durative-actions ./ground-pddl-problems/painter-impossible/instance_2_3_domain.pddl: line: 160: Warning: Undeclared requirement :duration-inequalities ./ground-pddl-problems/painter-impossible/instance_2_3_domain.pddl: line: 161: Warning: Undeclared requirement :duration-inequalities ./ground-pddl-problems/painter-impossible/instance_2_3_domain.pddl: line: 167: Warning: Undeclared requirement :negative-preconditions ./ground-pddl-problems/painter-impossible/instance_2_3_domain.pddl: line: 168: Warning: Undeclared requirement :negative-preconditions ./ground-pddl-problems/painter-impossible/instance_2_3_domain.pddl: line: 169: Warning: Undeclared requirement :negative-preconditions ./ground-pddl-problems/painter-impossible/instance_2_3_domain.pddl: line: 182: Warning: Undeclared requirement :durative-actions ./ground-pddl-problems/painter-impossible/instance_2_3_domain.pddl: line: 187: Warning: Undeclared requirement :duration-inequalities ./ground-pddl-problems/painter-impossible/instance_2_3_domain.pddl: line: 188: Warning: Undeclared requirement :duration-inequalities ./ground-pddl-problems/painter-impossible/instance_2_3_domain.pddl: line: 194: Warning: Undeclared requirement :negative-preconditions ./ground-pddl-problems/painter-impossible/instance_2_3_domain.pddl: line: 195: Warning: Undeclared requirement :negative-preconditions ./ground-pddl-problems/painter-impossible/instance_2_3_domain.pddl: line: 196: Warning: Undeclared requirement :negative-preconditions ./ground-pddl-problems/painter-impossible/instance_2_3_domain.pddl: line: 209: Warning: Undeclared requirement :durative-actions ./ground-pddl-problems/painter-impossible/instance_2_3_domain.pddl: line: 214: Warning: Undeclared requirement :duration-inequalities ./ground-pddl-problems/painter-impossible/instance_2_3_domain.pddl: line: 215: Warning: Undeclared requirement :duration-inequalities ./ground-pddl-problems/painter-impossible/instance_2_3_domain.pddl: line: 221: Warning: Undeclared requirement :negative-preconditions ./ground-pddl-problems/painter-impossible/instance_2_3_domain.pddl: line: 222: Warning: Undeclared requirement :negative-preconditions ./ground-pddl-problems/painter-impossible/instance_2_3_domain.pddl: line: 223: Warning: Undeclared requirement :negative-preconditions ./ground-pddl-problems/painter-impossible/instance_2_3_domain.pddl: line: 236: Warning: Undeclared requirement :durative-actions ./ground-pddl-problems/painter-impossible/instance_2_3_domain.pddl: line: 241: Warning: Undeclared requirement :duration-inequalities ./ground-pddl-problems/painter-impossible/instance_2_3_domain.pddl: line: 242: Warning: Undeclared requirement :duration-inequalities ./ground-pddl-problems/painter-impossible/instance_2_3_domain.pddl: line: 251: Warning: Undeclared requirement :durative-actions ./ground-pddl-problems/painter-impossible/instance_2_3_domain.pddl: line: 256: Warning: Undeclared requirement :duration-inequalities ./ground-pddl-problems/painter-impossible/instance_2_3_domain.pddl: line: 257: Warning: Undeclared requirement :duration-inequalities ./ground-pddl-problems/painter-impossible/instance_2_3_domain.pddl: line: 266: Warning: Undeclared requirement :durative-actions ./ground-pddl-problems/painter-impossible/instance_2_3_domain.pddl: line: 271: Warning: Undeclared requirement :duration-inequalities ./ground-pddl-problems/painter-impossible/instance_2_3_domain.pddl: line: 272: Warning: Undeclared requirement :duration-inequalities ./ground-pddl-problems/painter-impossible/instance_2_3_domain.pddl: line: 281: Warning: Undeclared requirement :durative-actions ./ground-pddl-problems/painter-impossible/instance_2_3_domain.pddl: line: 286: Warning: Undeclared requirement :duration-inequalities ./ground-pddl-problems/painter-impossible/instance_2_3_domain.pddl: line: 287: Warning: Undeclared requirement :duration-inequalities ./ground-pddl-problems/painter-impossible/instance_2_3_domain.pddl: line: 296: Warning: Undeclared requirement :durative-actions ./ground-pddl-problems/painter-impossible/instance_2_3_domain.pddl: line: 301: Warning: Undeclared requirement :duration-inequalities ./ground-pddl-problems/painter-impossible/instance_2_3_domain.pddl: line: 302: Warning: Undeclared requirement :duration-inequalities ./ground-pddl-problems/painter-impossible/instance_2_3_domain.pddl: line: 313: Warning: Undeclared requirement :durative-actions ./ground-pddl-problems/painter-impossible/instance_2_3_domain.pddl: line: 318: Warning: Undeclared requirement :duration-inequalities ./ground-pddl-problems/painter-impossible/instance_2_3_domain.pddl: line: 319: Warning: Undeclared requirement :duration-inequalities ./ground-pddl-problems/painter-impossible/instance_2_3_domain.pddl: line: 330: Warning: Undeclared requirement :durative-actions ./ground-pddl-problems/painter-impossible/instance_2_3_domain.pddl: line: 335: Warning: Undeclared requirement :duration-inequalities ./ground-pddl-problems/painter-impossible/instance_2_3_domain.pddl: line: 336: Warning: Undeclared requirement :duration-inequalities ./ground-pddl-problems/painter-impossible/instance_2_3_domain.pddl: line: 347: Warning: Undeclared requirement :durative-actions ./ground-pddl-problems/painter-impossible/instance_2_3_domain.pddl: line: 352: Warning: Undeclared requirement :duration-inequalities ./ground-pddl-problems/painter-impossible/instance_2_3_domain.pddl: line: 353: Warning: Undeclared requirement :duration-inequalities ./ground-pddl-problems/painter-impossible/instance_2_3_domain.pddl: line: 364: Warning: Undeclared requirement :durative-actions ./ground-pddl-problems/painter-impossible/instance_2_3_domain.pddl: line: 369: Warning: Undeclared requirement :duration-inequalities ./ground-pddl-problems/painter-impossible/instance_2_3_domain.pddl: line: 370: Warning: Undeclared requirement :duration-inequalities ./ground-pddl-problems/painter-impossible/instance_2_3_domain.pddl: line: 378: Warning: Undeclared requirement :durative-actions ./ground-pddl-problems/painter-impossible/instance_2_3_domain.pddl: line: 383: Warning: Undeclared requirement :duration-inequalities ./ground-pddl-problems/painter-impossible/instance_2_3_domain.pddl: line: 384: Warning: Undeclared requirement :duration-inequalities ./ground-pddl-problems/painter-impossible/instance_2_3_domain.pddl: line: 392: Warning: Undeclared requirement :durative-actions ./ground-pddl-problems/painter-impossible/instance_2_3_domain.pddl: line: 397: Warning: Undeclared requirement :duration-inequalities ./ground-pddl-problems/painter-impossible/instance_2_3_domain.pddl: line: 398: Warning: Undeclared requirement :duration-inequalities ./ground-pddl-problems/painter-impossible/instance_2_3_domain.pddl: line: 406: Warning: Undeclared requirement :durative-actions ./ground-pddl-problems/painter-impossible/instance_2_3_domain.pddl: line: 411: Warning: Undeclared requirement :duration-inequalities ./ground-pddl-problems/painter-impossible/instance_2_3_domain.pddl: line: 412: Warning: Undeclared requirement :duration-inequalities ./ground-pddl-problems/painter-impossible/instance_2_3_domain.pddl: line: 420: Warning: Undeclared requirement :durative-actions The planner will continue, but you may wish to fix your files accordingly Number of literals: 40 Constructing lookup tables: [10%] [20%] [30%] [40%] [50%] [60%] [70%] [80%] [90%] [100%] Post filtering unreachable actions: [10%] [20%] [30%] [40%] [50%] [60%] [70%] [80%] [90%] [100%] [01;34mNo analytic limits found, not considering limit effects of goal-only operators[00m 25% of the ground temporal actions in this problem are compression-safe Initial heuristic = 9.000
Command exited with non-zero status 139
%%%139%0.07%10836
painter-impossible,instance_2_3,nextflap,0.00,6444,false,okay,|;Parsing time: 0 ;Preprocessing time: 0 ;Grounding time: 0 ;SAS translation time: 0 ;Filter repeated states: 1 ;H: 65535 (0)
painter-impossible,instance_2_4,tck-aLUcovreach,,,false,1,|ERROR: cannot open ./tck-dir/painter-impossible/instance_2_4.tck: No such file or directory
Command exited with non-zero status 1
%%%1%0.00%4752
painter-impossible,instance_2_4,tck-covreach,,,false,1,|ERROR: cannot open ./tck-dir/painter-impossible/instance_2_4.tck: No such file or directory
Command exited with non-zero status 1
%%%1%0.00%4500
painter-impossible,instance_2_4-ground,nuXmv,0.00,32504,false,okay,|*** This is nuXmv 2.1.0 (compiled on Fri Nov 29 13:41:31 2024)
*** Copyright (c) 2014-2024, Fondazione Bruno Kessler
*** For more information on nuXmv see https://nuxmv.fbk.eu
*** or email to <nuxmv@fbk.eu>.
*** Please report bugs at Please report bugs to <nusmv-users@fbk.eu>
*** (click on "Login Anonymously" to access)
*** Alternatively write to <nuxmv@fbk.eu>.

*** This version of nuXmv is linked to NuSMV 2.7.0.
*** For more information on NuSMV see <http://nusmv.fbk.eu>
*** or email to <nusmv-users@fbk.eu>.
*** Copyright (C) 2010-2024, Fondazione Bruno Kessler

*** This version of nuXmv is linked to the CUDD library version 2.4.1
*** Copyright (c) 1995-2004, Regents of the University of Colorado

*** This version of nuXmv is linked to the MiniSat SAT solver. 
*** See http://minisat.se/MiniSat.html
*** Copyright (c) 2003-2006, Niklas Een, Niklas Sorensson
*** Copyright (c) 2007-2010, Niklas Sorensson

*** This version of nuXmv is linked to MathSAT
*** Copyright (C) 2009-2019 by Fondazione Bruno Kessler
*** Copyright (C) 2009-2019 by University of Trento and others
*** See http://mathsat.fbk.eu

nuXmv > 
file ./nuxmv-dir/painter-impossible/instance_2_4.smv: line 1: cannot open input file ./nuxmv-dir/painter-impossible/instance_2_4.smv
nuXmv > 
Use "quit" to leave NuSMV.
nuXmv > 
Use "quit" to leave NuSMV.
nuXmv > 
Use "quit" to leave NuSMV.
nuXmv > 
Use "quit" to leave NuSMV.
nuXmv > 
Use "quit" to leave NuSMV.
nuXmv > 
painter-impossible,instance_2_4-ground,UPPAAL,,,false,1,|Error opening './uppaal-dir/painter-impossible/instance_2_4.ta': No such file or directory
Command exited with non-zero status 1
%%%1%0.00%8272
painter-impossible,instance_2_4-cert-conv,shell-script,,,,file missing,No model to obtain renaming. Expected: ./muntax-dir/painter-impossible/instance_2_4.muntax
painter-impossible,instance_2_4-muntac-cert-check,muntac,,,,file missing,No model to obtain renaming. Expected: ./muntax-dir/painter-impossible/instance_2_4.muntax
painter-impossible,instance_2_4-ground,TAMER-ctp,,,false,1,|ERROR: An error of type ParserError was thrown during the execution of TAMER.
The reported error is:
ParserError: Unknown character ':' at line67
Command exited with non-zero status 1
%%%1%0.00%3656
painter-impossible,instance_2_4-ground,TAMER-ftp,,,false,1,|ERROR: An error of type ParserError was thrown during the execution of TAMER.
The reported error is:
ParserError: Unknown character ':' at line67
Command exited with non-zero status 1
%%%1%0.00%3652
painter-impossible,instance_2_4,tfd,0.07,14392,false,okay,|Parsing... Contains quantified condition(s): False Instantiating... Unbound effect variables: Adding @object predicate. Trivial rules: Converted to facts. Starting instantiation [64 rules]... Finding invariants... Finding invariants... 29 initial candidates [0.000s CPU, 0.004s wall-clock] Checking invariant weight... [0.000s CPU, 0.000s wall-clock] Instantiating groups... Choosing groups... 95 uncovered facts (before using the results from the invariant synthesis) 76 uncovered facts Building translation key... Building STRIPS to SAS dictionary... Translating task... Traceback (most recent call last): File "/home/david/work/tchecker-experiments/sources/tfd/downward/translate/translate.py", line 1108, in <module> sas_task = pddl_to_sas(task) File "/home/david/work/tchecker-experiments/sources/tfd/downward/translate/translate.py", line 994, in pddl_to_sas assert not actions, "There shouldn't be any actions - just temporal actions" ^^^^^^^^^^^ AssertionError: There shouldn't be any actions - just temporal actions ('translate/translate.py', '/home/david/work/tchecker-experiments/pddl-domains/painter-impossible/domain.pddl', '/home/david/work/tchecker-experiments/pddl-domains/painter-impossible/instances/instance_2_4.pddl') {} Traceback (most recent call last): File "/home/david/work/tchecker-experiments/./sources/tfd/downward/tfd", line 44, in <module> main(domain, problem, result_name, config) ~~~~^^^^^^^^^^^^^^^^^^^^^^^^^^^^^^^^^^^^^^ File "/home/david/work/tchecker-experiments/./sources/tfd/downward/tfd", line 23, in main run("translate/translate.py", domain, problem) ~~~^^^^^^^^^^^^^^^^^^^^^^^^^^^^^^^^^^^^^^^^^^^ File "/home/david/work/tchecker-experiments/./sources/tfd/downward/tfd", line 20, in run subprocess.check_call(sum([arg.split("+") for arg in args],[]), **redirections) ~~~~~~~~~~~~~~~~~~~~~^^^^^^^^^^^^^^^^^^^^^^^^^^^^^^^^^^^^^^^^^^^^^^^^^^^^^^^^^^ File "/usr/lib/python3.13/subprocess.py", line 419, in check_call raise CalledProcessError(retcode, cmd) subprocess.CalledProcessError: Command '['translate/translate.py', '/home/david/work/tchecker-experiments/pddl-domains/painter-impossible/domain.pddl', '/home/david/work/tchecker-experiments/pddl-domains/painter-impossible/instances/instance_2_4.pddl']' returned non-zero exit status 1.
painter-impossible,instance_2_4,OPTIC,,,false,out of time,|
painter-impossible,instance_2_4-ground,POPF,,,false,139,|Warnings encountered when parsing Domain/Problem File ----------------------------------------------------- The supplied domain/problem file appear to violate part of the PDDL language specification. Specifically: Errors: 0, warnings: 114 ./ground-pddl-problems/painter-impossible/instance_2_4_domain.pddl: line: 71: Warning: Undeclared requirement :negative-preconditions ./ground-pddl-problems/painter-impossible/instance_2_4_domain.pddl: line: 72: Warning: Undeclared requirement :negative-preconditions ./ground-pddl-problems/painter-impossible/instance_2_4_domain.pddl: line: 86: Warning: Undeclared requirement :negative-preconditions ./ground-pddl-problems/painter-impossible/instance_2_4_domain.pddl: line: 87: Warning: Undeclared requirement :negative-preconditions ./ground-pddl-problems/painter-impossible/instance_2_4_domain.pddl: line: 101: Warning: Undeclared requirement :negative-preconditions ./ground-pddl-problems/painter-impossible/instance_2_4_domain.pddl: line: 102: Warning: Undeclared requirement :negative-preconditions ./ground-pddl-problems/painter-impossible/instance_2_4_domain.pddl: line: 116: Warning: Undeclared requirement :negative-preconditions ./ground-pddl-problems/painter-impossible/instance_2_4_domain.pddl: line: 117: Warning: Undeclared requirement :negative-preconditions ./ground-pddl-problems/painter-impossible/instance_2_4_domain.pddl: line: 131: Warning: Undeclared requirement :negative-preconditions ./ground-pddl-problems/painter-impossible/instance_2_4_domain.pddl: line: 132: Warning: Undeclared requirement :negative-preconditions ./ground-pddl-problems/painter-impossible/instance_2_4_domain.pddl: line: 146: Warning: Undeclared requirement :negative-preconditions ./ground-pddl-problems/painter-impossible/instance_2_4_domain.pddl: line: 147: Warning: Undeclared requirement :negative-preconditions ./ground-pddl-problems/painter-impossible/instance_2_4_domain.pddl: line: 161: Warning: Undeclared requirement :negative-preconditions ./ground-pddl-problems/painter-impossible/instance_2_4_domain.pddl: line: 162: Warning: Undeclared requirement :negative-preconditions ./ground-pddl-problems/painter-impossible/instance_2_4_domain.pddl: line: 176: Warning: Undeclared requirement :negative-preconditions ./ground-pddl-problems/painter-impossible/instance_2_4_domain.pddl: line: 177: Warning: Undeclared requirement :negative-preconditions ./ground-pddl-problems/painter-impossible/instance_2_4_domain.pddl: line: 191: Warning: Undeclared requirement :negative-preconditions ./ground-pddl-problems/painter-impossible/instance_2_4_domain.pddl: line: 192: Warning: Undeclared requirement :negative-preconditions ./ground-pddl-problems/painter-impossible/instance_2_4_domain.pddl: line: 206: Warning: Undeclared requirement :negative-preconditions ./ground-pddl-problems/painter-impossible/instance_2_4_domain.pddl: line: 207: Warning: Undeclared requirement :negative-preconditions ./ground-pddl-problems/painter-impossible/instance_2_4_domain.pddl: line: 221: Warning: Undeclared requirement :negative-preconditions ./ground-pddl-problems/painter-impossible/instance_2_4_domain.pddl: line: 222: Warning: Undeclared requirement :negative-preconditions ./ground-pddl-problems/painter-impossible/instance_2_4_domain.pddl: line: 236: Warning: Undeclared requirement :negative-preconditions ./ground-pddl-problems/painter-impossible/instance_2_4_domain.pddl: line: 237: Warning: Undeclared requirement :negative-preconditions ./ground-pddl-problems/painter-impossible/instance_2_4_domain.pddl: line: 276: Warning: Undeclared requirement :duration-inequalities ./ground-pddl-problems/painter-impossible/instance_2_4_domain.pddl: line: 277: Warning: Undeclared requirement :duration-inequalities ./ground-pddl-problems/painter-impossible/instance_2_4_domain.pddl: line: 283: Warning: Undeclared requirement :negative-preconditions ./ground-pddl-problems/painter-impossible/instance_2_4_domain.pddl: line: 284: Warning: Undeclared requirement :negative-preconditions ./ground-pddl-problems/painter-impossible/instance_2_4_domain.pddl: line: 285: Warning: Undeclared requirement :negative-preconditions ./ground-pddl-problems/painter-impossible/instance_2_4_domain.pddl: line: 298: Warning: Undeclared requirement :durative-actions ./ground-pddl-problems/painter-impossible/instance_2_4_domain.pddl: line: 303: Warning: Undeclared requirement :duration-inequalities ./ground-pddl-problems/painter-impossible/instance_2_4_domain.pddl: line: 304: Warning: Undeclared requirement :duration-inequalities ./ground-pddl-problems/painter-impossible/instance_2_4_domain.pddl: line: 310: Warning: Undeclared requirement :negative-preconditions ./ground-pddl-problems/painter-impossible/instance_2_4_domain.pddl: line: 311: Warning: Undeclared requirement :negative-preconditions ./ground-pddl-problems/painter-impossible/instance_2_4_domain.pddl: line: 312: Warning: Undeclared requirement :negative-preconditions ./ground-pddl-problems/painter-impossible/instance_2_4_domain.pddl: line: 325: Warning: Undeclared requirement :durative-actions ./ground-pddl-problems/painter-impossible/instance_2_4_domain.pddl: line: 330: Warning: Undeclared requirement :duration-inequalities ./ground-pddl-problems/painter-impossible/instance_2_4_domain.pddl: line: 331: Warning: Undeclared requirement :duration-inequalities ./ground-pddl-problems/painter-impossible/instance_2_4_domain.pddl: line: 337: Warning: Undeclared requirement :negative-preconditions ./ground-pddl-problems/painter-impossible/instance_2_4_domain.pddl: line: 338: Warning: Undeclared requirement :negative-preconditions ./ground-pddl-problems/painter-impossible/instance_2_4_domain.pddl: line: 339: Warning: Undeclared requirement :negative-preconditions ./ground-pddl-problems/painter-impossible/instance_2_4_domain.pddl: line: 352: Warning: Undeclared requirement :durative-actions ./ground-pddl-problems/painter-impossible/instance_2_4_domain.pddl: line: 357: Warning: Undeclared requirement :duration-inequalities ./ground-pddl-problems/painter-impossible/instance_2_4_domain.pddl: line: 358: Warning: Undeclared requirement :duration-inequalities ./ground-pddl-problems/painter-impossible/instance_2_4_domain.pddl: line: 364: Warning: Undeclared requirement :negative-preconditions ./ground-pddl-problems/painter-impossible/instance_2_4_domain.pddl: line: 365: Warning: Undeclared requirement :negative-preconditions ./ground-pddl-problems/painter-impossible/instance_2_4_domain.pddl: line: 366: Warning: Undeclared requirement :negative-preconditions ./ground-pddl-problems/painter-impossible/instance_2_4_domain.pddl: line: 379: Warning: Undeclared requirement :durative-actions ./ground-pddl-problems/painter-impossible/instance_2_4_domain.pddl: line: 384: Warning: Undeclared requirement :duration-inequalities ./ground-pddl-problems/painter-impossible/instance_2_4_domain.pddl: line: 385: Warning: Undeclared requirement :duration-inequalities ./ground-pddl-problems/painter-impossible/instance_2_4_domain.pddl: line: 391: Warning: Undeclared requirement :negative-preconditions ./ground-pddl-problems/painter-impossible/instance_2_4_domain.pddl: line: 392: Warning: Undeclared requirement :negative-preconditions ./ground-pddl-problems/painter-impossible/instance_2_4_domain.pddl: line: 393: Warning: Undeclared requirement :negative-preconditions ./ground-pddl-problems/painter-impossible/instance_2_4_domain.pddl: line: 406: Warning: Undeclared requirement :durative-actions ./ground-pddl-problems/painter-impossible/instance_2_4_domain.pddl: line: 411: Warning: Undeclared requirement :duration-inequalities ./ground-pddl-problems/painter-impossible/instance_2_4_domain.pddl: line: 412: Warning: Undeclared requirement :duration-inequalities ./ground-pddl-problems/painter-impossible/instance_2_4_domain.pddl: line: 418: Warning: Undeclared requirement :negative-preconditions ./ground-pddl-problems/painter-impossible/instance_2_4_domain.pddl: line: 419: Warning: Undeclared requirement :negative-preconditions ./ground-pddl-problems/painter-impossible/instance_2_4_domain.pddl: line: 420: Warning: Undeclared requirement :negative-preconditions ./ground-pddl-problems/painter-impossible/instance_2_4_domain.pddl: line: 433: Warning: Undeclared requirement :durative-actions ./ground-pddl-problems/painter-impossible/instance_2_4_domain.pddl: line: 438: Warning: Undeclared requirement :duration-inequalities ./ground-pddl-problems/painter-impossible/instance_2_4_domain.pddl: line: 439: Warning: Undeclared requirement :duration-inequalities ./ground-pddl-problems/painter-impossible/instance_2_4_domain.pddl: line: 448: Warning: Undeclared requirement :durative-actions ./ground-pddl-problems/painter-impossible/instance_2_4_domain.pddl: line: 453: Warning: Undeclared requirement :duration-inequalities ./ground-pddl-problems/painter-impossible/instance_2_4_domain.pddl: line: 454: Warning: Undeclared requirement :duration-inequalities ./ground-pddl-problems/painter-impossible/instance_2_4_domain.pddl: line: 463: Warning: Undeclared requirement :durative-actions ./ground-pddl-problems/painter-impossible/instance_2_4_domain.pddl: line: 468: Warning: Undeclared requirement :duration-inequalities ./ground-pddl-problems/painter-impossible/instance_2_4_domain.pddl: line: 469: Warning: Undeclared requirement :duration-inequalities ./ground-pddl-problems/painter-impossible/instance_2_4_domain.pddl: line: 478: Warning: Undeclared requirement :durative-actions ./ground-pddl-problems/painter-impossible/instance_2_4_domain.pddl: line: 483: Warning: Undeclared requirement :duration-inequalities ./ground-pddl-problems/painter-impossible/instance_2_4_domain.pddl: line: 484: Warning: Undeclared requirement :duration-inequalities ./ground-pddl-problems/painter-impossible/instance_2_4_domain.pddl: line: 493: Warning: Undeclared requirement :durative-actions ./ground-pddl-problems/painter-impossible/instance_2_4_domain.pddl: line: 498: Warning: Undeclared requirement :duration-inequalities ./ground-pddl-problems/painter-impossible/instance_2_4_domain.pddl: line: 499: Warning: Undeclared requirement :duration-inequalities ./ground-pddl-problems/painter-impossible/instance_2_4_domain.pddl: line: 508: Warning: Undeclared requirement :durative-actions ./ground-pddl-problems/painter-impossible/instance_2_4_domain.pddl: line: 513: Warning: Undeclared requirement :duration-inequalities ./ground-pddl-problems/painter-impossible/instance_2_4_domain.pddl: line: 514: Warning: Undeclared requirement :duration-inequalities ./ground-pddl-problems/painter-impossible/instance_2_4_domain.pddl: line: 523: Warning: Undeclared requirement :durative-actions ./ground-pddl-problems/painter-impossible/instance_2_4_domain.pddl: line: 528: Warning: Undeclared requirement :duration-inequalities ./ground-pddl-problems/painter-impossible/instance_2_4_domain.pddl: line: 529: Warning: Undeclared requirement :duration-inequalities ./ground-pddl-problems/painter-impossible/instance_2_4_domain.pddl: line: 540: Warning: Undeclared requirement :durative-actions ./ground-pddl-problems/painter-impossible/instance_2_4_domain.pddl: line: 545: Warning: Undeclared requirement :duration-inequalities ./ground-pddl-problems/painter-impossible/instance_2_4_domain.pddl: line: 546: Warning: Undeclared requirement :duration-inequalities ./ground-pddl-problems/painter-impossible/instance_2_4_domain.pddl: line: 557: Warning: Undeclared requirement :durative-actions ./ground-pddl-problems/painter-impossible/instance_2_4_domain.pddl: line: 562: Warning: Undeclared requirement :duration-inequalities ./ground-pddl-problems/painter-impossible/instance_2_4_domain.pddl: line: 563: Warning: Undeclared requirement :duration-inequalities ./ground-pddl-problems/painter-impossible/instance_2_4_domain.pddl: line: 574: Warning: Undeclared requirement :durative-actions ./ground-pddl-problems/painter-impossible/instance_2_4_domain.pddl: line: 579: Warning: Undeclared requirement :duration-inequalities ./ground-pddl-problems/painter-impossible/instance_2_4_domain.pddl: line: 580: Warning: Undeclared requirement :duration-inequalities ./ground-pddl-problems/painter-impossible/instance_2_4_domain.pddl: line: 591: Warning: Undeclared requirement :durative-actions ./ground-pddl-problems/painter-impossible/instance_2_4_domain.pddl: line: 596: Warning: Undeclared requirement :duration-inequalities ./ground-pddl-problems/painter-impossible/instance_2_4_domain.pddl: line: 597: Warning: Undeclared requirement :duration-inequalities ./ground-pddl-problems/painter-impossible/instance_2_4_domain.pddl: line: 608: Warning: Undeclared requirement :durative-actions ./ground-pddl-problems/painter-impossible/instance_2_4_domain.pddl: line: 613: Warning: Undeclared requirement :duration-inequalities ./ground-pddl-problems/painter-impossible/instance_2_4_domain.pddl: line: 614: Warning: Undeclared requirement :duration-inequalities ./ground-pddl-problems/painter-impossible/instance_2_4_domain.pddl: line: 625: Warning: Undeclared requirement :durative-actions ./ground-pddl-problems/painter-impossible/instance_2_4_domain.pddl: line: 630: Warning: Undeclared requirement :duration-inequalities ./ground-pddl-problems/painter-impossible/instance_2_4_domain.pddl: line: 631: Warning: Undeclared requirement :duration-inequalities ./ground-pddl-problems/painter-impossible/instance_2_4_domain.pddl: line: 639: Warning: Undeclared requirement :durative-actions ./ground-pddl-problems/painter-impossible/instance_2_4_domain.pddl: line: 644: Warning: Undeclared requirement :duration-inequalities ./ground-pddl-problems/painter-impossible/instance_2_4_domain.pddl: line: 645: Warning: Undeclared requirement :duration-inequalities ./ground-pddl-problems/painter-impossible/instance_2_4_domain.pddl: line: 653: Warning: Undeclared requirement :durative-actions ./ground-pddl-problems/painter-impossible/instance_2_4_domain.pddl: line: 658: Warning: Undeclared requirement :duration-inequalities ./ground-pddl-problems/painter-impossible/instance_2_4_domain.pddl: line: 659: Warning: Undeclared requirement :duration-inequalities ./ground-pddl-problems/painter-impossible/instance_2_4_domain.pddl: line: 667: Warning: Undeclared requirement :durative-actions ./ground-pddl-problems/painter-impossible/instance_2_4_domain.pddl: line: 672: Warning: Undeclared requirement :duration-inequalities ./ground-pddl-problems/painter-impossible/instance_2_4_domain.pddl: line: 673: Warning: Undeclared requirement :duration-inequalities ./ground-pddl-problems/painter-impossible/instance_2_4_domain.pddl: line: 681: Warning: Undeclared requirement :durative-actions ./ground-pddl-problems/painter-impossible/instance_2_4_domain.pddl: line: 686: Warning: Undeclared requirement :duration-inequalities ./ground-pddl-problems/painter-impossible/instance_2_4_domain.pddl: line: 687: Warning: Undeclared requirement :duration-inequalities ./ground-pddl-problems/painter-impossible/instance_2_4_domain.pddl: line: 695: Warning: Undeclared requirement :durative-actions ./ground-pddl-problems/painter-impossible/instance_2_4_domain.pddl: line: 700: Warning: Undeclared requirement :duration-inequalities ./ground-pddl-problems/painter-impossible/instance_2_4_domain.pddl: line: 701: Warning: Undeclared requirement :duration-inequalities ./ground-pddl-problems/painter-impossible/instance_2_4_domain.pddl: line: 709: Warning: Undeclared requirement :durative-actions The planner will continue, but you may wish to fix your files accordingly Number of literals: 57 Constructing lookup tables: [10%] [20%] [30%] [40%] [50%] [60%] [70%] [80%] [90%] [100%] [110%] [120%] Post filtering unreachable actions: [10%] [20%] [30%] [40%] [50%] [60%] [70%] [80%] [90%] [100%] [110%] [120%] [01;34mNo analytic limits found, not considering limit effects of goal-only operators[00m 25% of the ground temporal actions in this problem are compression-safe Initial heuristic = 9.000
Command exited with non-zero status 139
%%%139%0.07%11444
painter-impossible,instance_2_4,nextflap,0.00,6400,false,okay,|;Parsing time: 0 ;Preprocessing time: 0 ;Grounding time: 0 ;SAS translation time: 0 ;Filter repeated states: 1 ;H: 65535 (0)
painter-impossible,instance_3_2,tck-aLUcovreach,,,false,1,|ERROR: cannot open ./tck-dir/painter-impossible/instance_3_2.tck: No such file or directory
Command exited with non-zero status 1
%%%1%0.00%4572
painter-impossible,instance_3_2,tck-covreach,,,false,1,|ERROR: cannot open ./tck-dir/painter-impossible/instance_3_2.tck: No such file or directory
Command exited with non-zero status 1
%%%1%0.00%4460
painter-impossible,instance_3_2-ground,nuXmv,0.00,32456,false,okay,|*** This is nuXmv 2.1.0 (compiled on Fri Nov 29 13:41:31 2024)
*** Copyright (c) 2014-2024, Fondazione Bruno Kessler
*** For more information on nuXmv see https://nuxmv.fbk.eu
*** or email to <nuxmv@fbk.eu>.
*** Please report bugs at Please report bugs to <nusmv-users@fbk.eu>
*** (click on "Login Anonymously" to access)
*** Alternatively write to <nuxmv@fbk.eu>.

*** This version of nuXmv is linked to NuSMV 2.7.0.
*** For more information on NuSMV see <http://nusmv.fbk.eu>
*** or email to <nusmv-users@fbk.eu>.
*** Copyright (C) 2010-2024, Fondazione Bruno Kessler

*** This version of nuXmv is linked to the CUDD library version 2.4.1
*** Copyright (c) 1995-2004, Regents of the University of Colorado

*** This version of nuXmv is linked to the MiniSat SAT solver. 
*** See http://minisat.se/MiniSat.html
*** Copyright (c) 2003-2006, Niklas Een, Niklas Sorensson
*** Copyright (c) 2007-2010, Niklas Sorensson

*** This version of nuXmv is linked to MathSAT
*** Copyright (C) 2009-2019 by Fondazione Bruno Kessler
*** Copyright (C) 2009-2019 by University of Trento and others
*** See http://mathsat.fbk.eu

nuXmv > 
file ./nuxmv-dir/painter-impossible/instance_3_2.smv: line 5: at token ";": syntax error
nuXmv > 
Use "quit" to leave NuSMV.
nuXmv > 
Use "quit" to leave NuSMV.
nuXmv > 
Use "quit" to leave NuSMV.
nuXmv > 
Use "quit" to leave NuSMV.
nuXmv > 
Use "quit" to leave NuSMV.
nuXmv > 
painter-impossible,instance_3_2-ground,UPPAAL,,,false,1,|./uppaal-dir/painter-impossible/instance_3_2.ta::16: [error] syntax error: unexpected end of file.
Command exited with non-zero status 1
%%%1%0.00%10096
painter-impossible,instance_3_2-cert-conv,shell-script,,,,file missing,No model to obtain renaming. Expected: ./muntax-dir/painter-impossible/instance_3_2.muntax
painter-impossible,instance_3_2-muntac-cert-check,muntac,,,,file missing,No model to obtain renaming. Expected: ./muntax-dir/painter-impossible/instance_3_2.muntax
painter-impossible,instance_3_2-ground,TAMER-ctp,,,false,139,|environment: line 1: 31597 Segmentation fault         (core dumped) ./tamer solve -a $mode -t constant-promoter -P $problem $domain
Command exited with non-zero status 139
%%%139%0.05%3820
painter-impossible,instance_3_2-ground,TAMER-ftp,,,false,139,|environment: line 1: 31618 Segmentation fault         (core dumped) ./tamer solve -a $mode -t constant-promoter -P $problem $domain
Command exited with non-zero status 139
%%%139%0.05%3840
painter-impossible,instance_3_2,tfd,0.05,14320,false,okay,|Parsing... Contains quantified condition(s): False Instantiating... Unbound effect variables: Adding @object predicate. Trivial rules: Converted to facts. Starting instantiation [64 rules]... Finding invariants... Finding invariants... 29 initial candidates [0.010s CPU, 0.004s wall-clock] Checking invariant weight... [0.000s CPU, 0.000s wall-clock] Instantiating groups... Choosing groups... 65 uncovered facts (before using the results from the invariant synthesis) 53 uncovered facts Building translation key... Building STRIPS to SAS dictionary... Translating task... Traceback (most recent call last): File "/home/david/work/tchecker-experiments/sources/tfd/downward/translate/translate.py", line 1108, in <module> sas_task = pddl_to_sas(task) File "/home/david/work/tchecker-experiments/sources/tfd/downward/translate/translate.py", line 994, in pddl_to_sas assert not actions, "There shouldn't be any actions - just temporal actions" ^^^^^^^^^^^ AssertionError: There shouldn't be any actions - just temporal actions ('translate/translate.py', '/home/david/work/tchecker-experiments/pddl-domains/painter-impossible/domain.pddl', '/home/david/work/tchecker-experiments/pddl-domains/painter-impossible/instances/instance_3_2.pddl') {} Traceback (most recent call last): File "/home/david/work/tchecker-experiments/./sources/tfd/downward/tfd", line 44, in <module> main(domain, problem, result_name, config) ~~~~^^^^^^^^^^^^^^^^^^^^^^^^^^^^^^^^^^^^^^ File "/home/david/work/tchecker-experiments/./sources/tfd/downward/tfd", line 23, in main run("translate/translate.py", domain, problem) ~~~^^^^^^^^^^^^^^^^^^^^^^^^^^^^^^^^^^^^^^^^^^^ File "/home/david/work/tchecker-experiments/./sources/tfd/downward/tfd", line 20, in run subprocess.check_call(sum([arg.split("+") for arg in args],[]), **redirections) ~~~~~~~~~~~~~~~~~~~~~^^^^^^^^^^^^^^^^^^^^^^^^^^^^^^^^^^^^^^^^^^^^^^^^^^^^^^^^^^ File "/usr/lib/python3.13/subprocess.py", line 419, in check_call raise CalledProcessError(retcode, cmd) subprocess.CalledProcessError: Command '['translate/translate.py', '/home/david/work/tchecker-experiments/pddl-domains/painter-impossible/domain.pddl', '/home/david/work/tchecker-experiments/pddl-domains/painter-impossible/instances/instance_3_2.pddl']' returned non-zero exit status 1.
painter-impossible,instance_3_2,OPTIC,,,false,out of time,|
painter-impossible,instance_3_2-ground,POPF,0.00,9172,false,okay,|Critical Errors Encountered in Domain/Problem File -------------------------------------------------- Due to critical errors in the supplied domain/problem file, the planner has to terminate. The errors encountered are as follows: Errors: 1, warnings: 0 ./ground-pddl-problems/painter-impossible/instance_3_2_domain.pddl: line: 39: Error: Syntax error in domain
painter-impossible,instance_3_2,nextflap,0.07,5352,true,okay,
painter-impossible,instance_3_3,tck-aLUcovreach,,,false,1,|ERROR: cannot open ./tck-dir/painter-impossible/instance_3_3.tck: No such file or directory
Command exited with non-zero status 1
%%%1%0.00%4736
painter-impossible,instance_3_3,tck-covreach,,,false,1,|ERROR: cannot open ./tck-dir/painter-impossible/instance_3_3.tck: No such file or directory
Command exited with non-zero status 1
%%%1%0.00%4436
painter-impossible,instance_3_3-ground,nuXmv,0.01,32928,false,okay,|*** This is nuXmv 2.1.0 (compiled on Fri Nov 29 13:41:31 2024)
*** Copyright (c) 2014-2024, Fondazione Bruno Kessler
*** For more information on nuXmv see https://nuxmv.fbk.eu
*** or email to <nuxmv@fbk.eu>.
*** Please report bugs at Please report bugs to <nusmv-users@fbk.eu>
*** (click on "Login Anonymously" to access)
*** Alternatively write to <nuxmv@fbk.eu>.

*** This version of nuXmv is linked to NuSMV 2.7.0.
*** For more information on NuSMV see <http://nusmv.fbk.eu>
*** or email to <nusmv-users@fbk.eu>.
*** Copyright (C) 2010-2024, Fondazione Bruno Kessler

*** This version of nuXmv is linked to the CUDD library version 2.4.1
*** Copyright (c) 1995-2004, Regents of the University of Colorado

*** This version of nuXmv is linked to the MiniSat SAT solver. 
*** See http://minisat.se/MiniSat.html
*** Copyright (c) 2003-2006, Niklas Een, Niklas Sorensson
*** Copyright (c) 2007-2010, Niklas Sorensson

*** This version of nuXmv is linked to MathSAT
*** Copyright (C) 2009-2019 by Fondazione Bruno Kessler
*** Copyright (C) 2009-2019 by University of Trento and others
*** See http://mathsat.fbk.eu

nuXmv > 
file ./nuxmv-dir/painter-impossible/instance_3_3.smv: line 1: cannot open input file ./nuxmv-dir/painter-impossible/instance_3_3.smv
nuXmv > 
Use "quit" to leave NuSMV.
nuXmv > 
Use "quit" to leave NuSMV.
nuXmv > 
Use "quit" to leave NuSMV.
nuXmv > 
Use "quit" to leave NuSMV.
nuXmv > 
Use "quit" to leave NuSMV.
nuXmv > 
painter-impossible,instance_3_3-ground,UPPAAL,,,false,1,|Error opening './uppaal-dir/painter-impossible/instance_3_3.ta': No such file or directory
Command exited with non-zero status 1
%%%1%0.00%8348
painter-impossible,instance_3_3-cert-conv,shell-script,,,,file missing,No model to obtain renaming. Expected: ./muntax-dir/painter-impossible/instance_3_3.muntax
painter-impossible,instance_3_3-muntac-cert-check,muntac,,,,file missing,No model to obtain renaming. Expected: ./muntax-dir/painter-impossible/instance_3_3.muntax
painter-impossible,instance_3_3-ground,TAMER-ctp,,,false,1,|ERROR: An error of type ParserError was thrown during the execution of TAMER.
The reported error is:
ParserError: Unknown character ':' at line66
Command exited with non-zero status 1
%%%1%0.00%3820
painter-impossible,instance_3_3-ground,TAMER-ftp,,,false,1,|ERROR: An error of type ParserError was thrown during the execution of TAMER.
The reported error is:
ParserError: Unknown character ':' at line66
Command exited with non-zero status 1
%%%1%0.00%3840
painter-impossible,instance_3_3,tfd,0.06,14392,false,okay,|Parsing... Contains quantified condition(s): False Instantiating... Unbound effect variables: Adding @object predicate. Trivial rules: Converted to facts. Starting instantiation [64 rules]... Finding invariants... Finding invariants... 29 initial candidates [0.000s CPU, 0.004s wall-clock] Checking invariant weight... [0.000s CPU, 0.000s wall-clock] Instantiating groups... Choosing groups... 105 uncovered facts (before using the results from the invariant synthesis) 86 uncovered facts Building translation key... Building STRIPS to SAS dictionary... Translating task... Traceback (most recent call last): File "/home/david/work/tchecker-experiments/sources/tfd/downward/translate/translate.py", line 1108, in <module> sas_task = pddl_to_sas(task) File "/home/david/work/tchecker-experiments/sources/tfd/downward/translate/translate.py", line 994, in pddl_to_sas assert not actions, "There shouldn't be any actions - just temporal actions" ^^^^^^^^^^^ AssertionError: There shouldn't be any actions - just temporal actions ('translate/translate.py', '/home/david/work/tchecker-experiments/pddl-domains/painter-impossible/domain.pddl', '/home/david/work/tchecker-experiments/pddl-domains/painter-impossible/instances/instance_3_3.pddl') {} Traceback (most recent call last): File "/home/david/work/tchecker-experiments/./sources/tfd/downward/tfd", line 44, in <module> main(domain, problem, result_name, config) ~~~~^^^^^^^^^^^^^^^^^^^^^^^^^^^^^^^^^^^^^^ File "/home/david/work/tchecker-experiments/./sources/tfd/downward/tfd", line 23, in main run("translate/translate.py", domain, problem) ~~~^^^^^^^^^^^^^^^^^^^^^^^^^^^^^^^^^^^^^^^^^^^ File "/home/david/work/tchecker-experiments/./sources/tfd/downward/tfd", line 20, in run subprocess.check_call(sum([arg.split("+") for arg in args],[]), **redirections) ~~~~~~~~~~~~~~~~~~~~~^^^^^^^^^^^^^^^^^^^^^^^^^^^^^^^^^^^^^^^^^^^^^^^^^^^^^^^^^^ File "/usr/lib/python3.13/subprocess.py", line 419, in check_call raise CalledProcessError(retcode, cmd) subprocess.CalledProcessError: Command '['translate/translate.py', '/home/david/work/tchecker-experiments/pddl-domains/painter-impossible/domain.pddl', '/home/david/work/tchecker-experiments/pddl-domains/painter-impossible/instances/instance_3_3.pddl']' returned non-zero exit status 1.
painter-impossible,instance_3_3,OPTIC,,,false,out of time,|
painter-impossible,instance_3_3-ground,POPF,,,false,139,|Warnings encountered when parsing Domain/Problem File ----------------------------------------------------- The supplied domain/problem file appear to violate part of the PDDL language specification. Specifically: Errors: 0, warnings: 102 ./ground-pddl-problems/painter-impossible/instance_3_3_domain.pddl: line: 70: Warning: Undeclared requirement :negative-preconditions ./ground-pddl-problems/painter-impossible/instance_3_3_domain.pddl: line: 71: Warning: Undeclared requirement :negative-preconditions ./ground-pddl-problems/painter-impossible/instance_3_3_domain.pddl: line: 85: Warning: Undeclared requirement :negative-preconditions ./ground-pddl-problems/painter-impossible/instance_3_3_domain.pddl: line: 86: Warning: Undeclared requirement :negative-preconditions ./ground-pddl-problems/painter-impossible/instance_3_3_domain.pddl: line: 100: Warning: Undeclared requirement :negative-preconditions ./ground-pddl-problems/painter-impossible/instance_3_3_domain.pddl: line: 101: Warning: Undeclared requirement :negative-preconditions ./ground-pddl-problems/painter-impossible/instance_3_3_domain.pddl: line: 115: Warning: Undeclared requirement :negative-preconditions ./ground-pddl-problems/painter-impossible/instance_3_3_domain.pddl: line: 116: Warning: Undeclared requirement :negative-preconditions ./ground-pddl-problems/painter-impossible/instance_3_3_domain.pddl: line: 130: Warning: Undeclared requirement :negative-preconditions ./ground-pddl-problems/painter-impossible/instance_3_3_domain.pddl: line: 131: Warning: Undeclared requirement :negative-preconditions ./ground-pddl-problems/painter-impossible/instance_3_3_domain.pddl: line: 145: Warning: Undeclared requirement :negative-preconditions ./ground-pddl-problems/painter-impossible/instance_3_3_domain.pddl: line: 146: Warning: Undeclared requirement :negative-preconditions ./ground-pddl-problems/painter-impossible/instance_3_3_domain.pddl: line: 185: Warning: Undeclared requirement :duration-inequalities ./ground-pddl-problems/painter-impossible/instance_3_3_domain.pddl: line: 186: Warning: Undeclared requirement :duration-inequalities ./ground-pddl-problems/painter-impossible/instance_3_3_domain.pddl: line: 192: Warning: Undeclared requirement :negative-preconditions ./ground-pddl-problems/painter-impossible/instance_3_3_domain.pddl: line: 193: Warning: Undeclared requirement :negative-preconditions ./ground-pddl-problems/painter-impossible/instance_3_3_domain.pddl: line: 194: Warning: Undeclared requirement :negative-preconditions ./ground-pddl-problems/painter-impossible/instance_3_3_domain.pddl: line: 207: Warning: Undeclared requirement :durative-actions ./ground-pddl-problems/painter-impossible/instance_3_3_domain.pddl: line: 212: Warning: Undeclared requirement :duration-inequalities ./ground-pddl-problems/painter-impossible/instance_3_3_domain.pddl: line: 213: Warning: Undeclared requirement :duration-inequalities ./ground-pddl-problems/painter-impossible/instance_3_3_domain.pddl: line: 219: Warning: Undeclared requirement :negative-preconditions ./ground-pddl-problems/painter-impossible/instance_3_3_domain.pddl: line: 220: Warning: Undeclared requirement :negative-preconditions ./ground-pddl-problems/painter-impossible/instance_3_3_domain.pddl: line: 221: Warning: Undeclared requirement :negative-preconditions ./ground-pddl-problems/painter-impossible/instance_3_3_domain.pddl: line: 234: Warning: Undeclared requirement :durative-actions ./ground-pddl-problems/painter-impossible/instance_3_3_domain.pddl: line: 239: Warning: Undeclared requirement :duration-inequalities ./ground-pddl-problems/painter-impossible/instance_3_3_domain.pddl: line: 240: Warning: Undeclared requirement :duration-inequalities ./ground-pddl-problems/painter-impossible/instance_3_3_domain.pddl: line: 246: Warning: Undeclared requirement :negative-preconditions ./ground-pddl-problems/painter-impossible/instance_3_3_domain.pddl: line: 247: Warning: Undeclared requirement :negative-preconditions ./ground-pddl-problems/painter-impossible/instance_3_3_domain.pddl: line: 248: Warning: Undeclared requirement :negative-preconditions ./ground-pddl-problems/painter-impossible/instance_3_3_domain.pddl: line: 261: Warning: Undeclared requirement :durative-actions ./ground-pddl-problems/painter-impossible/instance_3_3_domain.pddl: line: 266: Warning: Undeclared requirement :duration-inequalities ./ground-pddl-problems/painter-impossible/instance_3_3_domain.pddl: line: 267: Warning: Undeclared requirement :duration-inequalities ./ground-pddl-problems/painter-impossible/instance_3_3_domain.pddl: line: 273: Warning: Undeclared requirement :negative-preconditions ./ground-pddl-problems/painter-impossible/instance_3_3_domain.pddl: line: 274: Warning: Undeclared requirement :negative-preconditions ./ground-pddl-problems/painter-impossible/instance_3_3_domain.pddl: line: 275: Warning: Undeclared requirement :negative-preconditions ./ground-pddl-problems/painter-impossible/instance_3_3_domain.pddl: line: 288: Warning: Undeclared requirement :durative-actions ./ground-pddl-problems/painter-impossible/instance_3_3_domain.pddl: line: 293: Warning: Undeclared requirement :duration-inequalities ./ground-pddl-problems/painter-impossible/instance_3_3_domain.pddl: line: 294: Warning: Undeclared requirement :duration-inequalities ./ground-pddl-problems/painter-impossible/instance_3_3_domain.pddl: line: 300: Warning: Undeclared requirement :negative-preconditions ./ground-pddl-problems/painter-impossible/instance_3_3_domain.pddl: line: 301: Warning: Undeclared requirement :negative-preconditions ./ground-pddl-problems/painter-impossible/instance_3_3_domain.pddl: line: 302: Warning: Undeclared requirement :negative-preconditions ./ground-pddl-problems/painter-impossible/instance_3_3_domain.pddl: line: 315: Warning: Undeclared requirement :durative-actions ./ground-pddl-problems/painter-impossible/instance_3_3_domain.pddl: line: 320: Warning: Undeclared requirement :duration-inequalities ./ground-pddl-problems/painter-impossible/instance_3_3_domain.pddl: line: 321: Warning: Undeclared requirement :duration-inequalities ./ground-pddl-problems/painter-impossible/instance_3_3_domain.pddl: line: 327: Warning: Undeclared requirement :negative-preconditions ./ground-pddl-problems/painter-impossible/instance_3_3_domain.pddl: line: 328: Warning: Undeclared requirement :negative-preconditions ./ground-pddl-problems/painter-impossible/instance_3_3_domain.pddl: line: 329: Warning: Undeclared requirement :negative-preconditions ./ground-pddl-problems/painter-impossible/instance_3_3_domain.pddl: line: 342: Warning: Undeclared requirement :durative-actions ./ground-pddl-problems/painter-impossible/instance_3_3_domain.pddl: line: 347: Warning: Undeclared requirement :duration-inequalities ./ground-pddl-problems/painter-impossible/instance_3_3_domain.pddl: line: 348: Warning: Undeclared requirement :duration-inequalities ./ground-pddl-problems/painter-impossible/instance_3_3_domain.pddl: line: 357: Warning: Undeclared requirement :durative-actions ./ground-pddl-problems/painter-impossible/instance_3_3_domain.pddl: line: 362: Warning: Undeclared requirement :duration-inequalities ./ground-pddl-problems/painter-impossible/instance_3_3_domain.pddl: line: 363: Warning: Undeclared requirement :duration-inequalities ./ground-pddl-problems/painter-impossible/instance_3_3_domain.pddl: line: 372: Warning: Undeclared requirement :durative-actions ./ground-pddl-problems/painter-impossible/instance_3_3_domain.pddl: line: 377: Warning: Undeclared requirement :duration-inequalities ./ground-pddl-problems/painter-impossible/instance_3_3_domain.pddl: line: 378: Warning: Undeclared requirement :duration-inequalities ./ground-pddl-problems/painter-impossible/instance_3_3_domain.pddl: line: 387: Warning: Undeclared requirement :durative-actions ./ground-pddl-problems/painter-impossible/instance_3_3_domain.pddl: line: 392: Warning: Undeclared requirement :duration-inequalities ./ground-pddl-problems/painter-impossible/instance_3_3_domain.pddl: line: 393: Warning: Undeclared requirement :duration-inequalities ./ground-pddl-problems/painter-impossible/instance_3_3_domain.pddl: line: 402: Warning: Undeclared requirement :durative-actions ./ground-pddl-problems/painter-impossible/instance_3_3_domain.pddl: line: 407: Warning: Undeclared requirement :duration-inequalities ./ground-pddl-problems/painter-impossible/instance_3_3_domain.pddl: line: 408: Warning: Undeclared requirement :duration-inequalities ./ground-pddl-problems/painter-impossible/instance_3_3_domain.pddl: line: 417: Warning: Undeclared requirement :durative-actions ./ground-pddl-problems/painter-impossible/instance_3_3_domain.pddl: line: 422: Warning: Undeclared requirement :duration-inequalities ./ground-pddl-problems/painter-impossible/instance_3_3_domain.pddl: line: 423: Warning: Undeclared requirement :duration-inequalities ./ground-pddl-problems/painter-impossible/instance_3_3_domain.pddl: line: 432: Warning: Undeclared requirement :durative-actions ./ground-pddl-problems/painter-impossible/instance_3_3_domain.pddl: line: 437: Warning: Undeclared requirement :duration-inequalities ./ground-pddl-problems/painter-impossible/instance_3_3_domain.pddl: line: 438: Warning: Undeclared requirement :duration-inequalities ./ground-pddl-problems/painter-impossible/instance_3_3_domain.pddl: line: 449: Warning: Undeclared requirement :durative-actions ./ground-pddl-problems/painter-impossible/instance_3_3_domain.pddl: line: 454: Warning: Undeclared requirement :duration-inequalities ./ground-pddl-problems/painter-impossible/instance_3_3_domain.pddl: line: 455: Warning: Undeclared requirement :duration-inequalities ./ground-pddl-problems/painter-impossible/instance_3_3_domain.pddl: line: 466: Warning: Undeclared requirement :durative-actions ./ground-pddl-problems/painter-impossible/instance_3_3_domain.pddl: line: 471: Warning: Undeclared requirement :duration-inequalities ./ground-pddl-problems/painter-impossible/instance_3_3_domain.pddl: line: 472: Warning: Undeclared requirement :duration-inequalities ./ground-pddl-problems/painter-impossible/instance_3_3_domain.pddl: line: 483: Warning: Undeclared requirement :durative-actions ./ground-pddl-problems/painter-impossible/instance_3_3_domain.pddl: line: 488: Warning: Undeclared requirement :duration-inequalities ./ground-pddl-problems/painter-impossible/instance_3_3_domain.pddl: line: 489: Warning: Undeclared requirement :duration-inequalities ./ground-pddl-problems/painter-impossible/instance_3_3_domain.pddl: line: 500: Warning: Undeclared requirement :durative-actions ./ground-pddl-problems/painter-impossible/instance_3_3_domain.pddl: line: 505: Warning: Undeclared requirement :duration-inequalities ./ground-pddl-problems/painter-impossible/instance_3_3_domain.pddl: line: 506: Warning: Undeclared requirement :duration-inequalities ./ground-pddl-problems/painter-impossible/instance_3_3_domain.pddl: line: 517: Warning: Undeclared requirement :durative-actions ./ground-pddl-problems/painter-impossible/instance_3_3_domain.pddl: line: 522: Warning: Undeclared requirement :duration-inequalities ./ground-pddl-problems/painter-impossible/instance_3_3_domain.pddl: line: 523: Warning: Undeclared requirement :duration-inequalities ./ground-pddl-problems/painter-impossible/instance_3_3_domain.pddl: line: 534: Warning: Undeclared requirement :durative-actions ./ground-pddl-problems/painter-impossible/instance_3_3_domain.pddl: line: 539: Warning: Undeclared requirement :duration-inequalities ./ground-pddl-problems/painter-impossible/instance_3_3_domain.pddl: line: 540: Warning: Undeclared requirement :duration-inequalities ./ground-pddl-problems/painter-impossible/instance_3_3_domain.pddl: line: 548: Warning: Undeclared requirement :durative-actions ./ground-pddl-problems/painter-impossible/instance_3_3_domain.pddl: line: 553: Warning: Undeclared requirement :duration-inequalities ./ground-pddl-problems/painter-impossible/instance_3_3_domain.pddl: line: 554: Warning: Undeclared requirement :duration-inequalities ./ground-pddl-problems/painter-impossible/instance_3_3_domain.pddl: line: 562: Warning: Undeclared requirement :durative-actions ./ground-pddl-problems/painter-impossible/instance_3_3_domain.pddl: line: 567: Warning: Undeclared requirement :duration-inequalities ./ground-pddl-problems/painter-impossible/instance_3_3_domain.pddl: line: 568: Warning: Undeclared requirement :duration-inequalities ./ground-pddl-problems/painter-impossible/instance_3_3_domain.pddl: line: 576: Warning: Undeclared requirement :durative-actions ./ground-pddl-problems/painter-impossible/instance_3_3_domain.pddl: line: 581: Warning: Undeclared requirement :duration-inequalities ./ground-pddl-problems/painter-impossible/instance_3_3_domain.pddl: line: 582: Warning: Undeclared requirement :duration-inequalities ./ground-pddl-problems/painter-impossible/instance_3_3_domain.pddl: line: 590: Warning: Undeclared requirement :durative-actions ./ground-pddl-problems/painter-impossible/instance_3_3_domain.pddl: line: 595: Warning: Undeclared requirement :duration-inequalities ./ground-pddl-problems/painter-impossible/instance_3_3_domain.pddl: line: 596: Warning: Undeclared requirement :duration-inequalities ./ground-pddl-problems/painter-impossible/instance_3_3_domain.pddl: line: 604: Warning: Undeclared requirement :durative-actions ./ground-pddl-problems/painter-impossible/instance_3_3_domain.pddl: line: 609: Warning: Undeclared requirement :duration-inequalities ./ground-pddl-problems/painter-impossible/instance_3_3_domain.pddl: line: 610: Warning: Undeclared requirement :duration-inequalities ./ground-pddl-problems/painter-impossible/instance_3_3_domain.pddl: line: 618: Warning: Undeclared requirement :durative-actions The planner will continue, but you may wish to fix your files accordingly Number of literals: 57 Constructing lookup tables: [10%] [20%] [30%] [40%] [50%] [60%] [70%] [80%] [90%] [100%] Post filtering unreachable actions: [10%] [20%] [30%] [40%] [50%] [60%] [70%] [80%] [90%] [100%] [01;34mNo analytic limits found, not considering limit effects of goal-only operators[00m 25% of the ground temporal actions in this problem are compression-safe Initial heuristic = 9.000
Command exited with non-zero status 139
%%%139%0.07%11520
painter-impossible,instance_3_3,nextflap,0.00,6444,false,okay,|;Parsing time: 0 ;Preprocessing time: 0 ;Grounding time: 0 ;SAS translation time: 0 ;Filter repeated states: 1 ;H: 65535 (0)
painter-impossible,instance_3_4,tck-aLUcovreach,,,false,1,|ERROR: cannot open ./tck-dir/painter-impossible/instance_3_4.tck: No such file or directory
Command exited with non-zero status 1
%%%1%0.00%4780
painter-impossible,instance_3_4,tck-covreach,,,false,1,|ERROR: cannot open ./tck-dir/painter-impossible/instance_3_4.tck: No such file or directory
Command exited with non-zero status 1
%%%1%0.00%4684
painter-impossible,instance_3_4-ground,nuXmv,0.00,32544,false,okay,|*** This is nuXmv 2.1.0 (compiled on Fri Nov 29 13:41:31 2024)
*** Copyright (c) 2014-2024, Fondazione Bruno Kessler
*** For more information on nuXmv see https://nuxmv.fbk.eu
*** or email to <nuxmv@fbk.eu>.
*** Please report bugs at Please report bugs to <nusmv-users@fbk.eu>
*** (click on "Login Anonymously" to access)
*** Alternatively write to <nuxmv@fbk.eu>.

*** This version of nuXmv is linked to NuSMV 2.7.0.
*** For more information on NuSMV see <http://nusmv.fbk.eu>
*** or email to <nusmv-users@fbk.eu>.
*** Copyright (C) 2010-2024, Fondazione Bruno Kessler

*** This version of nuXmv is linked to the CUDD library version 2.4.1
*** Copyright (c) 1995-2004, Regents of the University of Colorado

*** This version of nuXmv is linked to the MiniSat SAT solver. 
*** See http://minisat.se/MiniSat.html
*** Copyright (c) 2003-2006, Niklas Een, Niklas Sorensson
*** Copyright (c) 2007-2010, Niklas Sorensson

*** This version of nuXmv is linked to MathSAT
*** Copyright (C) 2009-2019 by Fondazione Bruno Kessler
*** Copyright (C) 2009-2019 by University of Trento and others
*** See http://mathsat.fbk.eu

nuXmv > 
file ./nuxmv-dir/painter-impossible/instance_3_4.smv: line 1: cannot open input file ./nuxmv-dir/painter-impossible/instance_3_4.smv
nuXmv > 
Use "quit" to leave NuSMV.
nuXmv > 
Use "quit" to leave NuSMV.
nuXmv > 
Use "quit" to leave NuSMV.
nuXmv > 
Use "quit" to leave NuSMV.
nuXmv > 
Use "quit" to leave NuSMV.
nuXmv > 
painter-impossible,instance_3_4-ground,UPPAAL,,,false,1,|Error opening './uppaal-dir/painter-impossible/instance_3_4.ta': No such file or directory
Command exited with non-zero status 1
%%%1%0.00%8692
painter-impossible,instance_3_4-cert-conv,shell-script,,,,file missing,No model to obtain renaming. Expected: ./muntax-dir/painter-impossible/instance_3_4.muntax
painter-impossible,instance_3_4-muntac-cert-check,muntac,,,,file missing,No model to obtain renaming. Expected: ./muntax-dir/painter-impossible/instance_3_4.muntax
painter-impossible,instance_3_4-ground,TAMER-ctp,,,false,1,|ERROR: An error of type ParserError was thrown during the execution of TAMER.
The reported error is:
ParserError: Unknown character ':' at line92
Command exited with non-zero status 1
%%%1%0.00%3820
painter-impossible,instance_3_4-ground,TAMER-ftp,,,false,1,|ERROR: An error of type ParserError was thrown during the execution of TAMER.
The reported error is:
ParserError: Unknown character ':' at line92
Command exited with non-zero status 1
%%%1%0.00%3820
painter-impossible,instance_3_4,tfd,0.06,14816,false,okay,|Parsing... Contains quantified condition(s): False Instantiating... Unbound effect variables: Adding @object predicate. Trivial rules: Converted to facts. Starting instantiation [64 rules]... Finding invariants... Finding invariants... 29 initial candidates [0.000s CPU, 0.004s wall-clock] Checking invariant weight... [0.000s CPU, 0.000s wall-clock] Instantiating groups... Choosing groups... 145 uncovered facts (before using the results from the invariant synthesis) 119 uncovered facts Building translation key... Building STRIPS to SAS dictionary... Translating task... Traceback (most recent call last): File "/home/david/work/tchecker-experiments/sources/tfd/downward/translate/translate.py", line 1108, in <module> sas_task = pddl_to_sas(task) File "/home/david/work/tchecker-experiments/sources/tfd/downward/translate/translate.py", line 994, in pddl_to_sas assert not actions, "There shouldn't be any actions - just temporal actions" ^^^^^^^^^^^ AssertionError: There shouldn't be any actions - just temporal actions ('translate/translate.py', '/home/david/work/tchecker-experiments/pddl-domains/painter-impossible/domain.pddl', '/home/david/work/tchecker-experiments/pddl-domains/painter-impossible/instances/instance_3_4.pddl') {} Traceback (most recent call last): File "/home/david/work/tchecker-experiments/./sources/tfd/downward/tfd", line 44, in <module> main(domain, problem, result_name, config) ~~~~^^^^^^^^^^^^^^^^^^^^^^^^^^^^^^^^^^^^^^ File "/home/david/work/tchecker-experiments/./sources/tfd/downward/tfd", line 23, in main run("translate/translate.py", domain, problem) ~~~^^^^^^^^^^^^^^^^^^^^^^^^^^^^^^^^^^^^^^^^^^^ File "/home/david/work/tchecker-experiments/./sources/tfd/downward/tfd", line 20, in run subprocess.check_call(sum([arg.split("+") for arg in args],[]), **redirections) ~~~~~~~~~~~~~~~~~~~~~^^^^^^^^^^^^^^^^^^^^^^^^^^^^^^^^^^^^^^^^^^^^^^^^^^^^^^^^^^ File "/usr/lib/python3.13/subprocess.py", line 419, in check_call raise CalledProcessError(retcode, cmd) subprocess.CalledProcessError: Command '['translate/translate.py', '/home/david/work/tchecker-experiments/pddl-domains/painter-impossible/domain.pddl', '/home/david/work/tchecker-experiments/pddl-domains/painter-impossible/instances/instance_3_4.pddl']' returned non-zero exit status 1.
painter-impossible,instance_3_4,OPTIC,,,false,out of time,|
painter-impossible,instance_3_4-ground,POPF,,,false,139,|Warnings encountered when parsing Domain/Problem File ----------------------------------------------------- The supplied domain/problem file appear to violate part of the PDDL language specification. Specifically: Errors: 0, warnings: 171 ./ground-pddl-problems/painter-impossible/instance_3_4_domain.pddl: line: 96: Warning: Undeclared requirement :negative-preconditions ./ground-pddl-problems/painter-impossible/instance_3_4_domain.pddl: line: 97: Warning: Undeclared requirement :negative-preconditions ./ground-pddl-problems/painter-impossible/instance_3_4_domain.pddl: line: 111: Warning: Undeclared requirement :negative-preconditions ./ground-pddl-problems/painter-impossible/instance_3_4_domain.pddl: line: 112: Warning: Undeclared requirement :negative-preconditions ./ground-pddl-problems/painter-impossible/instance_3_4_domain.pddl: line: 126: Warning: Undeclared requirement :negative-preconditions ./ground-pddl-problems/painter-impossible/instance_3_4_domain.pddl: line: 127: Warning: Undeclared requirement :negative-preconditions ./ground-pddl-problems/painter-impossible/instance_3_4_domain.pddl: line: 141: Warning: Undeclared requirement :negative-preconditions ./ground-pddl-problems/painter-impossible/instance_3_4_domain.pddl: line: 142: Warning: Undeclared requirement :negative-preconditions ./ground-pddl-problems/painter-impossible/instance_3_4_domain.pddl: line: 156: Warning: Undeclared requirement :negative-preconditions ./ground-pddl-problems/painter-impossible/instance_3_4_domain.pddl: line: 157: Warning: Undeclared requirement :negative-preconditions ./ground-pddl-problems/painter-impossible/instance_3_4_domain.pddl: line: 171: Warning: Undeclared requirement :negative-preconditions ./ground-pddl-problems/painter-impossible/instance_3_4_domain.pddl: line: 172: Warning: Undeclared requirement :negative-preconditions ./ground-pddl-problems/painter-impossible/instance_3_4_domain.pddl: line: 186: Warning: Undeclared requirement :negative-preconditions ./ground-pddl-problems/painter-impossible/instance_3_4_domain.pddl: line: 187: Warning: Undeclared requirement :negative-preconditions ./ground-pddl-problems/painter-impossible/instance_3_4_domain.pddl: line: 201: Warning: Undeclared requirement :negative-preconditions ./ground-pddl-problems/painter-impossible/instance_3_4_domain.pddl: line: 202: Warning: Undeclared requirement :negative-preconditions ./ground-pddl-problems/painter-impossible/instance_3_4_domain.pddl: line: 216: Warning: Undeclared requirement :negative-preconditions ./ground-pddl-problems/painter-impossible/instance_3_4_domain.pddl: line: 217: Warning: Undeclared requirement :negative-preconditions ./ground-pddl-problems/painter-impossible/instance_3_4_domain.pddl: line: 231: Warning: Undeclared requirement :negative-preconditions ./ground-pddl-problems/painter-impossible/instance_3_4_domain.pddl: line: 232: Warning: Undeclared requirement :negative-preconditions ./ground-pddl-problems/painter-impossible/instance_3_4_domain.pddl: line: 246: Warning: Undeclared requirement :negative-preconditions ./ground-pddl-problems/painter-impossible/instance_3_4_domain.pddl: line: 247: Warning: Undeclared requirement :negative-preconditions ./ground-pddl-problems/painter-impossible/instance_3_4_domain.pddl: line: 261: Warning: Undeclared requirement :negative-preconditions ./ground-pddl-problems/painter-impossible/instance_3_4_domain.pddl: line: 262: Warning: Undeclared requirement :negative-preconditions ./ground-pddl-problems/painter-impossible/instance_3_4_domain.pddl: line: 276: Warning: Undeclared requirement :negative-preconditions ./ground-pddl-problems/painter-impossible/instance_3_4_domain.pddl: line: 277: Warning: Undeclared requirement :negative-preconditions ./ground-pddl-problems/painter-impossible/instance_3_4_domain.pddl: line: 291: Warning: Undeclared requirement :negative-preconditions ./ground-pddl-problems/painter-impossible/instance_3_4_domain.pddl: line: 292: Warning: Undeclared requirement :negative-preconditions ./ground-pddl-problems/painter-impossible/instance_3_4_domain.pddl: line: 306: Warning: Undeclared requirement :negative-preconditions ./ground-pddl-problems/painter-impossible/instance_3_4_domain.pddl: line: 307: Warning: Undeclared requirement :negative-preconditions ./ground-pddl-problems/painter-impossible/instance_3_4_domain.pddl: line: 321: Warning: Undeclared requirement :negative-preconditions ./ground-pddl-problems/painter-impossible/instance_3_4_domain.pddl: line: 322: Warning: Undeclared requirement :negative-preconditions ./ground-pddl-problems/painter-impossible/instance_3_4_domain.pddl: line: 336: Warning: Undeclared requirement :negative-preconditions ./ground-pddl-problems/painter-impossible/instance_3_4_domain.pddl: line: 337: Warning: Undeclared requirement :negative-preconditions ./ground-pddl-problems/painter-impossible/instance_3_4_domain.pddl: line: 351: Warning: Undeclared requirement :negative-preconditions ./ground-pddl-problems/painter-impossible/instance_3_4_domain.pddl: line: 352: Warning: Undeclared requirement :negative-preconditions ./ground-pddl-problems/painter-impossible/instance_3_4_domain.pddl: line: 398: Warning: Undeclared requirement :duration-inequalities ./ground-pddl-problems/painter-impossible/instance_3_4_domain.pddl: line: 399: Warning: Undeclared requirement :duration-inequalities ./ground-pddl-problems/painter-impossible/instance_3_4_domain.pddl: line: 405: Warning: Undeclared requirement :negative-preconditions ./ground-pddl-problems/painter-impossible/instance_3_4_domain.pddl: line: 406: Warning: Undeclared requirement :negative-preconditions ./ground-pddl-problems/painter-impossible/instance_3_4_domain.pddl: line: 407: Warning: Undeclared requirement :negative-preconditions ./ground-pddl-problems/painter-impossible/instance_3_4_domain.pddl: line: 420: Warning: Undeclared requirement :durative-actions ./ground-pddl-problems/painter-impossible/instance_3_4_domain.pddl: line: 425: Warning: Undeclared requirement :duration-inequalities ./ground-pddl-problems/painter-impossible/instance_3_4_domain.pddl: line: 426: Warning: Undeclared requirement :duration-inequalities ./ground-pddl-problems/painter-impossible/instance_3_4_domain.pddl: line: 432: Warning: Undeclared requirement :negative-preconditions ./ground-pddl-problems/painter-impossible/instance_3_4_domain.pddl: line: 433: Warning: Undeclared requirement :negative-preconditions ./ground-pddl-problems/painter-impossible/instance_3_4_domain.pddl: line: 434: Warning: Undeclared requirement :negative-preconditions ./ground-pddl-problems/painter-impossible/instance_3_4_domain.pddl: line: 447: Warning: Undeclared requirement :durative-actions ./ground-pddl-problems/painter-impossible/instance_3_4_domain.pddl: line: 452: Warning: Undeclared requirement :duration-inequalities ./ground-pddl-problems/painter-impossible/instance_3_4_domain.pddl: line: 453: Warning: Undeclared requirement :duration-inequalities ./ground-pddl-problems/painter-impossible/instance_3_4_domain.pddl: line: 459: Warning: Undeclared requirement :negative-preconditions ./ground-pddl-problems/painter-impossible/instance_3_4_domain.pddl: line: 460: Warning: Undeclared requirement :negative-preconditions ./ground-pddl-problems/painter-impossible/instance_3_4_domain.pddl: line: 461: Warning: Undeclared requirement :negative-preconditions ./ground-pddl-problems/painter-impossible/instance_3_4_domain.pddl: line: 474: Warning: Undeclared requirement :durative-actions ./ground-pddl-problems/painter-impossible/instance_3_4_domain.pddl: line: 479: Warning: Undeclared requirement :duration-inequalities ./ground-pddl-problems/painter-impossible/instance_3_4_domain.pddl: line: 480: Warning: Undeclared requirement :duration-inequalities ./ground-pddl-problems/painter-impossible/instance_3_4_domain.pddl: line: 486: Warning: Undeclared requirement :negative-preconditions ./ground-pddl-problems/painter-impossible/instance_3_4_domain.pddl: line: 487: Warning: Undeclared requirement :negative-preconditions ./ground-pddl-problems/painter-impossible/instance_3_4_domain.pddl: line: 488: Warning: Undeclared requirement :negative-preconditions ./ground-pddl-problems/painter-impossible/instance_3_4_domain.pddl: line: 501: Warning: Undeclared requirement :durative-actions ./ground-pddl-problems/painter-impossible/instance_3_4_domain.pddl: line: 506: Warning: Undeclared requirement :duration-inequalities ./ground-pddl-problems/painter-impossible/instance_3_4_domain.pddl: line: 507: Warning: Undeclared requirement :duration-inequalities ./ground-pddl-problems/painter-impossible/instance_3_4_domain.pddl: line: 513: Warning: Undeclared requirement :negative-preconditions ./ground-pddl-problems/painter-impossible/instance_3_4_domain.pddl: line: 514: Warning: Undeclared requirement :negative-preconditions ./ground-pddl-problems/painter-impossible/instance_3_4_domain.pddl: line: 515: Warning: Undeclared requirement :negative-preconditions ./ground-pddl-problems/painter-impossible/instance_3_4_domain.pddl: line: 528: Warning: Undeclared requirement :durative-actions ./ground-pddl-problems/painter-impossible/instance_3_4_domain.pddl: line: 533: Warning: Undeclared requirement :duration-inequalities ./ground-pddl-problems/painter-impossible/instance_3_4_domain.pddl: line: 534: Warning: Undeclared requirement :duration-inequalities ./ground-pddl-problems/painter-impossible/instance_3_4_domain.pddl: line: 540: Warning: Undeclared requirement :negative-preconditions ./ground-pddl-problems/painter-impossible/instance_3_4_domain.pddl: line: 541: Warning: Undeclared requirement :negative-preconditions ./ground-pddl-problems/painter-impossible/instance_3_4_domain.pddl: line: 542: Warning: Undeclared requirement :negative-preconditions ./ground-pddl-problems/painter-impossible/instance_3_4_domain.pddl: line: 555: Warning: Undeclared requirement :durative-actions ./ground-pddl-problems/painter-impossible/instance_3_4_domain.pddl: line: 560: Warning: Undeclared requirement :duration-inequalities ./ground-pddl-problems/painter-impossible/instance_3_4_domain.pddl: line: 561: Warning: Undeclared requirement :duration-inequalities ./ground-pddl-problems/painter-impossible/instance_3_4_domain.pddl: line: 567: Warning: Undeclared requirement :negative-preconditions ./ground-pddl-problems/painter-impossible/instance_3_4_domain.pddl: line: 568: Warning: Undeclared requirement :negative-preconditions ./ground-pddl-problems/painter-impossible/instance_3_4_domain.pddl: line: 569: Warning: Undeclared requirement :negative-preconditions ./ground-pddl-problems/painter-impossible/instance_3_4_domain.pddl: line: 582: Warning: Undeclared requirement :durative-actions ./ground-pddl-problems/painter-impossible/instance_3_4_domain.pddl: line: 587: Warning: Undeclared requirement :duration-inequalities ./ground-pddl-problems/painter-impossible/instance_3_4_domain.pddl: line: 588: Warning: Undeclared requirement :duration-inequalities ./ground-pddl-problems/painter-impossible/instance_3_4_domain.pddl: line: 594: Warning: Undeclared requirement :negative-preconditions ./ground-pddl-problems/painter-impossible/instance_3_4_domain.pddl: line: 595: Warning: Undeclared requirement :negative-preconditions ./ground-pddl-problems/painter-impossible/instance_3_4_domain.pddl: line: 596: Warning: Undeclared requirement :negative-preconditions ./ground-pddl-problems/painter-impossible/instance_3_4_domain.pddl: line: 609: Warning: Undeclared requirement :durative-actions ./ground-pddl-problems/painter-impossible/instance_3_4_domain.pddl: line: 614: Warning: Undeclared requirement :duration-inequalities ./ground-pddl-problems/painter-impossible/instance_3_4_domain.pddl: line: 615: Warning: Undeclared requirement :duration-inequalities ./ground-pddl-problems/painter-impossible/instance_3_4_domain.pddl: line: 621: Warning: Undeclared requirement :negative-preconditions ./ground-pddl-problems/painter-impossible/instance_3_4_domain.pddl: line: 622: Warning: Undeclared requirement :negative-preconditions ./ground-pddl-problems/painter-impossible/instance_3_4_domain.pddl: line: 623: Warning: Undeclared requirement :negative-preconditions ./ground-pddl-problems/painter-impossible/instance_3_4_domain.pddl: line: 636: Warning: Undeclared requirement :durative-actions ./ground-pddl-problems/painter-impossible/instance_3_4_domain.pddl: line: 641: Warning: Undeclared requirement :duration-inequalities ./ground-pddl-problems/painter-impossible/instance_3_4_domain.pddl: line: 642: Warning: Undeclared requirement :duration-inequalities ./ground-pddl-problems/painter-impossible/instance_3_4_domain.pddl: line: 651: Warning: Undeclared requirement :durative-actions ./ground-pddl-problems/painter-impossible/instance_3_4_domain.pddl: line: 656: Warning: Undeclared requirement :duration-inequalities ./ground-pddl-problems/painter-impossible/instance_3_4_domain.pddl: line: 657: Warning: Undeclared requirement :duration-inequalities ./ground-pddl-problems/painter-impossible/instance_3_4_domain.pddl: line: 666: Warning: Undeclared requirement :durative-actions ./ground-pddl-problems/painter-impossible/instance_3_4_domain.pddl: line: 671: Warning: Undeclared requirement :duration-inequalities ./ground-pddl-problems/painter-impossible/instance_3_4_domain.pddl: line: 672: Warning: Undeclared requirement :duration-inequalities ./ground-pddl-problems/painter-impossible/instance_3_4_domain.pddl: line: 681: Warning: Undeclared requirement :durative-actions ./ground-pddl-problems/painter-impossible/instance_3_4_domain.pddl: line: 686: Warning: Undeclared requirement :duration-inequalities ./ground-pddl-problems/painter-impossible/instance_3_4_domain.pddl: line: 687: Warning: Undeclared requirement :duration-inequalities ./ground-pddl-problems/painter-impossible/instance_3_4_domain.pddl: line: 696: Warning: Undeclared requirement :durative-actions ./ground-pddl-problems/painter-impossible/instance_3_4_domain.pddl: line: 701: Warning: Undeclared requirement :duration-inequalities ./ground-pddl-problems/painter-impossible/instance_3_4_domain.pddl: line: 702: Warning: Undeclared requirement :duration-inequalities ./ground-pddl-problems/painter-impossible/instance_3_4_domain.pddl: line: 711: Warning: Undeclared requirement :durative-actions ./ground-pddl-problems/painter-impossible/instance_3_4_domain.pddl: line: 716: Warning: Undeclared requirement :duration-inequalities ./ground-pddl-problems/painter-impossible/instance_3_4_domain.pddl: line: 717: Warning: Undeclared requirement :duration-inequalities ./ground-pddl-problems/painter-impossible/instance_3_4_domain.pddl: line: 726: Warning: Undeclared requirement :durative-actions ./ground-pddl-problems/painter-impossible/instance_3_4_domain.pddl: line: 731: Warning: Undeclared requirement :duration-inequalities ./ground-pddl-problems/painter-impossible/instance_3_4_domain.pddl: line: 732: Warning: Undeclared requirement :duration-inequalities ./ground-pddl-problems/painter-impossible/instance_3_4_domain.pddl: line: 741: Warning: Undeclared requirement :durative-actions ./ground-pddl-problems/painter-impossible/instance_3_4_domain.pddl: line: 746: Warning: Undeclared requirement :duration-inequalities ./ground-pddl-problems/painter-impossible/instance_3_4_domain.pddl: line: 747: Warning: Undeclared requirement :duration-inequalities ./ground-pddl-problems/painter-impossible/instance_3_4_domain.pddl: line: 756: Warning: Undeclared requirement :durative-actions ./ground-pddl-problems/painter-impossible/instance_3_4_domain.pddl: line: 761: Warning: Undeclared requirement :duration-inequalities ./ground-pddl-problems/painter-impossible/instance_3_4_domain.pddl: line: 762: Warning: Undeclared requirement :duration-inequalities ./ground-pddl-problems/painter-impossible/instance_3_4_domain.pddl: line: 771: Warning: Undeclared requirement :durative-actions ./ground-pddl-problems/painter-impossible/instance_3_4_domain.pddl: line: 776: Warning: Undeclared requirement :duration-inequalities ./ground-pddl-problems/painter-impossible/instance_3_4_domain.pddl: line: 777: Warning: Undeclared requirement :duration-inequalities ./ground-pddl-problems/painter-impossible/instance_3_4_domain.pddl: line: 788: Warning: Undeclared requirement :durative-actions ./ground-pddl-problems/painter-impossible/instance_3_4_domain.pddl: line: 793: Warning: Undeclared requirement :duration-inequalities ./ground-pddl-problems/painter-impossible/instance_3_4_domain.pddl: line: 794: Warning: Undeclared requirement :duration-inequalities ./ground-pddl-problems/painter-impossible/instance_3_4_domain.pddl: line: 805: Warning: Undeclared requirement :durative-actions ./ground-pddl-problems/painter-impossible/instance_3_4_domain.pddl: line: 810: Warning: Undeclared requirement :duration-inequalities ./ground-pddl-problems/painter-impossible/instance_3_4_domain.pddl: line: 811: Warning: Undeclared requirement :duration-inequalities ./ground-pddl-problems/painter-impossible/instance_3_4_domain.pddl: line: 822: Warning: Undeclared requirement :durative-actions ./ground-pddl-problems/painter-impossible/instance_3_4_domain.pddl: line: 827: Warning: Undeclared requirement :duration-inequalities ./ground-pddl-problems/painter-impossible/instance_3_4_domain.pddl: line: 828: Warning: Undeclared requirement :duration-inequalities ./ground-pddl-problems/painter-impossible/instance_3_4_domain.pddl: line: 839: Warning: Undeclared requirement :durative-actions ./ground-pddl-problems/painter-impossible/instance_3_4_domain.pddl: line: 844: Warning: Undeclared requirement :duration-inequalities ./ground-pddl-problems/painter-impossible/instance_3_4_domain.pddl: line: 845: Warning: Undeclared requirement :duration-inequalities ./ground-pddl-problems/painter-impossible/instance_3_4_domain.pddl: line: 856: Warning: Undeclared requirement :durative-actions ./ground-pddl-problems/painter-impossible/instance_3_4_domain.pddl: line: 861: Warning: Undeclared requirement :duration-inequalities ./ground-pddl-problems/painter-impossible/instance_3_4_domain.pddl: line: 862: Warning: Undeclared requirement :duration-inequalities ./ground-pddl-problems/painter-impossible/instance_3_4_domain.pddl: line: 873: Warning: Undeclared requirement :durative-actions ./ground-pddl-problems/painter-impossible/instance_3_4_domain.pddl: line: 878: Warning: Undeclared requirement :duration-inequalities ./ground-pddl-problems/painter-impossible/instance_3_4_domain.pddl: line: 879: Warning: Undeclared requirement :duration-inequalities ./ground-pddl-problems/painter-impossible/instance_3_4_domain.pddl: line: 890: Warning: Undeclared requirement :durative-actions ./ground-pddl-problems/painter-impossible/instance_3_4_domain.pddl: line: 895: Warning: Undeclared requirement :duration-inequalities ./ground-pddl-problems/painter-impossible/instance_3_4_domain.pddl: line: 896: Warning: Undeclared requirement :duration-inequalities ./ground-pddl-problems/painter-impossible/instance_3_4_domain.pddl: line: 907: Warning: Undeclared requirement :durative-actions ./ground-pddl-problems/painter-impossible/instance_3_4_domain.pddl: line: 912: Warning: Undeclared requirement :duration-inequalities ./ground-pddl-problems/painter-impossible/instance_3_4_domain.pddl: line: 913: Warning: Undeclared requirement :duration-inequalities ./ground-pddl-problems/painter-impossible/instance_3_4_domain.pddl: line: 924: Warning: Undeclared requirement :durative-actions ./ground-pddl-problems/painter-impossible/instance_3_4_domain.pddl: line: 929: Warning: Undeclared requirement :duration-inequalities ./ground-pddl-problems/painter-impossible/instance_3_4_domain.pddl: line: 930: Warning: Undeclared requirement :duration-inequalities ./ground-pddl-problems/painter-impossible/instance_3_4_domain.pddl: line: 938: Warning: Undeclared requirement :durative-actions ./ground-pddl-problems/painter-impossible/instance_3_4_domain.pddl: line: 943: Warning: Undeclared requirement :duration-inequalities ./ground-pddl-problems/painter-impossible/instance_3_4_domain.pddl: line: 944: Warning: Undeclared requirement :duration-inequalities ./ground-pddl-problems/painter-impossible/instance_3_4_domain.pddl: line: 952: Warning: Undeclared requirement :durative-actions ./ground-pddl-problems/painter-impossible/instance_3_4_domain.pddl: line: 957: Warning: Undeclared requirement :duration-inequalities ./ground-pddl-problems/painter-impossible/instance_3_4_domain.pddl: line: 958: Warning: Undeclared requirement :duration-inequalities ./ground-pddl-problems/painter-impossible/instance_3_4_domain.pddl: line: 966: Warning: Undeclared requirement :durative-actions ./ground-pddl-problems/painter-impossible/instance_3_4_domain.pddl: line: 971: Warning: Undeclared requirement :duration-inequalities ./ground-pddl-problems/painter-impossible/instance_3_4_domain.pddl: line: 972: Warning: Undeclared requirement :duration-inequalities ./ground-pddl-problems/painter-impossible/instance_3_4_domain.pddl: line: 980: Warning: Undeclared requirement :durative-actions ./ground-pddl-problems/painter-impossible/instance_3_4_domain.pddl: line: 985: Warning: Undeclared requirement :duration-inequalities ./ground-pddl-problems/painter-impossible/instance_3_4_domain.pddl: line: 986: Warning: Undeclared requirement :duration-inequalities ./ground-pddl-problems/painter-impossible/instance_3_4_domain.pddl: line: 994: Warning: Undeclared requirement :durative-actions ./ground-pddl-problems/painter-impossible/instance_3_4_domain.pddl: line: 999: Warning: Undeclared requirement :duration-inequalities ./ground-pddl-problems/painter-impossible/instance_3_4_domain.pddl: line: 1000: Warning: Undeclared requirement :duration-inequalities ./ground-pddl-problems/painter-impossible/instance_3_4_domain.pddl: line: 1008: Warning: Undeclared requirement :durative-actions ./ground-pddl-problems/painter-impossible/instance_3_4_domain.pddl: line: 1013: Warning: Undeclared requirement :duration-inequalities ./ground-pddl-problems/painter-impossible/instance_3_4_domain.pddl: line: 1014: Warning: Undeclared requirement :duration-inequalities ./ground-pddl-problems/painter-impossible/instance_3_4_domain.pddl: line: 1022: Warning: Undeclared requirement :durative-actions ./ground-pddl-problems/painter-impossible/instance_3_4_domain.pddl: line: 1027: Warning: Undeclared requirement :duration-inequalities ./ground-pddl-problems/painter-impossible/instance_3_4_domain.pddl: line: 1028: Warning: Undeclared requirement :duration-inequalities ./ground-pddl-problems/painter-impossible/instance_3_4_domain.pddl: line: 1036: Warning: Undeclared requirement :durative-actions ./ground-pddl-problems/painter-impossible/instance_3_4_domain.pddl: line: 1041: Warning: Undeclared requirement :duration-inequalities ./ground-pddl-problems/painter-impossible/instance_3_4_domain.pddl: line: 1042: Warning: Undeclared requirement :duration-inequalities ./ground-pddl-problems/painter-impossible/instance_3_4_domain.pddl: line: 1050: Warning: Undeclared requirement :durative-actions The planner will continue, but you may wish to fix your files accordingly Number of literals: 82 Constructing lookup tables: [10%] [20%] [30%] [40%] [50%] [60%] [70%] [80%] [90%] [100%] [110%] Post filtering unreachable actions: [10%] [20%] [30%] [40%] [50%] [60%] [70%] [80%] [90%] [100%] [110%] [01;34mNo analytic limits found, not considering limit effects of goal-only operators[00m 25% of the ground temporal actions in this problem are compression-safe Initial heuristic = 9.000
Command exited with non-zero status 139
%%%139%0.07%11580
painter-impossible,instance_3_4,nextflap,0.00,6436,false,okay,|;Parsing time: 0 ;Preprocessing time: 0 ;Grounding time: 0 ;SAS translation time: 0 ;Filter repeated states: 1 ;H: 65535 (0)
painter-impossible,instance_4_2,tck-aLUcovreach,,,false,1,|ERROR: cannot open ./tck-dir/painter-impossible/instance_4_2.tck: No such file or directory
Command exited with non-zero status 1
%%%1%0.00%4620
painter-impossible,instance_4_2,tck-covreach,,,false,1,|ERROR: cannot open ./tck-dir/painter-impossible/instance_4_2.tck: No such file or directory
Command exited with non-zero status 1
%%%1%0.00%4576
painter-impossible,instance_4_2-ground,nuXmv,0.01,32736,false,okay,|*** This is nuXmv 2.1.0 (compiled on Fri Nov 29 13:41:31 2024)
*** Copyright (c) 2014-2024, Fondazione Bruno Kessler
*** For more information on nuXmv see https://nuxmv.fbk.eu
*** or email to <nuxmv@fbk.eu>.
*** Please report bugs at Please report bugs to <nusmv-users@fbk.eu>
*** (click on "Login Anonymously" to access)
*** Alternatively write to <nuxmv@fbk.eu>.

*** This version of nuXmv is linked to NuSMV 2.7.0.
*** For more information on NuSMV see <http://nusmv.fbk.eu>
*** or email to <nusmv-users@fbk.eu>.
*** Copyright (C) 2010-2024, Fondazione Bruno Kessler

*** This version of nuXmv is linked to the CUDD library version 2.4.1
*** Copyright (c) 1995-2004, Regents of the University of Colorado

*** This version of nuXmv is linked to the MiniSat SAT solver. 
*** See http://minisat.se/MiniSat.html
*** Copyright (c) 2003-2006, Niklas Een, Niklas Sorensson
*** Copyright (c) 2007-2010, Niklas Sorensson

*** This version of nuXmv is linked to MathSAT
*** Copyright (C) 2009-2019 by Fondazione Bruno Kessler
*** Copyright (C) 2009-2019 by University of Trento and others
*** See http://mathsat.fbk.eu

nuXmv > 
file ./nuxmv-dir/painter-impossible/instance_4_2.smv: line 5: at token ";": syntax error
nuXmv > 
Use "quit" to leave NuSMV.
nuXmv > 
Use "quit" to leave NuSMV.
nuXmv > 
Use "quit" to leave NuSMV.
nuXmv > 
Use "quit" to leave NuSMV.
nuXmv > 
Use "quit" to leave NuSMV.
nuXmv > 
painter-impossible,instance_4_2-ground,UPPAAL,,,false,1,|./uppaal-dir/painter-impossible/instance_4_2.ta::16: [error] syntax error: unexpected end of file.
Command exited with non-zero status 1
%%%1%0.00%10216
painter-impossible,instance_4_2-cert-conv,shell-script,,,,file missing,No model to obtain renaming. Expected: ./muntax-dir/painter-impossible/instance_4_2.muntax
painter-impossible,instance_4_2-muntac-cert-check,muntac,,,,file missing,No model to obtain renaming. Expected: ./muntax-dir/painter-impossible/instance_4_2.muntax
painter-impossible,instance_4_2-ground,TAMER-ctp,,,false,139,|environment: line 1: 32582 Segmentation fault         (core dumped) ./tamer solve -a $mode -t constant-promoter -P $problem $domain
Command exited with non-zero status 139
%%%139%0.06%3696
painter-impossible,instance_4_2-ground,TAMER-ftp,,,false,139,|environment: line 1: 32603 Segmentation fault         (core dumped) ./tamer solve -a $mode -t constant-promoter -P $problem $domain
Command exited with non-zero status 139
%%%139%0.05%3684
painter-impossible,instance_4_2,tfd,0.05,14292,false,okay,|Parsing... Contains quantified condition(s): False Instantiating... Unbound effect variables: Adding @object predicate. Trivial rules: Converted to facts. Starting instantiation [64 rules]... Finding invariants... Finding invariants... 29 initial candidates [0.010s CPU, 0.005s wall-clock] Checking invariant weight... [0.000s CPU, 0.000s wall-clock] Instantiating groups... Choosing groups... 91 uncovered facts (before using the results from the invariant synthesis) 76 uncovered facts Building translation key... Building STRIPS to SAS dictionary... Translating task... Traceback (most recent call last): File "/home/david/work/tchecker-experiments/sources/tfd/downward/translate/translate.py", line 1108, in <module> sas_task = pddl_to_sas(task) File "/home/david/work/tchecker-experiments/sources/tfd/downward/translate/translate.py", line 994, in pddl_to_sas assert not actions, "There shouldn't be any actions - just temporal actions" ^^^^^^^^^^^ AssertionError: There shouldn't be any actions - just temporal actions ('translate/translate.py', '/home/david/work/tchecker-experiments/pddl-domains/painter-impossible/domain.pddl', '/home/david/work/tchecker-experiments/pddl-domains/painter-impossible/instances/instance_4_2.pddl') {} Traceback (most recent call last): File "/home/david/work/tchecker-experiments/./sources/tfd/downward/tfd", line 44, in <module> main(domain, problem, result_name, config) ~~~~^^^^^^^^^^^^^^^^^^^^^^^^^^^^^^^^^^^^^^ File "/home/david/work/tchecker-experiments/./sources/tfd/downward/tfd", line 23, in main run("translate/translate.py", domain, problem) ~~~^^^^^^^^^^^^^^^^^^^^^^^^^^^^^^^^^^^^^^^^^^^ File "/home/david/work/tchecker-experiments/./sources/tfd/downward/tfd", line 20, in run subprocess.check_call(sum([arg.split("+") for arg in args],[]), **redirections) ~~~~~~~~~~~~~~~~~~~~~^^^^^^^^^^^^^^^^^^^^^^^^^^^^^^^^^^^^^^^^^^^^^^^^^^^^^^^^^^ File "/usr/lib/python3.13/subprocess.py", line 419, in check_call raise CalledProcessError(retcode, cmd) subprocess.CalledProcessError: Command '['translate/translate.py', '/home/david/work/tchecker-experiments/pddl-domains/painter-impossible/domain.pddl', '/home/david/work/tchecker-experiments/pddl-domains/painter-impossible/instances/instance_4_2.pddl']' returned non-zero exit status 1.
painter-impossible,instance_4_2,OPTIC,,,false,out of time,|
painter-impossible,instance_4_2-ground,POPF,0.00,9244,false,okay,|Critical Errors Encountered in Domain/Problem File -------------------------------------------------- Due to critical errors in the supplied domain/problem file, the planner has to terminate. The errors encountered are as follows: Errors: 1, warnings: 0 ./ground-pddl-problems/painter-impossible/instance_4_2_domain.pddl: line: 48: Error: Syntax error in domain
painter-impossible,instance_4_2,nextflap,0.05,5400,true,okay,
painter-impossible,instance_4_3,tck-aLUcovreach,,,false,1,|ERROR: cannot open ./tck-dir/painter-impossible/instance_4_3.tck: No such file or directory
Command exited with non-zero status 1
%%%1%0.00%4540
painter-impossible,instance_4_3,tck-covreach,,,false,1,|ERROR: cannot open ./tck-dir/painter-impossible/instance_4_3.tck: No such file or directory
Command exited with non-zero status 1
%%%1%0.00%4572
painter-impossible,instance_4_3-ground,nuXmv,0.01,32864,false,okay,|*** This is nuXmv 2.1.0 (compiled on Fri Nov 29 13:41:31 2024)
*** Copyright (c) 2014-2024, Fondazione Bruno Kessler
*** For more information on nuXmv see https://nuxmv.fbk.eu
*** or email to <nuxmv@fbk.eu>.
*** Please report bugs at Please report bugs to <nusmv-users@fbk.eu>
*** (click on "Login Anonymously" to access)
*** Alternatively write to <nuxmv@fbk.eu>.

*** This version of nuXmv is linked to NuSMV 2.7.0.
*** For more information on NuSMV see <http://nusmv.fbk.eu>
*** or email to <nusmv-users@fbk.eu>.
*** Copyright (C) 2010-2024, Fondazione Bruno Kessler

*** This version of nuXmv is linked to the CUDD library version 2.4.1
*** Copyright (c) 1995-2004, Regents of the University of Colorado

*** This version of nuXmv is linked to the MiniSat SAT solver. 
*** See http://minisat.se/MiniSat.html
*** Copyright (c) 2003-2006, Niklas Een, Niklas Sorensson
*** Copyright (c) 2007-2010, Niklas Sorensson

*** This version of nuXmv is linked to MathSAT
*** Copyright (C) 2009-2019 by Fondazione Bruno Kessler
*** Copyright (C) 2009-2019 by University of Trento and others
*** See http://mathsat.fbk.eu

nuXmv > 
file ./nuxmv-dir/painter-impossible/instance_4_3.smv: line 1: cannot open input file ./nuxmv-dir/painter-impossible/instance_4_3.smv
nuXmv > 
Use "quit" to leave NuSMV.
nuXmv > 
Use "quit" to leave NuSMV.
nuXmv > 
Use "quit" to leave NuSMV.
nuXmv > 
Use "quit" to leave NuSMV.
nuXmv > 
Use "quit" to leave NuSMV.
nuXmv > 
painter-impossible,instance_4_3-ground,UPPAAL,,,false,1,|Error opening './uppaal-dir/painter-impossible/instance_4_3.ta': No such file or directory
Command exited with non-zero status 1
%%%1%0.00%8776
painter-impossible,instance_4_3-cert-conv,shell-script,,,,file missing,No model to obtain renaming. Expected: ./muntax-dir/painter-impossible/instance_4_3.muntax
painter-impossible,instance_4_3-muntac-cert-check,muntac,,,,file missing,No model to obtain renaming. Expected: ./muntax-dir/painter-impossible/instance_4_3.muntax
painter-impossible,instance_4_3-ground,TAMER-ctp,,,false,1,|ERROR: An error of type ParserError was thrown during the execution of TAMER.
The reported error is:
ParserError: Unknown character ':' at line83
Command exited with non-zero status 1
%%%1%0.00%3808
painter-impossible,instance_4_3-ground,TAMER-ftp,,,false,1,|ERROR: An error of type ParserError was thrown during the execution of TAMER.
The reported error is:
ParserError: Unknown character ':' at line83
Command exited with non-zero status 1
%%%1%0.00%3652
painter-impossible,instance_4_3,tfd,0.05,14444,false,okay,|Parsing... Contains quantified condition(s): False Instantiating... Unbound effect variables: Adding @object predicate. Trivial rules: Converted to facts. Starting instantiation [64 rules]... Finding invariants... Finding invariants... 29 initial candidates [0.010s CPU, 0.004s wall-clock] Checking invariant weight... [0.000s CPU, 0.000s wall-clock] Instantiating groups... Choosing groups... 147 uncovered facts (before using the results from the invariant synthesis) 123 uncovered facts Building translation key... Building STRIPS to SAS dictionary... Translating task... Traceback (most recent call last): File "/home/david/work/tchecker-experiments/sources/tfd/downward/translate/translate.py", line 1108, in <module> sas_task = pddl_to_sas(task) File "/home/david/work/tchecker-experiments/sources/tfd/downward/translate/translate.py", line 994, in pddl_to_sas assert not actions, "There shouldn't be any actions - just temporal actions" ^^^^^^^^^^^ AssertionError: There shouldn't be any actions - just temporal actions ('translate/translate.py', '/home/david/work/tchecker-experiments/pddl-domains/painter-impossible/domain.pddl', '/home/david/work/tchecker-experiments/pddl-domains/painter-impossible/instances/instance_4_3.pddl') {} Traceback (most recent call last): File "/home/david/work/tchecker-experiments/./sources/tfd/downward/tfd", line 44, in <module> main(domain, problem, result_name, config) ~~~~^^^^^^^^^^^^^^^^^^^^^^^^^^^^^^^^^^^^^^ File "/home/david/work/tchecker-experiments/./sources/tfd/downward/tfd", line 23, in main run("translate/translate.py", domain, problem) ~~~^^^^^^^^^^^^^^^^^^^^^^^^^^^^^^^^^^^^^^^^^^^ File "/home/david/work/tchecker-experiments/./sources/tfd/downward/tfd", line 20, in run subprocess.check_call(sum([arg.split("+") for arg in args],[]), **redirections) ~~~~~~~~~~~~~~~~~~~~~^^^^^^^^^^^^^^^^^^^^^^^^^^^^^^^^^^^^^^^^^^^^^^^^^^^^^^^^^^ File "/usr/lib/python3.13/subprocess.py", line 419, in check_call raise CalledProcessError(retcode, cmd) subprocess.CalledProcessError: Command '['translate/translate.py', '/home/david/work/tchecker-experiments/pddl-domains/painter-impossible/domain.pddl', '/home/david/work/tchecker-experiments/pddl-domains/painter-impossible/instances/instance_4_3.pddl']' returned non-zero exit status 1.
painter-impossible,instance_4_3,OPTIC,,,false,out of time,|
painter-impossible,instance_4_3-ground,POPF,,,false,139,|Warnings encountered when parsing Domain/Problem File ----------------------------------------------------- The supplied domain/problem file appear to violate part of the PDDL language specification. Specifically: Errors: 0, warnings: 136 ./ground-pddl-problems/painter-impossible/instance_4_3_domain.pddl: line: 87: Warning: Undeclared requirement :negative-preconditions ./ground-pddl-problems/painter-impossible/instance_4_3_domain.pddl: line: 88: Warning: Undeclared requirement :negative-preconditions ./ground-pddl-problems/painter-impossible/instance_4_3_domain.pddl: line: 102: Warning: Undeclared requirement :negative-preconditions ./ground-pddl-problems/painter-impossible/instance_4_3_domain.pddl: line: 103: Warning: Undeclared requirement :negative-preconditions ./ground-pddl-problems/painter-impossible/instance_4_3_domain.pddl: line: 117: Warning: Undeclared requirement :negative-preconditions ./ground-pddl-problems/painter-impossible/instance_4_3_domain.pddl: line: 118: Warning: Undeclared requirement :negative-preconditions ./ground-pddl-problems/painter-impossible/instance_4_3_domain.pddl: line: 132: Warning: Undeclared requirement :negative-preconditions ./ground-pddl-problems/painter-impossible/instance_4_3_domain.pddl: line: 133: Warning: Undeclared requirement :negative-preconditions ./ground-pddl-problems/painter-impossible/instance_4_3_domain.pddl: line: 147: Warning: Undeclared requirement :negative-preconditions ./ground-pddl-problems/painter-impossible/instance_4_3_domain.pddl: line: 148: Warning: Undeclared requirement :negative-preconditions ./ground-pddl-problems/painter-impossible/instance_4_3_domain.pddl: line: 162: Warning: Undeclared requirement :negative-preconditions ./ground-pddl-problems/painter-impossible/instance_4_3_domain.pddl: line: 163: Warning: Undeclared requirement :negative-preconditions ./ground-pddl-problems/painter-impossible/instance_4_3_domain.pddl: line: 177: Warning: Undeclared requirement :negative-preconditions ./ground-pddl-problems/painter-impossible/instance_4_3_domain.pddl: line: 178: Warning: Undeclared requirement :negative-preconditions ./ground-pddl-problems/painter-impossible/instance_4_3_domain.pddl: line: 192: Warning: Undeclared requirement :negative-preconditions ./ground-pddl-problems/painter-impossible/instance_4_3_domain.pddl: line: 193: Warning: Undeclared requirement :negative-preconditions ./ground-pddl-problems/painter-impossible/instance_4_3_domain.pddl: line: 237: Warning: Undeclared requirement :duration-inequalities ./ground-pddl-problems/painter-impossible/instance_4_3_domain.pddl: line: 238: Warning: Undeclared requirement :duration-inequalities ./ground-pddl-problems/painter-impossible/instance_4_3_domain.pddl: line: 244: Warning: Undeclared requirement :negative-preconditions ./ground-pddl-problems/painter-impossible/instance_4_3_domain.pddl: line: 245: Warning: Undeclared requirement :negative-preconditions ./ground-pddl-problems/painter-impossible/instance_4_3_domain.pddl: line: 246: Warning: Undeclared requirement :negative-preconditions ./ground-pddl-problems/painter-impossible/instance_4_3_domain.pddl: line: 259: Warning: Undeclared requirement :durative-actions ./ground-pddl-problems/painter-impossible/instance_4_3_domain.pddl: line: 264: Warning: Undeclared requirement :duration-inequalities ./ground-pddl-problems/painter-impossible/instance_4_3_domain.pddl: line: 265: Warning: Undeclared requirement :duration-inequalities ./ground-pddl-problems/painter-impossible/instance_4_3_domain.pddl: line: 271: Warning: Undeclared requirement :negative-preconditions ./ground-pddl-problems/painter-impossible/instance_4_3_domain.pddl: line: 272: Warning: Undeclared requirement :negative-preconditions ./ground-pddl-problems/painter-impossible/instance_4_3_domain.pddl: line: 273: Warning: Undeclared requirement :negative-preconditions ./ground-pddl-problems/painter-impossible/instance_4_3_domain.pddl: line: 286: Warning: Undeclared requirement :durative-actions ./ground-pddl-problems/painter-impossible/instance_4_3_domain.pddl: line: 291: Warning: Undeclared requirement :duration-inequalities ./ground-pddl-problems/painter-impossible/instance_4_3_domain.pddl: line: 292: Warning: Undeclared requirement :duration-inequalities ./ground-pddl-problems/painter-impossible/instance_4_3_domain.pddl: line: 298: Warning: Undeclared requirement :negative-preconditions ./ground-pddl-problems/painter-impossible/instance_4_3_domain.pddl: line: 299: Warning: Undeclared requirement :negative-preconditions ./ground-pddl-problems/painter-impossible/instance_4_3_domain.pddl: line: 300: Warning: Undeclared requirement :negative-preconditions ./ground-pddl-problems/painter-impossible/instance_4_3_domain.pddl: line: 313: Warning: Undeclared requirement :durative-actions ./ground-pddl-problems/painter-impossible/instance_4_3_domain.pddl: line: 318: Warning: Undeclared requirement :duration-inequalities ./ground-pddl-problems/painter-impossible/instance_4_3_domain.pddl: line: 319: Warning: Undeclared requirement :duration-inequalities ./ground-pddl-problems/painter-impossible/instance_4_3_domain.pddl: line: 325: Warning: Undeclared requirement :negative-preconditions ./ground-pddl-problems/painter-impossible/instance_4_3_domain.pddl: line: 326: Warning: Undeclared requirement :negative-preconditions ./ground-pddl-problems/painter-impossible/instance_4_3_domain.pddl: line: 327: Warning: Undeclared requirement :negative-preconditions ./ground-pddl-problems/painter-impossible/instance_4_3_domain.pddl: line: 340: Warning: Undeclared requirement :durative-actions ./ground-pddl-problems/painter-impossible/instance_4_3_domain.pddl: line: 345: Warning: Undeclared requirement :duration-inequalities ./ground-pddl-problems/painter-impossible/instance_4_3_domain.pddl: line: 346: Warning: Undeclared requirement :duration-inequalities ./ground-pddl-problems/painter-impossible/instance_4_3_domain.pddl: line: 352: Warning: Undeclared requirement :negative-preconditions ./ground-pddl-problems/painter-impossible/instance_4_3_domain.pddl: line: 353: Warning: Undeclared requirement :negative-preconditions ./ground-pddl-problems/painter-impossible/instance_4_3_domain.pddl: line: 354: Warning: Undeclared requirement :negative-preconditions ./ground-pddl-problems/painter-impossible/instance_4_3_domain.pddl: line: 367: Warning: Undeclared requirement :durative-actions ./ground-pddl-problems/painter-impossible/instance_4_3_domain.pddl: line: 372: Warning: Undeclared requirement :duration-inequalities ./ground-pddl-problems/painter-impossible/instance_4_3_domain.pddl: line: 373: Warning: Undeclared requirement :duration-inequalities ./ground-pddl-problems/painter-impossible/instance_4_3_domain.pddl: line: 379: Warning: Undeclared requirement :negative-preconditions ./ground-pddl-problems/painter-impossible/instance_4_3_domain.pddl: line: 380: Warning: Undeclared requirement :negative-preconditions ./ground-pddl-problems/painter-impossible/instance_4_3_domain.pddl: line: 381: Warning: Undeclared requirement :negative-preconditions ./ground-pddl-problems/painter-impossible/instance_4_3_domain.pddl: line: 394: Warning: Undeclared requirement :durative-actions ./ground-pddl-problems/painter-impossible/instance_4_3_domain.pddl: line: 399: Warning: Undeclared requirement :duration-inequalities ./ground-pddl-problems/painter-impossible/instance_4_3_domain.pddl: line: 400: Warning: Undeclared requirement :duration-inequalities ./ground-pddl-problems/painter-impossible/instance_4_3_domain.pddl: line: 406: Warning: Undeclared requirement :negative-preconditions ./ground-pddl-problems/painter-impossible/instance_4_3_domain.pddl: line: 407: Warning: Undeclared requirement :negative-preconditions ./ground-pddl-problems/painter-impossible/instance_4_3_domain.pddl: line: 408: Warning: Undeclared requirement :negative-preconditions ./ground-pddl-problems/painter-impossible/instance_4_3_domain.pddl: line: 421: Warning: Undeclared requirement :durative-actions ./ground-pddl-problems/painter-impossible/instance_4_3_domain.pddl: line: 426: Warning: Undeclared requirement :duration-inequalities ./ground-pddl-problems/painter-impossible/instance_4_3_domain.pddl: line: 427: Warning: Undeclared requirement :duration-inequalities ./ground-pddl-problems/painter-impossible/instance_4_3_domain.pddl: line: 433: Warning: Undeclared requirement :negative-preconditions ./ground-pddl-problems/painter-impossible/instance_4_3_domain.pddl: line: 434: Warning: Undeclared requirement :negative-preconditions ./ground-pddl-problems/painter-impossible/instance_4_3_domain.pddl: line: 435: Warning: Undeclared requirement :negative-preconditions ./ground-pddl-problems/painter-impossible/instance_4_3_domain.pddl: line: 448: Warning: Undeclared requirement :durative-actions ./ground-pddl-problems/painter-impossible/instance_4_3_domain.pddl: line: 453: Warning: Undeclared requirement :duration-inequalities ./ground-pddl-problems/painter-impossible/instance_4_3_domain.pddl: line: 454: Warning: Undeclared requirement :duration-inequalities ./ground-pddl-problems/painter-impossible/instance_4_3_domain.pddl: line: 463: Warning: Undeclared requirement :durative-actions ./ground-pddl-problems/painter-impossible/instance_4_3_domain.pddl: line: 468: Warning: Undeclared requirement :duration-inequalities ./ground-pddl-problems/painter-impossible/instance_4_3_domain.pddl: line: 469: Warning: Undeclared requirement :duration-inequalities ./ground-pddl-problems/painter-impossible/instance_4_3_domain.pddl: line: 478: Warning: Undeclared requirement :durative-actions ./ground-pddl-problems/painter-impossible/instance_4_3_domain.pddl: line: 483: Warning: Undeclared requirement :duration-inequalities ./ground-pddl-problems/painter-impossible/instance_4_3_domain.pddl: line: 484: Warning: Undeclared requirement :duration-inequalities ./ground-pddl-problems/painter-impossible/instance_4_3_domain.pddl: line: 493: Warning: Undeclared requirement :durative-actions ./ground-pddl-problems/painter-impossible/instance_4_3_domain.pddl: line: 498: Warning: Undeclared requirement :duration-inequalities ./ground-pddl-problems/painter-impossible/instance_4_3_domain.pddl: line: 499: Warning: Undeclared requirement :duration-inequalities ./ground-pddl-problems/painter-impossible/instance_4_3_domain.pddl: line: 508: Warning: Undeclared requirement :durative-actions ./ground-pddl-problems/painter-impossible/instance_4_3_domain.pddl: line: 513: Warning: Undeclared requirement :duration-inequalities ./ground-pddl-problems/painter-impossible/instance_4_3_domain.pddl: line: 514: Warning: Undeclared requirement :duration-inequalities ./ground-pddl-problems/painter-impossible/instance_4_3_domain.pddl: line: 523: Warning: Undeclared requirement :durative-actions ./ground-pddl-problems/painter-impossible/instance_4_3_domain.pddl: line: 528: Warning: Undeclared requirement :duration-inequalities ./ground-pddl-problems/painter-impossible/instance_4_3_domain.pddl: line: 529: Warning: Undeclared requirement :duration-inequalities ./ground-pddl-problems/painter-impossible/instance_4_3_domain.pddl: line: 538: Warning: Undeclared requirement :durative-actions ./ground-pddl-problems/painter-impossible/instance_4_3_domain.pddl: line: 543: Warning: Undeclared requirement :duration-inequalities ./ground-pddl-problems/painter-impossible/instance_4_3_domain.pddl: line: 544: Warning: Undeclared requirement :duration-inequalities ./ground-pddl-problems/painter-impossible/instance_4_3_domain.pddl: line: 553: Warning: Undeclared requirement :durative-actions ./ground-pddl-problems/painter-impossible/instance_4_3_domain.pddl: line: 558: Warning: Undeclared requirement :duration-inequalities ./ground-pddl-problems/painter-impossible/instance_4_3_domain.pddl: line: 559: Warning: Undeclared requirement :duration-inequalities ./ground-pddl-problems/painter-impossible/instance_4_3_domain.pddl: line: 568: Warning: Undeclared requirement :durative-actions ./ground-pddl-problems/painter-impossible/instance_4_3_domain.pddl: line: 573: Warning: Undeclared requirement :duration-inequalities ./ground-pddl-problems/painter-impossible/instance_4_3_domain.pddl: line: 574: Warning: Undeclared requirement :duration-inequalities ./ground-pddl-problems/painter-impossible/instance_4_3_domain.pddl: line: 585: Warning: Undeclared requirement :durative-actions ./ground-pddl-problems/painter-impossible/instance_4_3_domain.pddl: line: 590: Warning: Undeclared requirement :duration-inequalities ./ground-pddl-problems/painter-impossible/instance_4_3_domain.pddl: line: 591: Warning: Undeclared requirement :duration-inequalities ./ground-pddl-problems/painter-impossible/instance_4_3_domain.pddl: line: 602: Warning: Undeclared requirement :durative-actions ./ground-pddl-problems/painter-impossible/instance_4_3_domain.pddl: line: 607: Warning: Undeclared requirement :duration-inequalities ./ground-pddl-problems/painter-impossible/instance_4_3_domain.pddl: line: 608: Warning: Undeclared requirement :duration-inequalities ./ground-pddl-problems/painter-impossible/instance_4_3_domain.pddl: line: 619: Warning: Undeclared requirement :durative-actions ./ground-pddl-problems/painter-impossible/instance_4_3_domain.pddl: line: 624: Warning: Undeclared requirement :duration-inequalities ./ground-pddl-problems/painter-impossible/instance_4_3_domain.pddl: line: 625: Warning: Undeclared requirement :duration-inequalities ./ground-pddl-problems/painter-impossible/instance_4_3_domain.pddl: line: 636: Warning: Undeclared requirement :durative-actions ./ground-pddl-problems/painter-impossible/instance_4_3_domain.pddl: line: 641: Warning: Undeclared requirement :duration-inequalities ./ground-pddl-problems/painter-impossible/instance_4_3_domain.pddl: line: 642: Warning: Undeclared requirement :duration-inequalities ./ground-pddl-problems/painter-impossible/instance_4_3_domain.pddl: line: 653: Warning: Undeclared requirement :durative-actions ./ground-pddl-problems/painter-impossible/instance_4_3_domain.pddl: line: 658: Warning: Undeclared requirement :duration-inequalities ./ground-pddl-problems/painter-impossible/instance_4_3_domain.pddl: line: 659: Warning: Undeclared requirement :duration-inequalities ./ground-pddl-problems/painter-impossible/instance_4_3_domain.pddl: line: 670: Warning: Undeclared requirement :durative-actions ./ground-pddl-problems/painter-impossible/instance_4_3_domain.pddl: line: 675: Warning: Undeclared requirement :duration-inequalities ./ground-pddl-problems/painter-impossible/instance_4_3_domain.pddl: line: 676: Warning: Undeclared requirement :duration-inequalities ./ground-pddl-problems/painter-impossible/instance_4_3_domain.pddl: line: 687: Warning: Undeclared requirement :durative-actions ./ground-pddl-problems/painter-impossible/instance_4_3_domain.pddl: line: 692: Warning: Undeclared requirement :duration-inequalities ./ground-pddl-problems/painter-impossible/instance_4_3_domain.pddl: line: 693: Warning: Undeclared requirement :duration-inequalities ./ground-pddl-problems/painter-impossible/instance_4_3_domain.pddl: line: 704: Warning: Undeclared requirement :durative-actions ./ground-pddl-problems/painter-impossible/instance_4_3_domain.pddl: line: 709: Warning: Undeclared requirement :duration-inequalities ./ground-pddl-problems/painter-impossible/instance_4_3_domain.pddl: line: 710: Warning: Undeclared requirement :duration-inequalities ./ground-pddl-problems/painter-impossible/instance_4_3_domain.pddl: line: 718: Warning: Undeclared requirement :durative-actions ./ground-pddl-problems/painter-impossible/instance_4_3_domain.pddl: line: 723: Warning: Undeclared requirement :duration-inequalities ./ground-pddl-problems/painter-impossible/instance_4_3_domain.pddl: line: 724: Warning: Undeclared requirement :duration-inequalities ./ground-pddl-problems/painter-impossible/instance_4_3_domain.pddl: line: 732: Warning: Undeclared requirement :durative-actions ./ground-pddl-problems/painter-impossible/instance_4_3_domain.pddl: line: 737: Warning: Undeclared requirement :duration-inequalities ./ground-pddl-problems/painter-impossible/instance_4_3_domain.pddl: line: 738: Warning: Undeclared requirement :duration-inequalities ./ground-pddl-problems/painter-impossible/instance_4_3_domain.pddl: line: 746: Warning: Undeclared requirement :durative-actions ./ground-pddl-problems/painter-impossible/instance_4_3_domain.pddl: line: 751: Warning: Undeclared requirement :duration-inequalities ./ground-pddl-problems/painter-impossible/instance_4_3_domain.pddl: line: 752: Warning: Undeclared requirement :duration-inequalities ./ground-pddl-problems/painter-impossible/instance_4_3_domain.pddl: line: 760: Warning: Undeclared requirement :durative-actions ./ground-pddl-problems/painter-impossible/instance_4_3_domain.pddl: line: 765: Warning: Undeclared requirement :duration-inequalities ./ground-pddl-problems/painter-impossible/instance_4_3_domain.pddl: line: 766: Warning: Undeclared requirement :duration-inequalities ./ground-pddl-problems/painter-impossible/instance_4_3_domain.pddl: line: 774: Warning: Undeclared requirement :durative-actions ./ground-pddl-problems/painter-impossible/instance_4_3_domain.pddl: line: 779: Warning: Undeclared requirement :duration-inequalities ./ground-pddl-problems/painter-impossible/instance_4_3_domain.pddl: line: 780: Warning: Undeclared requirement :duration-inequalities ./ground-pddl-problems/painter-impossible/instance_4_3_domain.pddl: line: 788: Warning: Undeclared requirement :durative-actions ./ground-pddl-problems/painter-impossible/instance_4_3_domain.pddl: line: 793: Warning: Undeclared requirement :duration-inequalities ./ground-pddl-problems/painter-impossible/instance_4_3_domain.pddl: line: 794: Warning: Undeclared requirement :duration-inequalities ./ground-pddl-problems/painter-impossible/instance_4_3_domain.pddl: line: 802: Warning: Undeclared requirement :durative-actions ./ground-pddl-problems/painter-impossible/instance_4_3_domain.pddl: line: 807: Warning: Undeclared requirement :duration-inequalities ./ground-pddl-problems/painter-impossible/instance_4_3_domain.pddl: line: 808: Warning: Undeclared requirement :duration-inequalities ./ground-pddl-problems/painter-impossible/instance_4_3_domain.pddl: line: 816: Warning: Undeclared requirement :durative-actions The planner will continue, but you may wish to fix your files accordingly Number of literals: 74 Constructing lookup tables: [10%] [20%] [30%] [40%] [50%] [60%] [70%] [80%] [90%] [100%] Post filtering unreachable actions: [10%] [20%] [30%] [40%] [50%] [60%] [70%] [80%] [90%] [100%] [01;34mNo analytic limits found, not considering limit effects of goal-only operators[00m 25% of the ground temporal actions in this problem are compression-safe Initial heuristic = 9.000
Command exited with non-zero status 139
%%%139%0.07%11540
painter-impossible,instance_4_3,nextflap,0.00,6436,false,okay,|;Parsing time: 0 ;Preprocessing time: 0 ;Grounding time: 0 ;SAS translation time: 0 ;Filter repeated states: 1 ;H: 65535 (0)
painter-impossible,instance_4_4,tck-aLUcovreach,,,false,1,|ERROR: cannot open ./tck-dir/painter-impossible/instance_4_4.tck: No such file or directory
Command exited with non-zero status 1
%%%1%0.00%4536
painter-impossible,instance_4_4,tck-covreach,,,false,1,|ERROR: cannot open ./tck-dir/painter-impossible/instance_4_4.tck: No such file or directory
Command exited with non-zero status 1
%%%1%0.00%4544
painter-impossible,instance_4_4-ground,nuXmv,0.01,32860,false,okay,|*** This is nuXmv 2.1.0 (compiled on Fri Nov 29 13:41:31 2024)
*** Copyright (c) 2014-2024, Fondazione Bruno Kessler
*** For more information on nuXmv see https://nuxmv.fbk.eu
*** or email to <nuxmv@fbk.eu>.
*** Please report bugs at Please report bugs to <nusmv-users@fbk.eu>
*** (click on "Login Anonymously" to access)
*** Alternatively write to <nuxmv@fbk.eu>.

*** This version of nuXmv is linked to NuSMV 2.7.0.
*** For more information on NuSMV see <http://nusmv.fbk.eu>
*** or email to <nusmv-users@fbk.eu>.
*** Copyright (C) 2010-2024, Fondazione Bruno Kessler

*** This version of nuXmv is linked to the CUDD library version 2.4.1
*** Copyright (c) 1995-2004, Regents of the University of Colorado

*** This version of nuXmv is linked to the MiniSat SAT solver. 
*** See http://minisat.se/MiniSat.html
*** Copyright (c) 2003-2006, Niklas Een, Niklas Sorensson
*** Copyright (c) 2007-2010, Niklas Sorensson

*** This version of nuXmv is linked to MathSAT
*** Copyright (C) 2009-2019 by Fondazione Bruno Kessler
*** Copyright (C) 2009-2019 by University of Trento and others
*** See http://mathsat.fbk.eu

nuXmv > 
file ./nuxmv-dir/painter-impossible/instance_4_4.smv: line 1: cannot open input file ./nuxmv-dir/painter-impossible/instance_4_4.smv
nuXmv > 
Use "quit" to leave NuSMV.
nuXmv > 
Use "quit" to leave NuSMV.
nuXmv > 
Use "quit" to leave NuSMV.
nuXmv > 
Use "quit" to leave NuSMV.
nuXmv > 
Use "quit" to leave NuSMV.
nuXmv > 
painter-impossible,instance_4_4-ground,UPPAAL,,,false,1,|Error opening './uppaal-dir/painter-impossible/instance_4_4.ta': No such file or directory
Command exited with non-zero status 1
%%%1%0.00%8180
painter-impossible,instance_4_4-cert-conv,shell-script,,,,file missing,No model to obtain renaming. Expected: ./muntax-dir/painter-impossible/instance_4_4.muntax
painter-impossible,instance_4_4-muntac-cert-check,muntac,,,,file missing,No model to obtain renaming. Expected: ./muntax-dir/painter-impossible/instance_4_4.muntax
painter-impossible,instance_4_4-ground,TAMER-ctp,,,false,1,|ERROR: An error of type ParserError was thrown during the execution of TAMER.
The reported error is:
ParserError: Unknown character ':' at line117
Command exited with non-zero status 1
%%%1%0.00%3820
painter-impossible,instance_4_4-ground,TAMER-ftp,,,false,1,|ERROR: An error of type ParserError was thrown during the execution of TAMER.
The reported error is:
ParserError: Unknown character ':' at line117
Command exited with non-zero status 1
%%%1%0.00%3820
painter-impossible,instance_4_4,tfd,0.05,14400,false,okay,|Parsing... Contains quantified condition(s): False Instantiating... Unbound effect variables: Adding @object predicate. Trivial rules: Converted to facts. Starting instantiation [64 rules]... Finding invariants... Finding invariants... 29 initial candidates [0.000s CPU, 0.004s wall-clock] Checking invariant weight... [0.000s CPU, 0.000s wall-clock] Instantiating groups... Choosing groups... 203 uncovered facts (before using the results from the invariant synthesis) 170 uncovered facts Building translation key... Building STRIPS to SAS dictionary... Translating task... Traceback (most recent call last): File "/home/david/work/tchecker-experiments/sources/tfd/downward/translate/translate.py", line 1108, in <module> sas_task = pddl_to_sas(task) File "/home/david/work/tchecker-experiments/sources/tfd/downward/translate/translate.py", line 994, in pddl_to_sas assert not actions, "There shouldn't be any actions - just temporal actions" ^^^^^^^^^^^ AssertionError: There shouldn't be any actions - just temporal actions ('translate/translate.py', '/home/david/work/tchecker-experiments/pddl-domains/painter-impossible/domain.pddl', '/home/david/work/tchecker-experiments/pddl-domains/painter-impossible/instances/instance_4_4.pddl') {} Traceback (most recent call last): File "/home/david/work/tchecker-experiments/./sources/tfd/downward/tfd", line 44, in <module> main(domain, problem, result_name, config) ~~~~^^^^^^^^^^^^^^^^^^^^^^^^^^^^^^^^^^^^^^ File "/home/david/work/tchecker-experiments/./sources/tfd/downward/tfd", line 23, in main run("translate/translate.py", domain, problem) ~~~^^^^^^^^^^^^^^^^^^^^^^^^^^^^^^^^^^^^^^^^^^^ File "/home/david/work/tchecker-experiments/./sources/tfd/downward/tfd", line 20, in run subprocess.check_call(sum([arg.split("+") for arg in args],[]), **redirections) ~~~~~~~~~~~~~~~~~~~~~^^^^^^^^^^^^^^^^^^^^^^^^^^^^^^^^^^^^^^^^^^^^^^^^^^^^^^^^^^ File "/usr/lib/python3.13/subprocess.py", line 419, in check_call raise CalledProcessError(retcode, cmd) subprocess.CalledProcessError: Command '['translate/translate.py', '/home/david/work/tchecker-experiments/pddl-domains/painter-impossible/domain.pddl', '/home/david/work/tchecker-experiments/pddl-domains/painter-impossible/instances/instance_4_4.pddl']' returned non-zero exit status 1.
painter-impossible,instance_4_4,OPTIC,,,false,out of time,|
painter-impossible,instance_4_4-ground,POPF,,,false,139,|Warnings encountered when parsing Domain/Problem File ----------------------------------------------------- The supplied domain/problem file appear to violate part of the PDDL language specification. Specifically: Errors: 0, warnings: 228 ./ground-pddl-problems/painter-impossible/instance_4_4_domain.pddl: line: 121: Warning: Undeclared requirement :negative-preconditions ./ground-pddl-problems/painter-impossible/instance_4_4_domain.pddl: line: 122: Warning: Undeclared requirement :negative-preconditions ./ground-pddl-problems/painter-impossible/instance_4_4_domain.pddl: line: 136: Warning: Undeclared requirement :negative-preconditions ./ground-pddl-problems/painter-impossible/instance_4_4_domain.pddl: line: 137: Warning: Undeclared requirement :negative-preconditions ./ground-pddl-problems/painter-impossible/instance_4_4_domain.pddl: line: 151: Warning: Undeclared requirement :negative-preconditions ./ground-pddl-problems/painter-impossible/instance_4_4_domain.pddl: line: 152: Warning: Undeclared requirement :negative-preconditions ./ground-pddl-problems/painter-impossible/instance_4_4_domain.pddl: line: 166: Warning: Undeclared requirement :negative-preconditions ./ground-pddl-problems/painter-impossible/instance_4_4_domain.pddl: line: 167: Warning: Undeclared requirement :negative-preconditions ./ground-pddl-problems/painter-impossible/instance_4_4_domain.pddl: line: 181: Warning: Undeclared requirement :negative-preconditions ./ground-pddl-problems/painter-impossible/instance_4_4_domain.pddl: line: 182: Warning: Undeclared requirement :negative-preconditions ./ground-pddl-problems/painter-impossible/instance_4_4_domain.pddl: line: 196: Warning: Undeclared requirement :negative-preconditions ./ground-pddl-problems/painter-impossible/instance_4_4_domain.pddl: line: 197: Warning: Undeclared requirement :negative-preconditions ./ground-pddl-problems/painter-impossible/instance_4_4_domain.pddl: line: 211: Warning: Undeclared requirement :negative-preconditions ./ground-pddl-problems/painter-impossible/instance_4_4_domain.pddl: line: 212: Warning: Undeclared requirement :negative-preconditions ./ground-pddl-problems/painter-impossible/instance_4_4_domain.pddl: line: 226: Warning: Undeclared requirement :negative-preconditions ./ground-pddl-problems/painter-impossible/instance_4_4_domain.pddl: line: 227: Warning: Undeclared requirement :negative-preconditions ./ground-pddl-problems/painter-impossible/instance_4_4_domain.pddl: line: 241: Warning: Undeclared requirement :negative-preconditions ./ground-pddl-problems/painter-impossible/instance_4_4_domain.pddl: line: 242: Warning: Undeclared requirement :negative-preconditions ./ground-pddl-problems/painter-impossible/instance_4_4_domain.pddl: line: 256: Warning: Undeclared requirement :negative-preconditions ./ground-pddl-problems/painter-impossible/instance_4_4_domain.pddl: line: 257: Warning: Undeclared requirement :negative-preconditions ./ground-pddl-problems/painter-impossible/instance_4_4_domain.pddl: line: 271: Warning: Undeclared requirement :negative-preconditions ./ground-pddl-problems/painter-impossible/instance_4_4_domain.pddl: line: 272: Warning: Undeclared requirement :negative-preconditions ./ground-pddl-problems/painter-impossible/instance_4_4_domain.pddl: line: 286: Warning: Undeclared requirement :negative-preconditions ./ground-pddl-problems/painter-impossible/instance_4_4_domain.pddl: line: 287: Warning: Undeclared requirement :negative-preconditions ./ground-pddl-problems/painter-impossible/instance_4_4_domain.pddl: line: 301: Warning: Undeclared requirement :negative-preconditions ./ground-pddl-problems/painter-impossible/instance_4_4_domain.pddl: line: 302: Warning: Undeclared requirement :negative-preconditions ./ground-pddl-problems/painter-impossible/instance_4_4_domain.pddl: line: 316: Warning: Undeclared requirement :negative-preconditions ./ground-pddl-problems/painter-impossible/instance_4_4_domain.pddl: line: 317: Warning: Undeclared requirement :negative-preconditions ./ground-pddl-problems/painter-impossible/instance_4_4_domain.pddl: line: 331: Warning: Undeclared requirement :negative-preconditions ./ground-pddl-problems/painter-impossible/instance_4_4_domain.pddl: line: 332: Warning: Undeclared requirement :negative-preconditions ./ground-pddl-problems/painter-impossible/instance_4_4_domain.pddl: line: 346: Warning: Undeclared requirement :negative-preconditions ./ground-pddl-problems/painter-impossible/instance_4_4_domain.pddl: line: 347: Warning: Undeclared requirement :negative-preconditions ./ground-pddl-problems/painter-impossible/instance_4_4_domain.pddl: line: 361: Warning: Undeclared requirement :negative-preconditions ./ground-pddl-problems/painter-impossible/instance_4_4_domain.pddl: line: 362: Warning: Undeclared requirement :negative-preconditions ./ground-pddl-problems/painter-impossible/instance_4_4_domain.pddl: line: 376: Warning: Undeclared requirement :negative-preconditions ./ground-pddl-problems/painter-impossible/instance_4_4_domain.pddl: line: 377: Warning: Undeclared requirement :negative-preconditions ./ground-pddl-problems/painter-impossible/instance_4_4_domain.pddl: line: 391: Warning: Undeclared requirement :negative-preconditions ./ground-pddl-problems/painter-impossible/instance_4_4_domain.pddl: line: 392: Warning: Undeclared requirement :negative-preconditions ./ground-pddl-problems/painter-impossible/instance_4_4_domain.pddl: line: 406: Warning: Undeclared requirement :negative-preconditions ./ground-pddl-problems/painter-impossible/instance_4_4_domain.pddl: line: 407: Warning: Undeclared requirement :negative-preconditions ./ground-pddl-problems/painter-impossible/instance_4_4_domain.pddl: line: 421: Warning: Undeclared requirement :negative-preconditions ./ground-pddl-problems/painter-impossible/instance_4_4_domain.pddl: line: 422: Warning: Undeclared requirement :negative-preconditions ./ground-pddl-problems/painter-impossible/instance_4_4_domain.pddl: line: 436: Warning: Undeclared requirement :negative-preconditions ./ground-pddl-problems/painter-impossible/instance_4_4_domain.pddl: line: 437: Warning: Undeclared requirement :negative-preconditions ./ground-pddl-problems/painter-impossible/instance_4_4_domain.pddl: line: 451: Warning: Undeclared requirement :negative-preconditions ./ground-pddl-problems/painter-impossible/instance_4_4_domain.pddl: line: 452: Warning: Undeclared requirement :negative-preconditions ./ground-pddl-problems/painter-impossible/instance_4_4_domain.pddl: line: 466: Warning: Undeclared requirement :negative-preconditions ./ground-pddl-problems/painter-impossible/instance_4_4_domain.pddl: line: 467: Warning: Undeclared requirement :negative-preconditions ./ground-pddl-problems/painter-impossible/instance_4_4_domain.pddl: line: 520: Warning: Undeclared requirement :duration-inequalities ./ground-pddl-problems/painter-impossible/instance_4_4_domain.pddl: line: 521: Warning: Undeclared requirement :duration-inequalities ./ground-pddl-problems/painter-impossible/instance_4_4_domain.pddl: line: 527: Warning: Undeclared requirement :negative-preconditions ./ground-pddl-problems/painter-impossible/instance_4_4_domain.pddl: line: 528: Warning: Undeclared requirement :negative-preconditions ./ground-pddl-problems/painter-impossible/instance_4_4_domain.pddl: line: 529: Warning: Undeclared requirement :negative-preconditions ./ground-pddl-problems/painter-impossible/instance_4_4_domain.pddl: line: 542: Warning: Undeclared requirement :durative-actions ./ground-pddl-problems/painter-impossible/instance_4_4_domain.pddl: line: 547: Warning: Undeclared requirement :duration-inequalities ./ground-pddl-problems/painter-impossible/instance_4_4_domain.pddl: line: 548: Warning: Undeclared requirement :duration-inequalities ./ground-pddl-problems/painter-impossible/instance_4_4_domain.pddl: line: 554: Warning: Undeclared requirement :negative-preconditions ./ground-pddl-problems/painter-impossible/instance_4_4_domain.pddl: line: 555: Warning: Undeclared requirement :negative-preconditions ./ground-pddl-problems/painter-impossible/instance_4_4_domain.pddl: line: 556: Warning: Undeclared requirement :negative-preconditions ./ground-pddl-problems/painter-impossible/instance_4_4_domain.pddl: line: 569: Warning: Undeclared requirement :durative-actions ./ground-pddl-problems/painter-impossible/instance_4_4_domain.pddl: line: 574: Warning: Undeclared requirement :duration-inequalities ./ground-pddl-problems/painter-impossible/instance_4_4_domain.pddl: line: 575: Warning: Undeclared requirement :duration-inequalities ./ground-pddl-problems/painter-impossible/instance_4_4_domain.pddl: line: 581: Warning: Undeclared requirement :negative-preconditions ./ground-pddl-problems/painter-impossible/instance_4_4_domain.pddl: line: 582: Warning: Undeclared requirement :negative-preconditions ./ground-pddl-problems/painter-impossible/instance_4_4_domain.pddl: line: 583: Warning: Undeclared requirement :negative-preconditions ./ground-pddl-problems/painter-impossible/instance_4_4_domain.pddl: line: 596: Warning: Undeclared requirement :durative-actions ./ground-pddl-problems/painter-impossible/instance_4_4_domain.pddl: line: 601: Warning: Undeclared requirement :duration-inequalities ./ground-pddl-problems/painter-impossible/instance_4_4_domain.pddl: line: 602: Warning: Undeclared requirement :duration-inequalities ./ground-pddl-problems/painter-impossible/instance_4_4_domain.pddl: line: 608: Warning: Undeclared requirement :negative-preconditions ./ground-pddl-problems/painter-impossible/instance_4_4_domain.pddl: line: 609: Warning: Undeclared requirement :negative-preconditions ./ground-pddl-problems/painter-impossible/instance_4_4_domain.pddl: line: 610: Warning: Undeclared requirement :negative-preconditions ./ground-pddl-problems/painter-impossible/instance_4_4_domain.pddl: line: 623: Warning: Undeclared requirement :durative-actions ./ground-pddl-problems/painter-impossible/instance_4_4_domain.pddl: line: 628: Warning: Undeclared requirement :duration-inequalities ./ground-pddl-problems/painter-impossible/instance_4_4_domain.pddl: line: 629: Warning: Undeclared requirement :duration-inequalities ./ground-pddl-problems/painter-impossible/instance_4_4_domain.pddl: line: 635: Warning: Undeclared requirement :negative-preconditions ./ground-pddl-problems/painter-impossible/instance_4_4_domain.pddl: line: 636: Warning: Undeclared requirement :negative-preconditions ./ground-pddl-problems/painter-impossible/instance_4_4_domain.pddl: line: 637: Warning: Undeclared requirement :negative-preconditions ./ground-pddl-problems/painter-impossible/instance_4_4_domain.pddl: line: 650: Warning: Undeclared requirement :durative-actions ./ground-pddl-problems/painter-impossible/instance_4_4_domain.pddl: line: 655: Warning: Undeclared requirement :duration-inequalities ./ground-pddl-problems/painter-impossible/instance_4_4_domain.pddl: line: 656: Warning: Undeclared requirement :duration-inequalities ./ground-pddl-problems/painter-impossible/instance_4_4_domain.pddl: line: 662: Warning: Undeclared requirement :negative-preconditions ./ground-pddl-problems/painter-impossible/instance_4_4_domain.pddl: line: 663: Warning: Undeclared requirement :negative-preconditions ./ground-pddl-problems/painter-impossible/instance_4_4_domain.pddl: line: 664: Warning: Undeclared requirement :negative-preconditions ./ground-pddl-problems/painter-impossible/instance_4_4_domain.pddl: line: 677: Warning: Undeclared requirement :durative-actions ./ground-pddl-problems/painter-impossible/instance_4_4_domain.pddl: line: 682: Warning: Undeclared requirement :duration-inequalities ./ground-pddl-problems/painter-impossible/instance_4_4_domain.pddl: line: 683: Warning: Undeclared requirement :duration-inequalities ./ground-pddl-problems/painter-impossible/instance_4_4_domain.pddl: line: 689: Warning: Undeclared requirement :negative-preconditions ./ground-pddl-problems/painter-impossible/instance_4_4_domain.pddl: line: 690: Warning: Undeclared requirement :negative-preconditions ./ground-pddl-problems/painter-impossible/instance_4_4_domain.pddl: line: 691: Warning: Undeclared requirement :negative-preconditions ./ground-pddl-problems/painter-impossible/instance_4_4_domain.pddl: line: 704: Warning: Undeclared requirement :durative-actions ./ground-pddl-problems/painter-impossible/instance_4_4_domain.pddl: line: 709: Warning: Undeclared requirement :duration-inequalities ./ground-pddl-problems/painter-impossible/instance_4_4_domain.pddl: line: 710: Warning: Undeclared requirement :duration-inequalities ./ground-pddl-problems/painter-impossible/instance_4_4_domain.pddl: line: 716: Warning: Undeclared requirement :negative-preconditions ./ground-pddl-problems/painter-impossible/instance_4_4_domain.pddl: line: 717: Warning: Undeclared requirement :negative-preconditions ./ground-pddl-problems/painter-impossible/instance_4_4_domain.pddl: line: 718: Warning: Undeclared requirement :negative-preconditions ./ground-pddl-problems/painter-impossible/instance_4_4_domain.pddl: line: 731: Warning: Undeclared requirement :durative-actions ./ground-pddl-problems/painter-impossible/instance_4_4_domain.pddl: line: 736: Warning: Undeclared requirement :duration-inequalities ./ground-pddl-problems/painter-impossible/instance_4_4_domain.pddl: line: 737: Warning: Undeclared requirement :duration-inequalities ./ground-pddl-problems/painter-impossible/instance_4_4_domain.pddl: line: 743: Warning: Undeclared requirement :negative-preconditions ./ground-pddl-problems/painter-impossible/instance_4_4_domain.pddl: line: 744: Warning: Undeclared requirement :negative-preconditions ./ground-pddl-problems/painter-impossible/instance_4_4_domain.pddl: line: 745: Warning: Undeclared requirement :negative-preconditions ./ground-pddl-problems/painter-impossible/instance_4_4_domain.pddl: line: 758: Warning: Undeclared requirement :durative-actions ./ground-pddl-problems/painter-impossible/instance_4_4_domain.pddl: line: 763: Warning: Undeclared requirement :duration-inequalities ./ground-pddl-problems/painter-impossible/instance_4_4_domain.pddl: line: 764: Warning: Undeclared requirement :duration-inequalities ./ground-pddl-problems/painter-impossible/instance_4_4_domain.pddl: line: 770: Warning: Undeclared requirement :negative-preconditions ./ground-pddl-problems/painter-impossible/instance_4_4_domain.pddl: line: 771: Warning: Undeclared requirement :negative-preconditions ./ground-pddl-problems/painter-impossible/instance_4_4_domain.pddl: line: 772: Warning: Undeclared requirement :negative-preconditions ./ground-pddl-problems/painter-impossible/instance_4_4_domain.pddl: line: 785: Warning: Undeclared requirement :durative-actions ./ground-pddl-problems/painter-impossible/instance_4_4_domain.pddl: line: 790: Warning: Undeclared requirement :duration-inequalities ./ground-pddl-problems/painter-impossible/instance_4_4_domain.pddl: line: 791: Warning: Undeclared requirement :duration-inequalities ./ground-pddl-problems/painter-impossible/instance_4_4_domain.pddl: line: 797: Warning: Undeclared requirement :negative-preconditions ./ground-pddl-problems/painter-impossible/instance_4_4_domain.pddl: line: 798: Warning: Undeclared requirement :negative-preconditions ./ground-pddl-problems/painter-impossible/instance_4_4_domain.pddl: line: 799: Warning: Undeclared requirement :negative-preconditions ./ground-pddl-problems/painter-impossible/instance_4_4_domain.pddl: line: 812: Warning: Undeclared requirement :durative-actions ./ground-pddl-problems/painter-impossible/instance_4_4_domain.pddl: line: 817: Warning: Undeclared requirement :duration-inequalities ./ground-pddl-problems/painter-impossible/instance_4_4_domain.pddl: line: 818: Warning: Undeclared requirement :duration-inequalities ./ground-pddl-problems/painter-impossible/instance_4_4_domain.pddl: line: 824: Warning: Undeclared requirement :negative-preconditions ./ground-pddl-problems/painter-impossible/instance_4_4_domain.pddl: line: 825: Warning: Undeclared requirement :negative-preconditions ./ground-pddl-problems/painter-impossible/instance_4_4_domain.pddl: line: 826: Warning: Undeclared requirement :negative-preconditions ./ground-pddl-problems/painter-impossible/instance_4_4_domain.pddl: line: 839: Warning: Undeclared requirement :durative-actions ./ground-pddl-problems/painter-impossible/instance_4_4_domain.pddl: line: 844: Warning: Undeclared requirement :duration-inequalities ./ground-pddl-problems/painter-impossible/instance_4_4_domain.pddl: line: 845: Warning: Undeclared requirement :duration-inequalities ./ground-pddl-problems/painter-impossible/instance_4_4_domain.pddl: line: 854: Warning: Undeclared requirement :durative-actions ./ground-pddl-problems/painter-impossible/instance_4_4_domain.pddl: line: 859: Warning: Undeclared requirement :duration-inequalities ./ground-pddl-problems/painter-impossible/instance_4_4_domain.pddl: line: 860: Warning: Undeclared requirement :duration-inequalities ./ground-pddl-problems/painter-impossible/instance_4_4_domain.pddl: line: 869: Warning: Undeclared requirement :durative-actions ./ground-pddl-problems/painter-impossible/instance_4_4_domain.pddl: line: 874: Warning: Undeclared requirement :duration-inequalities ./ground-pddl-problems/painter-impossible/instance_4_4_domain.pddl: line: 875: Warning: Undeclared requirement :duration-inequalities ./ground-pddl-problems/painter-impossible/instance_4_4_domain.pddl: line: 884: Warning: Undeclared requirement :durative-actions ./ground-pddl-problems/painter-impossible/instance_4_4_domain.pddl: line: 889: Warning: Undeclared requirement :duration-inequalities ./ground-pddl-problems/painter-impossible/instance_4_4_domain.pddl: line: 890: Warning: Undeclared requirement :duration-inequalities ./ground-pddl-problems/painter-impossible/instance_4_4_domain.pddl: line: 899: Warning: Undeclared requirement :durative-actions ./ground-pddl-problems/painter-impossible/instance_4_4_domain.pddl: line: 904: Warning: Undeclared requirement :duration-inequalities ./ground-pddl-problems/painter-impossible/instance_4_4_domain.pddl: line: 905: Warning: Undeclared requirement :duration-inequalities ./ground-pddl-problems/painter-impossible/instance_4_4_domain.pddl: line: 914: Warning: Undeclared requirement :durative-actions ./ground-pddl-problems/painter-impossible/instance_4_4_domain.pddl: line: 919: Warning: Undeclared requirement :duration-inequalities ./ground-pddl-problems/painter-impossible/instance_4_4_domain.pddl: line: 920: Warning: Undeclared requirement :duration-inequalities ./ground-pddl-problems/painter-impossible/instance_4_4_domain.pddl: line: 929: Warning: Undeclared requirement :durative-actions ./ground-pddl-problems/painter-impossible/instance_4_4_domain.pddl: line: 934: Warning: Undeclared requirement :duration-inequalities ./ground-pddl-problems/painter-impossible/instance_4_4_domain.pddl: line: 935: Warning: Undeclared requirement :duration-inequalities ./ground-pddl-problems/painter-impossible/instance_4_4_domain.pddl: line: 944: Warning: Undeclared requirement :durative-actions ./ground-pddl-problems/painter-impossible/instance_4_4_domain.pddl: line: 949: Warning: Undeclared requirement :duration-inequalities ./ground-pddl-problems/painter-impossible/instance_4_4_domain.pddl: line: 950: Warning: Undeclared requirement :duration-inequalities ./ground-pddl-problems/painter-impossible/instance_4_4_domain.pddl: line: 959: Warning: Undeclared requirement :durative-actions ./ground-pddl-problems/painter-impossible/instance_4_4_domain.pddl: line: 964: Warning: Undeclared requirement :duration-inequalities ./ground-pddl-problems/painter-impossible/instance_4_4_domain.pddl: line: 965: Warning: Undeclared requirement :duration-inequalities ./ground-pddl-problems/painter-impossible/instance_4_4_domain.pddl: line: 974: Warning: Undeclared requirement :durative-actions ./ground-pddl-problems/painter-impossible/instance_4_4_domain.pddl: line: 979: Warning: Undeclared requirement :duration-inequalities ./ground-pddl-problems/painter-impossible/instance_4_4_domain.pddl: line: 980: Warning: Undeclared requirement :duration-inequalities ./ground-pddl-problems/painter-impossible/instance_4_4_domain.pddl: line: 989: Warning: Undeclared requirement :durative-actions ./ground-pddl-problems/painter-impossible/instance_4_4_domain.pddl: line: 994: Warning: Undeclared requirement :duration-inequalities ./ground-pddl-problems/painter-impossible/instance_4_4_domain.pddl: line: 995: Warning: Undeclared requirement :duration-inequalities ./ground-pddl-problems/painter-impossible/instance_4_4_domain.pddl: line: 1004: Warning: Undeclared requirement :durative-actions ./ground-pddl-problems/painter-impossible/instance_4_4_domain.pddl: line: 1009: Warning: Undeclared requirement :duration-inequalities ./ground-pddl-problems/painter-impossible/instance_4_4_domain.pddl: line: 1010: Warning: Undeclared requirement :duration-inequalities ./ground-pddl-problems/painter-impossible/instance_4_4_domain.pddl: line: 1019: Warning: Undeclared requirement :durative-actions ./ground-pddl-problems/painter-impossible/instance_4_4_domain.pddl: line: 1024: Warning: Undeclared requirement :duration-inequalities ./ground-pddl-problems/painter-impossible/instance_4_4_domain.pddl: line: 1025: Warning: Undeclared requirement :duration-inequalities ./ground-pddl-problems/painter-impossible/instance_4_4_domain.pddl: line: 1036: Warning: Undeclared requirement :durative-actions ./ground-pddl-problems/painter-impossible/instance_4_4_domain.pddl: line: 1041: Warning: Undeclared requirement :duration-inequalities ./ground-pddl-problems/painter-impossible/instance_4_4_domain.pddl: line: 1042: Warning: Undeclared requirement :duration-inequalities ./ground-pddl-problems/painter-impossible/instance_4_4_domain.pddl: line: 1053: Warning: Undeclared requirement :durative-actions ./ground-pddl-problems/painter-impossible/instance_4_4_domain.pddl: line: 1058: Warning: Undeclared requirement :duration-inequalities ./ground-pddl-problems/painter-impossible/instance_4_4_domain.pddl: line: 1059: Warning: Undeclared requirement :duration-inequalities ./ground-pddl-problems/painter-impossible/instance_4_4_domain.pddl: line: 1070: Warning: Undeclared requirement :durative-actions ./ground-pddl-problems/painter-impossible/instance_4_4_domain.pddl: line: 1075: Warning: Undeclared requirement :duration-inequalities ./ground-pddl-problems/painter-impossible/instance_4_4_domain.pddl: line: 1076: Warning: Undeclared requirement :duration-inequalities ./ground-pddl-problems/painter-impossible/instance_4_4_domain.pddl: line: 1087: Warning: Undeclared requirement :durative-actions ./ground-pddl-problems/painter-impossible/instance_4_4_domain.pddl: line: 1092: Warning: Undeclared requirement :duration-inequalities ./ground-pddl-problems/painter-impossible/instance_4_4_domain.pddl: line: 1093: Warning: Undeclared requirement :duration-inequalities ./ground-pddl-problems/painter-impossible/instance_4_4_domain.pddl: line: 1104: Warning: Undeclared requirement :durative-actions ./ground-pddl-problems/painter-impossible/instance_4_4_domain.pddl: line: 1109: Warning: Undeclared requirement :duration-inequalities ./ground-pddl-problems/painter-impossible/instance_4_4_domain.pddl: line: 1110: Warning: Undeclared requirement :duration-inequalities ./ground-pddl-problems/painter-impossible/instance_4_4_domain.pddl: line: 1121: Warning: Undeclared requirement :durative-actions ./ground-pddl-problems/painter-impossible/instance_4_4_domain.pddl: line: 1126: Warning: Undeclared requirement :duration-inequalities ./ground-pddl-problems/painter-impossible/instance_4_4_domain.pddl: line: 1127: Warning: Undeclared requirement :duration-inequalities ./ground-pddl-problems/painter-impossible/instance_4_4_domain.pddl: line: 1138: Warning: Undeclared requirement :durative-actions ./ground-pddl-problems/painter-impossible/instance_4_4_domain.pddl: line: 1143: Warning: Undeclared requirement :duration-inequalities ./ground-pddl-problems/painter-impossible/instance_4_4_domain.pddl: line: 1144: Warning: Undeclared requirement :duration-inequalities ./ground-pddl-problems/painter-impossible/instance_4_4_domain.pddl: line: 1155: Warning: Undeclared requirement :durative-actions ./ground-pddl-problems/painter-impossible/instance_4_4_domain.pddl: line: 1160: Warning: Undeclared requirement :duration-inequalities ./ground-pddl-problems/painter-impossible/instance_4_4_domain.pddl: line: 1161: Warning: Undeclared requirement :duration-inequalities ./ground-pddl-problems/painter-impossible/instance_4_4_domain.pddl: line: 1172: Warning: Undeclared requirement :durative-actions ./ground-pddl-problems/painter-impossible/instance_4_4_domain.pddl: line: 1177: Warning: Undeclared requirement :duration-inequalities ./ground-pddl-problems/painter-impossible/instance_4_4_domain.pddl: line: 1178: Warning: Undeclared requirement :duration-inequalities ./ground-pddl-problems/painter-impossible/instance_4_4_domain.pddl: line: 1189: Warning: Undeclared requirement :durative-actions ./ground-pddl-problems/painter-impossible/instance_4_4_domain.pddl: line: 1194: Warning: Undeclared requirement :duration-inequalities ./ground-pddl-problems/painter-impossible/instance_4_4_domain.pddl: line: 1195: Warning: Undeclared requirement :duration-inequalities ./ground-pddl-problems/painter-impossible/instance_4_4_domain.pddl: line: 1206: Warning: Undeclared requirement :durative-actions ./ground-pddl-problems/painter-impossible/instance_4_4_domain.pddl: line: 1211: Warning: Undeclared requirement :duration-inequalities ./ground-pddl-problems/painter-impossible/instance_4_4_domain.pddl: line: 1212: Warning: Undeclared requirement :duration-inequalities ./ground-pddl-problems/painter-impossible/instance_4_4_domain.pddl: line: 1223: Warning: Undeclared requirement :durative-actions ./ground-pddl-problems/painter-impossible/instance_4_4_domain.pddl: line: 1228: Warning: Undeclared requirement :duration-inequalities ./ground-pddl-problems/painter-impossible/instance_4_4_domain.pddl: line: 1229: Warning: Undeclared requirement :duration-inequalities ./ground-pddl-problems/painter-impossible/instance_4_4_domain.pddl: line: 1237: Warning: Undeclared requirement :durative-actions ./ground-pddl-problems/painter-impossible/instance_4_4_domain.pddl: line: 1242: Warning: Undeclared requirement :duration-inequalities ./ground-pddl-problems/painter-impossible/instance_4_4_domain.pddl: line: 1243: Warning: Undeclared requirement :duration-inequalities ./ground-pddl-problems/painter-impossible/instance_4_4_domain.pddl: line: 1251: Warning: Undeclared requirement :durative-actions ./ground-pddl-problems/painter-impossible/instance_4_4_domain.pddl: line: 1256: Warning: Undeclared requirement :duration-inequalities ./ground-pddl-problems/painter-impossible/instance_4_4_domain.pddl: line: 1257: Warning: Undeclared requirement :duration-inequalities ./ground-pddl-problems/painter-impossible/instance_4_4_domain.pddl: line: 1265: Warning: Undeclared requirement :durative-actions ./ground-pddl-problems/painter-impossible/instance_4_4_domain.pddl: line: 1270: Warning: Undeclared requirement :duration-inequalities ./ground-pddl-problems/painter-impossible/instance_4_4_domain.pddl: line: 1271: Warning: Undeclared requirement :duration-inequalities ./ground-pddl-problems/painter-impossible/instance_4_4_domain.pddl: line: 1279: Warning: Undeclared requirement :durative-actions ./ground-pddl-problems/painter-impossible/instance_4_4_domain.pddl: line: 1284: Warning: Undeclared requirement :duration-inequalities ./ground-pddl-problems/painter-impossible/instance_4_4_domain.pddl: line: 1285: Warning: Undeclared requirement :duration-inequalities ./ground-pddl-problems/painter-impossible/instance_4_4_domain.pddl: line: 1293: Warning: Undeclared requirement :durative-actions ./ground-pddl-problems/painter-impossible/instance_4_4_domain.pddl: line: 1298: Warning: Undeclared requirement :duration-inequalities ./ground-pddl-problems/painter-impossible/instance_4_4_domain.pddl: line: 1299: Warning: Undeclared requirement :duration-inequalities ./ground-pddl-problems/painter-impossible/instance_4_4_domain.pddl: line: 1307: Warning: Undeclared requirement :durative-actions ./ground-pddl-problems/painter-impossible/instance_4_4_domain.pddl: line: 1312: Warning: Undeclared requirement :duration-inequalities ./ground-pddl-problems/painter-impossible/instance_4_4_domain.pddl: line: 1313: Warning: Undeclared requirement :duration-inequalities ./ground-pddl-problems/painter-impossible/instance_4_4_domain.pddl: line: 1321: Warning: Undeclared requirement :durative-actions ./ground-pddl-problems/painter-impossible/instance_4_4_domain.pddl: line: 1326: Warning: Undeclared requirement :duration-inequalities ./ground-pddl-problems/painter-impossible/instance_4_4_domain.pddl: line: 1327: Warning: Undeclared requirement :duration-inequalities ./ground-pddl-problems/painter-impossible/instance_4_4_domain.pddl: line: 1335: Warning: Undeclared requirement :durative-actions ./ground-pddl-problems/painter-impossible/instance_4_4_domain.pddl: line: 1340: Warning: Undeclared requirement :duration-inequalities ./ground-pddl-problems/painter-impossible/instance_4_4_domain.pddl: line: 1341: Warning: Undeclared requirement :duration-inequalities ./ground-pddl-problems/painter-impossible/instance_4_4_domain.pddl: line: 1349: Warning: Undeclared requirement :durative-actions ./ground-pddl-problems/painter-impossible/instance_4_4_domain.pddl: line: 1354: Warning: Undeclared requirement :duration-inequalities ./ground-pddl-problems/painter-impossible/instance_4_4_domain.pddl: line: 1355: Warning: Undeclared requirement :duration-inequalities ./ground-pddl-problems/painter-impossible/instance_4_4_domain.pddl: line: 1363: Warning: Undeclared requirement :durative-actions ./ground-pddl-problems/painter-impossible/instance_4_4_domain.pddl: line: 1368: Warning: Undeclared requirement :duration-inequalities ./ground-pddl-problems/painter-impossible/instance_4_4_domain.pddl: line: 1369: Warning: Undeclared requirement :duration-inequalities ./ground-pddl-problems/painter-impossible/instance_4_4_domain.pddl: line: 1377: Warning: Undeclared requirement :durative-actions ./ground-pddl-problems/painter-impossible/instance_4_4_domain.pddl: line: 1382: Warning: Undeclared requirement :duration-inequalities ./ground-pddl-problems/painter-impossible/instance_4_4_domain.pddl: line: 1383: Warning: Undeclared requirement :duration-inequalities ./ground-pddl-problems/painter-impossible/instance_4_4_domain.pddl: line: 1391: Warning: Undeclared requirement :durative-actions The planner will continue, but you may wish to fix your files accordingly Number of literals: 107 Constructing lookup tables: [10%] [20%] [30%] [40%] [50%] [60%] [70%] [80%] [90%] [100%] Post filtering unreachable actions: [10%] [20%] [30%] [40%] [50%] [60%] [70%] [80%] [90%] [100%] [01;34mNo analytic limits found, not considering limit effects of goal-only operators[00m 25% of the ground temporal actions in this problem are compression-safe Initial heuristic = 9.000
Command exited with non-zero status 139
%%%139%0.07%12076
painter-impossible,instance_4_4,nextflap,0.00,6432,false,okay,|;Parsing time: 0 ;Preprocessing time: 0 ;Grounding time: 0 ;SAS translation time: 0 ;Filter repeated states: 1 ;H: 65535 (0)
