domain>%<instance>%<solver>%<status>%<output>%<time(s)>%<memory(kB)
painter-impossible>%<instance_1_2>%<grounder>%<okay>%<Warnings encountered when parsing Domain/Problem File -----------------------------------------------------  The supplied domain/problem file appear to violate part of the PDDL language specification.  Specifically:  Errors: 0, warnings: 2 pddl-domains/painter-impossible/domain.pddl: line: 48: Warning: Undeclared requirement :conditional-effects  pddl-domains/painter-impossible/domain.pddl: line: 49: Warning: Undeclared requirement :conditional-effects   The planner will continue, but you may wish to fix your files accordingly One way facts... Semaphore Facts... Envelope Facts... One-shot actions... (make_treatment1 i0 i1 t0 last_t) is 1 shot Integral variables... Variable bounds... Static numeric conditions... Duration bounds... TIL time window analysis... Bounding action timestamps due to time windows... Dominance constraints (excluding processes and events)... Damaging events... Dominance constraints (including processes and events)... Variable monotonicity... Max/min needed values for any single precondition... Irrelevant action pruning by backward reachability from goal... Uninterestingness criteria... Compression-safe actions... Compression-safe invariants... -- Writing ground PDDL >%<0>%<0.00>%<4948 
painter-impossible>%<instance_1_2>%<verified-encoder>%<okay>%<okok+ Domain File: ./ground-pddl-problems/painter-impossible/instance_1_2_domain.pddl + Problem File: ./ground-pddl-problems/painter-impossible/instance_1_2_problem.pddl + Network File: ./muntax-dir/painter-impossible/instance_1_2.muntax Parse error at -:9.2-9.2: Expected '(', lparen, problem or end of file.   Command exited with non-zero status 1 >%<1>%<0.00>%<5364 
painter-impossible>%<instance_1_2>%<model-converter>%<file missing>%<No model to convert. Expected: ./muntax-dir/painter-impossible/instance_1_2.muntax
painter-impossible>%<instance_1_2>%<tck-covreach>%<okay>%<ERROR: cannot open ./tck-dir/painter-impossible/instance_1_2.tck: No such file or directory Command exited with non-zero status 1 >%<1>%<0.00>%<5324 
painter-impossible>%<instance_1_2>%<cert-conv>%<file missing>%<No model to obtain renaming. Expected: ./muntax-dir/painter-impossible/instance_1_2.muntax
painter-impossible>%<instance_1_2>%<muntac-cert-check>%<file missing>%<No model to obtain renaming. Expected: ./muntax-dir/painter-impossible/instance_1_2.muntax
painter-impossible>%<instance_1_2>%<tamer-ctp>%<okay>%<ERROR: An error of type ParserError was thrown during the execution of TAMER. The reported error is: ParserError: Unknown character ':' at line23 Command exited with non-zero status 1 >%<1>%<0.00>%<5416 
painter-impossible>%<instance_1_2>%<tamer-ftp>%<okay>%<ERROR: An error of type ParserError was thrown during the execution of TAMER. The reported error is: ParserError: Unknown character ':' at line23 Command exited with non-zero status 1 >%<1>%<0.00>%<5564 
painter-impossible>%<instance_1_2>%<tamer-ctp-ground>%<okay>%<environment: line 1: 410211 Segmentation fault         (core dumped) ./tamer solve -a $mode -t constant-promoter -P $problem $domain Command exited with non-zero status 139 >%<139>%<0.05>%<5360 
painter-impossible>%<instance_1_2>%<tamer-ftp-ground>%<okay>%<environment: line 1: 410587 Segmentation fault         (core dumped) ./tamer solve -a $mode -t constant-promoter -P $problem $domain Command exited with non-zero status 139 >%<139>%<0.04>%<5328 
painter-impossible>%<instance_1_2>%<tfd>%<okay>%<Parsing... Contains quantified condition(s): False Instantiating... Unbound effect variables: Adding @object predicate. Trivial rules: Converted to facts. Starting instantiation [64 rules]... Finding invariants... Finding invariants... 29 initial candidates [0.000s CPU, 0.005s wall-clock] Checking invariant weight... [0.000s CPU, 0.000s wall-clock] Instantiating groups... Choosing groups... 25 uncovered facts (before using the results from the invariant synthesis) 19 uncovered facts Building translation key... Building STRIPS to SAS dictionary... Translating task... Traceback (most recent call last): File "/home/david/work/tchecker-experiments/sources/tfd/downward/translate/translate.py", line 1108, in <module> sas_task = pddl_to_sas(task) File "/home/david/work/tchecker-experiments/sources/tfd/downward/translate/translate.py", line 994, in pddl_to_sas assert not actions, "There shouldn't be any actions - just temporal actions" ^^^^^^^^^^^ AssertionError: There shouldn't be any actions - just temporal actions ('translate/translate.py', '/home/david/work/tchecker-experiments/pddl-domains/painter-impossible/domain.pddl', '/home/david/work/tchecker-experiments/pddl-domains/painter-impossible/instances/instance_1_2.pddl') {} Traceback (most recent call last): File "/home/david/work/tchecker-experiments/./sources/tfd/downward/tfd", line 44, in <module> main(domain, problem, result_name, config) ~~~~^^^^^^^^^^^^^^^^^^^^^^^^^^^^^^^^^^^^^^ File "/home/david/work/tchecker-experiments/./sources/tfd/downward/tfd", line 23, in main run("translate/translate.py", domain, problem) ~~~^^^^^^^^^^^^^^^^^^^^^^^^^^^^^^^^^^^^^^^^^^^ File "/home/david/work/tchecker-experiments/./sources/tfd/downward/tfd", line 20, in run subprocess.check_call(sum([arg.split("+") for arg in args],[]), **redirections) ~~~~~~~~~~~~~~~~~~~~~^^^^^^^^^^^^^^^^^^^^^^^^^^^^^^^^^^^^^^^^^^^^^^^^^^^^^^^^^^ File "/usr/lib/python3.13/subprocess.py", line 419, in check_call raise CalledProcessError(retcode, cmd) subprocess.CalledProcessError: Command '['translate/translate.py', '/home/david/work/tchecker-experiments/pddl-domains/painter-impossible/domain.pddl', '/home/david/work/tchecker-experiments/pddl-domains/painter-impossible/instances/instance_1_2.pddl']' returned non-zero exit status 1. >%<0>%<0.06>%<15448 
painter-impossible>%<instance_1_2>%<optic>%<okay>%<
painter-impossible>%<instance_1_2>%<popf3-ground>%<okay>%<Critical Errors Encountered in Domain/Problem File -------------------------------------------------- Due to critical errors in the supplied domain/problem file, the planner has to terminate. The errors encountered are as follows: Errors: 1, warnings: 0 ./ground-pddl-problems/painter-impossible/instance_1_2_domain.pddl: line: 21: Error: Syntax error in domain >%<0>%<0.00>%<8936 
painter-impossible>%<instance_1_2>%<nextflap>%<okay>%<;Parsing time: 0 ;Preprocessing time: 0 terminate called after throwing an instance of 'PlannerException' what(): Goals not reached >%<0>%<0.05>%<5300 
painter-impossible>%<instance_1_2>%<tck-aLU>%<okay>%<ERROR: cannot open ./tck-dir/painter-impossible/instance_1_2.tck: No such file or directory Command exited with non-zero status 1 >%<1>%<0.00>%<5576 
painter-impossible>%<instance_1_2>%<nuxmv>%<okay>%<*** This is nuXmv 2.1.0 (compiled on Fri Nov 29 13:41:31 2024) *** Copyright (c) 2014-2024, Fondazione Bruno Kessler *** For more information on nuXmv see https://nuxmv.fbk.eu *** or email to <nuxmv@fbk.eu>. *** Please report bugs at Please report bugs to <nusmv-users@fbk.eu> *** (click on "Login Anonymously" to access) *** Alternatively write to <nuxmv@fbk.eu>.  *** This version of nuXmv is linked to NuSMV 2.7.0. *** For more information on NuSMV see <http://nusmv.fbk.eu> *** or email to <nusmv-users@fbk.eu>. *** Copyright (C) 2010-2024, Fondazione Bruno Kessler  *** This version of nuXmv is linked to the CUDD library version 2.4.1 *** Copyright (c) 1995-2004, Regents of the University of Colorado  *** This version of nuXmv is linked to the MiniSat SAT solver.  *** See http://minisat.se/MiniSat.html *** Copyright (c) 2003-2006, Niklas Een, Niklas Sorensson *** Copyright (c) 2007-2010, Niklas Sorensson  *** This version of nuXmv is linked to MathSAT *** Copyright (C) 2009-2019 by Fondazione Bruno Kessler *** Copyright (C) 2009-2019 by University of Trento and others *** See http://mathsat.fbk.eu  nuXmv >  file ./nuxmv-dir/painter-impossible/instance_1_2.smv: line 1: cannot open input file ./nuxmv-dir/painter-impossible/instance_1_2.smv nuXmv >  Use "quit" to leave NuSMV. nuXmv >  Use "quit" to leave NuSMV. nuXmv >  Use "quit" to leave NuSMV. nuXmv >  Use "quit" to leave NuSMV. nuXmv >  Use "quit" to leave NuSMV. nuXmv > >%<0>%<0.00>%<32684 
painter-impossible>%<instance_1_2>%<uppaal>%<okay>%<Error opening './uppaal-dir/painter-impossible/instance_1_2.ta': No such file or directory Command exited with non-zero status 1 >%<1>%<0.00>%<8756 
painter-impossible>%<instance_1_2>%<nuxmv-ground>%<okay>%<*** This is nuXmv 2.1.0 (compiled on Fri Nov 29 13:41:31 2024) *** Copyright (c) 2014-2024, Fondazione Bruno Kessler *** For more information on nuXmv see https://nuxmv.fbk.eu *** or email to <nuxmv@fbk.eu>. *** Please report bugs at Please report bugs to <nusmv-users@fbk.eu> *** (click on "Login Anonymously" to access) *** Alternatively write to <nuxmv@fbk.eu>.  *** This version of nuXmv is linked to NuSMV 2.7.0. *** For more information on NuSMV see <http://nusmv.fbk.eu> *** or email to <nusmv-users@fbk.eu>. *** Copyright (C) 2010-2024, Fondazione Bruno Kessler  *** This version of nuXmv is linked to the CUDD library version 2.4.1 *** Copyright (c) 1995-2004, Regents of the University of Colorado  *** This version of nuXmv is linked to the MiniSat SAT solver.  *** See http://minisat.se/MiniSat.html *** Copyright (c) 2003-2006, Niklas Een, Niklas Sorensson *** Copyright (c) 2007-2010, Niklas Sorensson  *** This version of nuXmv is linked to MathSAT *** Copyright (C) 2009-2019 by Fondazione Bruno Kessler *** Copyright (C) 2009-2019 by University of Trento and others *** See http://mathsat.fbk.eu  nuXmv >  file ./nuxmv-dir/painter-impossible/instance_1_2.smv: line 5: at token ";": syntax error nuXmv >  Use "quit" to leave NuSMV. nuXmv >  Use "quit" to leave NuSMV. nuXmv >  Use "quit" to leave NuSMV. nuXmv >  Use "quit" to leave NuSMV. nuXmv >  Use "quit" to leave NuSMV. nuXmv > >%<0>%<0.00>%<32696 
painter-impossible>%<instance_1_2>%<uppaal-ground>%<okay>%<./uppaal-dir/painter-impossible/instance_1_2.ta::16: [error] syntax error: unexpected end of file. Command exited with non-zero status 1 >%<1>%<0.00>%<10216 
painter-impossible>%<instance_1_3>%<grounder>%<okay>%<Warnings encountered when parsing Domain/Problem File -----------------------------------------------------  The supplied domain/problem file appear to violate part of the PDDL language specification.  Specifically:  Errors: 0, warnings: 2 pddl-domains/painter-impossible/domain.pddl: line: 48: Warning: Undeclared requirement :conditional-effects  pddl-domains/painter-impossible/domain.pddl: line: 49: Warning: Undeclared requirement :conditional-effects   The planner will continue, but you may wish to fix your files accordingly One way facts... Semaphore Facts... Envelope Facts... One-shot actions... (make_treatment1 i0 i1 t0 last_t) is 1 shot (make_treatment1 i1 i2 t0 last_t) is 1 shot Integral variables... Variable bounds... Static numeric conditions... Duration bounds... TIL time window analysis... Bounding action timestamps due to time windows... Dominance constraints (excluding processes and events)... Damaging events... Dominance constraints (including processes and events)... Variable monotonicity... Max/min needed values for any single precondition... Irrelevant action pruning by backward reachability from goal... Uninterestingness criteria... Compression-safe actions... Compression-safe invariants... 25% of durative actions in this problem are compression safe -- Writing ground PDDL >%<0>%<0.00>%<5360 
painter-impossible>%<instance_1_3>%<verified-encoder>%<okay>%<okok+ Domain File: ./ground-pddl-problems/painter-impossible/instance_1_3_domain.pddl + Problem File: ./ground-pddl-problems/painter-impossible/instance_1_3_problem.pddl + Network File: ./muntax-dir/painter-impossible/instance_1_3.muntax Parse error at -:62.2-62.2: Expected ')', rparen, domain or end of file.   Command exited with non-zero status 1 >%<1>%<0.00>%<5584 
painter-impossible>%<instance_1_3>%<model-converter>%<file missing>%<No model to convert. Expected: ./muntax-dir/painter-impossible/instance_1_3.muntax
painter-impossible>%<instance_1_3>%<tck-covreach>%<okay>%<ERROR: cannot open ./tck-dir/painter-impossible/instance_1_3.tck: No such file or directory Command exited with non-zero status 1 >%<1>%<0.00>%<5356 
painter-impossible>%<instance_1_3>%<cert-conv>%<file missing>%<No model to obtain renaming. Expected: ./muntax-dir/painter-impossible/instance_1_3.muntax
painter-impossible>%<instance_1_3>%<muntac-cert-check>%<file missing>%<No model to obtain renaming. Expected: ./muntax-dir/painter-impossible/instance_1_3.muntax
painter-impossible>%<instance_1_3>%<tamer-ctp>%<okay>%<ERROR: An error of type ParserError was thrown during the execution of TAMER. The reported error is: ParserError: Unknown character ':' at line23 Command exited with non-zero status 1 >%<1>%<0.00>%<5572 
painter-impossible>%<instance_1_3>%<tamer-ftp>%<okay>%<ERROR: An error of type ParserError was thrown during the execution of TAMER. The reported error is: ParserError: Unknown character ':' at line23 Command exited with non-zero status 1 >%<1>%<0.00>%<5304 
painter-impossible>%<instance_1_3>%<tamer-ctp-ground>%<okay>%<ERROR: An error of type ParserError was thrown during the execution of TAMER. The reported error is: ParserError: Unknown character ':' at line32 Command exited with non-zero status 1 >%<1>%<0.00>%<5588 
painter-impossible>%<instance_1_3>%<tamer-ftp-ground>%<okay>%<ERROR: An error of type ParserError was thrown during the execution of TAMER. The reported error is: ParserError: Unknown character ':' at line32 Command exited with non-zero status 1 >%<1>%<0.00>%<5324 
painter-impossible>%<instance_1_3>%<tfd>%<okay>%<Parsing... Contains quantified condition(s): False Instantiating... Unbound effect variables: Adding @object predicate. Trivial rules: Converted to facts. Starting instantiation [64 rules]... Finding invariants... Finding invariants... 29 initial candidates [0.000s CPU, 0.005s wall-clock] Checking invariant weight... [0.000s CPU, 0.000s wall-clock] Instantiating groups... Choosing groups... 39 uncovered facts (before using the results from the invariant synthesis) 30 uncovered facts Building translation key... Building STRIPS to SAS dictionary... Translating task... Traceback (most recent call last): File "/home/david/work/tchecker-experiments/sources/tfd/downward/translate/translate.py", line 1108, in <module> sas_task = pddl_to_sas(task) File "/home/david/work/tchecker-experiments/sources/tfd/downward/translate/translate.py", line 994, in pddl_to_sas assert not actions, "There shouldn't be any actions - just temporal actions" ^^^^^^^^^^^ AssertionError: There shouldn't be any actions - just temporal actions ('translate/translate.py', '/home/david/work/tchecker-experiments/pddl-domains/painter-impossible/domain.pddl', '/home/david/work/tchecker-experiments/pddl-domains/painter-impossible/instances/instance_1_3.pddl') {} Traceback (most recent call last): File "/home/david/work/tchecker-experiments/./sources/tfd/downward/tfd", line 44, in <module> main(domain, problem, result_name, config) ~~~~^^^^^^^^^^^^^^^^^^^^^^^^^^^^^^^^^^^^^^ File "/home/david/work/tchecker-experiments/./sources/tfd/downward/tfd", line 23, in main run("translate/translate.py", domain, problem) ~~~^^^^^^^^^^^^^^^^^^^^^^^^^^^^^^^^^^^^^^^^^^^ File "/home/david/work/tchecker-experiments/./sources/tfd/downward/tfd", line 20, in run subprocess.check_call(sum([arg.split("+") for arg in args],[]), **redirections) ~~~~~~~~~~~~~~~~~~~~~^^^^^^^^^^^^^^^^^^^^^^^^^^^^^^^^^^^^^^^^^^^^^^^^^^^^^^^^^^ File "/usr/lib/python3.13/subprocess.py", line 419, in check_call raise CalledProcessError(retcode, cmd) subprocess.CalledProcessError: Command '['translate/translate.py', '/home/david/work/tchecker-experiments/pddl-domains/painter-impossible/domain.pddl', '/home/david/work/tchecker-experiments/pddl-domains/painter-impossible/instances/instance_1_3.pddl']' returned non-zero exit status 1. >%<0>%<0.06>%<16276 
painter-impossible>%<instance_1_3>%<optic>%<okay>%<
painter-impossible>%<instance_1_3>%<popf3-ground>%<okay>%<Warnings encountered when parsing Domain/Problem File ----------------------------------------------------- The supplied domain/problem file appear to violate part of the PDDL language specification. Specifically: Errors: 0, warnings: 34 ./ground-pddl-problems/painter-impossible/instance_1_3_domain.pddl: line: 36: Warning: Undeclared requirement :negative-preconditions ./ground-pddl-problems/painter-impossible/instance_1_3_domain.pddl: line: 37: Warning: Undeclared requirement :negative-preconditions ./ground-pddl-problems/painter-impossible/instance_1_3_domain.pddl: line: 51: Warning: Undeclared requirement :negative-preconditions ./ground-pddl-problems/painter-impossible/instance_1_3_domain.pddl: line: 52: Warning: Undeclared requirement :negative-preconditions ./ground-pddl-problems/painter-impossible/instance_1_3_domain.pddl: line: 81: Warning: Undeclared requirement :duration-inequalities ./ground-pddl-problems/painter-impossible/instance_1_3_domain.pddl: line: 82: Warning: Undeclared requirement :duration-inequalities ./ground-pddl-problems/painter-impossible/instance_1_3_domain.pddl: line: 88: Warning: Undeclared requirement :negative-preconditions ./ground-pddl-problems/painter-impossible/instance_1_3_domain.pddl: line: 89: Warning: Undeclared requirement :negative-preconditions ./ground-pddl-problems/painter-impossible/instance_1_3_domain.pddl: line: 90: Warning: Undeclared requirement :negative-preconditions ./ground-pddl-problems/painter-impossible/instance_1_3_domain.pddl: line: 103: Warning: Undeclared requirement :durative-actions ./ground-pddl-problems/painter-impossible/instance_1_3_domain.pddl: line: 108: Warning: Undeclared requirement :duration-inequalities ./ground-pddl-problems/painter-impossible/instance_1_3_domain.pddl: line: 109: Warning: Undeclared requirement :duration-inequalities ./ground-pddl-problems/painter-impossible/instance_1_3_domain.pddl: line: 115: Warning: Undeclared requirement :negative-preconditions ./ground-pddl-problems/painter-impossible/instance_1_3_domain.pddl: line: 116: Warning: Undeclared requirement :negative-preconditions ./ground-pddl-problems/painter-impossible/instance_1_3_domain.pddl: line: 117: Warning: Undeclared requirement :negative-preconditions ./ground-pddl-problems/painter-impossible/instance_1_3_domain.pddl: line: 130: Warning: Undeclared requirement :durative-actions ./ground-pddl-problems/painter-impossible/instance_1_3_domain.pddl: line: 135: Warning: Undeclared requirement :duration-inequalities ./ground-pddl-problems/painter-impossible/instance_1_3_domain.pddl: line: 136: Warning: Undeclared requirement :duration-inequalities ./ground-pddl-problems/painter-impossible/instance_1_3_domain.pddl: line: 145: Warning: Undeclared requirement :durative-actions ./ground-pddl-problems/painter-impossible/instance_1_3_domain.pddl: line: 150: Warning: Undeclared requirement :duration-inequalities ./ground-pddl-problems/painter-impossible/instance_1_3_domain.pddl: line: 151: Warning: Undeclared requirement :duration-inequalities ./ground-pddl-problems/painter-impossible/instance_1_3_domain.pddl: line: 160: Warning: Undeclared requirement :durative-actions ./ground-pddl-problems/painter-impossible/instance_1_3_domain.pddl: line: 165: Warning: Undeclared requirement :duration-inequalities ./ground-pddl-problems/painter-impossible/instance_1_3_domain.pddl: line: 166: Warning: Undeclared requirement :duration-inequalities ./ground-pddl-problems/painter-impossible/instance_1_3_domain.pddl: line: 177: Warning: Undeclared requirement :durative-actions ./ground-pddl-problems/painter-impossible/instance_1_3_domain.pddl: line: 182: Warning: Undeclared requirement :duration-inequalities ./ground-pddl-problems/painter-impossible/instance_1_3_domain.pddl: line: 183: Warning: Undeclared requirement :duration-inequalities ./ground-pddl-problems/painter-impossible/instance_1_3_domain.pddl: line: 194: Warning: Undeclared requirement :durative-actions ./ground-pddl-problems/painter-impossible/instance_1_3_domain.pddl: line: 199: Warning: Undeclared requirement :duration-inequalities ./ground-pddl-problems/painter-impossible/instance_1_3_domain.pddl: line: 200: Warning: Undeclared requirement :duration-inequalities ./ground-pddl-problems/painter-impossible/instance_1_3_domain.pddl: line: 208: Warning: Undeclared requirement :durative-actions ./ground-pddl-problems/painter-impossible/instance_1_3_domain.pddl: line: 213: Warning: Undeclared requirement :duration-inequalities ./ground-pddl-problems/painter-impossible/instance_1_3_domain.pddl: line: 214: Warning: Undeclared requirement :duration-inequalities ./ground-pddl-problems/painter-impossible/instance_1_3_domain.pddl: line: 222: Warning: Undeclared requirement :durative-actions The planner will continue, but you may wish to fix your files accordingly Number of literals: 23 Constructing lookup tables: [10%] [20%] [30%] [40%] [50%] [60%] [70%] [80%] [90%] [100%] [110%] Post filtering unreachable actions: [10%] [20%] [30%] [40%] [50%] [60%] [70%] [80%] [90%] [100%] [110%] [01;34mNo analytic limits found, not considering limit effects of goal-only operators[00m 25% of the ground temporal actions in this problem are compression-safe Initial heuristic = 9.000 Command exited with non-zero status 139 >%<139>%<0.07>%<11228 
painter-impossible>%<instance_1_3>%<nextflap>%<okay>%<;Parsing time: 0 ;Preprocessing time: 0 ;Grounding time: 0 ;SAS translation time: 0 ;Filter repeated states: 1 ;H: 65535 (0) >%<0>%<0.00>%<6148 
painter-impossible>%<instance_1_3>%<tck-aLU>%<okay>%<ERROR: cannot open ./tck-dir/painter-impossible/instance_1_3.tck: No such file or directory Command exited with non-zero status 1 >%<1>%<0.00>%<5588 
painter-impossible>%<instance_1_3>%<nuxmv>%<okay>%<*** This is nuXmv 2.1.0 (compiled on Fri Nov 29 13:41:31 2024) *** Copyright (c) 2014-2024, Fondazione Bruno Kessler *** For more information on nuXmv see https://nuxmv.fbk.eu *** or email to <nuxmv@fbk.eu>. *** Please report bugs at Please report bugs to <nusmv-users@fbk.eu> *** (click on "Login Anonymously" to access) *** Alternatively write to <nuxmv@fbk.eu>.  *** This version of nuXmv is linked to NuSMV 2.7.0. *** For more information on NuSMV see <http://nusmv.fbk.eu> *** or email to <nusmv-users@fbk.eu>. *** Copyright (C) 2010-2024, Fondazione Bruno Kessler  *** This version of nuXmv is linked to the CUDD library version 2.4.1 *** Copyright (c) 1995-2004, Regents of the University of Colorado  *** This version of nuXmv is linked to the MiniSat SAT solver.  *** See http://minisat.se/MiniSat.html *** Copyright (c) 2003-2006, Niklas Een, Niklas Sorensson *** Copyright (c) 2007-2010, Niklas Sorensson  *** This version of nuXmv is linked to MathSAT *** Copyright (C) 2009-2019 by Fondazione Bruno Kessler *** Copyright (C) 2009-2019 by University of Trento and others *** See http://mathsat.fbk.eu  nuXmv >  file ./nuxmv-dir/painter-impossible/instance_1_3.smv: line 1: cannot open input file ./nuxmv-dir/painter-impossible/instance_1_3.smv nuXmv >  Use "quit" to leave NuSMV. nuXmv >  Use "quit" to leave NuSMV. nuXmv >  Use "quit" to leave NuSMV. nuXmv >  Use "quit" to leave NuSMV. nuXmv >  Use "quit" to leave NuSMV. nuXmv > >%<0>%<0.01>%<32548 
painter-impossible>%<instance_1_3>%<uppaal>%<okay>%<Error opening './uppaal-dir/painter-impossible/instance_1_3.ta': No such file or directory Command exited with non-zero status 1 >%<1>%<0.00>%<8964 
painter-impossible>%<instance_1_3>%<nuxmv-ground>%<okay>%<*** This is nuXmv 2.1.0 (compiled on Fri Nov 29 13:41:31 2024) *** Copyright (c) 2014-2024, Fondazione Bruno Kessler *** For more information on nuXmv see https://nuxmv.fbk.eu *** or email to <nuxmv@fbk.eu>. *** Please report bugs at Please report bugs to <nusmv-users@fbk.eu> *** (click on "Login Anonymously" to access) *** Alternatively write to <nuxmv@fbk.eu>.  *** This version of nuXmv is linked to NuSMV 2.7.0. *** For more information on NuSMV see <http://nusmv.fbk.eu> *** or email to <nusmv-users@fbk.eu>. *** Copyright (C) 2010-2024, Fondazione Bruno Kessler  *** This version of nuXmv is linked to the CUDD library version 2.4.1 *** Copyright (c) 1995-2004, Regents of the University of Colorado  *** This version of nuXmv is linked to the MiniSat SAT solver.  *** See http://minisat.se/MiniSat.html *** Copyright (c) 2003-2006, Niklas Een, Niklas Sorensson *** Copyright (c) 2007-2010, Niklas Sorensson  *** This version of nuXmv is linked to MathSAT *** Copyright (C) 2009-2019 by Fondazione Bruno Kessler *** Copyright (C) 2009-2019 by University of Trento and others *** See http://mathsat.fbk.eu  nuXmv >  file ./nuxmv-dir/painter-impossible/instance_1_3.smv: line 1: cannot open input file ./nuxmv-dir/painter-impossible/instance_1_3.smv nuXmv >  Use "quit" to leave NuSMV. nuXmv >  Use "quit" to leave NuSMV. nuXmv >  Use "quit" to leave NuSMV. nuXmv >  Use "quit" to leave NuSMV. nuXmv >  Use "quit" to leave NuSMV. nuXmv > >%<0>%<0.01>%<32872 
painter-impossible>%<instance_1_3>%<uppaal-ground>%<okay>%<Error opening './uppaal-dir/painter-impossible/instance_1_3.ta': No such file or directory Command exited with non-zero status 1 >%<1>%<0.00>%<9212 
painter-impossible>%<instance_1_4>%<grounder>%<okay>%<Warnings encountered when parsing Domain/Problem File -----------------------------------------------------  The supplied domain/problem file appear to violate part of the PDDL language specification.  Specifically:  Errors: 0, warnings: 2 pddl-domains/painter-impossible/domain.pddl: line: 48: Warning: Undeclared requirement :conditional-effects  pddl-domains/painter-impossible/domain.pddl: line: 49: Warning: Undeclared requirement :conditional-effects   The planner will continue, but you may wish to fix your files accordingly One way facts... Semaphore Facts... Envelope Facts... One-shot actions... (make_treatment1 i0 i1 t0 last_t) is 1 shot (make_treatment1 i1 i2 t0 last_t) is 1 shot (make_treatment1 i2 i3 t0 last_t) is 1 shot Integral variables... Variable bounds... Static numeric conditions... Duration bounds... TIL time window analysis... Bounding action timestamps due to time windows... Dominance constraints (excluding processes and events)... Damaging events... Dominance constraints (including processes and events)... Variable monotonicity... Max/min needed values for any single precondition... Irrelevant action pruning by backward reachability from goal... Uninterestingness criteria... Compression-safe actions... Compression-safe invariants... 25% of durative actions in this problem are compression safe -- Writing ground PDDL >%<0>%<0.00>%<5584 
painter-impossible>%<instance_1_4>%<verified-encoder>%<okay>%<okok+ Domain File: ./ground-pddl-problems/painter-impossible/instance_1_4_domain.pddl + Problem File: ./ground-pddl-problems/painter-impossible/instance_1_4_problem.pddl + Network File: ./muntax-dir/painter-impossible/instance_1_4.muntax Parse error at -:132.2-132.2: Expected ')', rparen, domain or end of file.   Command exited with non-zero status 1 >%<1>%<0.00>%<5300 
painter-impossible>%<instance_1_4>%<model-converter>%<file missing>%<No model to convert. Expected: ./muntax-dir/painter-impossible/instance_1_4.muntax
painter-impossible>%<instance_1_4>%<tck-covreach>%<okay>%<ERROR: cannot open ./tck-dir/painter-impossible/instance_1_4.tck: No such file or directory Command exited with non-zero status 1 >%<1>%<0.00>%<5592 
painter-impossible>%<instance_1_4>%<cert-conv>%<file missing>%<No model to obtain renaming. Expected: ./muntax-dir/painter-impossible/instance_1_4.muntax
painter-impossible>%<instance_1_4>%<muntac-cert-check>%<file missing>%<No model to obtain renaming. Expected: ./muntax-dir/painter-impossible/instance_1_4.muntax
painter-impossible>%<instance_1_4>%<tamer-ctp>%<okay>%<ERROR: An error of type ParserError was thrown during the execution of TAMER. The reported error is: ParserError: Unknown character ':' at line23 Command exited with non-zero status 1 >%<1>%<0.00>%<5280 
painter-impossible>%<instance_1_4>%<tamer-ftp>%<okay>%<ERROR: An error of type ParserError was thrown during the execution of TAMER. The reported error is: ParserError: Unknown character ':' at line23 Command exited with non-zero status 1 >%<1>%<0.00>%<5676 
painter-impossible>%<instance_1_4>%<tamer-ctp-ground>%<okay>%<ERROR: An error of type ParserError was thrown during the execution of TAMER. The reported error is: ParserError: Unknown character ':' at line42 Command exited with non-zero status 1 >%<1>%<0.00>%<5360 
painter-impossible>%<instance_1_4>%<tamer-ftp-ground>%<okay>%<ERROR: An error of type ParserError was thrown during the execution of TAMER. The reported error is: ParserError: Unknown character ':' at line42 Command exited with non-zero status 1 >%<1>%<0.00>%<5620 
painter-impossible>%<instance_1_4>%<tfd>%<okay>%<Parsing... Contains quantified condition(s): False Instantiating... Unbound effect variables: Adding @object predicate. Trivial rules: Converted to facts. Starting instantiation [64 rules]... Finding invariants... Finding invariants... 29 initial candidates [0.010s CPU, 0.005s wall-clock] Checking invariant weight... [0.000s CPU, 0.000s wall-clock] Instantiating groups... Choosing groups... 53 uncovered facts (before using the results from the invariant synthesis) 39 uncovered facts Building translation key... Building STRIPS to SAS dictionary... Translating task... Traceback (most recent call last): File "/home/david/work/tchecker-experiments/sources/tfd/downward/translate/translate.py", line 1108, in <module> sas_task = pddl_to_sas(task) File "/home/david/work/tchecker-experiments/sources/tfd/downward/translate/translate.py", line 994, in pddl_to_sas assert not actions, "There shouldn't be any actions - just temporal actions" ^^^^^^^^^^^ AssertionError: There shouldn't be any actions - just temporal actions ('translate/translate.py', '/home/david/work/tchecker-experiments/pddl-domains/painter-impossible/domain.pddl', '/home/david/work/tchecker-experiments/pddl-domains/painter-impossible/instances/instance_1_4.pddl') {} Traceback (most recent call last): File "/home/david/work/tchecker-experiments/./sources/tfd/downward/tfd", line 44, in <module> main(domain, problem, result_name, config) ~~~~^^^^^^^^^^^^^^^^^^^^^^^^^^^^^^^^^^^^^^ File "/home/david/work/tchecker-experiments/./sources/tfd/downward/tfd", line 23, in main run("translate/translate.py", domain, problem) ~~~^^^^^^^^^^^^^^^^^^^^^^^^^^^^^^^^^^^^^^^^^^^ File "/home/david/work/tchecker-experiments/./sources/tfd/downward/tfd", line 20, in run subprocess.check_call(sum([arg.split("+") for arg in args],[]), **redirections) ~~~~~~~~~~~~~~~~~~~~~^^^^^^^^^^^^^^^^^^^^^^^^^^^^^^^^^^^^^^^^^^^^^^^^^^^^^^^^^^ File "/usr/lib/python3.13/subprocess.py", line 419, in check_call raise CalledProcessError(retcode, cmd) subprocess.CalledProcessError: Command '['translate/translate.py', '/home/david/work/tchecker-experiments/pddl-domains/painter-impossible/domain.pddl', '/home/david/work/tchecker-experiments/pddl-domains/painter-impossible/instances/instance_1_4.pddl']' returned non-zero exit status 1. >%<0>%<0.07>%<16568 
painter-impossible>%<instance_1_4>%<optic>%<okay>%<
painter-impossible>%<instance_1_4>%<popf3-ground>%<okay>%<Warnings encountered when parsing Domain/Problem File ----------------------------------------------------- The supplied domain/problem file appear to violate part of the PDDL language specification. Specifically: Errors: 0, warnings: 57 ./ground-pddl-problems/painter-impossible/instance_1_4_domain.pddl: line: 46: Warning: Undeclared requirement :negative-preconditions ./ground-pddl-problems/painter-impossible/instance_1_4_domain.pddl: line: 47: Warning: Undeclared requirement :negative-preconditions ./ground-pddl-problems/painter-impossible/instance_1_4_domain.pddl: line: 61: Warning: Undeclared requirement :negative-preconditions ./ground-pddl-problems/painter-impossible/instance_1_4_domain.pddl: line: 62: Warning: Undeclared requirement :negative-preconditions ./ground-pddl-problems/painter-impossible/instance_1_4_domain.pddl: line: 76: Warning: Undeclared requirement :negative-preconditions ./ground-pddl-problems/painter-impossible/instance_1_4_domain.pddl: line: 77: Warning: Undeclared requirement :negative-preconditions ./ground-pddl-problems/painter-impossible/instance_1_4_domain.pddl: line: 91: Warning: Undeclared requirement :negative-preconditions ./ground-pddl-problems/painter-impossible/instance_1_4_domain.pddl: line: 92: Warning: Undeclared requirement :negative-preconditions ./ground-pddl-problems/painter-impossible/instance_1_4_domain.pddl: line: 106: Warning: Undeclared requirement :negative-preconditions ./ground-pddl-problems/painter-impossible/instance_1_4_domain.pddl: line: 107: Warning: Undeclared requirement :negative-preconditions ./ground-pddl-problems/painter-impossible/instance_1_4_domain.pddl: line: 121: Warning: Undeclared requirement :negative-preconditions ./ground-pddl-problems/painter-impossible/instance_1_4_domain.pddl: line: 122: Warning: Undeclared requirement :negative-preconditions ./ground-pddl-problems/painter-impossible/instance_1_4_domain.pddl: line: 154: Warning: Undeclared requirement :duration-inequalities ./ground-pddl-problems/painter-impossible/instance_1_4_domain.pddl: line: 155: Warning: Undeclared requirement :duration-inequalities ./ground-pddl-problems/painter-impossible/instance_1_4_domain.pddl: line: 161: Warning: Undeclared requirement :negative-preconditions ./ground-pddl-problems/painter-impossible/instance_1_4_domain.pddl: line: 162: Warning: Undeclared requirement :negative-preconditions ./ground-pddl-problems/painter-impossible/instance_1_4_domain.pddl: line: 163: Warning: Undeclared requirement :negative-preconditions ./ground-pddl-problems/painter-impossible/instance_1_4_domain.pddl: line: 176: Warning: Undeclared requirement :durative-actions ./ground-pddl-problems/painter-impossible/instance_1_4_domain.pddl: line: 181: Warning: Undeclared requirement :duration-inequalities ./ground-pddl-problems/painter-impossible/instance_1_4_domain.pddl: line: 182: Warning: Undeclared requirement :duration-inequalities ./ground-pddl-problems/painter-impossible/instance_1_4_domain.pddl: line: 188: Warning: Undeclared requirement :negative-preconditions ./ground-pddl-problems/painter-impossible/instance_1_4_domain.pddl: line: 189: Warning: Undeclared requirement :negative-preconditions ./ground-pddl-problems/painter-impossible/instance_1_4_domain.pddl: line: 190: Warning: Undeclared requirement :negative-preconditions ./ground-pddl-problems/painter-impossible/instance_1_4_domain.pddl: line: 203: Warning: Undeclared requirement :durative-actions ./ground-pddl-problems/painter-impossible/instance_1_4_domain.pddl: line: 208: Warning: Undeclared requirement :duration-inequalities ./ground-pddl-problems/painter-impossible/instance_1_4_domain.pddl: line: 209: Warning: Undeclared requirement :duration-inequalities ./ground-pddl-problems/painter-impossible/instance_1_4_domain.pddl: line: 215: Warning: Undeclared requirement :negative-preconditions ./ground-pddl-problems/painter-impossible/instance_1_4_domain.pddl: line: 216: Warning: Undeclared requirement :negative-preconditions ./ground-pddl-problems/painter-impossible/instance_1_4_domain.pddl: line: 217: Warning: Undeclared requirement :negative-preconditions ./ground-pddl-problems/painter-impossible/instance_1_4_domain.pddl: line: 230: Warning: Undeclared requirement :durative-actions ./ground-pddl-problems/painter-impossible/instance_1_4_domain.pddl: line: 235: Warning: Undeclared requirement :duration-inequalities ./ground-pddl-problems/painter-impossible/instance_1_4_domain.pddl: line: 236: Warning: Undeclared requirement :duration-inequalities ./ground-pddl-problems/painter-impossible/instance_1_4_domain.pddl: line: 245: Warning: Undeclared requirement :durative-actions ./ground-pddl-problems/painter-impossible/instance_1_4_domain.pddl: line: 250: Warning: Undeclared requirement :duration-inequalities ./ground-pddl-problems/painter-impossible/instance_1_4_domain.pddl: line: 251: Warning: Undeclared requirement :duration-inequalities ./ground-pddl-problems/painter-impossible/instance_1_4_domain.pddl: line: 260: Warning: Undeclared requirement :durative-actions ./ground-pddl-problems/painter-impossible/instance_1_4_domain.pddl: line: 265: Warning: Undeclared requirement :duration-inequalities ./ground-pddl-problems/painter-impossible/instance_1_4_domain.pddl: line: 266: Warning: Undeclared requirement :duration-inequalities ./ground-pddl-problems/painter-impossible/instance_1_4_domain.pddl: line: 275: Warning: Undeclared requirement :durative-actions ./ground-pddl-problems/painter-impossible/instance_1_4_domain.pddl: line: 280: Warning: Undeclared requirement :duration-inequalities ./ground-pddl-problems/painter-impossible/instance_1_4_domain.pddl: line: 281: Warning: Undeclared requirement :duration-inequalities ./ground-pddl-problems/painter-impossible/instance_1_4_domain.pddl: line: 292: Warning: Undeclared requirement :durative-actions ./ground-pddl-problems/painter-impossible/instance_1_4_domain.pddl: line: 297: Warning: Undeclared requirement :duration-inequalities ./ground-pddl-problems/painter-impossible/instance_1_4_domain.pddl: line: 298: Warning: Undeclared requirement :duration-inequalities ./ground-pddl-problems/painter-impossible/instance_1_4_domain.pddl: line: 309: Warning: Undeclared requirement :durative-actions ./ground-pddl-problems/painter-impossible/instance_1_4_domain.pddl: line: 314: Warning: Undeclared requirement :duration-inequalities ./ground-pddl-problems/painter-impossible/instance_1_4_domain.pddl: line: 315: Warning: Undeclared requirement :duration-inequalities ./ground-pddl-problems/painter-impossible/instance_1_4_domain.pddl: line: 326: Warning: Undeclared requirement :durative-actions ./ground-pddl-problems/painter-impossible/instance_1_4_domain.pddl: line: 331: Warning: Undeclared requirement :duration-inequalities ./ground-pddl-problems/painter-impossible/instance_1_4_domain.pddl: line: 332: Warning: Undeclared requirement :duration-inequalities ./ground-pddl-problems/painter-impossible/instance_1_4_domain.pddl: line: 340: Warning: Undeclared requirement :durative-actions ./ground-pddl-problems/painter-impossible/instance_1_4_domain.pddl: line: 345: Warning: Undeclared requirement :duration-inequalities ./ground-pddl-problems/painter-impossible/instance_1_4_domain.pddl: line: 346: Warning: Undeclared requirement :duration-inequalities ./ground-pddl-problems/painter-impossible/instance_1_4_domain.pddl: line: 354: Warning: Undeclared requirement :durative-actions ./ground-pddl-problems/painter-impossible/instance_1_4_domain.pddl: line: 359: Warning: Undeclared requirement :duration-inequalities ./ground-pddl-problems/painter-impossible/instance_1_4_domain.pddl: line: 360: Warning: Undeclared requirement :duration-inequalities ./ground-pddl-problems/painter-impossible/instance_1_4_domain.pddl: line: 368: Warning: Undeclared requirement :durative-actions The planner will continue, but you may wish to fix your files accordingly Number of literals: 32 Constructing lookup tables: [10%] [20%] [30%] [40%] [50%] [60%] [70%] [80%] [90%] [100%] [110%] [120%] [130%] [140%] [150%] [160%] [170%] [180%] [190%] Post filtering unreachable actions: [10%] [20%] [30%] [40%] [50%] [60%] [70%] [80%] [90%] [100%] [110%] [120%] [130%] [140%] [150%] [160%] [170%] [180%] [190%] [01;34mNo analytic limits found, not considering limit effects of goal-only operators[00m 25% of the ground temporal actions in this problem are compression-safe Initial heuristic = 9.000 Command exited with non-zero status 139 >%<139>%<0.09>%<11532 
painter-impossible>%<instance_1_4>%<nextflap>%<okay>%<;Parsing time: 0 ;Preprocessing time: 0 ;Grounding time: 0 ;SAS translation time: 0 ;Filter repeated states: 1 ;H: 65535 (0) >%<0>%<0.00>%<6264 
painter-impossible>%<instance_1_4>%<tck-aLU>%<okay>%<ERROR: cannot open ./tck-dir/painter-impossible/instance_1_4.tck: No such file or directory Command exited with non-zero status 1 >%<1>%<0.00>%<5360 
painter-impossible>%<instance_1_4>%<nuxmv>%<okay>%<*** This is nuXmv 2.1.0 (compiled on Fri Nov 29 13:41:31 2024) *** Copyright (c) 2014-2024, Fondazione Bruno Kessler *** For more information on nuXmv see https://nuxmv.fbk.eu *** or email to <nuxmv@fbk.eu>. *** Please report bugs at Please report bugs to <nusmv-users@fbk.eu> *** (click on "Login Anonymously" to access) *** Alternatively write to <nuxmv@fbk.eu>.  *** This version of nuXmv is linked to NuSMV 2.7.0. *** For more information on NuSMV see <http://nusmv.fbk.eu> *** or email to <nusmv-users@fbk.eu>. *** Copyright (C) 2010-2024, Fondazione Bruno Kessler  *** This version of nuXmv is linked to the CUDD library version 2.4.1 *** Copyright (c) 1995-2004, Regents of the University of Colorado  *** This version of nuXmv is linked to the MiniSat SAT solver.  *** See http://minisat.se/MiniSat.html *** Copyright (c) 2003-2006, Niklas Een, Niklas Sorensson *** Copyright (c) 2007-2010, Niklas Sorensson  *** This version of nuXmv is linked to MathSAT *** Copyright (C) 2009-2019 by Fondazione Bruno Kessler *** Copyright (C) 2009-2019 by University of Trento and others *** See http://mathsat.fbk.eu  nuXmv >  file ./nuxmv-dir/painter-impossible/instance_1_4.smv: line 1: cannot open input file ./nuxmv-dir/painter-impossible/instance_1_4.smv nuXmv >  Use "quit" to leave NuSMV. nuXmv >  Use "quit" to leave NuSMV. nuXmv >  Use "quit" to leave NuSMV. nuXmv >  Use "quit" to leave NuSMV. nuXmv >  Use "quit" to leave NuSMV. nuXmv > >%<0>%<0.01>%<32848 
painter-impossible>%<instance_1_4>%<uppaal>%<okay>%<Error opening './uppaal-dir/painter-impossible/instance_1_4.ta': No such file or directory Command exited with non-zero status 1 >%<1>%<0.00>%<8784 
painter-impossible>%<instance_1_4>%<nuxmv-ground>%<okay>%<*** This is nuXmv 2.1.0 (compiled on Fri Nov 29 13:41:31 2024) *** Copyright (c) 2014-2024, Fondazione Bruno Kessler *** For more information on nuXmv see https://nuxmv.fbk.eu *** or email to <nuxmv@fbk.eu>. *** Please report bugs at Please report bugs to <nusmv-users@fbk.eu> *** (click on "Login Anonymously" to access) *** Alternatively write to <nuxmv@fbk.eu>.  *** This version of nuXmv is linked to NuSMV 2.7.0. *** For more information on NuSMV see <http://nusmv.fbk.eu> *** or email to <nusmv-users@fbk.eu>. *** Copyright (C) 2010-2024, Fondazione Bruno Kessler  *** This version of nuXmv is linked to the CUDD library version 2.4.1 *** Copyright (c) 1995-2004, Regents of the University of Colorado  *** This version of nuXmv is linked to the MiniSat SAT solver.  *** See http://minisat.se/MiniSat.html *** Copyright (c) 2003-2006, Niklas Een, Niklas Sorensson *** Copyright (c) 2007-2010, Niklas Sorensson  *** This version of nuXmv is linked to MathSAT *** Copyright (C) 2009-2019 by Fondazione Bruno Kessler *** Copyright (C) 2009-2019 by University of Trento and others *** See http://mathsat.fbk.eu  nuXmv >  file ./nuxmv-dir/painter-impossible/instance_1_4.smv: line 1: cannot open input file ./nuxmv-dir/painter-impossible/instance_1_4.smv nuXmv >  Use "quit" to leave NuSMV. nuXmv >  Use "quit" to leave NuSMV. nuXmv >  Use "quit" to leave NuSMV. nuXmv >  Use "quit" to leave NuSMV. nuXmv >  Use "quit" to leave NuSMV. nuXmv > >%<0>%<0.00>%<32396 
painter-impossible>%<instance_1_4>%<uppaal-ground>%<okay>%<Error opening './uppaal-dir/painter-impossible/instance_1_4.ta': No such file or directory Command exited with non-zero status 1 >%<1>%<0.00>%<8944 
painter-impossible>%<instance_2_2>%<grounder>%<okay>%<Warnings encountered when parsing Domain/Problem File -----------------------------------------------------  The supplied domain/problem file appear to violate part of the PDDL language specification.  Specifically:  Errors: 0, warnings: 2 pddl-domains/painter-impossible/domain.pddl: line: 48: Warning: Undeclared requirement :conditional-effects  pddl-domains/painter-impossible/domain.pddl: line: 49: Warning: Undeclared requirement :conditional-effects   The planner will continue, but you may wish to fix your files accordingly One way facts... Semaphore Facts... Envelope Facts... One-shot actions... (make_treatment1 i0 i1 t1 last_t) is 1 shot (make_treatment1 i0 i1 t0 t1) is 1 shot Integral variables... Variable bounds... Static numeric conditions... Duration bounds... TIL time window analysis... Bounding action timestamps due to time windows... Dominance constraints (excluding processes and events)... Damaging events... Dominance constraints (including processes and events)... Variable monotonicity... Max/min needed values for any single precondition... Irrelevant action pruning by backward reachability from goal... Uninterestingness criteria... Compression-safe actions... Compression-safe invariants... -- Writing ground PDDL >%<0>%<0.00>%<5328 
painter-impossible>%<instance_2_2>%<verified-encoder>%<okay>%<okok+ Domain File: ./ground-pddl-problems/painter-impossible/instance_2_2_domain.pddl + Problem File: ./ground-pddl-problems/painter-impossible/instance_2_2_problem.pddl + Network File: ./muntax-dir/painter-impossible/instance_2_2.muntax Parse error at -:10.2-10.2: Expected '(', lparen, problem or end of file.   Command exited with non-zero status 1 >%<1>%<0.00>%<5568 
painter-impossible>%<instance_2_2>%<model-converter>%<file missing>%<No model to convert. Expected: ./muntax-dir/painter-impossible/instance_2_2.muntax
painter-impossible>%<instance_2_2>%<tck-covreach>%<okay>%<ERROR: cannot open ./tck-dir/painter-impossible/instance_2_2.tck: No such file or directory Command exited with non-zero status 1 >%<1>%<0.00>%<5600 
painter-impossible>%<instance_2_2>%<cert-conv>%<file missing>%<No model to obtain renaming. Expected: ./muntax-dir/painter-impossible/instance_2_2.muntax
painter-impossible>%<instance_2_2>%<muntac-cert-check>%<file missing>%<No model to obtain renaming. Expected: ./muntax-dir/painter-impossible/instance_2_2.muntax
painter-impossible>%<instance_2_2>%<tamer-ctp>%<okay>%<ERROR: An error of type ParserError was thrown during the execution of TAMER. The reported error is: ParserError: Unknown character ':' at line23 Command exited with non-zero status 1 >%<1>%<0.00>%<5600 
painter-impossible>%<instance_2_2>%<tamer-ftp>%<okay>%<ERROR: An error of type ParserError was thrown during the execution of TAMER. The reported error is: ParserError: Unknown character ':' at line23 Command exited with non-zero status 1 >%<1>%<0.00>%<5328 
painter-impossible>%<instance_2_2>%<tamer-ctp-ground>%<okay>%<environment: line 1: 458307 Segmentation fault         (core dumped) ./tamer solve -a $mode -t constant-promoter -P $problem $domain Command exited with non-zero status 139 >%<139>%<0.09>%<5416 
painter-impossible>%<instance_2_2>%<tamer-ftp-ground>%<okay>%<environment: line 1: 458330 Segmentation fault         (core dumped) ./tamer solve -a $mode -t constant-promoter -P $problem $domain Command exited with non-zero status 139 >%<139>%<0.05>%<5616 
painter-impossible>%<instance_2_2>%<tfd>%<okay>%<Parsing... Contains quantified condition(s): False Instantiating... Unbound effect variables: Adding @object predicate. Trivial rules: Converted to facts. Starting instantiation [64 rules]... Finding invariants... Finding invariants... 29 initial candidates [0.000s CPU, 0.005s wall-clock] Checking invariant weight... [0.000s CPU, 0.000s wall-clock] Instantiating groups... Choosing groups... 43 uncovered facts (before using the results from the invariant synthesis) 34 uncovered facts Building translation key... Building STRIPS to SAS dictionary... Translating task... Traceback (most recent call last): File "/home/david/work/tchecker-experiments/sources/tfd/downward/translate/translate.py", line 1108, in <module> sas_task = pddl_to_sas(task) File "/home/david/work/tchecker-experiments/sources/tfd/downward/translate/translate.py", line 994, in pddl_to_sas assert not actions, "There shouldn't be any actions - just temporal actions" ^^^^^^^^^^^ AssertionError: There shouldn't be any actions - just temporal actions ('translate/translate.py', '/home/david/work/tchecker-experiments/pddl-domains/painter-impossible/domain.pddl', '/home/david/work/tchecker-experiments/pddl-domains/painter-impossible/instances/instance_2_2.pddl') {} Traceback (most recent call last): File "/home/david/work/tchecker-experiments/./sources/tfd/downward/tfd", line 44, in <module> main(domain, problem, result_name, config) ~~~~^^^^^^^^^^^^^^^^^^^^^^^^^^^^^^^^^^^^^^ File "/home/david/work/tchecker-experiments/./sources/tfd/downward/tfd", line 23, in main run("translate/translate.py", domain, problem) ~~~^^^^^^^^^^^^^^^^^^^^^^^^^^^^^^^^^^^^^^^^^^^ File "/home/david/work/tchecker-experiments/./sources/tfd/downward/tfd", line 20, in run subprocess.check_call(sum([arg.split("+") for arg in args],[]), **redirections) ~~~~~~~~~~~~~~~~~~~~~^^^^^^^^^^^^^^^^^^^^^^^^^^^^^^^^^^^^^^^^^^^^^^^^^^^^^^^^^^ File "/usr/lib/python3.13/subprocess.py", line 419, in check_call raise CalledProcessError(retcode, cmd) subprocess.CalledProcessError: Command '['translate/translate.py', '/home/david/work/tchecker-experiments/pddl-domains/painter-impossible/domain.pddl', '/home/david/work/tchecker-experiments/pddl-domains/painter-impossible/instances/instance_2_2.pddl']' returned non-zero exit status 1. >%<0>%<0.06>%<16268 
painter-impossible>%<instance_2_2>%<optic>%<okay>%<
painter-impossible>%<instance_2_2>%<popf3-ground>%<okay>%<Critical Errors Encountered in Domain/Problem File -------------------------------------------------- Due to critical errors in the supplied domain/problem file, the planner has to terminate. The errors encountered are as follows: Errors: 1, warnings: 0 ./ground-pddl-problems/painter-impossible/instance_2_2_domain.pddl: line: 30: Error: Syntax error in domain >%<0>%<0.00>%<9072 
painter-impossible>%<instance_2_2>%<nextflap>%<okay>%<;Parsing time: 0 ;Preprocessing time: 0 terminate called after throwing an instance of 'PlannerException' what(): Goals not reached >%<0>%<0.08>%<5328 
painter-impossible>%<instance_2_2>%<tck-aLU>%<okay>%<ERROR: cannot open ./tck-dir/painter-impossible/instance_2_2.tck: No such file or directory Command exited with non-zero status 1 >%<1>%<0.00>%<5584 
painter-impossible>%<instance_2_2>%<nuxmv>%<okay>%<*** This is nuXmv 2.1.0 (compiled on Fri Nov 29 13:41:31 2024) *** Copyright (c) 2014-2024, Fondazione Bruno Kessler *** For more information on nuXmv see https://nuxmv.fbk.eu *** or email to <nuxmv@fbk.eu>. *** Please report bugs at Please report bugs to <nusmv-users@fbk.eu> *** (click on "Login Anonymously" to access) *** Alternatively write to <nuxmv@fbk.eu>.  *** This version of nuXmv is linked to NuSMV 2.7.0. *** For more information on NuSMV see <http://nusmv.fbk.eu> *** or email to <nusmv-users@fbk.eu>. *** Copyright (C) 2010-2024, Fondazione Bruno Kessler  *** This version of nuXmv is linked to the CUDD library version 2.4.1 *** Copyright (c) 1995-2004, Regents of the University of Colorado  *** This version of nuXmv is linked to the MiniSat SAT solver.  *** See http://minisat.se/MiniSat.html *** Copyright (c) 2003-2006, Niklas Een, Niklas Sorensson *** Copyright (c) 2007-2010, Niklas Sorensson  *** This version of nuXmv is linked to MathSAT *** Copyright (C) 2009-2019 by Fondazione Bruno Kessler *** Copyright (C) 2009-2019 by University of Trento and others *** See http://mathsat.fbk.eu  nuXmv >  file ./nuxmv-dir/painter-impossible/instance_2_2.smv: line 1: cannot open input file ./nuxmv-dir/painter-impossible/instance_2_2.smv nuXmv >  Use "quit" to leave NuSMV. nuXmv >  Use "quit" to leave NuSMV. nuXmv >  Use "quit" to leave NuSMV. nuXmv >  Use "quit" to leave NuSMV. nuXmv >  Use "quit" to leave NuSMV. nuXmv > >%<0>%<0.00>%<32840 
painter-impossible>%<instance_2_2>%<uppaal>%<okay>%<Error opening './uppaal-dir/painter-impossible/instance_2_2.ta': No such file or directory Command exited with non-zero status 1 >%<1>%<0.00>%<9080 
painter-impossible>%<instance_2_2>%<nuxmv-ground>%<okay>%<*** This is nuXmv 2.1.0 (compiled on Fri Nov 29 13:41:31 2024) *** Copyright (c) 2014-2024, Fondazione Bruno Kessler *** For more information on nuXmv see https://nuxmv.fbk.eu *** or email to <nuxmv@fbk.eu>. *** Please report bugs at Please report bugs to <nusmv-users@fbk.eu> *** (click on "Login Anonymously" to access) *** Alternatively write to <nuxmv@fbk.eu>.  *** This version of nuXmv is linked to NuSMV 2.7.0. *** For more information on NuSMV see <http://nusmv.fbk.eu> *** or email to <nusmv-users@fbk.eu>. *** Copyright (C) 2010-2024, Fondazione Bruno Kessler  *** This version of nuXmv is linked to the CUDD library version 2.4.1 *** Copyright (c) 1995-2004, Regents of the University of Colorado  *** This version of nuXmv is linked to the MiniSat SAT solver.  *** See http://minisat.se/MiniSat.html *** Copyright (c) 2003-2006, Niklas Een, Niklas Sorensson *** Copyright (c) 2007-2010, Niklas Sorensson  *** This version of nuXmv is linked to MathSAT *** Copyright (C) 2009-2019 by Fondazione Bruno Kessler *** Copyright (C) 2009-2019 by University of Trento and others *** See http://mathsat.fbk.eu  nuXmv >  file ./nuxmv-dir/painter-impossible/instance_2_2.smv: line 5: at token ";": syntax error nuXmv >  Use "quit" to leave NuSMV. nuXmv >  Use "quit" to leave NuSMV. nuXmv >  Use "quit" to leave NuSMV. nuXmv >  Use "quit" to leave NuSMV. nuXmv >  Use "quit" to leave NuSMV. nuXmv > >%<0>%<0.01>%<32944 
painter-impossible>%<instance_2_2>%<uppaal-ground>%<okay>%<./uppaal-dir/painter-impossible/instance_2_2.ta::16: [error] syntax error: unexpected end of file. Command exited with non-zero status 1 >%<1>%<0.00>%<9788 
painter-impossible>%<instance_2_3>%<grounder>%<okay>%<Warnings encountered when parsing Domain/Problem File -----------------------------------------------------  The supplied domain/problem file appear to violate part of the PDDL language specification.  Specifically:  Errors: 0, warnings: 2 pddl-domains/painter-impossible/domain.pddl: line: 48: Warning: Undeclared requirement :conditional-effects  pddl-domains/painter-impossible/domain.pddl: line: 49: Warning: Undeclared requirement :conditional-effects   The planner will continue, but you may wish to fix your files accordingly One way facts... Semaphore Facts... Envelope Facts... One-shot actions... (make_treatment1 i0 i1 t1 last_t) is 1 shot (make_treatment1 i1 i2 t1 last_t) is 1 shot (make_treatment1 i0 i1 t0 t1) is 1 shot (make_treatment1 i1 i2 t0 t1) is 1 shot Integral variables... Variable bounds... Static numeric conditions... Duration bounds... TIL time window analysis... Bounding action timestamps due to time windows... Dominance constraints (excluding processes and events)... Damaging events... Dominance constraints (including processes and events)... Variable monotonicity... Max/min needed values for any single precondition... Irrelevant action pruning by backward reachability from goal... Uninterestingness criteria... Compression-safe actions... Compression-safe invariants... 25% of durative actions in this problem are compression safe -- Writing ground PDDL >%<0>%<0.00>%<5616 
painter-impossible>%<instance_2_3>%<verified-encoder>%<okay>%<okok+ Domain File: ./ground-pddl-problems/painter-impossible/instance_2_3_domain.pddl + Problem File: ./ground-pddl-problems/painter-impossible/instance_2_3_problem.pddl + Network File: ./muntax-dir/painter-impossible/instance_2_3.muntax Parse error at -:109.2-109.2: Expected ')', rparen, domain or end of file.   Command exited with non-zero status 1 >%<1>%<0.00>%<5588 
painter-impossible>%<instance_2_3>%<model-converter>%<file missing>%<No model to convert. Expected: ./muntax-dir/painter-impossible/instance_2_3.muntax
painter-impossible>%<instance_2_3>%<tck-covreach>%<okay>%<ERROR: cannot open ./tck-dir/painter-impossible/instance_2_3.tck: No such file or directory Command exited with non-zero status 1 >%<1>%<0.00>%<5584 
painter-impossible>%<instance_2_3>%<cert-conv>%<file missing>%<No model to obtain renaming. Expected: ./muntax-dir/painter-impossible/instance_2_3.muntax
painter-impossible>%<instance_2_3>%<muntac-cert-check>%<file missing>%<No model to obtain renaming. Expected: ./muntax-dir/painter-impossible/instance_2_3.muntax
painter-impossible>%<instance_2_3>%<tamer-ctp>%<okay>%<ERROR: An error of type ParserError was thrown during the execution of TAMER. The reported error is: ParserError: Unknown character ':' at line23 Command exited with non-zero status 1 >%<1>%<0.00>%<5584 
painter-impossible>%<instance_2_3>%<tamer-ftp>%<okay>%<ERROR: An error of type ParserError was thrown during the execution of TAMER. The reported error is: ParserError: Unknown character ':' at line23 Command exited with non-zero status 1 >%<1>%<0.00>%<5680 
painter-impossible>%<instance_2_3>%<tamer-ctp-ground>%<okay>%<ERROR: An error of type ParserError was thrown during the execution of TAMER. The reported error is: ParserError: Unknown character ':' at line49 Command exited with non-zero status 1 >%<1>%<0.00>%<5584 
painter-impossible>%<instance_2_3>%<tamer-ftp-ground>%<okay>%<ERROR: An error of type ParserError was thrown during the execution of TAMER. The reported error is: ParserError: Unknown character ':' at line49 Command exited with non-zero status 1 >%<1>%<0.00>%<5584 
painter-impossible>%<instance_2_3>%<tfd>%<okay>%<Parsing... Contains quantified condition(s): False Instantiating... Unbound effect variables: Adding @object predicate. Trivial rules: Converted to facts. Starting instantiation [64 rules]... Finding invariants... Finding invariants... 29 initial candidates [0.000s CPU, 0.005s wall-clock] Checking invariant weight... [0.000s CPU, 0.000s wall-clock] Instantiating groups... Choosing groups... 69 uncovered facts (before using the results from the invariant synthesis) 55 uncovered facts Building translation key... Building STRIPS to SAS dictionary... Translating task... Traceback (most recent call last): File "/home/david/work/tchecker-experiments/sources/tfd/downward/translate/translate.py", line 1108, in <module> sas_task = pddl_to_sas(task) File "/home/david/work/tchecker-experiments/sources/tfd/downward/translate/translate.py", line 994, in pddl_to_sas assert not actions, "There shouldn't be any actions - just temporal actions" ^^^^^^^^^^^ AssertionError: There shouldn't be any actions - just temporal actions ('translate/translate.py', '/home/david/work/tchecker-experiments/pddl-domains/painter-impossible/domain.pddl', '/home/david/work/tchecker-experiments/pddl-domains/painter-impossible/instances/instance_2_3.pddl') {} Traceback (most recent call last): File "/home/david/work/tchecker-experiments/./sources/tfd/downward/tfd", line 44, in <module> main(domain, problem, result_name, config) ~~~~^^^^^^^^^^^^^^^^^^^^^^^^^^^^^^^^^^^^^^ File "/home/david/work/tchecker-experiments/./sources/tfd/downward/tfd", line 23, in main run("translate/translate.py", domain, problem) ~~~^^^^^^^^^^^^^^^^^^^^^^^^^^^^^^^^^^^^^^^^^^^ File "/home/david/work/tchecker-experiments/./sources/tfd/downward/tfd", line 20, in run subprocess.check_call(sum([arg.split("+") for arg in args],[]), **redirections) ~~~~~~~~~~~~~~~~~~~~~^^^^^^^^^^^^^^^^^^^^^^^^^^^^^^^^^^^^^^^^^^^^^^^^^^^^^^^^^^ File "/usr/lib/python3.13/subprocess.py", line 419, in check_call raise CalledProcessError(retcode, cmd) subprocess.CalledProcessError: Command '['translate/translate.py', '/home/david/work/tchecker-experiments/pddl-domains/painter-impossible/domain.pddl', '/home/david/work/tchecker-experiments/pddl-domains/painter-impossible/instances/instance_2_3.pddl']' returned non-zero exit status 1. >%<0>%<0.07>%<15996 
painter-impossible>%<instance_2_3>%<optic>%<okay>%<
painter-impossible>%<instance_2_3>%<popf3-ground>%<okay>%<Warnings encountered when parsing Domain/Problem File ----------------------------------------------------- The supplied domain/problem file appear to violate part of the PDDL language specification. Specifically: Errors: 0, warnings: 68 ./ground-pddl-problems/painter-impossible/instance_2_3_domain.pddl: line: 53: Warning: Undeclared requirement :negative-preconditions ./ground-pddl-problems/painter-impossible/instance_2_3_domain.pddl: line: 54: Warning: Undeclared requirement :negative-preconditions ./ground-pddl-problems/painter-impossible/instance_2_3_domain.pddl: line: 68: Warning: Undeclared requirement :negative-preconditions ./ground-pddl-problems/painter-impossible/instance_2_3_domain.pddl: line: 69: Warning: Undeclared requirement :negative-preconditions ./ground-pddl-problems/painter-impossible/instance_2_3_domain.pddl: line: 83: Warning: Undeclared requirement :negative-preconditions ./ground-pddl-problems/painter-impossible/instance_2_3_domain.pddl: line: 84: Warning: Undeclared requirement :negative-preconditions ./ground-pddl-problems/painter-impossible/instance_2_3_domain.pddl: line: 98: Warning: Undeclared requirement :negative-preconditions ./ground-pddl-problems/painter-impossible/instance_2_3_domain.pddl: line: 99: Warning: Undeclared requirement :negative-preconditions ./ground-pddl-problems/painter-impossible/instance_2_3_domain.pddl: line: 133: Warning: Undeclared requirement :duration-inequalities ./ground-pddl-problems/painter-impossible/instance_2_3_domain.pddl: line: 134: Warning: Undeclared requirement :duration-inequalities ./ground-pddl-problems/painter-impossible/instance_2_3_domain.pddl: line: 140: Warning: Undeclared requirement :negative-preconditions ./ground-pddl-problems/painter-impossible/instance_2_3_domain.pddl: line: 141: Warning: Undeclared requirement :negative-preconditions ./ground-pddl-problems/painter-impossible/instance_2_3_domain.pddl: line: 142: Warning: Undeclared requirement :negative-preconditions ./ground-pddl-problems/painter-impossible/instance_2_3_domain.pddl: line: 155: Warning: Undeclared requirement :durative-actions ./ground-pddl-problems/painter-impossible/instance_2_3_domain.pddl: line: 160: Warning: Undeclared requirement :duration-inequalities ./ground-pddl-problems/painter-impossible/instance_2_3_domain.pddl: line: 161: Warning: Undeclared requirement :duration-inequalities ./ground-pddl-problems/painter-impossible/instance_2_3_domain.pddl: line: 167: Warning: Undeclared requirement :negative-preconditions ./ground-pddl-problems/painter-impossible/instance_2_3_domain.pddl: line: 168: Warning: Undeclared requirement :negative-preconditions ./ground-pddl-problems/painter-impossible/instance_2_3_domain.pddl: line: 169: Warning: Undeclared requirement :negative-preconditions ./ground-pddl-problems/painter-impossible/instance_2_3_domain.pddl: line: 182: Warning: Undeclared requirement :durative-actions ./ground-pddl-problems/painter-impossible/instance_2_3_domain.pddl: line: 187: Warning: Undeclared requirement :duration-inequalities ./ground-pddl-problems/painter-impossible/instance_2_3_domain.pddl: line: 188: Warning: Undeclared requirement :duration-inequalities ./ground-pddl-problems/painter-impossible/instance_2_3_domain.pddl: line: 194: Warning: Undeclared requirement :negative-preconditions ./ground-pddl-problems/painter-impossible/instance_2_3_domain.pddl: line: 195: Warning: Undeclared requirement :negative-preconditions ./ground-pddl-problems/painter-impossible/instance_2_3_domain.pddl: line: 196: Warning: Undeclared requirement :negative-preconditions ./ground-pddl-problems/painter-impossible/instance_2_3_domain.pddl: line: 209: Warning: Undeclared requirement :durative-actions ./ground-pddl-problems/painter-impossible/instance_2_3_domain.pddl: line: 214: Warning: Undeclared requirement :duration-inequalities ./ground-pddl-problems/painter-impossible/instance_2_3_domain.pddl: line: 215: Warning: Undeclared requirement :duration-inequalities ./ground-pddl-problems/painter-impossible/instance_2_3_domain.pddl: line: 221: Warning: Undeclared requirement :negative-preconditions ./ground-pddl-problems/painter-impossible/instance_2_3_domain.pddl: line: 222: Warning: Undeclared requirement :negative-preconditions ./ground-pddl-problems/painter-impossible/instance_2_3_domain.pddl: line: 223: Warning: Undeclared requirement :negative-preconditions ./ground-pddl-problems/painter-impossible/instance_2_3_domain.pddl: line: 236: Warning: Undeclared requirement :durative-actions ./ground-pddl-problems/painter-impossible/instance_2_3_domain.pddl: line: 241: Warning: Undeclared requirement :duration-inequalities ./ground-pddl-problems/painter-impossible/instance_2_3_domain.pddl: line: 242: Warning: Undeclared requirement :duration-inequalities ./ground-pddl-problems/painter-impossible/instance_2_3_domain.pddl: line: 251: Warning: Undeclared requirement :durative-actions ./ground-pddl-problems/painter-impossible/instance_2_3_domain.pddl: line: 256: Warning: Undeclared requirement :duration-inequalities ./ground-pddl-problems/painter-impossible/instance_2_3_domain.pddl: line: 257: Warning: Undeclared requirement :duration-inequalities ./ground-pddl-problems/painter-impossible/instance_2_3_domain.pddl: line: 266: Warning: Undeclared requirement :durative-actions ./ground-pddl-problems/painter-impossible/instance_2_3_domain.pddl: line: 271: Warning: Undeclared requirement :duration-inequalities ./ground-pddl-problems/painter-impossible/instance_2_3_domain.pddl: line: 272: Warning: Undeclared requirement :duration-inequalities ./ground-pddl-problems/painter-impossible/instance_2_3_domain.pddl: line: 281: Warning: Undeclared requirement :durative-actions ./ground-pddl-problems/painter-impossible/instance_2_3_domain.pddl: line: 286: Warning: Undeclared requirement :duration-inequalities ./ground-pddl-problems/painter-impossible/instance_2_3_domain.pddl: line: 287: Warning: Undeclared requirement :duration-inequalities ./ground-pddl-problems/painter-impossible/instance_2_3_domain.pddl: line: 296: Warning: Undeclared requirement :durative-actions ./ground-pddl-problems/painter-impossible/instance_2_3_domain.pddl: line: 301: Warning: Undeclared requirement :duration-inequalities ./ground-pddl-problems/painter-impossible/instance_2_3_domain.pddl: line: 302: Warning: Undeclared requirement :duration-inequalities ./ground-pddl-problems/painter-impossible/instance_2_3_domain.pddl: line: 313: Warning: Undeclared requirement :durative-actions ./ground-pddl-problems/painter-impossible/instance_2_3_domain.pddl: line: 318: Warning: Undeclared requirement :duration-inequalities ./ground-pddl-problems/painter-impossible/instance_2_3_domain.pddl: line: 319: Warning: Undeclared requirement :duration-inequalities ./ground-pddl-problems/painter-impossible/instance_2_3_domain.pddl: line: 330: Warning: Undeclared requirement :durative-actions ./ground-pddl-problems/painter-impossible/instance_2_3_domain.pddl: line: 335: Warning: Undeclared requirement :duration-inequalities ./ground-pddl-problems/painter-impossible/instance_2_3_domain.pddl: line: 336: Warning: Undeclared requirement :duration-inequalities ./ground-pddl-problems/painter-impossible/instance_2_3_domain.pddl: line: 347: Warning: Undeclared requirement :durative-actions ./ground-pddl-problems/painter-impossible/instance_2_3_domain.pddl: line: 352: Warning: Undeclared requirement :duration-inequalities ./ground-pddl-problems/painter-impossible/instance_2_3_domain.pddl: line: 353: Warning: Undeclared requirement :duration-inequalities ./ground-pddl-problems/painter-impossible/instance_2_3_domain.pddl: line: 364: Warning: Undeclared requirement :durative-actions ./ground-pddl-problems/painter-impossible/instance_2_3_domain.pddl: line: 369: Warning: Undeclared requirement :duration-inequalities ./ground-pddl-problems/painter-impossible/instance_2_3_domain.pddl: line: 370: Warning: Undeclared requirement :duration-inequalities ./ground-pddl-problems/painter-impossible/instance_2_3_domain.pddl: line: 378: Warning: Undeclared requirement :durative-actions ./ground-pddl-problems/painter-impossible/instance_2_3_domain.pddl: line: 383: Warning: Undeclared requirement :duration-inequalities ./ground-pddl-problems/painter-impossible/instance_2_3_domain.pddl: line: 384: Warning: Undeclared requirement :duration-inequalities ./ground-pddl-problems/painter-impossible/instance_2_3_domain.pddl: line: 392: Warning: Undeclared requirement :durative-actions ./ground-pddl-problems/painter-impossible/instance_2_3_domain.pddl: line: 397: Warning: Undeclared requirement :duration-inequalities ./ground-pddl-problems/painter-impossible/instance_2_3_domain.pddl: line: 398: Warning: Undeclared requirement :duration-inequalities ./ground-pddl-problems/painter-impossible/instance_2_3_domain.pddl: line: 406: Warning: Undeclared requirement :durative-actions ./ground-pddl-problems/painter-impossible/instance_2_3_domain.pddl: line: 411: Warning: Undeclared requirement :duration-inequalities ./ground-pddl-problems/painter-impossible/instance_2_3_domain.pddl: line: 412: Warning: Undeclared requirement :duration-inequalities ./ground-pddl-problems/painter-impossible/instance_2_3_domain.pddl: line: 420: Warning: Undeclared requirement :durative-actions The planner will continue, but you may wish to fix your files accordingly Number of literals: 40 Constructing lookup tables: [10%] [20%] [30%] [40%] [50%] [60%] [70%] [80%] [90%] [100%] Post filtering unreachable actions: [10%] [20%] [30%] [40%] [50%] [60%] [70%] [80%] [90%] [100%] [01;34mNo analytic limits found, not considering limit effects of goal-only operators[00m 25% of the ground temporal actions in this problem are compression-safe Initial heuristic = 9.000 Command exited with non-zero status 139 >%<139>%<0.07>%<11280 
painter-impossible>%<instance_2_3>%<nextflap>%<okay>%<;Parsing time: 0 ;Preprocessing time: 0 ;Grounding time: 0 ;SAS translation time: 0 ;Filter repeated states: 1 ;H: 65535 (0) >%<0>%<0.00>%<6272 
painter-impossible>%<instance_2_3>%<tck-aLU>%<okay>%<ERROR: cannot open ./tck-dir/painter-impossible/instance_2_3.tck: No such file or directory Command exited with non-zero status 1 >%<1>%<0.00>%<5592 
painter-impossible>%<instance_2_3>%<nuxmv>%<okay>%<*** This is nuXmv 2.1.0 (compiled on Fri Nov 29 13:41:31 2024) *** Copyright (c) 2014-2024, Fondazione Bruno Kessler *** For more information on nuXmv see https://nuxmv.fbk.eu *** or email to <nuxmv@fbk.eu>. *** Please report bugs at Please report bugs to <nusmv-users@fbk.eu> *** (click on "Login Anonymously" to access) *** Alternatively write to <nuxmv@fbk.eu>.  *** This version of nuXmv is linked to NuSMV 2.7.0. *** For more information on NuSMV see <http://nusmv.fbk.eu> *** or email to <nusmv-users@fbk.eu>. *** Copyright (C) 2010-2024, Fondazione Bruno Kessler  *** This version of nuXmv is linked to the CUDD library version 2.4.1 *** Copyright (c) 1995-2004, Regents of the University of Colorado  *** This version of nuXmv is linked to the MiniSat SAT solver.  *** See http://minisat.se/MiniSat.html *** Copyright (c) 2003-2006, Niklas Een, Niklas Sorensson *** Copyright (c) 2007-2010, Niklas Sorensson  *** This version of nuXmv is linked to MathSAT *** Copyright (C) 2009-2019 by Fondazione Bruno Kessler *** Copyright (C) 2009-2019 by University of Trento and others *** See http://mathsat.fbk.eu  nuXmv >  file ./nuxmv-dir/painter-impossible/instance_2_3.smv: line 1: cannot open input file ./nuxmv-dir/painter-impossible/instance_2_3.smv nuXmv >  Use "quit" to leave NuSMV. nuXmv >  Use "quit" to leave NuSMV. nuXmv >  Use "quit" to leave NuSMV. nuXmv >  Use "quit" to leave NuSMV. nuXmv >  Use "quit" to leave NuSMV. nuXmv > >%<0>%<0.00>%<32756 
painter-impossible>%<instance_2_3>%<uppaal>%<okay>%<Error opening './uppaal-dir/painter-impossible/instance_2_3.ta': No such file or directory Command exited with non-zero status 1 >%<1>%<0.00>%<8928 
painter-impossible>%<instance_2_3>%<nuxmv-ground>%<okay>%<*** This is nuXmv 2.1.0 (compiled on Fri Nov 29 13:41:31 2024) *** Copyright (c) 2014-2024, Fondazione Bruno Kessler *** For more information on nuXmv see https://nuxmv.fbk.eu *** or email to <nuxmv@fbk.eu>. *** Please report bugs at Please report bugs to <nusmv-users@fbk.eu> *** (click on "Login Anonymously" to access) *** Alternatively write to <nuxmv@fbk.eu>.  *** This version of nuXmv is linked to NuSMV 2.7.0. *** For more information on NuSMV see <http://nusmv.fbk.eu> *** or email to <nusmv-users@fbk.eu>. *** Copyright (C) 2010-2024, Fondazione Bruno Kessler  *** This version of nuXmv is linked to the CUDD library version 2.4.1 *** Copyright (c) 1995-2004, Regents of the University of Colorado  *** This version of nuXmv is linked to the MiniSat SAT solver.  *** See http://minisat.se/MiniSat.html *** Copyright (c) 2003-2006, Niklas Een, Niklas Sorensson *** Copyright (c) 2007-2010, Niklas Sorensson  *** This version of nuXmv is linked to MathSAT *** Copyright (C) 2009-2019 by Fondazione Bruno Kessler *** Copyright (C) 2009-2019 by University of Trento and others *** See http://mathsat.fbk.eu  nuXmv >  file ./nuxmv-dir/painter-impossible/instance_2_3.smv: line 1: cannot open input file ./nuxmv-dir/painter-impossible/instance_2_3.smv nuXmv >  Use "quit" to leave NuSMV. nuXmv >  Use "quit" to leave NuSMV. nuXmv >  Use "quit" to leave NuSMV. nuXmv >  Use "quit" to leave NuSMV. nuXmv >  Use "quit" to leave NuSMV. nuXmv > >%<0>%<0.00>%<32552 
painter-impossible>%<instance_2_3>%<uppaal-ground>%<okay>%<Error opening './uppaal-dir/painter-impossible/instance_2_3.ta': No such file or directory Command exited with non-zero status 1 >%<1>%<0.00>%<9024 
painter-impossible>%<instance_2_4>%<grounder>%<okay>%<Warnings encountered when parsing Domain/Problem File -----------------------------------------------------  The supplied domain/problem file appear to violate part of the PDDL language specification.  Specifically:  Errors: 0, warnings: 2 pddl-domains/painter-impossible/domain.pddl: line: 48: Warning: Undeclared requirement :conditional-effects  pddl-domains/painter-impossible/domain.pddl: line: 49: Warning: Undeclared requirement :conditional-effects   The planner will continue, but you may wish to fix your files accordingly One way facts... Semaphore Facts... Envelope Facts... One-shot actions... (make_treatment1 i0 i1 t1 last_t) is 1 shot (make_treatment1 i1 i2 t1 last_t) is 1 shot (make_treatment1 i2 i3 t1 last_t) is 1 shot (make_treatment1 i0 i1 t0 t1) is 1 shot (make_treatment1 i1 i2 t0 t1) is 1 shot (make_treatment1 i2 i3 t0 t1) is 1 shot Integral variables... Variable bounds... Static numeric conditions... Duration bounds... TIL time window analysis... Bounding action timestamps due to time windows... Dominance constraints (excluding processes and events)... Damaging events... Dominance constraints (including processes and events)... Variable monotonicity... Max/min needed values for any single precondition... Irrelevant action pruning by backward reachability from goal... Uninterestingness criteria... Compression-safe actions... Compression-safe invariants... 25% of durative actions in this problem are compression safe -- Writing ground PDDL >%<0>%<0.00>%<5572 
painter-impossible>%<instance_2_4>%<verified-encoder>%<okay>%<okok+ Domain File: ./ground-pddl-problems/painter-impossible/instance_2_4_domain.pddl + Problem File: ./ground-pddl-problems/painter-impossible/instance_2_4_problem.pddl + Network File: ./muntax-dir/painter-impossible/instance_2_4.muntax Parse error at -:247.2-247.2: Expected ')', rparen, domain or end of file.   Command exited with non-zero status 1 >%<1>%<0.00>%<5928 
painter-impossible>%<instance_2_4>%<model-converter>%<file missing>%<No model to convert. Expected: ./muntax-dir/painter-impossible/instance_2_4.muntax
painter-impossible>%<instance_2_4>%<tck-covreach>%<okay>%<ERROR: cannot open ./tck-dir/painter-impossible/instance_2_4.tck: No such file or directory Command exited with non-zero status 1 >%<1>%<0.00>%<5576 
painter-impossible>%<instance_2_4>%<cert-conv>%<file missing>%<No model to obtain renaming. Expected: ./muntax-dir/painter-impossible/instance_2_4.muntax
painter-impossible>%<instance_2_4>%<muntac-cert-check>%<file missing>%<No model to obtain renaming. Expected: ./muntax-dir/painter-impossible/instance_2_4.muntax
painter-impossible>%<instance_2_4>%<tamer-ctp>%<okay>%<ERROR: An error of type ParserError was thrown during the execution of TAMER. The reported error is: ParserError: Unknown character ':' at line23 Command exited with non-zero status 1 >%<1>%<0.00>%<5636 
painter-impossible>%<instance_2_4>%<tamer-ftp>%<okay>%<ERROR: An error of type ParserError was thrown during the execution of TAMER. The reported error is: ParserError: Unknown character ':' at line23 Command exited with non-zero status 1 >%<1>%<0.00>%<5560 
painter-impossible>%<instance_2_4>%<tamer-ctp-ground>%<okay>%<ERROR: An error of type ParserError was thrown during the execution of TAMER. The reported error is: ParserError: Unknown character ':' at line67 Command exited with non-zero status 1 >%<1>%<0.00>%<5560 
painter-impossible>%<instance_2_4>%<tamer-ftp-ground>%<okay>%<ERROR: An error of type ParserError was thrown during the execution of TAMER. The reported error is: ParserError: Unknown character ':' at line67 Command exited with non-zero status 1 >%<1>%<0.00>%<5576 
painter-impossible>%<instance_2_4>%<tfd>%<okay>%<Parsing... Contains quantified condition(s): False Instantiating... Unbound effect variables: Adding @object predicate. Trivial rules: Converted to facts. Starting instantiation [64 rules]... Finding invariants... Finding invariants... 29 initial candidates [0.000s CPU, 0.005s wall-clock] Checking invariant weight... [0.000s CPU, 0.000s wall-clock] Instantiating groups... Choosing groups... 95 uncovered facts (before using the results from the invariant synthesis) 76 uncovered facts Building translation key... Building STRIPS to SAS dictionary... Translating task... Traceback (most recent call last): File "/home/david/work/tchecker-experiments/sources/tfd/downward/translate/translate.py", line 1108, in <module> sas_task = pddl_to_sas(task) File "/home/david/work/tchecker-experiments/sources/tfd/downward/translate/translate.py", line 994, in pddl_to_sas assert not actions, "There shouldn't be any actions - just temporal actions" ^^^^^^^^^^^ AssertionError: There shouldn't be any actions - just temporal actions ('translate/translate.py', '/home/david/work/tchecker-experiments/pddl-domains/painter-impossible/domain.pddl', '/home/david/work/tchecker-experiments/pddl-domains/painter-impossible/instances/instance_2_4.pddl') {} Traceback (most recent call last): File "/home/david/work/tchecker-experiments/./sources/tfd/downward/tfd", line 44, in <module> main(domain, problem, result_name, config) ~~~~^^^^^^^^^^^^^^^^^^^^^^^^^^^^^^^^^^^^^^ File "/home/david/work/tchecker-experiments/./sources/tfd/downward/tfd", line 23, in main run("translate/translate.py", domain, problem) ~~~^^^^^^^^^^^^^^^^^^^^^^^^^^^^^^^^^^^^^^^^^^^ File "/home/david/work/tchecker-experiments/./sources/tfd/downward/tfd", line 20, in run subprocess.check_call(sum([arg.split("+") for arg in args],[]), **redirections) ~~~~~~~~~~~~~~~~~~~~~^^^^^^^^^^^^^^^^^^^^^^^^^^^^^^^^^^^^^^^^^^^^^^^^^^^^^^^^^^ File "/usr/lib/python3.13/subprocess.py", line 419, in check_call raise CalledProcessError(retcode, cmd) subprocess.CalledProcessError: Command '['translate/translate.py', '/home/david/work/tchecker-experiments/pddl-domains/painter-impossible/domain.pddl', '/home/david/work/tchecker-experiments/pddl-domains/painter-impossible/instances/instance_2_4.pddl']' returned non-zero exit status 1. >%<0>%<0.06>%<16252 
painter-impossible>%<instance_2_4>%<optic>%<okay>%<
painter-impossible>%<instance_2_4>%<popf3-ground>%<okay>%<Warnings encountered when parsing Domain/Problem File ----------------------------------------------------- The supplied domain/problem file appear to violate part of the PDDL language specification. Specifically: Errors: 0, warnings: 114 ./ground-pddl-problems/painter-impossible/instance_2_4_domain.pddl: line: 71: Warning: Undeclared requirement :negative-preconditions ./ground-pddl-problems/painter-impossible/instance_2_4_domain.pddl: line: 72: Warning: Undeclared requirement :negative-preconditions ./ground-pddl-problems/painter-impossible/instance_2_4_domain.pddl: line: 86: Warning: Undeclared requirement :negative-preconditions ./ground-pddl-problems/painter-impossible/instance_2_4_domain.pddl: line: 87: Warning: Undeclared requirement :negative-preconditions ./ground-pddl-problems/painter-impossible/instance_2_4_domain.pddl: line: 101: Warning: Undeclared requirement :negative-preconditions ./ground-pddl-problems/painter-impossible/instance_2_4_domain.pddl: line: 102: Warning: Undeclared requirement :negative-preconditions ./ground-pddl-problems/painter-impossible/instance_2_4_domain.pddl: line: 116: Warning: Undeclared requirement :negative-preconditions ./ground-pddl-problems/painter-impossible/instance_2_4_domain.pddl: line: 117: Warning: Undeclared requirement :negative-preconditions ./ground-pddl-problems/painter-impossible/instance_2_4_domain.pddl: line: 131: Warning: Undeclared requirement :negative-preconditions ./ground-pddl-problems/painter-impossible/instance_2_4_domain.pddl: line: 132: Warning: Undeclared requirement :negative-preconditions ./ground-pddl-problems/painter-impossible/instance_2_4_domain.pddl: line: 146: Warning: Undeclared requirement :negative-preconditions ./ground-pddl-problems/painter-impossible/instance_2_4_domain.pddl: line: 147: Warning: Undeclared requirement :negative-preconditions ./ground-pddl-problems/painter-impossible/instance_2_4_domain.pddl: line: 161: Warning: Undeclared requirement :negative-preconditions ./ground-pddl-problems/painter-impossible/instance_2_4_domain.pddl: line: 162: Warning: Undeclared requirement :negative-preconditions ./ground-pddl-problems/painter-impossible/instance_2_4_domain.pddl: line: 176: Warning: Undeclared requirement :negative-preconditions ./ground-pddl-problems/painter-impossible/instance_2_4_domain.pddl: line: 177: Warning: Undeclared requirement :negative-preconditions ./ground-pddl-problems/painter-impossible/instance_2_4_domain.pddl: line: 191: Warning: Undeclared requirement :negative-preconditions ./ground-pddl-problems/painter-impossible/instance_2_4_domain.pddl: line: 192: Warning: Undeclared requirement :negative-preconditions ./ground-pddl-problems/painter-impossible/instance_2_4_domain.pddl: line: 206: Warning: Undeclared requirement :negative-preconditions ./ground-pddl-problems/painter-impossible/instance_2_4_domain.pddl: line: 207: Warning: Undeclared requirement :negative-preconditions ./ground-pddl-problems/painter-impossible/instance_2_4_domain.pddl: line: 221: Warning: Undeclared requirement :negative-preconditions ./ground-pddl-problems/painter-impossible/instance_2_4_domain.pddl: line: 222: Warning: Undeclared requirement :negative-preconditions ./ground-pddl-problems/painter-impossible/instance_2_4_domain.pddl: line: 236: Warning: Undeclared requirement :negative-preconditions ./ground-pddl-problems/painter-impossible/instance_2_4_domain.pddl: line: 237: Warning: Undeclared requirement :negative-preconditions ./ground-pddl-problems/painter-impossible/instance_2_4_domain.pddl: line: 276: Warning: Undeclared requirement :duration-inequalities ./ground-pddl-problems/painter-impossible/instance_2_4_domain.pddl: line: 277: Warning: Undeclared requirement :duration-inequalities ./ground-pddl-problems/painter-impossible/instance_2_4_domain.pddl: line: 283: Warning: Undeclared requirement :negative-preconditions ./ground-pddl-problems/painter-impossible/instance_2_4_domain.pddl: line: 284: Warning: Undeclared requirement :negative-preconditions ./ground-pddl-problems/painter-impossible/instance_2_4_domain.pddl: line: 285: Warning: Undeclared requirement :negative-preconditions ./ground-pddl-problems/painter-impossible/instance_2_4_domain.pddl: line: 298: Warning: Undeclared requirement :durative-actions ./ground-pddl-problems/painter-impossible/instance_2_4_domain.pddl: line: 303: Warning: Undeclared requirement :duration-inequalities ./ground-pddl-problems/painter-impossible/instance_2_4_domain.pddl: line: 304: Warning: Undeclared requirement :duration-inequalities ./ground-pddl-problems/painter-impossible/instance_2_4_domain.pddl: line: 310: Warning: Undeclared requirement :negative-preconditions ./ground-pddl-problems/painter-impossible/instance_2_4_domain.pddl: line: 311: Warning: Undeclared requirement :negative-preconditions ./ground-pddl-problems/painter-impossible/instance_2_4_domain.pddl: line: 312: Warning: Undeclared requirement :negative-preconditions ./ground-pddl-problems/painter-impossible/instance_2_4_domain.pddl: line: 325: Warning: Undeclared requirement :durative-actions ./ground-pddl-problems/painter-impossible/instance_2_4_domain.pddl: line: 330: Warning: Undeclared requirement :duration-inequalities ./ground-pddl-problems/painter-impossible/instance_2_4_domain.pddl: line: 331: Warning: Undeclared requirement :duration-inequalities ./ground-pddl-problems/painter-impossible/instance_2_4_domain.pddl: line: 337: Warning: Undeclared requirement :negative-preconditions ./ground-pddl-problems/painter-impossible/instance_2_4_domain.pddl: line: 338: Warning: Undeclared requirement :negative-preconditions ./ground-pddl-problems/painter-impossible/instance_2_4_domain.pddl: line: 339: Warning: Undeclared requirement :negative-preconditions ./ground-pddl-problems/painter-impossible/instance_2_4_domain.pddl: line: 352: Warning: Undeclared requirement :durative-actions ./ground-pddl-problems/painter-impossible/instance_2_4_domain.pddl: line: 357: Warning: Undeclared requirement :duration-inequalities ./ground-pddl-problems/painter-impossible/instance_2_4_domain.pddl: line: 358: Warning: Undeclared requirement :duration-inequalities ./ground-pddl-problems/painter-impossible/instance_2_4_domain.pddl: line: 364: Warning: Undeclared requirement :negative-preconditions ./ground-pddl-problems/painter-impossible/instance_2_4_domain.pddl: line: 365: Warning: Undeclared requirement :negative-preconditions ./ground-pddl-problems/painter-impossible/instance_2_4_domain.pddl: line: 366: Warning: Undeclared requirement :negative-preconditions ./ground-pddl-problems/painter-impossible/instance_2_4_domain.pddl: line: 379: Warning: Undeclared requirement :durative-actions ./ground-pddl-problems/painter-impossible/instance_2_4_domain.pddl: line: 384: Warning: Undeclared requirement :duration-inequalities ./ground-pddl-problems/painter-impossible/instance_2_4_domain.pddl: line: 385: Warning: Undeclared requirement :duration-inequalities ./ground-pddl-problems/painter-impossible/instance_2_4_domain.pddl: line: 391: Warning: Undeclared requirement :negative-preconditions ./ground-pddl-problems/painter-impossible/instance_2_4_domain.pddl: line: 392: Warning: Undeclared requirement :negative-preconditions ./ground-pddl-problems/painter-impossible/instance_2_4_domain.pddl: line: 393: Warning: Undeclared requirement :negative-preconditions ./ground-pddl-problems/painter-impossible/instance_2_4_domain.pddl: line: 406: Warning: Undeclared requirement :durative-actions ./ground-pddl-problems/painter-impossible/instance_2_4_domain.pddl: line: 411: Warning: Undeclared requirement :duration-inequalities ./ground-pddl-problems/painter-impossible/instance_2_4_domain.pddl: line: 412: Warning: Undeclared requirement :duration-inequalities ./ground-pddl-problems/painter-impossible/instance_2_4_domain.pddl: line: 418: Warning: Undeclared requirement :negative-preconditions ./ground-pddl-problems/painter-impossible/instance_2_4_domain.pddl: line: 419: Warning: Undeclared requirement :negative-preconditions ./ground-pddl-problems/painter-impossible/instance_2_4_domain.pddl: line: 420: Warning: Undeclared requirement :negative-preconditions ./ground-pddl-problems/painter-impossible/instance_2_4_domain.pddl: line: 433: Warning: Undeclared requirement :durative-actions ./ground-pddl-problems/painter-impossible/instance_2_4_domain.pddl: line: 438: Warning: Undeclared requirement :duration-inequalities ./ground-pddl-problems/painter-impossible/instance_2_4_domain.pddl: line: 439: Warning: Undeclared requirement :duration-inequalities ./ground-pddl-problems/painter-impossible/instance_2_4_domain.pddl: line: 448: Warning: Undeclared requirement :durative-actions ./ground-pddl-problems/painter-impossible/instance_2_4_domain.pddl: line: 453: Warning: Undeclared requirement :duration-inequalities ./ground-pddl-problems/painter-impossible/instance_2_4_domain.pddl: line: 454: Warning: Undeclared requirement :duration-inequalities ./ground-pddl-problems/painter-impossible/instance_2_4_domain.pddl: line: 463: Warning: Undeclared requirement :durative-actions ./ground-pddl-problems/painter-impossible/instance_2_4_domain.pddl: line: 468: Warning: Undeclared requirement :duration-inequalities ./ground-pddl-problems/painter-impossible/instance_2_4_domain.pddl: line: 469: Warning: Undeclared requirement :duration-inequalities ./ground-pddl-problems/painter-impossible/instance_2_4_domain.pddl: line: 478: Warning: Undeclared requirement :durative-actions ./ground-pddl-problems/painter-impossible/instance_2_4_domain.pddl: line: 483: Warning: Undeclared requirement :duration-inequalities ./ground-pddl-problems/painter-impossible/instance_2_4_domain.pddl: line: 484: Warning: Undeclared requirement :duration-inequalities ./ground-pddl-problems/painter-impossible/instance_2_4_domain.pddl: line: 493: Warning: Undeclared requirement :durative-actions ./ground-pddl-problems/painter-impossible/instance_2_4_domain.pddl: line: 498: Warning: Undeclared requirement :duration-inequalities ./ground-pddl-problems/painter-impossible/instance_2_4_domain.pddl: line: 499: Warning: Undeclared requirement :duration-inequalities ./ground-pddl-problems/painter-impossible/instance_2_4_domain.pddl: line: 508: Warning: Undeclared requirement :durative-actions ./ground-pddl-problems/painter-impossible/instance_2_4_domain.pddl: line: 513: Warning: Undeclared requirement :duration-inequalities ./ground-pddl-problems/painter-impossible/instance_2_4_domain.pddl: line: 514: Warning: Undeclared requirement :duration-inequalities ./ground-pddl-problems/painter-impossible/instance_2_4_domain.pddl: line: 523: Warning: Undeclared requirement :durative-actions ./ground-pddl-problems/painter-impossible/instance_2_4_domain.pddl: line: 528: Warning: Undeclared requirement :duration-inequalities ./ground-pddl-problems/painter-impossible/instance_2_4_domain.pddl: line: 529: Warning: Undeclared requirement :duration-inequalities ./ground-pddl-problems/painter-impossible/instance_2_4_domain.pddl: line: 540: Warning: Undeclared requirement :durative-actions ./ground-pddl-problems/painter-impossible/instance_2_4_domain.pddl: line: 545: Warning: Undeclared requirement :duration-inequalities ./ground-pddl-problems/painter-impossible/instance_2_4_domain.pddl: line: 546: Warning: Undeclared requirement :duration-inequalities ./ground-pddl-problems/painter-impossible/instance_2_4_domain.pddl: line: 557: Warning: Undeclared requirement :durative-actions ./ground-pddl-problems/painter-impossible/instance_2_4_domain.pddl: line: 562: Warning: Undeclared requirement :duration-inequalities ./ground-pddl-problems/painter-impossible/instance_2_4_domain.pddl: line: 563: Warning: Undeclared requirement :duration-inequalities ./ground-pddl-problems/painter-impossible/instance_2_4_domain.pddl: line: 574: Warning: Undeclared requirement :durative-actions ./ground-pddl-problems/painter-impossible/instance_2_4_domain.pddl: line: 579: Warning: Undeclared requirement :duration-inequalities ./ground-pddl-problems/painter-impossible/instance_2_4_domain.pddl: line: 580: Warning: Undeclared requirement :duration-inequalities ./ground-pddl-problems/painter-impossible/instance_2_4_domain.pddl: line: 591: Warning: Undeclared requirement :durative-actions ./ground-pddl-problems/painter-impossible/instance_2_4_domain.pddl: line: 596: Warning: Undeclared requirement :duration-inequalities ./ground-pddl-problems/painter-impossible/instance_2_4_domain.pddl: line: 597: Warning: Undeclared requirement :duration-inequalities ./ground-pddl-problems/painter-impossible/instance_2_4_domain.pddl: line: 608: Warning: Undeclared requirement :durative-actions ./ground-pddl-problems/painter-impossible/instance_2_4_domain.pddl: line: 613: Warning: Undeclared requirement :duration-inequalities ./ground-pddl-problems/painter-impossible/instance_2_4_domain.pddl: line: 614: Warning: Undeclared requirement :duration-inequalities ./ground-pddl-problems/painter-impossible/instance_2_4_domain.pddl: line: 625: Warning: Undeclared requirement :durative-actions ./ground-pddl-problems/painter-impossible/instance_2_4_domain.pddl: line: 630: Warning: Undeclared requirement :duration-inequalities ./ground-pddl-problems/painter-impossible/instance_2_4_domain.pddl: line: 631: Warning: Undeclared requirement :duration-inequalities ./ground-pddl-problems/painter-impossible/instance_2_4_domain.pddl: line: 639: Warning: Undeclared requirement :durative-actions ./ground-pddl-problems/painter-impossible/instance_2_4_domain.pddl: line: 644: Warning: Undeclared requirement :duration-inequalities ./ground-pddl-problems/painter-impossible/instance_2_4_domain.pddl: line: 645: Warning: Undeclared requirement :duration-inequalities ./ground-pddl-problems/painter-impossible/instance_2_4_domain.pddl: line: 653: Warning: Undeclared requirement :durative-actions ./ground-pddl-problems/painter-impossible/instance_2_4_domain.pddl: line: 658: Warning: Undeclared requirement :duration-inequalities ./ground-pddl-problems/painter-impossible/instance_2_4_domain.pddl: line: 659: Warning: Undeclared requirement :duration-inequalities ./ground-pddl-problems/painter-impossible/instance_2_4_domain.pddl: line: 667: Warning: Undeclared requirement :durative-actions ./ground-pddl-problems/painter-impossible/instance_2_4_domain.pddl: line: 672: Warning: Undeclared requirement :duration-inequalities ./ground-pddl-problems/painter-impossible/instance_2_4_domain.pddl: line: 673: Warning: Undeclared requirement :duration-inequalities ./ground-pddl-problems/painter-impossible/instance_2_4_domain.pddl: line: 681: Warning: Undeclared requirement :durative-actions ./ground-pddl-problems/painter-impossible/instance_2_4_domain.pddl: line: 686: Warning: Undeclared requirement :duration-inequalities ./ground-pddl-problems/painter-impossible/instance_2_4_domain.pddl: line: 687: Warning: Undeclared requirement :duration-inequalities ./ground-pddl-problems/painter-impossible/instance_2_4_domain.pddl: line: 695: Warning: Undeclared requirement :durative-actions ./ground-pddl-problems/painter-impossible/instance_2_4_domain.pddl: line: 700: Warning: Undeclared requirement :duration-inequalities ./ground-pddl-problems/painter-impossible/instance_2_4_domain.pddl: line: 701: Warning: Undeclared requirement :duration-inequalities ./ground-pddl-problems/painter-impossible/instance_2_4_domain.pddl: line: 709: Warning: Undeclared requirement :durative-actions The planner will continue, but you may wish to fix your files accordingly Number of literals: 57 Constructing lookup tables: [10%] [20%] [30%] [40%] [50%] [60%] [70%] [80%] [90%] [100%] [110%] [120%] Post filtering unreachable actions: [10%] [20%] [30%] [40%] [50%] [60%] [70%] [80%] [90%] [100%] [110%] [120%] [01;34mNo analytic limits found, not considering limit effects of goal-only operators[00m 25% of the ground temporal actions in this problem are compression-safe Initial heuristic = 9.000 Command exited with non-zero status 139 >%<139>%<0.07>%<11632 
painter-impossible>%<instance_2_4>%<nextflap>%<okay>%<;Parsing time: 0 ;Preprocessing time: 0 ;Grounding time: 0 ;SAS translation time: 0 ;Filter repeated states: 1 ;H: 65535 (0) >%<0>%<0.00>%<6592 
painter-impossible>%<instance_2_4>%<tck-aLU>%<okay>%<ERROR: cannot open ./tck-dir/painter-impossible/instance_2_4.tck: No such file or directory Command exited with non-zero status 1 >%<1>%<0.00>%<5300 
painter-impossible>%<instance_2_4>%<nuxmv>%<okay>%<*** This is nuXmv 2.1.0 (compiled on Fri Nov 29 13:41:31 2024) *** Copyright (c) 2014-2024, Fondazione Bruno Kessler *** For more information on nuXmv see https://nuxmv.fbk.eu *** or email to <nuxmv@fbk.eu>. *** Please report bugs at Please report bugs to <nusmv-users@fbk.eu> *** (click on "Login Anonymously" to access) *** Alternatively write to <nuxmv@fbk.eu>.  *** This version of nuXmv is linked to NuSMV 2.7.0. *** For more information on NuSMV see <http://nusmv.fbk.eu> *** or email to <nusmv-users@fbk.eu>. *** Copyright (C) 2010-2024, Fondazione Bruno Kessler  *** This version of nuXmv is linked to the CUDD library version 2.4.1 *** Copyright (c) 1995-2004, Regents of the University of Colorado  *** This version of nuXmv is linked to the MiniSat SAT solver.  *** See http://minisat.se/MiniSat.html *** Copyright (c) 2003-2006, Niklas Een, Niklas Sorensson *** Copyright (c) 2007-2010, Niklas Sorensson  *** This version of nuXmv is linked to MathSAT *** Copyright (C) 2009-2019 by Fondazione Bruno Kessler *** Copyright (C) 2009-2019 by University of Trento and others *** See http://mathsat.fbk.eu  nuXmv >  file ./nuxmv-dir/painter-impossible/instance_2_4.smv: line 1: cannot open input file ./nuxmv-dir/painter-impossible/instance_2_4.smv nuXmv >  Use "quit" to leave NuSMV. nuXmv >  Use "quit" to leave NuSMV. nuXmv >  Use "quit" to leave NuSMV. nuXmv >  Use "quit" to leave NuSMV. nuXmv >  Use "quit" to leave NuSMV. nuXmv > >%<0>%<0.01>%<32804 
painter-impossible>%<instance_2_4>%<uppaal>%<okay>%<Error opening './uppaal-dir/painter-impossible/instance_2_4.ta': No such file or directory Command exited with non-zero status 1 >%<1>%<0.00>%<8952 
painter-impossible>%<instance_2_4>%<nuxmv-ground>%<okay>%<*** This is nuXmv 2.1.0 (compiled on Fri Nov 29 13:41:31 2024) *** Copyright (c) 2014-2024, Fondazione Bruno Kessler *** For more information on nuXmv see https://nuxmv.fbk.eu *** or email to <nuxmv@fbk.eu>. *** Please report bugs at Please report bugs to <nusmv-users@fbk.eu> *** (click on "Login Anonymously" to access) *** Alternatively write to <nuxmv@fbk.eu>.  *** This version of nuXmv is linked to NuSMV 2.7.0. *** For more information on NuSMV see <http://nusmv.fbk.eu> *** or email to <nusmv-users@fbk.eu>. *** Copyright (C) 2010-2024, Fondazione Bruno Kessler  *** This version of nuXmv is linked to the CUDD library version 2.4.1 *** Copyright (c) 1995-2004, Regents of the University of Colorado  *** This version of nuXmv is linked to the MiniSat SAT solver.  *** See http://minisat.se/MiniSat.html *** Copyright (c) 2003-2006, Niklas Een, Niklas Sorensson *** Copyright (c) 2007-2010, Niklas Sorensson  *** This version of nuXmv is linked to MathSAT *** Copyright (C) 2009-2019 by Fondazione Bruno Kessler *** Copyright (C) 2009-2019 by University of Trento and others *** See http://mathsat.fbk.eu  nuXmv >  file ./nuxmv-dir/painter-impossible/instance_2_4.smv: line 1: cannot open input file ./nuxmv-dir/painter-impossible/instance_2_4.smv nuXmv >  Use "quit" to leave NuSMV. nuXmv >  Use "quit" to leave NuSMV. nuXmv >  Use "quit" to leave NuSMV. nuXmv >  Use "quit" to leave NuSMV. nuXmv >  Use "quit" to leave NuSMV. nuXmv > >%<0>%<0.01>%<32736 
painter-impossible>%<instance_2_4>%<uppaal-ground>%<okay>%<Error opening './uppaal-dir/painter-impossible/instance_2_4.ta': No such file or directory Command exited with non-zero status 1 >%<1>%<0.00>%<9040 
painter-impossible>%<instance_3_2>%<grounder>%<okay>%<Warnings encountered when parsing Domain/Problem File -----------------------------------------------------  The supplied domain/problem file appear to violate part of the PDDL language specification.  Specifically:  Errors: 0, warnings: 2 pddl-domains/painter-impossible/domain.pddl: line: 48: Warning: Undeclared requirement :conditional-effects  pddl-domains/painter-impossible/domain.pddl: line: 49: Warning: Undeclared requirement :conditional-effects   The planner will continue, but you may wish to fix your files accordingly One way facts... Semaphore Facts... Envelope Facts... One-shot actions... (make_treatment1 i0 i1 t2 last_t) is 1 shot (make_treatment1 i0 i1 t0 t1) is 1 shot (make_treatment1 i0 i1 t1 t2) is 1 shot Integral variables... Variable bounds... Static numeric conditions... Duration bounds... TIL time window analysis... Bounding action timestamps due to time windows... Dominance constraints (excluding processes and events)... Damaging events... Dominance constraints (including processes and events)... Variable monotonicity... Max/min needed values for any single precondition... Irrelevant action pruning by backward reachability from goal... Uninterestingness criteria... Compression-safe actions... Compression-safe invariants... -- Writing ground PDDL >%<0>%<0.00>%<5600 
painter-impossible>%<instance_3_2>%<verified-encoder>%<okay>%<okok+ Domain File: ./ground-pddl-problems/painter-impossible/instance_3_2_domain.pddl + Problem File: ./ground-pddl-problems/painter-impossible/instance_3_2_problem.pddl + Network File: ./muntax-dir/painter-impossible/instance_3_2.muntax Parse error at -:11.2-11.2: Expected '(', lparen, problem or end of file.   Command exited with non-zero status 1 >%<1>%<0.00>%<5616 
painter-impossible>%<instance_3_2>%<model-converter>%<file missing>%<No model to convert. Expected: ./muntax-dir/painter-impossible/instance_3_2.muntax
painter-impossible>%<instance_3_2>%<tck-covreach>%<okay>%<ERROR: cannot open ./tck-dir/painter-impossible/instance_3_2.tck: No such file or directory Command exited with non-zero status 1 >%<1>%<0.00>%<5080 
painter-impossible>%<instance_3_2>%<cert-conv>%<file missing>%<No model to obtain renaming. Expected: ./muntax-dir/painter-impossible/instance_3_2.muntax
painter-impossible>%<instance_3_2>%<muntac-cert-check>%<file missing>%<No model to obtain renaming. Expected: ./muntax-dir/painter-impossible/instance_3_2.muntax
painter-impossible>%<instance_3_2>%<tamer-ctp>%<okay>%<ERROR: An error of type ParserError was thrown during the execution of TAMER. The reported error is: ParserError: Unknown character ':' at line23 Command exited with non-zero status 1 >%<1>%<0.00>%<5308 
painter-impossible>%<instance_3_2>%<tamer-ftp>%<okay>%<ERROR: An error of type ParserError was thrown during the execution of TAMER. The reported error is: ParserError: Unknown character ':' at line23 Command exited with non-zero status 1 >%<1>%<0.00>%<5360 
painter-impossible>%<instance_3_2>%<tamer-ctp-ground>%<okay>%<environment: line 1: 461139 Segmentation fault         (core dumped) ./tamer solve -a $mode -t constant-promoter -P $problem $domain Command exited with non-zero status 139 >%<139>%<0.06>%<5328 
painter-impossible>%<instance_3_2>%<tamer-ftp-ground>%<okay>%<environment: line 1: 461162 Segmentation fault         (core dumped) ./tamer solve -a $mode -t constant-promoter -P $problem $domain Command exited with non-zero status 139 >%<139>%<0.06>%<5588 
painter-impossible>%<instance_3_2>%<tfd>%<okay>%<Parsing... Contains quantified condition(s): False Instantiating... Unbound effect variables: Adding @object predicate. Trivial rules: Converted to facts. Starting instantiation [64 rules]... Finding invariants... Finding invariants... 29 initial candidates [0.000s CPU, 0.006s wall-clock] Checking invariant weight... [0.000s CPU, 0.000s wall-clock] Instantiating groups... Choosing groups... 65 uncovered facts (before using the results from the invariant synthesis) 53 uncovered facts Building translation key... Building STRIPS to SAS dictionary... Translating task... Traceback (most recent call last): File "/home/david/work/tchecker-experiments/sources/tfd/downward/translate/translate.py", line 1108, in <module> sas_task = pddl_to_sas(task) File "/home/david/work/tchecker-experiments/sources/tfd/downward/translate/translate.py", line 994, in pddl_to_sas assert not actions, "There shouldn't be any actions - just temporal actions" ^^^^^^^^^^^ AssertionError: There shouldn't be any actions - just temporal actions ('translate/translate.py', '/home/david/work/tchecker-experiments/pddl-domains/painter-impossible/domain.pddl', '/home/david/work/tchecker-experiments/pddl-domains/painter-impossible/instances/instance_3_2.pddl') {} Traceback (most recent call last): File "/home/david/work/tchecker-experiments/./sources/tfd/downward/tfd", line 44, in <module> main(domain, problem, result_name, config) ~~~~^^^^^^^^^^^^^^^^^^^^^^^^^^^^^^^^^^^^^^ File "/home/david/work/tchecker-experiments/./sources/tfd/downward/tfd", line 23, in main run("translate/translate.py", domain, problem) ~~~^^^^^^^^^^^^^^^^^^^^^^^^^^^^^^^^^^^^^^^^^^^ File "/home/david/work/tchecker-experiments/./sources/tfd/downward/tfd", line 20, in run subprocess.check_call(sum([arg.split("+") for arg in args],[]), **redirections) ~~~~~~~~~~~~~~~~~~~~~^^^^^^^^^^^^^^^^^^^^^^^^^^^^^^^^^^^^^^^^^^^^^^^^^^^^^^^^^^ File "/usr/lib/python3.13/subprocess.py", line 419, in check_call raise CalledProcessError(retcode, cmd) subprocess.CalledProcessError: Command '['translate/translate.py', '/home/david/work/tchecker-experiments/pddl-domains/painter-impossible/domain.pddl', '/home/david/work/tchecker-experiments/pddl-domains/painter-impossible/instances/instance_3_2.pddl']' returned non-zero exit status 1. >%<0>%<0.07>%<16244 
painter-impossible>%<instance_3_2>%<optic>%<okay>%<
painter-impossible>%<instance_3_2>%<popf3-ground>%<okay>%<Critical Errors Encountered in Domain/Problem File -------------------------------------------------- Due to critical errors in the supplied domain/problem file, the planner has to terminate. The errors encountered are as follows: Errors: 1, warnings: 0 ./ground-pddl-problems/painter-impossible/instance_3_2_domain.pddl: line: 39: Error: Syntax error in domain >%<0>%<0.00>%<8872 
painter-impossible>%<instance_3_2>%<nextflap>%<okay>%<;Parsing time: 0 ;Preprocessing time: 0 terminate called after throwing an instance of 'PlannerException' what(): Goals not reached >%<0>%<0.08>%<5364 
painter-impossible>%<instance_3_2>%<tck-aLU>%<okay>%<ERROR: cannot open ./tck-dir/painter-impossible/instance_3_2.tck: No such file or directory Command exited with non-zero status 1 >%<1>%<0.00>%<5420 
painter-impossible>%<instance_3_2>%<nuxmv>%<okay>%<*** This is nuXmv 2.1.0 (compiled on Fri Nov 29 13:41:31 2024) *** Copyright (c) 2014-2024, Fondazione Bruno Kessler *** For more information on nuXmv see https://nuxmv.fbk.eu *** or email to <nuxmv@fbk.eu>. *** Please report bugs at Please report bugs to <nusmv-users@fbk.eu> *** (click on "Login Anonymously" to access) *** Alternatively write to <nuxmv@fbk.eu>.  *** This version of nuXmv is linked to NuSMV 2.7.0. *** For more information on NuSMV see <http://nusmv.fbk.eu> *** or email to <nusmv-users@fbk.eu>. *** Copyright (C) 2010-2024, Fondazione Bruno Kessler  *** This version of nuXmv is linked to the CUDD library version 2.4.1 *** Copyright (c) 1995-2004, Regents of the University of Colorado  *** This version of nuXmv is linked to the MiniSat SAT solver.  *** See http://minisat.se/MiniSat.html *** Copyright (c) 2003-2006, Niklas Een, Niklas Sorensson *** Copyright (c) 2007-2010, Niklas Sorensson  *** This version of nuXmv is linked to MathSAT *** Copyright (C) 2009-2019 by Fondazione Bruno Kessler *** Copyright (C) 2009-2019 by University of Trento and others *** See http://mathsat.fbk.eu  nuXmv >  file ./nuxmv-dir/painter-impossible/instance_3_2.smv: line 1: cannot open input file ./nuxmv-dir/painter-impossible/instance_3_2.smv nuXmv >  Use "quit" to leave NuSMV. nuXmv >  Use "quit" to leave NuSMV. nuXmv >  Use "quit" to leave NuSMV. nuXmv >  Use "quit" to leave NuSMV. nuXmv >  Use "quit" to leave NuSMV. nuXmv > >%<0>%<0.01>%<32936 
painter-impossible>%<instance_3_2>%<uppaal>%<okay>%<Error opening './uppaal-dir/painter-impossible/instance_3_2.ta': No such file or directory Command exited with non-zero status 1 >%<1>%<0.00>%<8924 
painter-impossible>%<instance_3_2>%<nuxmv-ground>%<okay>%<*** This is nuXmv 2.1.0 (compiled on Fri Nov 29 13:41:31 2024) *** Copyright (c) 2014-2024, Fondazione Bruno Kessler *** For more information on nuXmv see https://nuxmv.fbk.eu *** or email to <nuxmv@fbk.eu>. *** Please report bugs at Please report bugs to <nusmv-users@fbk.eu> *** (click on "Login Anonymously" to access) *** Alternatively write to <nuxmv@fbk.eu>.  *** This version of nuXmv is linked to NuSMV 2.7.0. *** For more information on NuSMV see <http://nusmv.fbk.eu> *** or email to <nusmv-users@fbk.eu>. *** Copyright (C) 2010-2024, Fondazione Bruno Kessler  *** This version of nuXmv is linked to the CUDD library version 2.4.1 *** Copyright (c) 1995-2004, Regents of the University of Colorado  *** This version of nuXmv is linked to the MiniSat SAT solver.  *** See http://minisat.se/MiniSat.html *** Copyright (c) 2003-2006, Niklas Een, Niklas Sorensson *** Copyright (c) 2007-2010, Niklas Sorensson  *** This version of nuXmv is linked to MathSAT *** Copyright (C) 2009-2019 by Fondazione Bruno Kessler *** Copyright (C) 2009-2019 by University of Trento and others *** See http://mathsat.fbk.eu  nuXmv >  file ./nuxmv-dir/painter-impossible/instance_3_2.smv: line 5: at token ";": syntax error nuXmv >  Use "quit" to leave NuSMV. nuXmv >  Use "quit" to leave NuSMV. nuXmv >  Use "quit" to leave NuSMV. nuXmv >  Use "quit" to leave NuSMV. nuXmv >  Use "quit" to leave NuSMV. nuXmv > >%<0>%<0.00>%<32660 
painter-impossible>%<instance_3_2>%<uppaal-ground>%<okay>%<./uppaal-dir/painter-impossible/instance_3_2.ta::16: [error] syntax error: unexpected end of file. Command exited with non-zero status 1 >%<1>%<0.00>%<10452 
painter-impossible>%<instance_3_3>%<grounder>%<okay>%<Warnings encountered when parsing Domain/Problem File -----------------------------------------------------  The supplied domain/problem file appear to violate part of the PDDL language specification.  Specifically:  Errors: 0, warnings: 2 pddl-domains/painter-impossible/domain.pddl: line: 48: Warning: Undeclared requirement :conditional-effects  pddl-domains/painter-impossible/domain.pddl: line: 49: Warning: Undeclared requirement :conditional-effects   The planner will continue, but you may wish to fix your files accordingly One way facts... Semaphore Facts... Envelope Facts... One-shot actions... (make_treatment1 i0 i1 t2 last_t) is 1 shot (make_treatment1 i1 i2 t2 last_t) is 1 shot (make_treatment1 i0 i1 t0 t1) is 1 shot (make_treatment1 i1 i2 t0 t1) is 1 shot (make_treatment1 i0 i1 t1 t2) is 1 shot (make_treatment1 i1 i2 t1 t2) is 1 shot Integral variables... Variable bounds... Static numeric conditions... Duration bounds... TIL time window analysis... Bounding action timestamps due to time windows... Dominance constraints (excluding processes and events)... Damaging events... Dominance constraints (including processes and events)... Variable monotonicity... Max/min needed values for any single precondition... Irrelevant action pruning by backward reachability from goal... Uninterestingness criteria... Compression-safe actions... Compression-safe invariants... 25% of durative actions in this problem are compression safe -- Writing ground PDDL >%<0>%<0.00>%<5052 
painter-impossible>%<instance_3_3>%<verified-encoder>%<okay>%<okok+ Domain File: ./ground-pddl-problems/painter-impossible/instance_3_3_domain.pddl + Problem File: ./ground-pddl-problems/painter-impossible/instance_3_3_problem.pddl + Network File: ./muntax-dir/painter-impossible/instance_3_3.muntax Parse error at -:156.2-156.2: Expected ')', rparen, domain or end of file.   Command exited with non-zero status 1 >%<1>%<0.00>%<5856 
painter-impossible>%<instance_3_3>%<model-converter>%<file missing>%<No model to convert. Expected: ./muntax-dir/painter-impossible/instance_3_3.muntax
painter-impossible>%<instance_3_3>%<tck-covreach>%<okay>%<ERROR: cannot open ./tck-dir/painter-impossible/instance_3_3.tck: No such file or directory Command exited with non-zero status 1 >%<1>%<0.00>%<5588 
painter-impossible>%<instance_3_3>%<cert-conv>%<file missing>%<No model to obtain renaming. Expected: ./muntax-dir/painter-impossible/instance_3_3.muntax
painter-impossible>%<instance_3_3>%<muntac-cert-check>%<file missing>%<No model to obtain renaming. Expected: ./muntax-dir/painter-impossible/instance_3_3.muntax
painter-impossible>%<instance_3_3>%<tamer-ctp>%<okay>%<ERROR: An error of type ParserError was thrown during the execution of TAMER. The reported error is: ParserError: Unknown character ':' at line23 Command exited with non-zero status 1 >%<1>%<0.00>%<5584 
painter-impossible>%<instance_3_3>%<tamer-ftp>%<okay>%<ERROR: An error of type ParserError was thrown during the execution of TAMER. The reported error is: ParserError: Unknown character ':' at line23 Command exited with non-zero status 1 >%<1>%<0.00>%<5584 
painter-impossible>%<instance_3_3>%<tamer-ctp-ground>%<okay>%<ERROR: An error of type ParserError was thrown during the execution of TAMER. The reported error is: ParserError: Unknown character ':' at line66 Command exited with non-zero status 1 >%<1>%<0.00>%<5584 
painter-impossible>%<instance_3_3>%<tamer-ftp-ground>%<okay>%<ERROR: An error of type ParserError was thrown during the execution of TAMER. The reported error is: ParserError: Unknown character ':' at line66 Command exited with non-zero status 1 >%<1>%<0.00>%<5572 
painter-impossible>%<instance_3_3>%<tfd>%<okay>%<Parsing... Contains quantified condition(s): False Instantiating... Unbound effect variables: Adding @object predicate. Trivial rules: Converted to facts. Starting instantiation [64 rules]... Finding invariants... Finding invariants... 29 initial candidates [0.000s CPU, 0.005s wall-clock] Checking invariant weight... [0.000s CPU, 0.000s wall-clock] Instantiating groups... Choosing groups... 105 uncovered facts (before using the results from the invariant synthesis) 86 uncovered facts Building translation key... Building STRIPS to SAS dictionary... Translating task... Traceback (most recent call last): File "/home/david/work/tchecker-experiments/sources/tfd/downward/translate/translate.py", line 1108, in <module> sas_task = pddl_to_sas(task) File "/home/david/work/tchecker-experiments/sources/tfd/downward/translate/translate.py", line 994, in pddl_to_sas assert not actions, "There shouldn't be any actions - just temporal actions" ^^^^^^^^^^^ AssertionError: There shouldn't be any actions - just temporal actions ('translate/translate.py', '/home/david/work/tchecker-experiments/pddl-domains/painter-impossible/domain.pddl', '/home/david/work/tchecker-experiments/pddl-domains/painter-impossible/instances/instance_3_3.pddl') {} Traceback (most recent call last): File "/home/david/work/tchecker-experiments/./sources/tfd/downward/tfd", line 44, in <module> main(domain, problem, result_name, config) ~~~~^^^^^^^^^^^^^^^^^^^^^^^^^^^^^^^^^^^^^^ File "/home/david/work/tchecker-experiments/./sources/tfd/downward/tfd", line 23, in main run("translate/translate.py", domain, problem) ~~~^^^^^^^^^^^^^^^^^^^^^^^^^^^^^^^^^^^^^^^^^^^ File "/home/david/work/tchecker-experiments/./sources/tfd/downward/tfd", line 20, in run subprocess.check_call(sum([arg.split("+") for arg in args],[]), **redirections) ~~~~~~~~~~~~~~~~~~~~~^^^^^^^^^^^^^^^^^^^^^^^^^^^^^^^^^^^^^^^^^^^^^^^^^^^^^^^^^^ File "/usr/lib/python3.13/subprocess.py", line 419, in check_call raise CalledProcessError(retcode, cmd) subprocess.CalledProcessError: Command '['translate/translate.py', '/home/david/work/tchecker-experiments/pddl-domains/painter-impossible/domain.pddl', '/home/david/work/tchecker-experiments/pddl-domains/painter-impossible/instances/instance_3_3.pddl']' returned non-zero exit status 1. >%<0>%<0.07>%<16464 
painter-impossible>%<instance_3_3>%<optic>%<okay>%<
painter-impossible>%<instance_3_3>%<popf3-ground>%<okay>%<Warnings encountered when parsing Domain/Problem File ----------------------------------------------------- The supplied domain/problem file appear to violate part of the PDDL language specification. Specifically: Errors: 0, warnings: 102 ./ground-pddl-problems/painter-impossible/instance_3_3_domain.pddl: line: 70: Warning: Undeclared requirement :negative-preconditions ./ground-pddl-problems/painter-impossible/instance_3_3_domain.pddl: line: 71: Warning: Undeclared requirement :negative-preconditions ./ground-pddl-problems/painter-impossible/instance_3_3_domain.pddl: line: 85: Warning: Undeclared requirement :negative-preconditions ./ground-pddl-problems/painter-impossible/instance_3_3_domain.pddl: line: 86: Warning: Undeclared requirement :negative-preconditions ./ground-pddl-problems/painter-impossible/instance_3_3_domain.pddl: line: 100: Warning: Undeclared requirement :negative-preconditions ./ground-pddl-problems/painter-impossible/instance_3_3_domain.pddl: line: 101: Warning: Undeclared requirement :negative-preconditions ./ground-pddl-problems/painter-impossible/instance_3_3_domain.pddl: line: 115: Warning: Undeclared requirement :negative-preconditions ./ground-pddl-problems/painter-impossible/instance_3_3_domain.pddl: line: 116: Warning: Undeclared requirement :negative-preconditions ./ground-pddl-problems/painter-impossible/instance_3_3_domain.pddl: line: 130: Warning: Undeclared requirement :negative-preconditions ./ground-pddl-problems/painter-impossible/instance_3_3_domain.pddl: line: 131: Warning: Undeclared requirement :negative-preconditions ./ground-pddl-problems/painter-impossible/instance_3_3_domain.pddl: line: 145: Warning: Undeclared requirement :negative-preconditions ./ground-pddl-problems/painter-impossible/instance_3_3_domain.pddl: line: 146: Warning: Undeclared requirement :negative-preconditions ./ground-pddl-problems/painter-impossible/instance_3_3_domain.pddl: line: 185: Warning: Undeclared requirement :duration-inequalities ./ground-pddl-problems/painter-impossible/instance_3_3_domain.pddl: line: 186: Warning: Undeclared requirement :duration-inequalities ./ground-pddl-problems/painter-impossible/instance_3_3_domain.pddl: line: 192: Warning: Undeclared requirement :negative-preconditions ./ground-pddl-problems/painter-impossible/instance_3_3_domain.pddl: line: 193: Warning: Undeclared requirement :negative-preconditions ./ground-pddl-problems/painter-impossible/instance_3_3_domain.pddl: line: 194: Warning: Undeclared requirement :negative-preconditions ./ground-pddl-problems/painter-impossible/instance_3_3_domain.pddl: line: 207: Warning: Undeclared requirement :durative-actions ./ground-pddl-problems/painter-impossible/instance_3_3_domain.pddl: line: 212: Warning: Undeclared requirement :duration-inequalities ./ground-pddl-problems/painter-impossible/instance_3_3_domain.pddl: line: 213: Warning: Undeclared requirement :duration-inequalities ./ground-pddl-problems/painter-impossible/instance_3_3_domain.pddl: line: 219: Warning: Undeclared requirement :negative-preconditions ./ground-pddl-problems/painter-impossible/instance_3_3_domain.pddl: line: 220: Warning: Undeclared requirement :negative-preconditions ./ground-pddl-problems/painter-impossible/instance_3_3_domain.pddl: line: 221: Warning: Undeclared requirement :negative-preconditions ./ground-pddl-problems/painter-impossible/instance_3_3_domain.pddl: line: 234: Warning: Undeclared requirement :durative-actions ./ground-pddl-problems/painter-impossible/instance_3_3_domain.pddl: line: 239: Warning: Undeclared requirement :duration-inequalities ./ground-pddl-problems/painter-impossible/instance_3_3_domain.pddl: line: 240: Warning: Undeclared requirement :duration-inequalities ./ground-pddl-problems/painter-impossible/instance_3_3_domain.pddl: line: 246: Warning: Undeclared requirement :negative-preconditions ./ground-pddl-problems/painter-impossible/instance_3_3_domain.pddl: line: 247: Warning: Undeclared requirement :negative-preconditions ./ground-pddl-problems/painter-impossible/instance_3_3_domain.pddl: line: 248: Warning: Undeclared requirement :negative-preconditions ./ground-pddl-problems/painter-impossible/instance_3_3_domain.pddl: line: 261: Warning: Undeclared requirement :durative-actions ./ground-pddl-problems/painter-impossible/instance_3_3_domain.pddl: line: 266: Warning: Undeclared requirement :duration-inequalities ./ground-pddl-problems/painter-impossible/instance_3_3_domain.pddl: line: 267: Warning: Undeclared requirement :duration-inequalities ./ground-pddl-problems/painter-impossible/instance_3_3_domain.pddl: line: 273: Warning: Undeclared requirement :negative-preconditions ./ground-pddl-problems/painter-impossible/instance_3_3_domain.pddl: line: 274: Warning: Undeclared requirement :negative-preconditions ./ground-pddl-problems/painter-impossible/instance_3_3_domain.pddl: line: 275: Warning: Undeclared requirement :negative-preconditions ./ground-pddl-problems/painter-impossible/instance_3_3_domain.pddl: line: 288: Warning: Undeclared requirement :durative-actions ./ground-pddl-problems/painter-impossible/instance_3_3_domain.pddl: line: 293: Warning: Undeclared requirement :duration-inequalities ./ground-pddl-problems/painter-impossible/instance_3_3_domain.pddl: line: 294: Warning: Undeclared requirement :duration-inequalities ./ground-pddl-problems/painter-impossible/instance_3_3_domain.pddl: line: 300: Warning: Undeclared requirement :negative-preconditions ./ground-pddl-problems/painter-impossible/instance_3_3_domain.pddl: line: 301: Warning: Undeclared requirement :negative-preconditions ./ground-pddl-problems/painter-impossible/instance_3_3_domain.pddl: line: 302: Warning: Undeclared requirement :negative-preconditions ./ground-pddl-problems/painter-impossible/instance_3_3_domain.pddl: line: 315: Warning: Undeclared requirement :durative-actions ./ground-pddl-problems/painter-impossible/instance_3_3_domain.pddl: line: 320: Warning: Undeclared requirement :duration-inequalities ./ground-pddl-problems/painter-impossible/instance_3_3_domain.pddl: line: 321: Warning: Undeclared requirement :duration-inequalities ./ground-pddl-problems/painter-impossible/instance_3_3_domain.pddl: line: 327: Warning: Undeclared requirement :negative-preconditions ./ground-pddl-problems/painter-impossible/instance_3_3_domain.pddl: line: 328: Warning: Undeclared requirement :negative-preconditions ./ground-pddl-problems/painter-impossible/instance_3_3_domain.pddl: line: 329: Warning: Undeclared requirement :negative-preconditions ./ground-pddl-problems/painter-impossible/instance_3_3_domain.pddl: line: 342: Warning: Undeclared requirement :durative-actions ./ground-pddl-problems/painter-impossible/instance_3_3_domain.pddl: line: 347: Warning: Undeclared requirement :duration-inequalities ./ground-pddl-problems/painter-impossible/instance_3_3_domain.pddl: line: 348: Warning: Undeclared requirement :duration-inequalities ./ground-pddl-problems/painter-impossible/instance_3_3_domain.pddl: line: 357: Warning: Undeclared requirement :durative-actions ./ground-pddl-problems/painter-impossible/instance_3_3_domain.pddl: line: 362: Warning: Undeclared requirement :duration-inequalities ./ground-pddl-problems/painter-impossible/instance_3_3_domain.pddl: line: 363: Warning: Undeclared requirement :duration-inequalities ./ground-pddl-problems/painter-impossible/instance_3_3_domain.pddl: line: 372: Warning: Undeclared requirement :durative-actions ./ground-pddl-problems/painter-impossible/instance_3_3_domain.pddl: line: 377: Warning: Undeclared requirement :duration-inequalities ./ground-pddl-problems/painter-impossible/instance_3_3_domain.pddl: line: 378: Warning: Undeclared requirement :duration-inequalities ./ground-pddl-problems/painter-impossible/instance_3_3_domain.pddl: line: 387: Warning: Undeclared requirement :durative-actions ./ground-pddl-problems/painter-impossible/instance_3_3_domain.pddl: line: 392: Warning: Undeclared requirement :duration-inequalities ./ground-pddl-problems/painter-impossible/instance_3_3_domain.pddl: line: 393: Warning: Undeclared requirement :duration-inequalities ./ground-pddl-problems/painter-impossible/instance_3_3_domain.pddl: line: 402: Warning: Undeclared requirement :durative-actions ./ground-pddl-problems/painter-impossible/instance_3_3_domain.pddl: line: 407: Warning: Undeclared requirement :duration-inequalities ./ground-pddl-problems/painter-impossible/instance_3_3_domain.pddl: line: 408: Warning: Undeclared requirement :duration-inequalities ./ground-pddl-problems/painter-impossible/instance_3_3_domain.pddl: line: 417: Warning: Undeclared requirement :durative-actions ./ground-pddl-problems/painter-impossible/instance_3_3_domain.pddl: line: 422: Warning: Undeclared requirement :duration-inequalities ./ground-pddl-problems/painter-impossible/instance_3_3_domain.pddl: line: 423: Warning: Undeclared requirement :duration-inequalities ./ground-pddl-problems/painter-impossible/instance_3_3_domain.pddl: line: 432: Warning: Undeclared requirement :durative-actions ./ground-pddl-problems/painter-impossible/instance_3_3_domain.pddl: line: 437: Warning: Undeclared requirement :duration-inequalities ./ground-pddl-problems/painter-impossible/instance_3_3_domain.pddl: line: 438: Warning: Undeclared requirement :duration-inequalities ./ground-pddl-problems/painter-impossible/instance_3_3_domain.pddl: line: 449: Warning: Undeclared requirement :durative-actions ./ground-pddl-problems/painter-impossible/instance_3_3_domain.pddl: line: 454: Warning: Undeclared requirement :duration-inequalities ./ground-pddl-problems/painter-impossible/instance_3_3_domain.pddl: line: 455: Warning: Undeclared requirement :duration-inequalities ./ground-pddl-problems/painter-impossible/instance_3_3_domain.pddl: line: 466: Warning: Undeclared requirement :durative-actions ./ground-pddl-problems/painter-impossible/instance_3_3_domain.pddl: line: 471: Warning: Undeclared requirement :duration-inequalities ./ground-pddl-problems/painter-impossible/instance_3_3_domain.pddl: line: 472: Warning: Undeclared requirement :duration-inequalities ./ground-pddl-problems/painter-impossible/instance_3_3_domain.pddl: line: 483: Warning: Undeclared requirement :durative-actions ./ground-pddl-problems/painter-impossible/instance_3_3_domain.pddl: line: 488: Warning: Undeclared requirement :duration-inequalities ./ground-pddl-problems/painter-impossible/instance_3_3_domain.pddl: line: 489: Warning: Undeclared requirement :duration-inequalities ./ground-pddl-problems/painter-impossible/instance_3_3_domain.pddl: line: 500: Warning: Undeclared requirement :durative-actions ./ground-pddl-problems/painter-impossible/instance_3_3_domain.pddl: line: 505: Warning: Undeclared requirement :duration-inequalities ./ground-pddl-problems/painter-impossible/instance_3_3_domain.pddl: line: 506: Warning: Undeclared requirement :duration-inequalities ./ground-pddl-problems/painter-impossible/instance_3_3_domain.pddl: line: 517: Warning: Undeclared requirement :durative-actions ./ground-pddl-problems/painter-impossible/instance_3_3_domain.pddl: line: 522: Warning: Undeclared requirement :duration-inequalities ./ground-pddl-problems/painter-impossible/instance_3_3_domain.pddl: line: 523: Warning: Undeclared requirement :duration-inequalities ./ground-pddl-problems/painter-impossible/instance_3_3_domain.pddl: line: 534: Warning: Undeclared requirement :durative-actions ./ground-pddl-problems/painter-impossible/instance_3_3_domain.pddl: line: 539: Warning: Undeclared requirement :duration-inequalities ./ground-pddl-problems/painter-impossible/instance_3_3_domain.pddl: line: 540: Warning: Undeclared requirement :duration-inequalities ./ground-pddl-problems/painter-impossible/instance_3_3_domain.pddl: line: 548: Warning: Undeclared requirement :durative-actions ./ground-pddl-problems/painter-impossible/instance_3_3_domain.pddl: line: 553: Warning: Undeclared requirement :duration-inequalities ./ground-pddl-problems/painter-impossible/instance_3_3_domain.pddl: line: 554: Warning: Undeclared requirement :duration-inequalities ./ground-pddl-problems/painter-impossible/instance_3_3_domain.pddl: line: 562: Warning: Undeclared requirement :durative-actions ./ground-pddl-problems/painter-impossible/instance_3_3_domain.pddl: line: 567: Warning: Undeclared requirement :duration-inequalities ./ground-pddl-problems/painter-impossible/instance_3_3_domain.pddl: line: 568: Warning: Undeclared requirement :duration-inequalities ./ground-pddl-problems/painter-impossible/instance_3_3_domain.pddl: line: 576: Warning: Undeclared requirement :durative-actions ./ground-pddl-problems/painter-impossible/instance_3_3_domain.pddl: line: 581: Warning: Undeclared requirement :duration-inequalities ./ground-pddl-problems/painter-impossible/instance_3_3_domain.pddl: line: 582: Warning: Undeclared requirement :duration-inequalities ./ground-pddl-problems/painter-impossible/instance_3_3_domain.pddl: line: 590: Warning: Undeclared requirement :durative-actions ./ground-pddl-problems/painter-impossible/instance_3_3_domain.pddl: line: 595: Warning: Undeclared requirement :duration-inequalities ./ground-pddl-problems/painter-impossible/instance_3_3_domain.pddl: line: 596: Warning: Undeclared requirement :duration-inequalities ./ground-pddl-problems/painter-impossible/instance_3_3_domain.pddl: line: 604: Warning: Undeclared requirement :durative-actions ./ground-pddl-problems/painter-impossible/instance_3_3_domain.pddl: line: 609: Warning: Undeclared requirement :duration-inequalities ./ground-pddl-problems/painter-impossible/instance_3_3_domain.pddl: line: 610: Warning: Undeclared requirement :duration-inequalities ./ground-pddl-problems/painter-impossible/instance_3_3_domain.pddl: line: 618: Warning: Undeclared requirement :durative-actions The planner will continue, but you may wish to fix your files accordingly Number of literals: 57 Constructing lookup tables: [10%] [20%] [30%] [40%] [50%] [60%] [70%] [80%] [90%] [100%] Post filtering unreachable actions: [10%] [20%] [30%] [40%] [50%] [60%] [70%] [80%] [90%] [100%] [01;34mNo analytic limits found, not considering limit effects of goal-only operators[00m 25% of the ground temporal actions in this problem are compression-safe Initial heuristic = 9.000 Command exited with non-zero status 139 >%<139>%<0.09>%<11384 
painter-impossible>%<instance_3_3>%<nextflap>%<okay>%<;Parsing time: 0 ;Preprocessing time: 0 ;Grounding time: 0 ;SAS translation time: 0 ;Filter repeated states: 1 ;H: 65535 (0) >%<0>%<0.00>%<6520 
painter-impossible>%<instance_3_3>%<tck-aLU>%<okay>%<ERROR: cannot open ./tck-dir/painter-impossible/instance_3_3.tck: No such file or directory Command exited with non-zero status 1 >%<1>%<0.00>%<5360 
painter-impossible>%<instance_3_3>%<nuxmv>%<okay>%<*** This is nuXmv 2.1.0 (compiled on Fri Nov 29 13:41:31 2024) *** Copyright (c) 2014-2024, Fondazione Bruno Kessler *** For more information on nuXmv see https://nuxmv.fbk.eu *** or email to <nuxmv@fbk.eu>. *** Please report bugs at Please report bugs to <nusmv-users@fbk.eu> *** (click on "Login Anonymously" to access) *** Alternatively write to <nuxmv@fbk.eu>.  *** This version of nuXmv is linked to NuSMV 2.7.0. *** For more information on NuSMV see <http://nusmv.fbk.eu> *** or email to <nusmv-users@fbk.eu>. *** Copyright (C) 2010-2024, Fondazione Bruno Kessler  *** This version of nuXmv is linked to the CUDD library version 2.4.1 *** Copyright (c) 1995-2004, Regents of the University of Colorado  *** This version of nuXmv is linked to the MiniSat SAT solver.  *** See http://minisat.se/MiniSat.html *** Copyright (c) 2003-2006, Niklas Een, Niklas Sorensson *** Copyright (c) 2007-2010, Niklas Sorensson  *** This version of nuXmv is linked to MathSAT *** Copyright (C) 2009-2019 by Fondazione Bruno Kessler *** Copyright (C) 2009-2019 by University of Trento and others *** See http://mathsat.fbk.eu  nuXmv >  file ./nuxmv-dir/painter-impossible/instance_3_3.smv: line 1: cannot open input file ./nuxmv-dir/painter-impossible/instance_3_3.smv nuXmv >  Use "quit" to leave NuSMV. nuXmv >  Use "quit" to leave NuSMV. nuXmv >  Use "quit" to leave NuSMV. nuXmv >  Use "quit" to leave NuSMV. nuXmv >  Use "quit" to leave NuSMV. nuXmv > >%<0>%<0.00>%<32940 
painter-impossible>%<instance_3_3>%<uppaal>%<okay>%<Error opening './uppaal-dir/painter-impossible/instance_3_3.ta': No such file or directory Command exited with non-zero status 1 >%<1>%<0.00>%<8604 
painter-impossible>%<instance_3_3>%<nuxmv-ground>%<okay>%<*** This is nuXmv 2.1.0 (compiled on Fri Nov 29 13:41:31 2024) *** Copyright (c) 2014-2024, Fondazione Bruno Kessler *** For more information on nuXmv see https://nuxmv.fbk.eu *** or email to <nuxmv@fbk.eu>. *** Please report bugs at Please report bugs to <nusmv-users@fbk.eu> *** (click on "Login Anonymously" to access) *** Alternatively write to <nuxmv@fbk.eu>.  *** This version of nuXmv is linked to NuSMV 2.7.0. *** For more information on NuSMV see <http://nusmv.fbk.eu> *** or email to <nusmv-users@fbk.eu>. *** Copyright (C) 2010-2024, Fondazione Bruno Kessler  *** This version of nuXmv is linked to the CUDD library version 2.4.1 *** Copyright (c) 1995-2004, Regents of the University of Colorado  *** This version of nuXmv is linked to the MiniSat SAT solver.  *** See http://minisat.se/MiniSat.html *** Copyright (c) 2003-2006, Niklas Een, Niklas Sorensson *** Copyright (c) 2007-2010, Niklas Sorensson  *** This version of nuXmv is linked to MathSAT *** Copyright (C) 2009-2019 by Fondazione Bruno Kessler *** Copyright (C) 2009-2019 by University of Trento and others *** See http://mathsat.fbk.eu  nuXmv >  file ./nuxmv-dir/painter-impossible/instance_3_3.smv: line 1: cannot open input file ./nuxmv-dir/painter-impossible/instance_3_3.smv nuXmv >  Use "quit" to leave NuSMV. nuXmv >  Use "quit" to leave NuSMV. nuXmv >  Use "quit" to leave NuSMV. nuXmv >  Use "quit" to leave NuSMV. nuXmv >  Use "quit" to leave NuSMV. nuXmv > >%<0>%<0.00>%<32584 
painter-impossible>%<instance_3_3>%<uppaal-ground>%<okay>%<Error opening './uppaal-dir/painter-impossible/instance_3_3.ta': No such file or directory Command exited with non-zero status 1 >%<1>%<0.00>%<8396 
painter-impossible>%<instance_3_4>%<grounder>%<okay>%<Warnings encountered when parsing Domain/Problem File -----------------------------------------------------  The supplied domain/problem file appear to violate part of the PDDL language specification.  Specifically:  Errors: 0, warnings: 2 pddl-domains/painter-impossible/domain.pddl: line: 48: Warning: Undeclared requirement :conditional-effects  pddl-domains/painter-impossible/domain.pddl: line: 49: Warning: Undeclared requirement :conditional-effects   The planner will continue, but you may wish to fix your files accordingly One way facts... Semaphore Facts... Envelope Facts... One-shot actions... (make_treatment1 i0 i1 t2 last_t) is 1 shot (make_treatment1 i1 i2 t2 last_t) is 1 shot (make_treatment1 i2 i3 t2 last_t) is 1 shot (make_treatment1 i0 i1 t0 t1) is 1 shot (make_treatment1 i1 i2 t0 t1) is 1 shot (make_treatment1 i2 i3 t0 t1) is 1 shot (make_treatment1 i0 i1 t1 t2) is 1 shot (make_treatment1 i1 i2 t1 t2) is 1 shot (make_treatment1 i2 i3 t1 t2) is 1 shot Integral variables... Variable bounds... Static numeric conditions... Duration bounds... TIL time window analysis... Bounding action timestamps due to time windows... Dominance constraints (excluding processes and events)... Damaging events... Dominance constraints (including processes and events)... Variable monotonicity... Max/min needed values for any single precondition... Irrelevant action pruning by backward reachability from goal... Uninterestingness criteria... Compression-safe actions... Compression-safe invariants... 25% of durative actions in this problem are compression safe -- Writing ground PDDL >%<0>%<0.00>%<5584 
painter-impossible>%<instance_3_4>%<verified-encoder>%<okay>%<okok+ Domain File: ./ground-pddl-problems/painter-impossible/instance_3_4_domain.pddl + Problem File: ./ground-pddl-problems/painter-impossible/instance_3_4_problem.pddl + Network File: ./muntax-dir/painter-impossible/instance_3_4.muntax Parse error at -:362.2-362.2: Expected ')', rparen, domain or end of file.   Command exited with non-zero status 1 >%<1>%<0.00>%<5912 
painter-impossible>%<instance_3_4>%<model-converter>%<file missing>%<No model to convert. Expected: ./muntax-dir/painter-impossible/instance_3_4.muntax
painter-impossible>%<instance_3_4>%<tck-covreach>%<okay>%<ERROR: cannot open ./tck-dir/painter-impossible/instance_3_4.tck: No such file or directory Command exited with non-zero status 1 >%<1>%<0.00>%<5432 
painter-impossible>%<instance_3_4>%<cert-conv>%<file missing>%<No model to obtain renaming. Expected: ./muntax-dir/painter-impossible/instance_3_4.muntax
painter-impossible>%<instance_3_4>%<muntac-cert-check>%<file missing>%<No model to obtain renaming. Expected: ./muntax-dir/painter-impossible/instance_3_4.muntax
painter-impossible>%<instance_3_4>%<tamer-ctp>%<okay>%<ERROR: An error of type ParserError was thrown during the execution of TAMER. The reported error is: ParserError: Unknown character ':' at line23 Command exited with non-zero status 1 >%<1>%<0.00>%<5588 
painter-impossible>%<instance_3_4>%<tamer-ftp>%<okay>%<ERROR: An error of type ParserError was thrown during the execution of TAMER. The reported error is: ParserError: Unknown character ':' at line23 Command exited with non-zero status 1 >%<1>%<0.00>%<5316 
painter-impossible>%<instance_3_4>%<tamer-ctp-ground>%<okay>%<ERROR: An error of type ParserError was thrown during the execution of TAMER. The reported error is: ParserError: Unknown character ':' at line92 Command exited with non-zero status 1 >%<1>%<0.00>%<5568 
painter-impossible>%<instance_3_4>%<tamer-ftp-ground>%<okay>%<ERROR: An error of type ParserError was thrown during the execution of TAMER. The reported error is: ParserError: Unknown character ':' at line92 Command exited with non-zero status 1 >%<1>%<0.00>%<5304 
painter-impossible>%<instance_3_4>%<tfd>%<okay>%<Parsing... Contains quantified condition(s): False Instantiating... Unbound effect variables: Adding @object predicate. Trivial rules: Converted to facts. Starting instantiation [64 rules]... Finding invariants... Finding invariants... 29 initial candidates [0.010s CPU, 0.005s wall-clock] Checking invariant weight... [0.000s CPU, 0.000s wall-clock] Instantiating groups... Choosing groups... 145 uncovered facts (before using the results from the invariant synthesis) 119 uncovered facts Building translation key... Building STRIPS to SAS dictionary... Translating task... Traceback (most recent call last): File "/home/david/work/tchecker-experiments/sources/tfd/downward/translate/translate.py", line 1108, in <module> sas_task = pddl_to_sas(task) File "/home/david/work/tchecker-experiments/sources/tfd/downward/translate/translate.py", line 994, in pddl_to_sas assert not actions, "There shouldn't be any actions - just temporal actions" ^^^^^^^^^^^ AssertionError: There shouldn't be any actions - just temporal actions ('translate/translate.py', '/home/david/work/tchecker-experiments/pddl-domains/painter-impossible/domain.pddl', '/home/david/work/tchecker-experiments/pddl-domains/painter-impossible/instances/instance_3_4.pddl') {} Traceback (most recent call last): File "/home/david/work/tchecker-experiments/./sources/tfd/downward/tfd", line 44, in <module> main(domain, problem, result_name, config) ~~~~^^^^^^^^^^^^^^^^^^^^^^^^^^^^^^^^^^^^^^ File "/home/david/work/tchecker-experiments/./sources/tfd/downward/tfd", line 23, in main run("translate/translate.py", domain, problem) ~~~^^^^^^^^^^^^^^^^^^^^^^^^^^^^^^^^^^^^^^^^^^^ File "/home/david/work/tchecker-experiments/./sources/tfd/downward/tfd", line 20, in run subprocess.check_call(sum([arg.split("+") for arg in args],[]), **redirections) ~~~~~~~~~~~~~~~~~~~~~^^^^^^^^^^^^^^^^^^^^^^^^^^^^^^^^^^^^^^^^^^^^^^^^^^^^^^^^^^ File "/usr/lib/python3.13/subprocess.py", line 419, in check_call raise CalledProcessError(retcode, cmd) subprocess.CalledProcessError: Command '['translate/translate.py', '/home/david/work/tchecker-experiments/pddl-domains/painter-impossible/domain.pddl', '/home/david/work/tchecker-experiments/pddl-domains/painter-impossible/instances/instance_3_4.pddl']' returned non-zero exit status 1. >%<0>%<0.07>%<16844 
painter-impossible>%<instance_3_4>%<optic>%<okay>%<
painter-impossible>%<instance_3_4>%<popf3-ground>%<okay>%<Warnings encountered when parsing Domain/Problem File ----------------------------------------------------- The supplied domain/problem file appear to violate part of the PDDL language specification. Specifically: Errors: 0, warnings: 171 ./ground-pddl-problems/painter-impossible/instance_3_4_domain.pddl: line: 96: Warning: Undeclared requirement :negative-preconditions ./ground-pddl-problems/painter-impossible/instance_3_4_domain.pddl: line: 97: Warning: Undeclared requirement :negative-preconditions ./ground-pddl-problems/painter-impossible/instance_3_4_domain.pddl: line: 111: Warning: Undeclared requirement :negative-preconditions ./ground-pddl-problems/painter-impossible/instance_3_4_domain.pddl: line: 112: Warning: Undeclared requirement :negative-preconditions ./ground-pddl-problems/painter-impossible/instance_3_4_domain.pddl: line: 126: Warning: Undeclared requirement :negative-preconditions ./ground-pddl-problems/painter-impossible/instance_3_4_domain.pddl: line: 127: Warning: Undeclared requirement :negative-preconditions ./ground-pddl-problems/painter-impossible/instance_3_4_domain.pddl: line: 141: Warning: Undeclared requirement :negative-preconditions ./ground-pddl-problems/painter-impossible/instance_3_4_domain.pddl: line: 142: Warning: Undeclared requirement :negative-preconditions ./ground-pddl-problems/painter-impossible/instance_3_4_domain.pddl: line: 156: Warning: Undeclared requirement :negative-preconditions ./ground-pddl-problems/painter-impossible/instance_3_4_domain.pddl: line: 157: Warning: Undeclared requirement :negative-preconditions ./ground-pddl-problems/painter-impossible/instance_3_4_domain.pddl: line: 171: Warning: Undeclared requirement :negative-preconditions ./ground-pddl-problems/painter-impossible/instance_3_4_domain.pddl: line: 172: Warning: Undeclared requirement :negative-preconditions ./ground-pddl-problems/painter-impossible/instance_3_4_domain.pddl: line: 186: Warning: Undeclared requirement :negative-preconditions ./ground-pddl-problems/painter-impossible/instance_3_4_domain.pddl: line: 187: Warning: Undeclared requirement :negative-preconditions ./ground-pddl-problems/painter-impossible/instance_3_4_domain.pddl: line: 201: Warning: Undeclared requirement :negative-preconditions ./ground-pddl-problems/painter-impossible/instance_3_4_domain.pddl: line: 202: Warning: Undeclared requirement :negative-preconditions ./ground-pddl-problems/painter-impossible/instance_3_4_domain.pddl: line: 216: Warning: Undeclared requirement :negative-preconditions ./ground-pddl-problems/painter-impossible/instance_3_4_domain.pddl: line: 217: Warning: Undeclared requirement :negative-preconditions ./ground-pddl-problems/painter-impossible/instance_3_4_domain.pddl: line: 231: Warning: Undeclared requirement :negative-preconditions ./ground-pddl-problems/painter-impossible/instance_3_4_domain.pddl: line: 232: Warning: Undeclared requirement :negative-preconditions ./ground-pddl-problems/painter-impossible/instance_3_4_domain.pddl: line: 246: Warning: Undeclared requirement :negative-preconditions ./ground-pddl-problems/painter-impossible/instance_3_4_domain.pddl: line: 247: Warning: Undeclared requirement :negative-preconditions ./ground-pddl-problems/painter-impossible/instance_3_4_domain.pddl: line: 261: Warning: Undeclared requirement :negative-preconditions ./ground-pddl-problems/painter-impossible/instance_3_4_domain.pddl: line: 262: Warning: Undeclared requirement :negative-preconditions ./ground-pddl-problems/painter-impossible/instance_3_4_domain.pddl: line: 276: Warning: Undeclared requirement :negative-preconditions ./ground-pddl-problems/painter-impossible/instance_3_4_domain.pddl: line: 277: Warning: Undeclared requirement :negative-preconditions ./ground-pddl-problems/painter-impossible/instance_3_4_domain.pddl: line: 291: Warning: Undeclared requirement :negative-preconditions ./ground-pddl-problems/painter-impossible/instance_3_4_domain.pddl: line: 292: Warning: Undeclared requirement :negative-preconditions ./ground-pddl-problems/painter-impossible/instance_3_4_domain.pddl: line: 306: Warning: Undeclared requirement :negative-preconditions ./ground-pddl-problems/painter-impossible/instance_3_4_domain.pddl: line: 307: Warning: Undeclared requirement :negative-preconditions ./ground-pddl-problems/painter-impossible/instance_3_4_domain.pddl: line: 321: Warning: Undeclared requirement :negative-preconditions ./ground-pddl-problems/painter-impossible/instance_3_4_domain.pddl: line: 322: Warning: Undeclared requirement :negative-preconditions ./ground-pddl-problems/painter-impossible/instance_3_4_domain.pddl: line: 336: Warning: Undeclared requirement :negative-preconditions ./ground-pddl-problems/painter-impossible/instance_3_4_domain.pddl: line: 337: Warning: Undeclared requirement :negative-preconditions ./ground-pddl-problems/painter-impossible/instance_3_4_domain.pddl: line: 351: Warning: Undeclared requirement :negative-preconditions ./ground-pddl-problems/painter-impossible/instance_3_4_domain.pddl: line: 352: Warning: Undeclared requirement :negative-preconditions ./ground-pddl-problems/painter-impossible/instance_3_4_domain.pddl: line: 398: Warning: Undeclared requirement :duration-inequalities ./ground-pddl-problems/painter-impossible/instance_3_4_domain.pddl: line: 399: Warning: Undeclared requirement :duration-inequalities ./ground-pddl-problems/painter-impossible/instance_3_4_domain.pddl: line: 405: Warning: Undeclared requirement :negative-preconditions ./ground-pddl-problems/painter-impossible/instance_3_4_domain.pddl: line: 406: Warning: Undeclared requirement :negative-preconditions ./ground-pddl-problems/painter-impossible/instance_3_4_domain.pddl: line: 407: Warning: Undeclared requirement :negative-preconditions ./ground-pddl-problems/painter-impossible/instance_3_4_domain.pddl: line: 420: Warning: Undeclared requirement :durative-actions ./ground-pddl-problems/painter-impossible/instance_3_4_domain.pddl: line: 425: Warning: Undeclared requirement :duration-inequalities ./ground-pddl-problems/painter-impossible/instance_3_4_domain.pddl: line: 426: Warning: Undeclared requirement :duration-inequalities ./ground-pddl-problems/painter-impossible/instance_3_4_domain.pddl: line: 432: Warning: Undeclared requirement :negative-preconditions ./ground-pddl-problems/painter-impossible/instance_3_4_domain.pddl: line: 433: Warning: Undeclared requirement :negative-preconditions ./ground-pddl-problems/painter-impossible/instance_3_4_domain.pddl: line: 434: Warning: Undeclared requirement :negative-preconditions ./ground-pddl-problems/painter-impossible/instance_3_4_domain.pddl: line: 447: Warning: Undeclared requirement :durative-actions ./ground-pddl-problems/painter-impossible/instance_3_4_domain.pddl: line: 452: Warning: Undeclared requirement :duration-inequalities ./ground-pddl-problems/painter-impossible/instance_3_4_domain.pddl: line: 453: Warning: Undeclared requirement :duration-inequalities ./ground-pddl-problems/painter-impossible/instance_3_4_domain.pddl: line: 459: Warning: Undeclared requirement :negative-preconditions ./ground-pddl-problems/painter-impossible/instance_3_4_domain.pddl: line: 460: Warning: Undeclared requirement :negative-preconditions ./ground-pddl-problems/painter-impossible/instance_3_4_domain.pddl: line: 461: Warning: Undeclared requirement :negative-preconditions ./ground-pddl-problems/painter-impossible/instance_3_4_domain.pddl: line: 474: Warning: Undeclared requirement :durative-actions ./ground-pddl-problems/painter-impossible/instance_3_4_domain.pddl: line: 479: Warning: Undeclared requirement :duration-inequalities ./ground-pddl-problems/painter-impossible/instance_3_4_domain.pddl: line: 480: Warning: Undeclared requirement :duration-inequalities ./ground-pddl-problems/painter-impossible/instance_3_4_domain.pddl: line: 486: Warning: Undeclared requirement :negative-preconditions ./ground-pddl-problems/painter-impossible/instance_3_4_domain.pddl: line: 487: Warning: Undeclared requirement :negative-preconditions ./ground-pddl-problems/painter-impossible/instance_3_4_domain.pddl: line: 488: Warning: Undeclared requirement :negative-preconditions ./ground-pddl-problems/painter-impossible/instance_3_4_domain.pddl: line: 501: Warning: Undeclared requirement :durative-actions ./ground-pddl-problems/painter-impossible/instance_3_4_domain.pddl: line: 506: Warning: Undeclared requirement :duration-inequalities ./ground-pddl-problems/painter-impossible/instance_3_4_domain.pddl: line: 507: Warning: Undeclared requirement :duration-inequalities ./ground-pddl-problems/painter-impossible/instance_3_4_domain.pddl: line: 513: Warning: Undeclared requirement :negative-preconditions ./ground-pddl-problems/painter-impossible/instance_3_4_domain.pddl: line: 514: Warning: Undeclared requirement :negative-preconditions ./ground-pddl-problems/painter-impossible/instance_3_4_domain.pddl: line: 515: Warning: Undeclared requirement :negative-preconditions ./ground-pddl-problems/painter-impossible/instance_3_4_domain.pddl: line: 528: Warning: Undeclared requirement :durative-actions ./ground-pddl-problems/painter-impossible/instance_3_4_domain.pddl: line: 533: Warning: Undeclared requirement :duration-inequalities ./ground-pddl-problems/painter-impossible/instance_3_4_domain.pddl: line: 534: Warning: Undeclared requirement :duration-inequalities ./ground-pddl-problems/painter-impossible/instance_3_4_domain.pddl: line: 540: Warning: Undeclared requirement :negative-preconditions ./ground-pddl-problems/painter-impossible/instance_3_4_domain.pddl: line: 541: Warning: Undeclared requirement :negative-preconditions ./ground-pddl-problems/painter-impossible/instance_3_4_domain.pddl: line: 542: Warning: Undeclared requirement :negative-preconditions ./ground-pddl-problems/painter-impossible/instance_3_4_domain.pddl: line: 555: Warning: Undeclared requirement :durative-actions ./ground-pddl-problems/painter-impossible/instance_3_4_domain.pddl: line: 560: Warning: Undeclared requirement :duration-inequalities ./ground-pddl-problems/painter-impossible/instance_3_4_domain.pddl: line: 561: Warning: Undeclared requirement :duration-inequalities ./ground-pddl-problems/painter-impossible/instance_3_4_domain.pddl: line: 567: Warning: Undeclared requirement :negative-preconditions ./ground-pddl-problems/painter-impossible/instance_3_4_domain.pddl: line: 568: Warning: Undeclared requirement :negative-preconditions ./ground-pddl-problems/painter-impossible/instance_3_4_domain.pddl: line: 569: Warning: Undeclared requirement :negative-preconditions ./ground-pddl-problems/painter-impossible/instance_3_4_domain.pddl: line: 582: Warning: Undeclared requirement :durative-actions ./ground-pddl-problems/painter-impossible/instance_3_4_domain.pddl: line: 587: Warning: Undeclared requirement :duration-inequalities ./ground-pddl-problems/painter-impossible/instance_3_4_domain.pddl: line: 588: Warning: Undeclared requirement :duration-inequalities ./ground-pddl-problems/painter-impossible/instance_3_4_domain.pddl: line: 594: Warning: Undeclared requirement :negative-preconditions ./ground-pddl-problems/painter-impossible/instance_3_4_domain.pddl: line: 595: Warning: Undeclared requirement :negative-preconditions ./ground-pddl-problems/painter-impossible/instance_3_4_domain.pddl: line: 596: Warning: Undeclared requirement :negative-preconditions ./ground-pddl-problems/painter-impossible/instance_3_4_domain.pddl: line: 609: Warning: Undeclared requirement :durative-actions ./ground-pddl-problems/painter-impossible/instance_3_4_domain.pddl: line: 614: Warning: Undeclared requirement :duration-inequalities ./ground-pddl-problems/painter-impossible/instance_3_4_domain.pddl: line: 615: Warning: Undeclared requirement :duration-inequalities ./ground-pddl-problems/painter-impossible/instance_3_4_domain.pddl: line: 621: Warning: Undeclared requirement :negative-preconditions ./ground-pddl-problems/painter-impossible/instance_3_4_domain.pddl: line: 622: Warning: Undeclared requirement :negative-preconditions ./ground-pddl-problems/painter-impossible/instance_3_4_domain.pddl: line: 623: Warning: Undeclared requirement :negative-preconditions ./ground-pddl-problems/painter-impossible/instance_3_4_domain.pddl: line: 636: Warning: Undeclared requirement :durative-actions ./ground-pddl-problems/painter-impossible/instance_3_4_domain.pddl: line: 641: Warning: Undeclared requirement :duration-inequalities ./ground-pddl-problems/painter-impossible/instance_3_4_domain.pddl: line: 642: Warning: Undeclared requirement :duration-inequalities ./ground-pddl-problems/painter-impossible/instance_3_4_domain.pddl: line: 651: Warning: Undeclared requirement :durative-actions ./ground-pddl-problems/painter-impossible/instance_3_4_domain.pddl: line: 656: Warning: Undeclared requirement :duration-inequalities ./ground-pddl-problems/painter-impossible/instance_3_4_domain.pddl: line: 657: Warning: Undeclared requirement :duration-inequalities ./ground-pddl-problems/painter-impossible/instance_3_4_domain.pddl: line: 666: Warning: Undeclared requirement :durative-actions ./ground-pddl-problems/painter-impossible/instance_3_4_domain.pddl: line: 671: Warning: Undeclared requirement :duration-inequalities ./ground-pddl-problems/painter-impossible/instance_3_4_domain.pddl: line: 672: Warning: Undeclared requirement :duration-inequalities ./ground-pddl-problems/painter-impossible/instance_3_4_domain.pddl: line: 681: Warning: Undeclared requirement :durative-actions ./ground-pddl-problems/painter-impossible/instance_3_4_domain.pddl: line: 686: Warning: Undeclared requirement :duration-inequalities ./ground-pddl-problems/painter-impossible/instance_3_4_domain.pddl: line: 687: Warning: Undeclared requirement :duration-inequalities ./ground-pddl-problems/painter-impossible/instance_3_4_domain.pddl: line: 696: Warning: Undeclared requirement :durative-actions ./ground-pddl-problems/painter-impossible/instance_3_4_domain.pddl: line: 701: Warning: Undeclared requirement :duration-inequalities ./ground-pddl-problems/painter-impossible/instance_3_4_domain.pddl: line: 702: Warning: Undeclared requirement :duration-inequalities ./ground-pddl-problems/painter-impossible/instance_3_4_domain.pddl: line: 711: Warning: Undeclared requirement :durative-actions ./ground-pddl-problems/painter-impossible/instance_3_4_domain.pddl: line: 716: Warning: Undeclared requirement :duration-inequalities ./ground-pddl-problems/painter-impossible/instance_3_4_domain.pddl: line: 717: Warning: Undeclared requirement :duration-inequalities ./ground-pddl-problems/painter-impossible/instance_3_4_domain.pddl: line: 726: Warning: Undeclared requirement :durative-actions ./ground-pddl-problems/painter-impossible/instance_3_4_domain.pddl: line: 731: Warning: Undeclared requirement :duration-inequalities ./ground-pddl-problems/painter-impossible/instance_3_4_domain.pddl: line: 732: Warning: Undeclared requirement :duration-inequalities ./ground-pddl-problems/painter-impossible/instance_3_4_domain.pddl: line: 741: Warning: Undeclared requirement :durative-actions ./ground-pddl-problems/painter-impossible/instance_3_4_domain.pddl: line: 746: Warning: Undeclared requirement :duration-inequalities ./ground-pddl-problems/painter-impossible/instance_3_4_domain.pddl: line: 747: Warning: Undeclared requirement :duration-inequalities ./ground-pddl-problems/painter-impossible/instance_3_4_domain.pddl: line: 756: Warning: Undeclared requirement :durative-actions ./ground-pddl-problems/painter-impossible/instance_3_4_domain.pddl: line: 761: Warning: Undeclared requirement :duration-inequalities ./ground-pddl-problems/painter-impossible/instance_3_4_domain.pddl: line: 762: Warning: Undeclared requirement :duration-inequalities ./ground-pddl-problems/painter-impossible/instance_3_4_domain.pddl: line: 771: Warning: Undeclared requirement :durative-actions ./ground-pddl-problems/painter-impossible/instance_3_4_domain.pddl: line: 776: Warning: Undeclared requirement :duration-inequalities ./ground-pddl-problems/painter-impossible/instance_3_4_domain.pddl: line: 777: Warning: Undeclared requirement :duration-inequalities ./ground-pddl-problems/painter-impossible/instance_3_4_domain.pddl: line: 788: Warning: Undeclared requirement :durative-actions ./ground-pddl-problems/painter-impossible/instance_3_4_domain.pddl: line: 793: Warning: Undeclared requirement :duration-inequalities ./ground-pddl-problems/painter-impossible/instance_3_4_domain.pddl: line: 794: Warning: Undeclared requirement :duration-inequalities ./ground-pddl-problems/painter-impossible/instance_3_4_domain.pddl: line: 805: Warning: Undeclared requirement :durative-actions ./ground-pddl-problems/painter-impossible/instance_3_4_domain.pddl: line: 810: Warning: Undeclared requirement :duration-inequalities ./ground-pddl-problems/painter-impossible/instance_3_4_domain.pddl: line: 811: Warning: Undeclared requirement :duration-inequalities ./ground-pddl-problems/painter-impossible/instance_3_4_domain.pddl: line: 822: Warning: Undeclared requirement :durative-actions ./ground-pddl-problems/painter-impossible/instance_3_4_domain.pddl: line: 827: Warning: Undeclared requirement :duration-inequalities ./ground-pddl-problems/painter-impossible/instance_3_4_domain.pddl: line: 828: Warning: Undeclared requirement :duration-inequalities ./ground-pddl-problems/painter-impossible/instance_3_4_domain.pddl: line: 839: Warning: Undeclared requirement :durative-actions ./ground-pddl-problems/painter-impossible/instance_3_4_domain.pddl: line: 844: Warning: Undeclared requirement :duration-inequalities ./ground-pddl-problems/painter-impossible/instance_3_4_domain.pddl: line: 845: Warning: Undeclared requirement :duration-inequalities ./ground-pddl-problems/painter-impossible/instance_3_4_domain.pddl: line: 856: Warning: Undeclared requirement :durative-actions ./ground-pddl-problems/painter-impossible/instance_3_4_domain.pddl: line: 861: Warning: Undeclared requirement :duration-inequalities ./ground-pddl-problems/painter-impossible/instance_3_4_domain.pddl: line: 862: Warning: Undeclared requirement :duration-inequalities ./ground-pddl-problems/painter-impossible/instance_3_4_domain.pddl: line: 873: Warning: Undeclared requirement :durative-actions ./ground-pddl-problems/painter-impossible/instance_3_4_domain.pddl: line: 878: Warning: Undeclared requirement :duration-inequalities ./ground-pddl-problems/painter-impossible/instance_3_4_domain.pddl: line: 879: Warning: Undeclared requirement :duration-inequalities ./ground-pddl-problems/painter-impossible/instance_3_4_domain.pddl: line: 890: Warning: Undeclared requirement :durative-actions ./ground-pddl-problems/painter-impossible/instance_3_4_domain.pddl: line: 895: Warning: Undeclared requirement :duration-inequalities ./ground-pddl-problems/painter-impossible/instance_3_4_domain.pddl: line: 896: Warning: Undeclared requirement :duration-inequalities ./ground-pddl-problems/painter-impossible/instance_3_4_domain.pddl: line: 907: Warning: Undeclared requirement :durative-actions ./ground-pddl-problems/painter-impossible/instance_3_4_domain.pddl: line: 912: Warning: Undeclared requirement :duration-inequalities ./ground-pddl-problems/painter-impossible/instance_3_4_domain.pddl: line: 913: Warning: Undeclared requirement :duration-inequalities ./ground-pddl-problems/painter-impossible/instance_3_4_domain.pddl: line: 924: Warning: Undeclared requirement :durative-actions ./ground-pddl-problems/painter-impossible/instance_3_4_domain.pddl: line: 929: Warning: Undeclared requirement :duration-inequalities ./ground-pddl-problems/painter-impossible/instance_3_4_domain.pddl: line: 930: Warning: Undeclared requirement :duration-inequalities ./ground-pddl-problems/painter-impossible/instance_3_4_domain.pddl: line: 938: Warning: Undeclared requirement :durative-actions ./ground-pddl-problems/painter-impossible/instance_3_4_domain.pddl: line: 943: Warning: Undeclared requirement :duration-inequalities ./ground-pddl-problems/painter-impossible/instance_3_4_domain.pddl: line: 944: Warning: Undeclared requirement :duration-inequalities ./ground-pddl-problems/painter-impossible/instance_3_4_domain.pddl: line: 952: Warning: Undeclared requirement :durative-actions ./ground-pddl-problems/painter-impossible/instance_3_4_domain.pddl: line: 957: Warning: Undeclared requirement :duration-inequalities ./ground-pddl-problems/painter-impossible/instance_3_4_domain.pddl: line: 958: Warning: Undeclared requirement :duration-inequalities ./ground-pddl-problems/painter-impossible/instance_3_4_domain.pddl: line: 966: Warning: Undeclared requirement :durative-actions ./ground-pddl-problems/painter-impossible/instance_3_4_domain.pddl: line: 971: Warning: Undeclared requirement :duration-inequalities ./ground-pddl-problems/painter-impossible/instance_3_4_domain.pddl: line: 972: Warning: Undeclared requirement :duration-inequalities ./ground-pddl-problems/painter-impossible/instance_3_4_domain.pddl: line: 980: Warning: Undeclared requirement :durative-actions ./ground-pddl-problems/painter-impossible/instance_3_4_domain.pddl: line: 985: Warning: Undeclared requirement :duration-inequalities ./ground-pddl-problems/painter-impossible/instance_3_4_domain.pddl: line: 986: Warning: Undeclared requirement :duration-inequalities ./ground-pddl-problems/painter-impossible/instance_3_4_domain.pddl: line: 994: Warning: Undeclared requirement :durative-actions ./ground-pddl-problems/painter-impossible/instance_3_4_domain.pddl: line: 999: Warning: Undeclared requirement :duration-inequalities ./ground-pddl-problems/painter-impossible/instance_3_4_domain.pddl: line: 1000: Warning: Undeclared requirement :duration-inequalities ./ground-pddl-problems/painter-impossible/instance_3_4_domain.pddl: line: 1008: Warning: Undeclared requirement :durative-actions ./ground-pddl-problems/painter-impossible/instance_3_4_domain.pddl: line: 1013: Warning: Undeclared requirement :duration-inequalities ./ground-pddl-problems/painter-impossible/instance_3_4_domain.pddl: line: 1014: Warning: Undeclared requirement :duration-inequalities ./ground-pddl-problems/painter-impossible/instance_3_4_domain.pddl: line: 1022: Warning: Undeclared requirement :durative-actions ./ground-pddl-problems/painter-impossible/instance_3_4_domain.pddl: line: 1027: Warning: Undeclared requirement :duration-inequalities ./ground-pddl-problems/painter-impossible/instance_3_4_domain.pddl: line: 1028: Warning: Undeclared requirement :duration-inequalities ./ground-pddl-problems/painter-impossible/instance_3_4_domain.pddl: line: 1036: Warning: Undeclared requirement :durative-actions ./ground-pddl-problems/painter-impossible/instance_3_4_domain.pddl: line: 1041: Warning: Undeclared requirement :duration-inequalities ./ground-pddl-problems/painter-impossible/instance_3_4_domain.pddl: line: 1042: Warning: Undeclared requirement :duration-inequalities ./ground-pddl-problems/painter-impossible/instance_3_4_domain.pddl: line: 1050: Warning: Undeclared requirement :durative-actions The planner will continue, but you may wish to fix your files accordingly Number of literals: 82 Constructing lookup tables: [10%] [20%] [30%] [40%] [50%] [60%] [70%] [80%] [90%] [100%] [110%] Post filtering unreachable actions: [10%] [20%] [30%] [40%] [50%] [60%] [70%] [80%] [90%] [100%] [110%] [01;34mNo analytic limits found, not considering limit effects of goal-only operators[00m 25% of the ground temporal actions in this problem are compression-safe Initial heuristic = 9.000 Command exited with non-zero status 139 >%<139>%<0.07>%<11672 
painter-impossible>%<instance_3_4>%<nextflap>%<okay>%<;Parsing time: 0 ;Preprocessing time: 0 ;Grounding time: 0 ;SAS translation time: 0 ;Filter repeated states: 1 ;H: 65535 (0) >%<0>%<0.00>%<6520 
painter-impossible>%<instance_3_4>%<tck-aLU>%<okay>%<ERROR: cannot open ./tck-dir/painter-impossible/instance_3_4.tck: No such file or directory Command exited with non-zero status 1 >%<1>%<0.00>%<5576 
painter-impossible>%<instance_3_4>%<nuxmv>%<okay>%<*** This is nuXmv 2.1.0 (compiled on Fri Nov 29 13:41:31 2024) *** Copyright (c) 2014-2024, Fondazione Bruno Kessler *** For more information on nuXmv see https://nuxmv.fbk.eu *** or email to <nuxmv@fbk.eu>. *** Please report bugs at Please report bugs to <nusmv-users@fbk.eu> *** (click on "Login Anonymously" to access) *** Alternatively write to <nuxmv@fbk.eu>.  *** This version of nuXmv is linked to NuSMV 2.7.0. *** For more information on NuSMV see <http://nusmv.fbk.eu> *** or email to <nusmv-users@fbk.eu>. *** Copyright (C) 2010-2024, Fondazione Bruno Kessler  *** This version of nuXmv is linked to the CUDD library version 2.4.1 *** Copyright (c) 1995-2004, Regents of the University of Colorado  *** This version of nuXmv is linked to the MiniSat SAT solver.  *** See http://minisat.se/MiniSat.html *** Copyright (c) 2003-2006, Niklas Een, Niklas Sorensson *** Copyright (c) 2007-2010, Niklas Sorensson  *** This version of nuXmv is linked to MathSAT *** Copyright (C) 2009-2019 by Fondazione Bruno Kessler *** Copyright (C) 2009-2019 by University of Trento and others *** See http://mathsat.fbk.eu  nuXmv >  file ./nuxmv-dir/painter-impossible/instance_3_4.smv: line 1: cannot open input file ./nuxmv-dir/painter-impossible/instance_3_4.smv nuXmv >  Use "quit" to leave NuSMV. nuXmv >  Use "quit" to leave NuSMV. nuXmv >  Use "quit" to leave NuSMV. nuXmv >  Use "quit" to leave NuSMV. nuXmv >  Use "quit" to leave NuSMV. nuXmv > >%<0>%<0.01>%<32924 
painter-impossible>%<instance_3_4>%<uppaal>%<okay>%<Error opening './uppaal-dir/painter-impossible/instance_3_4.ta': No such file or directory Command exited with non-zero status 1 >%<1>%<0.00>%<8900 
painter-impossible>%<instance_3_4>%<nuxmv-ground>%<okay>%<*** This is nuXmv 2.1.0 (compiled on Fri Nov 29 13:41:31 2024) *** Copyright (c) 2014-2024, Fondazione Bruno Kessler *** For more information on nuXmv see https://nuxmv.fbk.eu *** or email to <nuxmv@fbk.eu>. *** Please report bugs at Please report bugs to <nusmv-users@fbk.eu> *** (click on "Login Anonymously" to access) *** Alternatively write to <nuxmv@fbk.eu>.  *** This version of nuXmv is linked to NuSMV 2.7.0. *** For more information on NuSMV see <http://nusmv.fbk.eu> *** or email to <nusmv-users@fbk.eu>. *** Copyright (C) 2010-2024, Fondazione Bruno Kessler  *** This version of nuXmv is linked to the CUDD library version 2.4.1 *** Copyright (c) 1995-2004, Regents of the University of Colorado  *** This version of nuXmv is linked to the MiniSat SAT solver.  *** See http://minisat.se/MiniSat.html *** Copyright (c) 2003-2006, Niklas Een, Niklas Sorensson *** Copyright (c) 2007-2010, Niklas Sorensson  *** This version of nuXmv is linked to MathSAT *** Copyright (C) 2009-2019 by Fondazione Bruno Kessler *** Copyright (C) 2009-2019 by University of Trento and others *** See http://mathsat.fbk.eu  nuXmv >  file ./nuxmv-dir/painter-impossible/instance_3_4.smv: line 1: cannot open input file ./nuxmv-dir/painter-impossible/instance_3_4.smv nuXmv >  Use "quit" to leave NuSMV. nuXmv >  Use "quit" to leave NuSMV. nuXmv >  Use "quit" to leave NuSMV. nuXmv >  Use "quit" to leave NuSMV. nuXmv >  Use "quit" to leave NuSMV. nuXmv > >%<0>%<0.01>%<32860 
painter-impossible>%<instance_3_4>%<uppaal-ground>%<okay>%<Error opening './uppaal-dir/painter-impossible/instance_3_4.ta': No such file or directory Command exited with non-zero status 1 >%<1>%<0.00>%<8928 
painter-impossible>%<instance_4_2>%<grounder>%<okay>%<Warnings encountered when parsing Domain/Problem File -----------------------------------------------------  The supplied domain/problem file appear to violate part of the PDDL language specification.  Specifically:  Errors: 0, warnings: 2 pddl-domains/painter-impossible/domain.pddl: line: 48: Warning: Undeclared requirement :conditional-effects  pddl-domains/painter-impossible/domain.pddl: line: 49: Warning: Undeclared requirement :conditional-effects   The planner will continue, but you may wish to fix your files accordingly One way facts... Semaphore Facts... Envelope Facts... One-shot actions... (make_treatment1 i0 i1 t3 last_t) is 1 shot (make_treatment1 i0 i1 t0 t1) is 1 shot (make_treatment1 i0 i1 t1 t2) is 1 shot (make_treatment1 i0 i1 t2 t3) is 1 shot Integral variables... Variable bounds... Static numeric conditions... Duration bounds... TIL time window analysis... Bounding action timestamps due to time windows... Dominance constraints (excluding processes and events)... Damaging events... Dominance constraints (including processes and events)... Variable monotonicity... Max/min needed values for any single precondition... Irrelevant action pruning by backward reachability from goal... Uninterestingness criteria... Compression-safe actions... Compression-safe invariants... -- Writing ground PDDL >%<0>%<0.00>%<5576 
painter-impossible>%<instance_4_2>%<verified-encoder>%<okay>%<okok+ Domain File: ./ground-pddl-problems/painter-impossible/instance_4_2_domain.pddl + Problem File: ./ground-pddl-problems/painter-impossible/instance_4_2_problem.pddl + Network File: ./muntax-dir/painter-impossible/instance_4_2.muntax Parse error at -:12.2-12.2: Expected '(', lparen, problem or end of file.   Command exited with non-zero status 1 >%<1>%<0.00>%<5320 
painter-impossible>%<instance_4_2>%<model-converter>%<file missing>%<No model to convert. Expected: ./muntax-dir/painter-impossible/instance_4_2.muntax
painter-impossible>%<instance_4_2>%<tck-covreach>%<okay>%<ERROR: cannot open ./tck-dir/painter-impossible/instance_4_2.tck: No such file or directory Command exited with non-zero status 1 >%<1>%<0.00>%<5592 
painter-impossible>%<instance_4_2>%<cert-conv>%<file missing>%<No model to obtain renaming. Expected: ./muntax-dir/painter-impossible/instance_4_2.muntax
painter-impossible>%<instance_4_2>%<muntac-cert-check>%<file missing>%<No model to obtain renaming. Expected: ./muntax-dir/painter-impossible/instance_4_2.muntax
painter-impossible>%<instance_4_2>%<tamer-ctp>%<okay>%<ERROR: An error of type ParserError was thrown during the execution of TAMER. The reported error is: ParserError: Unknown character ':' at line23 Command exited with non-zero status 1 >%<1>%<0.00>%<5572 
painter-impossible>%<instance_4_2>%<tamer-ftp>%<okay>%<ERROR: An error of type ParserError was thrown during the execution of TAMER. The reported error is: ParserError: Unknown character ':' at line23 Command exited with non-zero status 1 >%<1>%<0.00>%<5364 
painter-impossible>%<instance_4_2>%<tamer-ctp-ground>%<okay>%<environment: line 1: 502230 Segmentation fault         (core dumped) ./tamer solve -a $mode -t constant-promoter -P $problem $domain Command exited with non-zero status 139 >%<139>%<0.06>%<5328 
painter-impossible>%<instance_4_2>%<tamer-ftp-ground>%<okay>%<environment: line 1: 502253 Segmentation fault         (core dumped) ./tamer solve -a $mode -t constant-promoter -P $problem $domain Command exited with non-zero status 139 >%<139>%<0.06>%<5360 
painter-impossible>%<instance_4_2>%<tfd>%<okay>%<Parsing... Contains quantified condition(s): False Instantiating... Unbound effect variables: Adding @object predicate. Trivial rules: Converted to facts. Starting instantiation [64 rules]... Finding invariants... Finding invariants... 29 initial candidates [0.000s CPU, 0.006s wall-clock] Checking invariant weight... [0.000s CPU, 0.000s wall-clock] Instantiating groups... Choosing groups... 91 uncovered facts (before using the results from the invariant synthesis) 76 uncovered facts Building translation key... Building STRIPS to SAS dictionary... Translating task... Traceback (most recent call last): File "/home/david/work/tchecker-experiments/sources/tfd/downward/translate/translate.py", line 1108, in <module> sas_task = pddl_to_sas(task) File "/home/david/work/tchecker-experiments/sources/tfd/downward/translate/translate.py", line 994, in pddl_to_sas assert not actions, "There shouldn't be any actions - just temporal actions" ^^^^^^^^^^^ AssertionError: There shouldn't be any actions - just temporal actions ('translate/translate.py', '/home/david/work/tchecker-experiments/pddl-domains/painter-impossible/domain.pddl', '/home/david/work/tchecker-experiments/pddl-domains/painter-impossible/instances/instance_4_2.pddl') {} Traceback (most recent call last): File "/home/david/work/tchecker-experiments/./sources/tfd/downward/tfd", line 44, in <module> main(domain, problem, result_name, config) ~~~~^^^^^^^^^^^^^^^^^^^^^^^^^^^^^^^^^^^^^^ File "/home/david/work/tchecker-experiments/./sources/tfd/downward/tfd", line 23, in main run("translate/translate.py", domain, problem) ~~~^^^^^^^^^^^^^^^^^^^^^^^^^^^^^^^^^^^^^^^^^^^ File "/home/david/work/tchecker-experiments/./sources/tfd/downward/tfd", line 20, in run subprocess.check_call(sum([arg.split("+") for arg in args],[]), **redirections) ~~~~~~~~~~~~~~~~~~~~~^^^^^^^^^^^^^^^^^^^^^^^^^^^^^^^^^^^^^^^^^^^^^^^^^^^^^^^^^^ File "/usr/lib/python3.13/subprocess.py", line 419, in check_call raise CalledProcessError(retcode, cmd) subprocess.CalledProcessError: Command '['translate/translate.py', '/home/david/work/tchecker-experiments/pddl-domains/painter-impossible/domain.pddl', '/home/david/work/tchecker-experiments/pddl-domains/painter-impossible/instances/instance_4_2.pddl']' returned non-zero exit status 1. >%<0>%<0.06>%<16428 
painter-impossible>%<instance_4_2>%<optic>%<okay>%<
painter-impossible>%<instance_4_2>%<popf3-ground>%<okay>%<Critical Errors Encountered in Domain/Problem File -------------------------------------------------- Due to critical errors in the supplied domain/problem file, the planner has to terminate. The errors encountered are as follows: Errors: 1, warnings: 0 ./ground-pddl-problems/painter-impossible/instance_4_2_domain.pddl: line: 48: Error: Syntax error in domain >%<0>%<0.00>%<9152 
painter-impossible>%<instance_4_2>%<nextflap>%<okay>%<;Parsing time: 0 ;Preprocessing time: 0 terminate called after throwing an instance of 'PlannerException' what(): Goals not reached >%<0>%<0.08>%<5316 
painter-impossible>%<instance_4_2>%<tck-aLU>%<okay>%<ERROR: cannot open ./tck-dir/painter-impossible/instance_4_2.tck: No such file or directory Command exited with non-zero status 1 >%<1>%<0.00>%<5584 
painter-impossible>%<instance_4_2>%<nuxmv>%<okay>%<*** This is nuXmv 2.1.0 (compiled on Fri Nov 29 13:41:31 2024) *** Copyright (c) 2014-2024, Fondazione Bruno Kessler *** For more information on nuXmv see https://nuxmv.fbk.eu *** or email to <nuxmv@fbk.eu>. *** Please report bugs at Please report bugs to <nusmv-users@fbk.eu> *** (click on "Login Anonymously" to access) *** Alternatively write to <nuxmv@fbk.eu>.  *** This version of nuXmv is linked to NuSMV 2.7.0. *** For more information on NuSMV see <http://nusmv.fbk.eu> *** or email to <nusmv-users@fbk.eu>. *** Copyright (C) 2010-2024, Fondazione Bruno Kessler  *** This version of nuXmv is linked to the CUDD library version 2.4.1 *** Copyright (c) 1995-2004, Regents of the University of Colorado  *** This version of nuXmv is linked to the MiniSat SAT solver.  *** See http://minisat.se/MiniSat.html *** Copyright (c) 2003-2006, Niklas Een, Niklas Sorensson *** Copyright (c) 2007-2010, Niklas Sorensson  *** This version of nuXmv is linked to MathSAT *** Copyright (C) 2009-2019 by Fondazione Bruno Kessler *** Copyright (C) 2009-2019 by University of Trento and others *** See http://mathsat.fbk.eu  nuXmv >  file ./nuxmv-dir/painter-impossible/instance_4_2.smv: line 1: cannot open input file ./nuxmv-dir/painter-impossible/instance_4_2.smv nuXmv >  Use "quit" to leave NuSMV. nuXmv >  Use "quit" to leave NuSMV. nuXmv >  Use "quit" to leave NuSMV. nuXmv >  Use "quit" to leave NuSMV. nuXmv >  Use "quit" to leave NuSMV. nuXmv > >%<0>%<0.01>%<32840 
painter-impossible>%<instance_4_2>%<uppaal>%<okay>%<Error opening './uppaal-dir/painter-impossible/instance_4_2.ta': No such file or directory Command exited with non-zero status 1 >%<1>%<0.00>%<8884 
painter-impossible>%<instance_4_2>%<nuxmv-ground>%<okay>%<*** This is nuXmv 2.1.0 (compiled on Fri Nov 29 13:41:31 2024) *** Copyright (c) 2014-2024, Fondazione Bruno Kessler *** For more information on nuXmv see https://nuxmv.fbk.eu *** or email to <nuxmv@fbk.eu>. *** Please report bugs at Please report bugs to <nusmv-users@fbk.eu> *** (click on "Login Anonymously" to access) *** Alternatively write to <nuxmv@fbk.eu>.  *** This version of nuXmv is linked to NuSMV 2.7.0. *** For more information on NuSMV see <http://nusmv.fbk.eu> *** or email to <nusmv-users@fbk.eu>. *** Copyright (C) 2010-2024, Fondazione Bruno Kessler  *** This version of nuXmv is linked to the CUDD library version 2.4.1 *** Copyright (c) 1995-2004, Regents of the University of Colorado  *** This version of nuXmv is linked to the MiniSat SAT solver.  *** See http://minisat.se/MiniSat.html *** Copyright (c) 2003-2006, Niklas Een, Niklas Sorensson *** Copyright (c) 2007-2010, Niklas Sorensson  *** This version of nuXmv is linked to MathSAT *** Copyright (C) 2009-2019 by Fondazione Bruno Kessler *** Copyright (C) 2009-2019 by University of Trento and others *** See http://mathsat.fbk.eu  nuXmv >  file ./nuxmv-dir/painter-impossible/instance_4_2.smv: line 5: at token ";": syntax error nuXmv >  Use "quit" to leave NuSMV. nuXmv >  Use "quit" to leave NuSMV. nuXmv >  Use "quit" to leave NuSMV. nuXmv >  Use "quit" to leave NuSMV. nuXmv >  Use "quit" to leave NuSMV. nuXmv > >%<0>%<0.01>%<32764 
painter-impossible>%<instance_4_2>%<uppaal-ground>%<okay>%<./uppaal-dir/painter-impossible/instance_4_2.ta::16: [error] syntax error: unexpected end of file. Command exited with non-zero status 1 >%<1>%<0.00>%<10372 
painter-impossible>%<instance_4_3>%<grounder>%<okay>%<Warnings encountered when parsing Domain/Problem File -----------------------------------------------------  The supplied domain/problem file appear to violate part of the PDDL language specification.  Specifically:  Errors: 0, warnings: 2 pddl-domains/painter-impossible/domain.pddl: line: 48: Warning: Undeclared requirement :conditional-effects  pddl-domains/painter-impossible/domain.pddl: line: 49: Warning: Undeclared requirement :conditional-effects   The planner will continue, but you may wish to fix your files accordingly One way facts... Semaphore Facts... Envelope Facts... One-shot actions... (make_treatment1 i0 i1 t3 last_t) is 1 shot (make_treatment1 i1 i2 t3 last_t) is 1 shot (make_treatment1 i0 i1 t0 t1) is 1 shot (make_treatment1 i1 i2 t0 t1) is 1 shot (make_treatment1 i0 i1 t1 t2) is 1 shot (make_treatment1 i1 i2 t1 t2) is 1 shot (make_treatment1 i0 i1 t2 t3) is 1 shot (make_treatment1 i1 i2 t2 t3) is 1 shot Integral variables... Variable bounds... Static numeric conditions... Duration bounds... TIL time window analysis... Bounding action timestamps due to time windows... Dominance constraints (excluding processes and events)... Damaging events... Dominance constraints (including processes and events)... Variable monotonicity... Max/min needed values for any single precondition... Irrelevant action pruning by backward reachability from goal... Uninterestingness criteria... Compression-safe actions... Compression-safe invariants... 25% of durative actions in this problem are compression safe -- Writing ground PDDL >%<0>%<0.00>%<5588 
painter-impossible>%<instance_4_3>%<verified-encoder>%<okay>%<okok+ Domain File: ./ground-pddl-problems/painter-impossible/instance_4_3_domain.pddl + Problem File: ./ground-pddl-problems/painter-impossible/instance_4_3_problem.pddl + Network File: ./muntax-dir/painter-impossible/instance_4_3.muntax Parse error at -:203.2-203.2: Expected ')', rparen, domain or end of file.   Command exited with non-zero status 1 >%<1>%<0.00>%<6128 
painter-impossible>%<instance_4_3>%<model-converter>%<file missing>%<No model to convert. Expected: ./muntax-dir/painter-impossible/instance_4_3.muntax
painter-impossible>%<instance_4_3>%<tck-covreach>%<okay>%<ERROR: cannot open ./tck-dir/painter-impossible/instance_4_3.tck: No such file or directory Command exited with non-zero status 1 >%<1>%<0.00>%<5588 
painter-impossible>%<instance_4_3>%<cert-conv>%<file missing>%<No model to obtain renaming. Expected: ./muntax-dir/painter-impossible/instance_4_3.muntax
painter-impossible>%<instance_4_3>%<muntac-cert-check>%<file missing>%<No model to obtain renaming. Expected: ./muntax-dir/painter-impossible/instance_4_3.muntax
painter-impossible>%<instance_4_3>%<tamer-ctp>%<okay>%<ERROR: An error of type ParserError was thrown during the execution of TAMER. The reported error is: ParserError: Unknown character ':' at line23 Command exited with non-zero status 1 >%<1>%<0.00>%<5560 
painter-impossible>%<instance_4_3>%<tamer-ftp>%<okay>%<ERROR: An error of type ParserError was thrown during the execution of TAMER. The reported error is: ParserError: Unknown character ':' at line23 Command exited with non-zero status 1 >%<1>%<0.00>%<5420 
painter-impossible>%<instance_4_3>%<tamer-ctp-ground>%<okay>%<ERROR: An error of type ParserError was thrown during the execution of TAMER. The reported error is: ParserError: Unknown character ':' at line83 Command exited with non-zero status 1 >%<1>%<0.00>%<5588 
painter-impossible>%<instance_4_3>%<tamer-ftp-ground>%<okay>%<ERROR: An error of type ParserError was thrown during the execution of TAMER. The reported error is: ParserError: Unknown character ':' at line83 Command exited with non-zero status 1 >%<1>%<0.00>%<5324 
painter-impossible>%<instance_4_3>%<tfd>%<okay>%<Parsing... Contains quantified condition(s): False Instantiating... Unbound effect variables: Adding @object predicate. Trivial rules: Converted to facts. Starting instantiation [64 rules]... Finding invariants... Finding invariants... 29 initial candidates [0.010s CPU, 0.005s wall-clock] Checking invariant weight... [0.000s CPU, 0.000s wall-clock] Instantiating groups... Choosing groups... 147 uncovered facts (before using the results from the invariant synthesis) 123 uncovered facts Building translation key... Building STRIPS to SAS dictionary... Translating task... Traceback (most recent call last): File "/home/david/work/tchecker-experiments/sources/tfd/downward/translate/translate.py", line 1108, in <module> sas_task = pddl_to_sas(task) File "/home/david/work/tchecker-experiments/sources/tfd/downward/translate/translate.py", line 994, in pddl_to_sas assert not actions, "There shouldn't be any actions - just temporal actions" ^^^^^^^^^^^ AssertionError: There shouldn't be any actions - just temporal actions ('translate/translate.py', '/home/david/work/tchecker-experiments/pddl-domains/painter-impossible/domain.pddl', '/home/david/work/tchecker-experiments/pddl-domains/painter-impossible/instances/instance_4_3.pddl') {} Traceback (most recent call last): File "/home/david/work/tchecker-experiments/./sources/tfd/downward/tfd", line 44, in <module> main(domain, problem, result_name, config) ~~~~^^^^^^^^^^^^^^^^^^^^^^^^^^^^^^^^^^^^^^ File "/home/david/work/tchecker-experiments/./sources/tfd/downward/tfd", line 23, in main run("translate/translate.py", domain, problem) ~~~^^^^^^^^^^^^^^^^^^^^^^^^^^^^^^^^^^^^^^^^^^^ File "/home/david/work/tchecker-experiments/./sources/tfd/downward/tfd", line 20, in run subprocess.check_call(sum([arg.split("+") for arg in args],[]), **redirections) ~~~~~~~~~~~~~~~~~~~~~^^^^^^^^^^^^^^^^^^^^^^^^^^^^^^^^^^^^^^^^^^^^^^^^^^^^^^^^^^ File "/usr/lib/python3.13/subprocess.py", line 419, in check_call raise CalledProcessError(retcode, cmd) subprocess.CalledProcessError: Command '['translate/translate.py', '/home/david/work/tchecker-experiments/pddl-domains/painter-impossible/domain.pddl', '/home/david/work/tchecker-experiments/pddl-domains/painter-impossible/instances/instance_4_3.pddl']' returned non-zero exit status 1. >%<0>%<0.07>%<16836 
painter-impossible>%<instance_4_3>%<optic>%<okay>%<
painter-impossible>%<instance_4_3>%<popf3-ground>%<okay>%<Warnings encountered when parsing Domain/Problem File ----------------------------------------------------- The supplied domain/problem file appear to violate part of the PDDL language specification. Specifically: Errors: 0, warnings: 136 ./ground-pddl-problems/painter-impossible/instance_4_3_domain.pddl: line: 87: Warning: Undeclared requirement :negative-preconditions ./ground-pddl-problems/painter-impossible/instance_4_3_domain.pddl: line: 88: Warning: Undeclared requirement :negative-preconditions ./ground-pddl-problems/painter-impossible/instance_4_3_domain.pddl: line: 102: Warning: Undeclared requirement :negative-preconditions ./ground-pddl-problems/painter-impossible/instance_4_3_domain.pddl: line: 103: Warning: Undeclared requirement :negative-preconditions ./ground-pddl-problems/painter-impossible/instance_4_3_domain.pddl: line: 117: Warning: Undeclared requirement :negative-preconditions ./ground-pddl-problems/painter-impossible/instance_4_3_domain.pddl: line: 118: Warning: Undeclared requirement :negative-preconditions ./ground-pddl-problems/painter-impossible/instance_4_3_domain.pddl: line: 132: Warning: Undeclared requirement :negative-preconditions ./ground-pddl-problems/painter-impossible/instance_4_3_domain.pddl: line: 133: Warning: Undeclared requirement :negative-preconditions ./ground-pddl-problems/painter-impossible/instance_4_3_domain.pddl: line: 147: Warning: Undeclared requirement :negative-preconditions ./ground-pddl-problems/painter-impossible/instance_4_3_domain.pddl: line: 148: Warning: Undeclared requirement :negative-preconditions ./ground-pddl-problems/painter-impossible/instance_4_3_domain.pddl: line: 162: Warning: Undeclared requirement :negative-preconditions ./ground-pddl-problems/painter-impossible/instance_4_3_domain.pddl: line: 163: Warning: Undeclared requirement :negative-preconditions ./ground-pddl-problems/painter-impossible/instance_4_3_domain.pddl: line: 177: Warning: Undeclared requirement :negative-preconditions ./ground-pddl-problems/painter-impossible/instance_4_3_domain.pddl: line: 178: Warning: Undeclared requirement :negative-preconditions ./ground-pddl-problems/painter-impossible/instance_4_3_domain.pddl: line: 192: Warning: Undeclared requirement :negative-preconditions ./ground-pddl-problems/painter-impossible/instance_4_3_domain.pddl: line: 193: Warning: Undeclared requirement :negative-preconditions ./ground-pddl-problems/painter-impossible/instance_4_3_domain.pddl: line: 237: Warning: Undeclared requirement :duration-inequalities ./ground-pddl-problems/painter-impossible/instance_4_3_domain.pddl: line: 238: Warning: Undeclared requirement :duration-inequalities ./ground-pddl-problems/painter-impossible/instance_4_3_domain.pddl: line: 244: Warning: Undeclared requirement :negative-preconditions ./ground-pddl-problems/painter-impossible/instance_4_3_domain.pddl: line: 245: Warning: Undeclared requirement :negative-preconditions ./ground-pddl-problems/painter-impossible/instance_4_3_domain.pddl: line: 246: Warning: Undeclared requirement :negative-preconditions ./ground-pddl-problems/painter-impossible/instance_4_3_domain.pddl: line: 259: Warning: Undeclared requirement :durative-actions ./ground-pddl-problems/painter-impossible/instance_4_3_domain.pddl: line: 264: Warning: Undeclared requirement :duration-inequalities ./ground-pddl-problems/painter-impossible/instance_4_3_domain.pddl: line: 265: Warning: Undeclared requirement :duration-inequalities ./ground-pddl-problems/painter-impossible/instance_4_3_domain.pddl: line: 271: Warning: Undeclared requirement :negative-preconditions ./ground-pddl-problems/painter-impossible/instance_4_3_domain.pddl: line: 272: Warning: Undeclared requirement :negative-preconditions ./ground-pddl-problems/painter-impossible/instance_4_3_domain.pddl: line: 273: Warning: Undeclared requirement :negative-preconditions ./ground-pddl-problems/painter-impossible/instance_4_3_domain.pddl: line: 286: Warning: Undeclared requirement :durative-actions ./ground-pddl-problems/painter-impossible/instance_4_3_domain.pddl: line: 291: Warning: Undeclared requirement :duration-inequalities ./ground-pddl-problems/painter-impossible/instance_4_3_domain.pddl: line: 292: Warning: Undeclared requirement :duration-inequalities ./ground-pddl-problems/painter-impossible/instance_4_3_domain.pddl: line: 298: Warning: Undeclared requirement :negative-preconditions ./ground-pddl-problems/painter-impossible/instance_4_3_domain.pddl: line: 299: Warning: Undeclared requirement :negative-preconditions ./ground-pddl-problems/painter-impossible/instance_4_3_domain.pddl: line: 300: Warning: Undeclared requirement :negative-preconditions ./ground-pddl-problems/painter-impossible/instance_4_3_domain.pddl: line: 313: Warning: Undeclared requirement :durative-actions ./ground-pddl-problems/painter-impossible/instance_4_3_domain.pddl: line: 318: Warning: Undeclared requirement :duration-inequalities ./ground-pddl-problems/painter-impossible/instance_4_3_domain.pddl: line: 319: Warning: Undeclared requirement :duration-inequalities ./ground-pddl-problems/painter-impossible/instance_4_3_domain.pddl: line: 325: Warning: Undeclared requirement :negative-preconditions ./ground-pddl-problems/painter-impossible/instance_4_3_domain.pddl: line: 326: Warning: Undeclared requirement :negative-preconditions ./ground-pddl-problems/painter-impossible/instance_4_3_domain.pddl: line: 327: Warning: Undeclared requirement :negative-preconditions ./ground-pddl-problems/painter-impossible/instance_4_3_domain.pddl: line: 340: Warning: Undeclared requirement :durative-actions ./ground-pddl-problems/painter-impossible/instance_4_3_domain.pddl: line: 345: Warning: Undeclared requirement :duration-inequalities ./ground-pddl-problems/painter-impossible/instance_4_3_domain.pddl: line: 346: Warning: Undeclared requirement :duration-inequalities ./ground-pddl-problems/painter-impossible/instance_4_3_domain.pddl: line: 352: Warning: Undeclared requirement :negative-preconditions ./ground-pddl-problems/painter-impossible/instance_4_3_domain.pddl: line: 353: Warning: Undeclared requirement :negative-preconditions ./ground-pddl-problems/painter-impossible/instance_4_3_domain.pddl: line: 354: Warning: Undeclared requirement :negative-preconditions ./ground-pddl-problems/painter-impossible/instance_4_3_domain.pddl: line: 367: Warning: Undeclared requirement :durative-actions ./ground-pddl-problems/painter-impossible/instance_4_3_domain.pddl: line: 372: Warning: Undeclared requirement :duration-inequalities ./ground-pddl-problems/painter-impossible/instance_4_3_domain.pddl: line: 373: Warning: Undeclared requirement :duration-inequalities ./ground-pddl-problems/painter-impossible/instance_4_3_domain.pddl: line: 379: Warning: Undeclared requirement :negative-preconditions ./ground-pddl-problems/painter-impossible/instance_4_3_domain.pddl: line: 380: Warning: Undeclared requirement :negative-preconditions ./ground-pddl-problems/painter-impossible/instance_4_3_domain.pddl: line: 381: Warning: Undeclared requirement :negative-preconditions ./ground-pddl-problems/painter-impossible/instance_4_3_domain.pddl: line: 394: Warning: Undeclared requirement :durative-actions ./ground-pddl-problems/painter-impossible/instance_4_3_domain.pddl: line: 399: Warning: Undeclared requirement :duration-inequalities ./ground-pddl-problems/painter-impossible/instance_4_3_domain.pddl: line: 400: Warning: Undeclared requirement :duration-inequalities ./ground-pddl-problems/painter-impossible/instance_4_3_domain.pddl: line: 406: Warning: Undeclared requirement :negative-preconditions ./ground-pddl-problems/painter-impossible/instance_4_3_domain.pddl: line: 407: Warning: Undeclared requirement :negative-preconditions ./ground-pddl-problems/painter-impossible/instance_4_3_domain.pddl: line: 408: Warning: Undeclared requirement :negative-preconditions ./ground-pddl-problems/painter-impossible/instance_4_3_domain.pddl: line: 421: Warning: Undeclared requirement :durative-actions ./ground-pddl-problems/painter-impossible/instance_4_3_domain.pddl: line: 426: Warning: Undeclared requirement :duration-inequalities ./ground-pddl-problems/painter-impossible/instance_4_3_domain.pddl: line: 427: Warning: Undeclared requirement :duration-inequalities ./ground-pddl-problems/painter-impossible/instance_4_3_domain.pddl: line: 433: Warning: Undeclared requirement :negative-preconditions ./ground-pddl-problems/painter-impossible/instance_4_3_domain.pddl: line: 434: Warning: Undeclared requirement :negative-preconditions ./ground-pddl-problems/painter-impossible/instance_4_3_domain.pddl: line: 435: Warning: Undeclared requirement :negative-preconditions ./ground-pddl-problems/painter-impossible/instance_4_3_domain.pddl: line: 448: Warning: Undeclared requirement :durative-actions ./ground-pddl-problems/painter-impossible/instance_4_3_domain.pddl: line: 453: Warning: Undeclared requirement :duration-inequalities ./ground-pddl-problems/painter-impossible/instance_4_3_domain.pddl: line: 454: Warning: Undeclared requirement :duration-inequalities ./ground-pddl-problems/painter-impossible/instance_4_3_domain.pddl: line: 463: Warning: Undeclared requirement :durative-actions ./ground-pddl-problems/painter-impossible/instance_4_3_domain.pddl: line: 468: Warning: Undeclared requirement :duration-inequalities ./ground-pddl-problems/painter-impossible/instance_4_3_domain.pddl: line: 469: Warning: Undeclared requirement :duration-inequalities ./ground-pddl-problems/painter-impossible/instance_4_3_domain.pddl: line: 478: Warning: Undeclared requirement :durative-actions ./ground-pddl-problems/painter-impossible/instance_4_3_domain.pddl: line: 483: Warning: Undeclared requirement :duration-inequalities ./ground-pddl-problems/painter-impossible/instance_4_3_domain.pddl: line: 484: Warning: Undeclared requirement :duration-inequalities ./ground-pddl-problems/painter-impossible/instance_4_3_domain.pddl: line: 493: Warning: Undeclared requirement :durative-actions ./ground-pddl-problems/painter-impossible/instance_4_3_domain.pddl: line: 498: Warning: Undeclared requirement :duration-inequalities ./ground-pddl-problems/painter-impossible/instance_4_3_domain.pddl: line: 499: Warning: Undeclared requirement :duration-inequalities ./ground-pddl-problems/painter-impossible/instance_4_3_domain.pddl: line: 508: Warning: Undeclared requirement :durative-actions ./ground-pddl-problems/painter-impossible/instance_4_3_domain.pddl: line: 513: Warning: Undeclared requirement :duration-inequalities ./ground-pddl-problems/painter-impossible/instance_4_3_domain.pddl: line: 514: Warning: Undeclared requirement :duration-inequalities ./ground-pddl-problems/painter-impossible/instance_4_3_domain.pddl: line: 523: Warning: Undeclared requirement :durative-actions ./ground-pddl-problems/painter-impossible/instance_4_3_domain.pddl: line: 528: Warning: Undeclared requirement :duration-inequalities ./ground-pddl-problems/painter-impossible/instance_4_3_domain.pddl: line: 529: Warning: Undeclared requirement :duration-inequalities ./ground-pddl-problems/painter-impossible/instance_4_3_domain.pddl: line: 538: Warning: Undeclared requirement :durative-actions ./ground-pddl-problems/painter-impossible/instance_4_3_domain.pddl: line: 543: Warning: Undeclared requirement :duration-inequalities ./ground-pddl-problems/painter-impossible/instance_4_3_domain.pddl: line: 544: Warning: Undeclared requirement :duration-inequalities ./ground-pddl-problems/painter-impossible/instance_4_3_domain.pddl: line: 553: Warning: Undeclared requirement :durative-actions ./ground-pddl-problems/painter-impossible/instance_4_3_domain.pddl: line: 558: Warning: Undeclared requirement :duration-inequalities ./ground-pddl-problems/painter-impossible/instance_4_3_domain.pddl: line: 559: Warning: Undeclared requirement :duration-inequalities ./ground-pddl-problems/painter-impossible/instance_4_3_domain.pddl: line: 568: Warning: Undeclared requirement :durative-actions ./ground-pddl-problems/painter-impossible/instance_4_3_domain.pddl: line: 573: Warning: Undeclared requirement :duration-inequalities ./ground-pddl-problems/painter-impossible/instance_4_3_domain.pddl: line: 574: Warning: Undeclared requirement :duration-inequalities ./ground-pddl-problems/painter-impossible/instance_4_3_domain.pddl: line: 585: Warning: Undeclared requirement :durative-actions ./ground-pddl-problems/painter-impossible/instance_4_3_domain.pddl: line: 590: Warning: Undeclared requirement :duration-inequalities ./ground-pddl-problems/painter-impossible/instance_4_3_domain.pddl: line: 591: Warning: Undeclared requirement :duration-inequalities ./ground-pddl-problems/painter-impossible/instance_4_3_domain.pddl: line: 602: Warning: Undeclared requirement :durative-actions ./ground-pddl-problems/painter-impossible/instance_4_3_domain.pddl: line: 607: Warning: Undeclared requirement :duration-inequalities ./ground-pddl-problems/painter-impossible/instance_4_3_domain.pddl: line: 608: Warning: Undeclared requirement :duration-inequalities ./ground-pddl-problems/painter-impossible/instance_4_3_domain.pddl: line: 619: Warning: Undeclared requirement :durative-actions ./ground-pddl-problems/painter-impossible/instance_4_3_domain.pddl: line: 624: Warning: Undeclared requirement :duration-inequalities ./ground-pddl-problems/painter-impossible/instance_4_3_domain.pddl: line: 625: Warning: Undeclared requirement :duration-inequalities ./ground-pddl-problems/painter-impossible/instance_4_3_domain.pddl: line: 636: Warning: Undeclared requirement :durative-actions ./ground-pddl-problems/painter-impossible/instance_4_3_domain.pddl: line: 641: Warning: Undeclared requirement :duration-inequalities ./ground-pddl-problems/painter-impossible/instance_4_3_domain.pddl: line: 642: Warning: Undeclared requirement :duration-inequalities ./ground-pddl-problems/painter-impossible/instance_4_3_domain.pddl: line: 653: Warning: Undeclared requirement :durative-actions ./ground-pddl-problems/painter-impossible/instance_4_3_domain.pddl: line: 658: Warning: Undeclared requirement :duration-inequalities ./ground-pddl-problems/painter-impossible/instance_4_3_domain.pddl: line: 659: Warning: Undeclared requirement :duration-inequalities ./ground-pddl-problems/painter-impossible/instance_4_3_domain.pddl: line: 670: Warning: Undeclared requirement :durative-actions ./ground-pddl-problems/painter-impossible/instance_4_3_domain.pddl: line: 675: Warning: Undeclared requirement :duration-inequalities ./ground-pddl-problems/painter-impossible/instance_4_3_domain.pddl: line: 676: Warning: Undeclared requirement :duration-inequalities ./ground-pddl-problems/painter-impossible/instance_4_3_domain.pddl: line: 687: Warning: Undeclared requirement :durative-actions ./ground-pddl-problems/painter-impossible/instance_4_3_domain.pddl: line: 692: Warning: Undeclared requirement :duration-inequalities ./ground-pddl-problems/painter-impossible/instance_4_3_domain.pddl: line: 693: Warning: Undeclared requirement :duration-inequalities ./ground-pddl-problems/painter-impossible/instance_4_3_domain.pddl: line: 704: Warning: Undeclared requirement :durative-actions ./ground-pddl-problems/painter-impossible/instance_4_3_domain.pddl: line: 709: Warning: Undeclared requirement :duration-inequalities ./ground-pddl-problems/painter-impossible/instance_4_3_domain.pddl: line: 710: Warning: Undeclared requirement :duration-inequalities ./ground-pddl-problems/painter-impossible/instance_4_3_domain.pddl: line: 718: Warning: Undeclared requirement :durative-actions ./ground-pddl-problems/painter-impossible/instance_4_3_domain.pddl: line: 723: Warning: Undeclared requirement :duration-inequalities ./ground-pddl-problems/painter-impossible/instance_4_3_domain.pddl: line: 724: Warning: Undeclared requirement :duration-inequalities ./ground-pddl-problems/painter-impossible/instance_4_3_domain.pddl: line: 732: Warning: Undeclared requirement :durative-actions ./ground-pddl-problems/painter-impossible/instance_4_3_domain.pddl: line: 737: Warning: Undeclared requirement :duration-inequalities ./ground-pddl-problems/painter-impossible/instance_4_3_domain.pddl: line: 738: Warning: Undeclared requirement :duration-inequalities ./ground-pddl-problems/painter-impossible/instance_4_3_domain.pddl: line: 746: Warning: Undeclared requirement :durative-actions ./ground-pddl-problems/painter-impossible/instance_4_3_domain.pddl: line: 751: Warning: Undeclared requirement :duration-inequalities ./ground-pddl-problems/painter-impossible/instance_4_3_domain.pddl: line: 752: Warning: Undeclared requirement :duration-inequalities ./ground-pddl-problems/painter-impossible/instance_4_3_domain.pddl: line: 760: Warning: Undeclared requirement :durative-actions ./ground-pddl-problems/painter-impossible/instance_4_3_domain.pddl: line: 765: Warning: Undeclared requirement :duration-inequalities ./ground-pddl-problems/painter-impossible/instance_4_3_domain.pddl: line: 766: Warning: Undeclared requirement :duration-inequalities ./ground-pddl-problems/painter-impossible/instance_4_3_domain.pddl: line: 774: Warning: Undeclared requirement :durative-actions ./ground-pddl-problems/painter-impossible/instance_4_3_domain.pddl: line: 779: Warning: Undeclared requirement :duration-inequalities ./ground-pddl-problems/painter-impossible/instance_4_3_domain.pddl: line: 780: Warning: Undeclared requirement :duration-inequalities ./ground-pddl-problems/painter-impossible/instance_4_3_domain.pddl: line: 788: Warning: Undeclared requirement :durative-actions ./ground-pddl-problems/painter-impossible/instance_4_3_domain.pddl: line: 793: Warning: Undeclared requirement :duration-inequalities ./ground-pddl-problems/painter-impossible/instance_4_3_domain.pddl: line: 794: Warning: Undeclared requirement :duration-inequalities ./ground-pddl-problems/painter-impossible/instance_4_3_domain.pddl: line: 802: Warning: Undeclared requirement :durative-actions ./ground-pddl-problems/painter-impossible/instance_4_3_domain.pddl: line: 807: Warning: Undeclared requirement :duration-inequalities ./ground-pddl-problems/painter-impossible/instance_4_3_domain.pddl: line: 808: Warning: Undeclared requirement :duration-inequalities ./ground-pddl-problems/painter-impossible/instance_4_3_domain.pddl: line: 816: Warning: Undeclared requirement :durative-actions The planner will continue, but you may wish to fix your files accordingly Number of literals: 74 Constructing lookup tables: [10%] [20%] [30%] [40%] [50%] [60%] [70%] [80%] [90%] [100%] Post filtering unreachable actions: [10%] [20%] [30%] [40%] [50%] [60%] [70%] [80%] [90%] [100%] [01;34mNo analytic limits found, not considering limit effects of goal-only operators[00m 25% of the ground temporal actions in this problem are compression-safe Initial heuristic = 9.000 Command exited with non-zero status 139 >%<139>%<0.09>%<11172 
painter-impossible>%<instance_4_3>%<nextflap>%<okay>%<;Parsing time: 0 ;Preprocessing time: 0 ;Grounding time: 0 ;SAS translation time: 0 ;Filter repeated states: 1 ;H: 65535 (0) >%<0>%<0.00>%<6556 
painter-impossible>%<instance_4_3>%<tck-aLU>%<okay>%<ERROR: cannot open ./tck-dir/painter-impossible/instance_4_3.tck: No such file or directory Command exited with non-zero status 1 >%<1>%<0.00>%<5324 
painter-impossible>%<instance_4_3>%<nuxmv>%<okay>%<*** This is nuXmv 2.1.0 (compiled on Fri Nov 29 13:41:31 2024) *** Copyright (c) 2014-2024, Fondazione Bruno Kessler *** For more information on nuXmv see https://nuxmv.fbk.eu *** or email to <nuxmv@fbk.eu>. *** Please report bugs at Please report bugs to <nusmv-users@fbk.eu> *** (click on "Login Anonymously" to access) *** Alternatively write to <nuxmv@fbk.eu>.  *** This version of nuXmv is linked to NuSMV 2.7.0. *** For more information on NuSMV see <http://nusmv.fbk.eu> *** or email to <nusmv-users@fbk.eu>. *** Copyright (C) 2010-2024, Fondazione Bruno Kessler  *** This version of nuXmv is linked to the CUDD library version 2.4.1 *** Copyright (c) 1995-2004, Regents of the University of Colorado  *** This version of nuXmv is linked to the MiniSat SAT solver.  *** See http://minisat.se/MiniSat.html *** Copyright (c) 2003-2006, Niklas Een, Niklas Sorensson *** Copyright (c) 2007-2010, Niklas Sorensson  *** This version of nuXmv is linked to MathSAT *** Copyright (C) 2009-2019 by Fondazione Bruno Kessler *** Copyright (C) 2009-2019 by University of Trento and others *** See http://mathsat.fbk.eu  nuXmv >  file ./nuxmv-dir/painter-impossible/instance_4_3.smv: line 1: cannot open input file ./nuxmv-dir/painter-impossible/instance_4_3.smv nuXmv >  Use "quit" to leave NuSMV. nuXmv >  Use "quit" to leave NuSMV. nuXmv >  Use "quit" to leave NuSMV. nuXmv >  Use "quit" to leave NuSMV. nuXmv >  Use "quit" to leave NuSMV. nuXmv > >%<0>%<0.01>%<32744 
painter-impossible>%<instance_4_3>%<uppaal>%<okay>%<Error opening './uppaal-dir/painter-impossible/instance_4_3.ta': No such file or directory Command exited with non-zero status 1 >%<1>%<0.00>%<9112 
painter-impossible>%<instance_4_3>%<nuxmv-ground>%<okay>%<*** This is nuXmv 2.1.0 (compiled on Fri Nov 29 13:41:31 2024) *** Copyright (c) 2014-2024, Fondazione Bruno Kessler *** For more information on nuXmv see https://nuxmv.fbk.eu *** or email to <nuxmv@fbk.eu>. *** Please report bugs at Please report bugs to <nusmv-users@fbk.eu> *** (click on "Login Anonymously" to access) *** Alternatively write to <nuxmv@fbk.eu>.  *** This version of nuXmv is linked to NuSMV 2.7.0. *** For more information on NuSMV see <http://nusmv.fbk.eu> *** or email to <nusmv-users@fbk.eu>. *** Copyright (C) 2010-2024, Fondazione Bruno Kessler  *** This version of nuXmv is linked to the CUDD library version 2.4.1 *** Copyright (c) 1995-2004, Regents of the University of Colorado  *** This version of nuXmv is linked to the MiniSat SAT solver.  *** See http://minisat.se/MiniSat.html *** Copyright (c) 2003-2006, Niklas Een, Niklas Sorensson *** Copyright (c) 2007-2010, Niklas Sorensson  *** This version of nuXmv is linked to MathSAT *** Copyright (C) 2009-2019 by Fondazione Bruno Kessler *** Copyright (C) 2009-2019 by University of Trento and others *** See http://mathsat.fbk.eu  nuXmv >  file ./nuxmv-dir/painter-impossible/instance_4_3.smv: line 1: cannot open input file ./nuxmv-dir/painter-impossible/instance_4_3.smv nuXmv >  Use "quit" to leave NuSMV. nuXmv >  Use "quit" to leave NuSMV. nuXmv >  Use "quit" to leave NuSMV. nuXmv >  Use "quit" to leave NuSMV. nuXmv >  Use "quit" to leave NuSMV. nuXmv > >%<0>%<0.01>%<32772 
painter-impossible>%<instance_4_3>%<uppaal-ground>%<okay>%<Error opening './uppaal-dir/painter-impossible/instance_4_3.ta': No such file or directory Command exited with non-zero status 1 >%<1>%<0.00>%<8780 
painter-impossible>%<instance_4_4>%<grounder>%<okay>%<Warnings encountered when parsing Domain/Problem File -----------------------------------------------------  The supplied domain/problem file appear to violate part of the PDDL language specification.  Specifically:  Errors: 0, warnings: 2 pddl-domains/painter-impossible/domain.pddl: line: 48: Warning: Undeclared requirement :conditional-effects  pddl-domains/painter-impossible/domain.pddl: line: 49: Warning: Undeclared requirement :conditional-effects   The planner will continue, but you may wish to fix your files accordingly One way facts... Semaphore Facts... Envelope Facts... One-shot actions... (make_treatment1 i0 i1 t3 last_t) is 1 shot (make_treatment1 i1 i2 t3 last_t) is 1 shot (make_treatment1 i2 i3 t3 last_t) is 1 shot (make_treatment1 i0 i1 t0 t1) is 1 shot (make_treatment1 i1 i2 t0 t1) is 1 shot (make_treatment1 i2 i3 t0 t1) is 1 shot (make_treatment1 i0 i1 t1 t2) is 1 shot (make_treatment1 i1 i2 t1 t2) is 1 shot (make_treatment1 i2 i3 t1 t2) is 1 shot (make_treatment1 i0 i1 t2 t3) is 1 shot (make_treatment1 i1 i2 t2 t3) is 1 shot (make_treatment1 i2 i3 t2 t3) is 1 shot Integral variables... Variable bounds... Static numeric conditions... Duration bounds... TIL time window analysis... Bounding action timestamps due to time windows... Dominance constraints (excluding processes and events)... Damaging events... Dominance constraints (including processes and events)... Variable monotonicity... Max/min needed values for any single precondition... Irrelevant action pruning by backward reachability from goal... Uninterestingness criteria... Compression-safe actions... Compression-safe invariants... 25% of durative actions in this problem are compression safe -- Writing ground PDDL >%<0>%<0.00>%<5100 
painter-impossible>%<instance_4_4>%<verified-encoder>%<okay>%<okok+ Domain File: ./ground-pddl-problems/painter-impossible/instance_4_4_domain.pddl + Problem File: ./ground-pddl-problems/painter-impossible/instance_4_4_problem.pddl + Network File: ./muntax-dir/painter-impossible/instance_4_4.muntax Parse error at -:477.2-477.2: Expected ')', rparen, domain or end of file.   Command exited with non-zero status 1 >%<1>%<0.00>%<7344 
painter-impossible>%<instance_4_4>%<model-converter>%<file missing>%<No model to convert. Expected: ./muntax-dir/painter-impossible/instance_4_4.muntax
painter-impossible>%<instance_4_4>%<tck-covreach>%<okay>%<ERROR: cannot open ./tck-dir/painter-impossible/instance_4_4.tck: No such file or directory Command exited with non-zero status 1 >%<1>%<0.00>%<5328 
painter-impossible>%<instance_4_4>%<cert-conv>%<file missing>%<No model to obtain renaming. Expected: ./muntax-dir/painter-impossible/instance_4_4.muntax
painter-impossible>%<instance_4_4>%<muntac-cert-check>%<file missing>%<No model to obtain renaming. Expected: ./muntax-dir/painter-impossible/instance_4_4.muntax
painter-impossible>%<instance_4_4>%<tamer-ctp>%<okay>%<ERROR: An error of type ParserError was thrown during the execution of TAMER. The reported error is: ParserError: Unknown character ':' at line23 Command exited with non-zero status 1 >%<1>%<0.00>%<5576 
painter-impossible>%<instance_4_4>%<tamer-ftp>%<okay>%<ERROR: An error of type ParserError was thrown during the execution of TAMER. The reported error is: ParserError: Unknown character ':' at line23 Command exited with non-zero status 1 >%<1>%<0.00>%<5608 
painter-impossible>%<instance_4_4>%<tamer-ctp-ground>%<okay>%<ERROR: An error of type ParserError was thrown during the execution of TAMER. The reported error is: ParserError: Unknown character ':' at line117 Command exited with non-zero status 1 >%<1>%<0.00>%<5584 
painter-impossible>%<instance_4_4>%<tamer-ftp-ground>%<okay>%<ERROR: An error of type ParserError was thrown during the execution of TAMER. The reported error is: ParserError: Unknown character ':' at line117 Command exited with non-zero status 1 >%<1>%<0.00>%<5364 
painter-impossible>%<instance_4_4>%<tfd>%<okay>%<Parsing... Contains quantified condition(s): False Instantiating... Unbound effect variables: Adding @object predicate. Trivial rules: Converted to facts. Starting instantiation [64 rules]... Finding invariants... Finding invariants... 29 initial candidates [0.010s CPU, 0.005s wall-clock] Checking invariant weight... [0.000s CPU, 0.000s wall-clock] Instantiating groups... Choosing groups... 203 uncovered facts (before using the results from the invariant synthesis) 170 uncovered facts Building translation key... Building STRIPS to SAS dictionary... Translating task... Traceback (most recent call last): File "/home/david/work/tchecker-experiments/sources/tfd/downward/translate/translate.py", line 1108, in <module> sas_task = pddl_to_sas(task) File "/home/david/work/tchecker-experiments/sources/tfd/downward/translate/translate.py", line 994, in pddl_to_sas assert not actions, "There shouldn't be any actions - just temporal actions" ^^^^^^^^^^^ AssertionError: There shouldn't be any actions - just temporal actions ('translate/translate.py', '/home/david/work/tchecker-experiments/pddl-domains/painter-impossible/domain.pddl', '/home/david/work/tchecker-experiments/pddl-domains/painter-impossible/instances/instance_4_4.pddl') {} Traceback (most recent call last): File "/home/david/work/tchecker-experiments/./sources/tfd/downward/tfd", line 44, in <module> main(domain, problem, result_name, config) ~~~~^^^^^^^^^^^^^^^^^^^^^^^^^^^^^^^^^^^^^^ File "/home/david/work/tchecker-experiments/./sources/tfd/downward/tfd", line 23, in main run("translate/translate.py", domain, problem) ~~~^^^^^^^^^^^^^^^^^^^^^^^^^^^^^^^^^^^^^^^^^^^ File "/home/david/work/tchecker-experiments/./sources/tfd/downward/tfd", line 20, in run subprocess.check_call(sum([arg.split("+") for arg in args],[]), **redirections) ~~~~~~~~~~~~~~~~~~~~~^^^^^^^^^^^^^^^^^^^^^^^^^^^^^^^^^^^^^^^^^^^^^^^^^^^^^^^^^^ File "/usr/lib/python3.13/subprocess.py", line 419, in check_call raise CalledProcessError(retcode, cmd) subprocess.CalledProcessError: Command '['translate/translate.py', '/home/david/work/tchecker-experiments/pddl-domains/painter-impossible/domain.pddl', '/home/david/work/tchecker-experiments/pddl-domains/painter-impossible/instances/instance_4_4.pddl']' returned non-zero exit status 1. >%<0>%<0.07>%<17080 
