domain,instance,solver,time(s),memory(kB),identified as unsolvable,status
majsp-impossible-1,instance_1_2_3_1,tfd,0.04,13016,false,okay,|Parsing... Error: Could not parse domain file: /home/david/work/tchecker-experiments/pddl-domains/majsp-impossible-1/domain.pddl ('translate/translate.py', '/home/david/work/tchecker-experiments/pddl-domains/majsp-impossible-1/domain.pddl', '/home/david/work/tchecker-experiments/pddl-domains/majsp-impossible-1/instances/instance_1_2_3_1.pddl') {} Traceback (most recent call last): File "/home/david/work/tchecker-experiments/./sources/tfd/downward/tfd", line 44, in <module> main(domain, problem, result_name, config) ~~~~^^^^^^^^^^^^^^^^^^^^^^^^^^^^^^^^^^^^^^ File "/home/david/work/tchecker-experiments/./sources/tfd/downward/tfd", line 23, in main run("translate/translate.py", domain, problem) ~~~^^^^^^^^^^^^^^^^^^^^^^^^^^^^^^^^^^^^^^^^^^^ File "/home/david/work/tchecker-experiments/./sources/tfd/downward/tfd", line 20, in run subprocess.check_call(sum([arg.split("+") for arg in args],[]), **redirections) ~~~~~~~~~~~~~~~~~~~~~^^^^^^^^^^^^^^^^^^^^^^^^^^^^^^^^^^^^^^^^^^^^^^^^^^^^^^^^^^ File "/usr/lib/python3.13/subprocess.py", line 419, in check_call raise CalledProcessError(retcode, cmd) subprocess.CalledProcessError: Command '['translate/translate.py', '/home/david/work/tchecker-experiments/pddl-domains/majsp-impossible-1/domain.pddl', '/home/david/work/tchecker-experiments/pddl-domains/majsp-impossible-1/instances/instance_1_2_3_1.pddl']' returned non-zero exit status 1.
majsp-impossible-1,instance_1_2_3_1,OPTIC,0.00,10932,true,okay,
majsp-impossible-1,instance_1_2_3_1-ground,POPF,0.00,10136,true,okay,
majsp-impossible-1,instance_1_2_3_1,nextflap,0.06,5344,true,okay,
majsp-impossible-1,instance_1_2_3_1,tck-aLUcovreach,0.36,131172,true,okay,
majsp-impossible-1,instance_1_2_3_1,tck-covreach,0.49,131420,true,okay,
majsp-impossible-1,instance_1_2_3_1-ground,nuXmv,0.00,32640,false,okay,|*** This is nuXmv 2.1.0 (compiled on Fri Nov 29 13:41:31 2024)
*** Copyright (c) 2014-2024, Fondazione Bruno Kessler
*** For more information on nuXmv see https://nuxmv.fbk.eu
*** or email to <nuxmv@fbk.eu>.
*** Please report bugs at Please report bugs to <nusmv-users@fbk.eu>
*** (click on "Login Anonymously" to access)
*** Alternatively write to <nuxmv@fbk.eu>.

*** This version of nuXmv is linked to NuSMV 2.7.0.
*** For more information on NuSMV see <http://nusmv.fbk.eu>
*** or email to <nusmv-users@fbk.eu>.
*** Copyright (C) 2010-2024, Fondazione Bruno Kessler

*** This version of nuXmv is linked to the CUDD library version 2.4.1
*** Copyright (c) 1995-2004, Regents of the University of Colorado

*** This version of nuXmv is linked to the MiniSat SAT solver. 
*** See http://minisat.se/MiniSat.html
*** Copyright (c) 2003-2006, Niklas Een, Niklas Sorensson
*** Copyright (c) 2007-2010, Niklas Sorensson

*** This version of nuXmv is linked to MathSAT
*** Copyright (C) 2009-2019 by Fondazione Bruno Kessler
*** Copyright (C) 2009-2019 by University of Trento and others
*** See http://mathsat.fbk.eu

nuXmv > 
file ./nuxmv-dir/majsp-impossible-1/instance_1_2_3_1.smv: line 5: at token ";": syntax error
nuXmv > 
Use "quit" to leave NuSMV.
nuXmv > 
Use "quit" to leave NuSMV.
nuXmv > 
Use "quit" to leave NuSMV.
nuXmv > 
Use "quit" to leave NuSMV.
nuXmv > 
Use "quit" to leave NuSMV.
nuXmv > 
majsp-impossible-1,instance_1_2_3_1-ground,UPPAAL,,,false,1,|./uppaal-dir/majsp-impossible-1/instance_1_2_3_1.ta::16: [error] syntax error: unexpected end of file.
Command exited with non-zero status 1
%%%1%0.00%9432
majsp-impossible-1,instance_1_2_3_1-cert-conv,shell-script,2.51,241856,true,okay,
majsp-impossible-1,instance_1_2_3_1-muntac-cert-check,muntac,3.67,2175760,true,okay,
majsp-impossible-1,instance_1_2_3_1,TAMER-ctp,>%<>%<>%<1,,,could not interpret correctness of result,ERROR: An error of type ParserError was thrown during the execution of TAMER.
The reported error is:
ParserError: Unknown character '
majsp-impossible-1,instance_1_2_3_1,TAMER-ctp,>%<>%<>%<1,,,could not interpret correctness of result,ERROR: An error of type ParserError was thrown during the execution of TAMER.
The reported error is:
ParserError: Unknown character '
majsp-impossible-1,instance_1_2_3_1-ground,TAMER-ctp,,,false,1,|ERROR: An error of type ParserError was thrown during the execution of TAMER.
The reported error is:
ParserError: Unknown character ':' at line39
Command exited with non-zero status 1
%%%1%0.00%3548
majsp-impossible-1,instance_1_2_3_1-ground,TAMER-ftp,,,false,1,|ERROR: An error of type ParserError was thrown during the execution of TAMER.
The reported error is:
ParserError: Unknown character ':' at line39
Command exited with non-zero status 1
%%%1%0.00%3820
majsp-impossible-1,instance_1_2_3_2,tfd,0.04,13412,false,okay,|Parsing... Error: Could not parse domain file: /home/david/work/tchecker-experiments/pddl-domains/majsp-impossible-1/domain.pddl ('translate/translate.py', '/home/david/work/tchecker-experiments/pddl-domains/majsp-impossible-1/domain.pddl', '/home/david/work/tchecker-experiments/pddl-domains/majsp-impossible-1/instances/instance_1_2_3_2.pddl') {} Traceback (most recent call last): File "/home/david/work/tchecker-experiments/./sources/tfd/downward/tfd", line 44, in <module> main(domain, problem, result_name, config) ~~~~^^^^^^^^^^^^^^^^^^^^^^^^^^^^^^^^^^^^^^ File "/home/david/work/tchecker-experiments/./sources/tfd/downward/tfd", line 23, in main run("translate/translate.py", domain, problem) ~~~^^^^^^^^^^^^^^^^^^^^^^^^^^^^^^^^^^^^^^^^^^^ File "/home/david/work/tchecker-experiments/./sources/tfd/downward/tfd", line 20, in run subprocess.check_call(sum([arg.split("+") for arg in args],[]), **redirections) ~~~~~~~~~~~~~~~~~~~~~^^^^^^^^^^^^^^^^^^^^^^^^^^^^^^^^^^^^^^^^^^^^^^^^^^^^^^^^^^ File "/usr/lib/python3.13/subprocess.py", line 419, in check_call raise CalledProcessError(retcode, cmd) subprocess.CalledProcessError: Command '['translate/translate.py', '/home/david/work/tchecker-experiments/pddl-domains/majsp-impossible-1/domain.pddl', '/home/david/work/tchecker-experiments/pddl-domains/majsp-impossible-1/instances/instance_1_2_3_2.pddl']' returned non-zero exit status 1.
majsp-impossible-1,instance_1_2_3_2,OPTIC,0.01,11128,true,okay,
majsp-impossible-1,instance_1_2_3_2-ground,POPF,0.00,10004,true,okay,
majsp-impossible-1,instance_1_2_3_2,nextflap,0.05,5320,true,okay,
majsp-impossible-1,instance_1_2_3_2,tck-aLUcovreach,2.46,882356,true,okay,
majsp-impossible-1,instance_1_2_3_2,tck-covreach,3.75,882188,true,okay,
majsp-impossible-1,instance_1_2_3_2-ground,nuXmv,0.00,32904,false,okay,|*** This is nuXmv 2.1.0 (compiled on Fri Nov 29 13:41:31 2024)
*** Copyright (c) 2014-2024, Fondazione Bruno Kessler
*** For more information on nuXmv see https://nuxmv.fbk.eu
*** or email to <nuxmv@fbk.eu>.
*** Please report bugs at Please report bugs to <nusmv-users@fbk.eu>
*** (click on "Login Anonymously" to access)
*** Alternatively write to <nuxmv@fbk.eu>.

*** This version of nuXmv is linked to NuSMV 2.7.0.
*** For more information on NuSMV see <http://nusmv.fbk.eu>
*** or email to <nusmv-users@fbk.eu>.
*** Copyright (C) 2010-2024, Fondazione Bruno Kessler

*** This version of nuXmv is linked to the CUDD library version 2.4.1
*** Copyright (c) 1995-2004, Regents of the University of Colorado

*** This version of nuXmv is linked to the MiniSat SAT solver. 
*** See http://minisat.se/MiniSat.html
*** Copyright (c) 2003-2006, Niklas Een, Niklas Sorensson
*** Copyright (c) 2007-2010, Niklas Sorensson

*** This version of nuXmv is linked to MathSAT
*** Copyright (C) 2009-2019 by Fondazione Bruno Kessler
*** Copyright (C) 2009-2019 by University of Trento and others
*** See http://mathsat.fbk.eu

nuXmv > 
file ./nuxmv-dir/majsp-impossible-1/instance_1_2_3_2.smv: line 5: at token ";": syntax error
nuXmv > 
Use "quit" to leave NuSMV.
nuXmv > 
Use "quit" to leave NuSMV.
nuXmv > 
Use "quit" to leave NuSMV.
nuXmv > 
Use "quit" to leave NuSMV.
nuXmv > 
Use "quit" to leave NuSMV.
nuXmv > 
majsp-impossible-1,instance_1_2_3_2-ground,UPPAAL,,,false,1,|./uppaal-dir/majsp-impossible-1/instance_1_2_3_2.ta::16: [error] syntax error: unexpected end of file.
Command exited with non-zero status 1
%%%1%0.00%9824
majsp-impossible-1,instance_1_2_3_2-cert-conv,shell-script,12.39,1269512,true,okay,
majsp-impossible-1,instance_1_2_3_2-muntac-cert-check,muntac,26.92,14079636,true,okay,
majsp-impossible-1,instance_1_2_3_2,TAMER-ctp,>%<>%<>%<1,,,could not interpret correctness of result,ERROR: An error of type ParserError was thrown during the execution of TAMER.
The reported error is:
ParserError: Unknown character '
majsp-impossible-1,instance_1_2_3_2,TAMER-ctp,>%<>%<>%<1,,,could not interpret correctness of result,ERROR: An error of type ParserError was thrown during the execution of TAMER.
The reported error is:
ParserError: Unknown character '
majsp-impossible-1,instance_1_2_3_2-ground,TAMER-ctp,,,false,1,|ERROR: An error of type ParserError was thrown during the execution of TAMER.
The reported error is:
ParserError: Unknown character ':' at line61
Command exited with non-zero status 1
%%%1%0.00%3528
majsp-impossible-1,instance_1_2_3_2-ground,TAMER-ftp,,,false,1,|ERROR: An error of type ParserError was thrown during the execution of TAMER.
The reported error is:
ParserError: Unknown character ':' at line61
Command exited with non-zero status 1
%%%1%0.00%3540
majsp-impossible-1,instance_1_2_3_3,tfd,0.04,13292,false,okay,|Parsing... Error: Could not parse domain file: /home/david/work/tchecker-experiments/pddl-domains/majsp-impossible-1/domain.pddl ('translate/translate.py', '/home/david/work/tchecker-experiments/pddl-domains/majsp-impossible-1/domain.pddl', '/home/david/work/tchecker-experiments/pddl-domains/majsp-impossible-1/instances/instance_1_2_3_3.pddl') {} Traceback (most recent call last): File "/home/david/work/tchecker-experiments/./sources/tfd/downward/tfd", line 44, in <module> main(domain, problem, result_name, config) ~~~~^^^^^^^^^^^^^^^^^^^^^^^^^^^^^^^^^^^^^^ File "/home/david/work/tchecker-experiments/./sources/tfd/downward/tfd", line 23, in main run("translate/translate.py", domain, problem) ~~~^^^^^^^^^^^^^^^^^^^^^^^^^^^^^^^^^^^^^^^^^^^ File "/home/david/work/tchecker-experiments/./sources/tfd/downward/tfd", line 20, in run subprocess.check_call(sum([arg.split("+") for arg in args],[]), **redirections) ~~~~~~~~~~~~~~~~~~~~~^^^^^^^^^^^^^^^^^^^^^^^^^^^^^^^^^^^^^^^^^^^^^^^^^^^^^^^^^^ File "/usr/lib/python3.13/subprocess.py", line 419, in check_call raise CalledProcessError(retcode, cmd) subprocess.CalledProcessError: Command '['translate/translate.py', '/home/david/work/tchecker-experiments/pddl-domains/majsp-impossible-1/domain.pddl', '/home/david/work/tchecker-experiments/pddl-domains/majsp-impossible-1/instances/instance_1_2_3_3.pddl']' returned non-zero exit status 1.
majsp-impossible-1,instance_1_2_3_3,OPTIC,0.00,10564,true,okay,
majsp-impossible-1,instance_1_2_3_3-ground,POPF,0.00,9604,true,okay,
majsp-impossible-1,instance_1_2_3_3,nextflap,0.09,5324,true,okay,
